Analysis & Synthesis report for RV32IM
Sun Mar 24 16:25:50 2019
Quartus II Version 9.1 Build 350 03/24/2010 Service Pack 2 SJ Web Edition


---------------------
; Table of Contents ;
---------------------
  1. Legal Notice
  2. Analysis & Synthesis Summary
  3. Analysis & Synthesis Settings
  4. Parallel Compilation
  5. Analysis & Synthesis Source Files Read
  6. Analysis & Synthesis Resource Usage Summary
  7. Analysis & Synthesis Resource Utilization by Entity
  8. Analysis & Synthesis RAM Summary
  9. General Register Statistics
 10. Source assignments for I_F:inst|IF_INSTRMEM:MEM|altsyncram:altsyncram_component|altsyncram_bog1:auto_generated
 11. Parameter Settings for User Entity Instance: I_F:inst|IF_INSTRMEM:MEM|altsyncram:altsyncram_component
 12. altsyncram Parameter Settings by Entity Instance
 13. Port Connectivity Checks: "I_F:inst|IF_INSTRMEM:MEM"
 14. Analysis & Synthesis Messages



----------------
; Legal Notice ;
----------------
Copyright (C) 1991-2010 Altera Corporation
Your use of Altera Corporation's design tools, logic functions 
and other software and tools, and its AMPP partner logic 
functions, and any output files from any of the foregoing 
(including device programming or simulation files), and any 
associated documentation or information are expressly subject 
to the terms and conditions of the Altera Program License 
Subscription Agreement, Altera MegaCore Function License 
Agreement, or other applicable license agreement, including, 
without limitation, that your use is for the sole purpose of 
programming logic devices manufactured by Altera and sold by 
Altera or its authorized distributors.  Please refer to the 
applicable agreement for further details.



+-----------------------------------------------------------------------------------+
; Analysis & Synthesis Summary                                                      ;
+------------------------------------+----------------------------------------------+
; Analysis & Synthesis Status        ; Successful - Sun Mar 24 16:25:50 2019        ;
; Quartus II Version                 ; 9.1 Build 350 03/24/2010 SP 2 SJ Web Edition ;
; Revision Name                      ; RV32IM                                       ;
; Top-level Entity Name              ; I_F_MEMTEST                                  ;
; Family                             ; Cyclone II                                   ;
; Total logic elements               ; 1                                            ;
;     Total combinational functions  ; 1                                            ;
;     Dedicated logic registers      ; 0                                            ;
; Total registers                    ; 0                                            ;
; Total pins                         ; 98                                           ;
; Total virtual pins                 ; 0                                            ;
; Total memory bits                  ; 4,096                                        ;
; Embedded Multiplier 9-bit elements ; 0                                            ;
; Total PLLs                         ; 0                                            ;
+------------------------------------+----------------------------------------------+


+----------------------------------------------------------------------------------------------------------------------+
; Analysis & Synthesis Settings                                                                                        ;
+----------------------------------------------------------------------------+--------------------+--------------------+
; Option                                                                     ; Setting            ; Default Value      ;
+----------------------------------------------------------------------------+--------------------+--------------------+
; Device                                                                     ; EP2C35F672C6       ;                    ;
; Top-level entity name                                                      ; I_F_MEMTEST        ; RV32IM             ;
; Family name                                                                ; Cyclone II         ; Stratix II         ;
; Use Generated Physical Constraints File                                    ; Off                ;                    ;
; Use smart compilation                                                      ; Off                ; Off                ;
; Enable parallel Assembler and TimeQuest Timing Analyzer during compilation ; On                 ; On                 ;
; Enable compact report table                                                ; Off                ; Off                ;
; Restructure Multiplexers                                                   ; Auto               ; Auto               ;
; Create Debugging Nodes for IP Cores                                        ; Off                ; Off                ;
; Preserve fewer node names                                                  ; On                 ; On                 ;
; Disable OpenCore Plus hardware evaluation                                  ; Off                ; Off                ;
; Verilog Version                                                            ; Verilog_2001       ; Verilog_2001       ;
; VHDL Version                                                               ; VHDL_1993          ; VHDL_1993          ;
; State Machine Processing                                                   ; Auto               ; Auto               ;
; Safe State Machine                                                         ; Off                ; Off                ;
; Extract Verilog State Machines                                             ; On                 ; On                 ;
; Extract VHDL State Machines                                                ; On                 ; On                 ;
; Ignore Verilog initial constructs                                          ; Off                ; Off                ;
; Iteration limit for constant Verilog loops                                 ; 5000               ; 5000               ;
; Iteration limit for non-constant Verilog loops                             ; 250                ; 250                ;
; Add Pass-Through Logic to Inferred RAMs                                    ; On                 ; On                 ;
; Parallel Synthesis                                                         ; On                 ; On                 ;
; DSP Block Balancing                                                        ; Auto               ; Auto               ;
; NOT Gate Push-Back                                                         ; On                 ; On                 ;
; Power-Up Don't Care                                                        ; On                 ; On                 ;
; Remove Redundant Logic Cells                                               ; Off                ; Off                ;
; Remove Duplicate Registers                                                 ; On                 ; On                 ;
; Ignore CARRY Buffers                                                       ; Off                ; Off                ;
; Ignore CASCADE Buffers                                                     ; Off                ; Off                ;
; Ignore GLOBAL Buffers                                                      ; Off                ; Off                ;
; Ignore ROW GLOBAL Buffers                                                  ; Off                ; Off                ;
; Ignore LCELL Buffers                                                       ; Off                ; Off                ;
; Ignore SOFT Buffers                                                        ; On                 ; On                 ;
; Limit AHDL Integers to 32 Bits                                             ; Off                ; Off                ;
; Optimization Technique                                                     ; Balanced           ; Balanced           ;
; Carry Chain Length                                                         ; 70                 ; 70                 ;
; Auto Carry Chains                                                          ; On                 ; On                 ;
; Auto Open-Drain Pins                                                       ; On                 ; On                 ;
; Perform WYSIWYG Primitive Resynthesis                                      ; Off                ; Off                ;
; Auto ROM Replacement                                                       ; On                 ; On                 ;
; Auto RAM Replacement                                                       ; On                 ; On                 ;
; Auto Shift Register Replacement                                            ; Auto               ; Auto               ;
; Auto Clock Enable Replacement                                              ; On                 ; On                 ;
; Strict RAM Replacement                                                     ; Off                ; Off                ;
; Allow Synchronous Control Signals                                          ; On                 ; On                 ;
; Force Use of Synchronous Clear Signals                                     ; Off                ; Off                ;
; Auto RAM to Logic Cell Conversion                                          ; Off                ; Off                ;
; Auto Resource Sharing                                                      ; Off                ; Off                ;
; Allow Any RAM Size For Recognition                                         ; Off                ; Off                ;
; Allow Any ROM Size For Recognition                                         ; Off                ; Off                ;
; Allow Any Shift Register Size For Recognition                              ; Off                ; Off                ;
; Use LogicLock Constraints during Resource Balancing                        ; On                 ; On                 ;
; Ignore translate_off and synthesis_off directives                          ; Off                ; Off                ;
; Timing-Driven Synthesis                                                    ; Off                ; Off                ;
; Show Parameter Settings Tables in Synthesis Report                         ; On                 ; On                 ;
; Ignore Maximum Fan-Out Assignments                                         ; Off                ; Off                ;
; Synchronization Register Chain Length                                      ; 2                  ; 2                  ;
; PowerPlay Power Optimization                                               ; Normal compilation ; Normal compilation ;
; HDL message level                                                          ; Level2             ; Level2             ;
; Suppress Register Optimization Related Messages                            ; Off                ; Off                ;
; Number of Removed Registers Reported in Synthesis Report                   ; 5000               ; 5000               ;
; Number of Inverted Registers Reported in Synthesis Report                  ; 100                ; 100                ;
; Clock MUX Protection                                                       ; On                 ; On                 ;
; Auto Gated Clock Conversion                                                ; Off                ; Off                ;
; Block Design Naming                                                        ; Auto               ; Auto               ;
; SDC constraint protection                                                  ; Off                ; Off                ;
; Synthesis Effort                                                           ; Auto               ; Auto               ;
; Shift Register Replacement - Allow Asynchronous Clear Signal               ; On                 ; On                 ;
; Analysis & Synthesis Message Level                                         ; Medium             ; Medium             ;
; Disable Register Merging Across Hierarchies                                ; Auto               ; Auto               ;
; Resource Aware Inference For Block RAM                                     ; On                 ; On                 ;
+----------------------------------------------------------------------------+--------------------+--------------------+


Parallel compilation was disabled, but you have multiple processors available. Enable parallel compilation to reduce compilation time.
+-------------------------------------+
; Parallel Compilation                ;
+----------------------------+--------+
; Processors                 ; Number ;
+----------------------------+--------+
; Number detected on machine ; 4      ;
; Maximum allowed            ; 1      ;
+----------------------------+--------+


+---------------------------------------------------------------------------------------------------------------------------------------------------------------------------------+
; Analysis & Synthesis Source Files Read                                                                                                                                          ;
+----------------------------------+-----------------+------------------------------------+---------------------------------------------------------------------------------------+
; File Name with User-Entered Path ; Used in Netlist ; File Type                          ; File Name with Absolute Path                                                          ;
+----------------------------------+-----------------+------------------------------------+---------------------------------------------------------------------------------------+
; TOOLBOX.vhd                      ; yes             ; User VHDL File                     ; D:/Academic/Software/QuartusWebEdition/quartus/RISCV/TOOLBOX.vhd                      ;
; INSTRUCTION_CACHE.mif            ; yes             ; User Memory Initialization File    ; D:/Academic/Software/QuartusWebEdition/quartus/RISCV/INSTRUCTION_CACHE.mif            ;
; IF_INSTRMEM.vhd                  ; yes             ; User Wizard-Generated File         ; D:/Academic/Software/QuartusWebEdition/quartus/RISCV/IF_INSTRMEM.vhd                  ;
; I_F.vhd                          ; yes             ; User VHDL File                     ; D:/Academic/Software/QuartusWebEdition/quartus/RISCV/I_F.vhd                          ;
; I_F_MEMTEST.bdf                  ; yes             ; User Block Diagram/Schematic File  ; D:/Academic/Software/QuartusWebEdition/quartus/RISCV/I_F_MEMTEST.bdf                  ;
; altsyncram.tdf                   ; yes             ; Megafunction                       ; d:/academic/software/quartuswebedition/quartus/libraries/megafunctions/altsyncram.tdf ;
; db/altsyncram_bog1.tdf           ; yes             ; Auto-Generated Megafunction        ; D:/Academic/Software/QuartusWebEdition/quartus/RISCV/db/altsyncram_bog1.tdf           ;
+----------------------------------+-----------------+------------------------------------+---------------------------------------------------------------------------------------+


+-----------------------------------------------------+
; Analysis & Synthesis Resource Usage Summary         ;
+---------------------------------------------+-------+
; Resource                                    ; Usage ;
+---------------------------------------------+-------+
; Estimated Total logic elements              ; 1     ;
;                                             ;       ;
; Total combinational functions               ; 1     ;
; Logic element usage by number of LUT inputs ;       ;
;     -- 4 input functions                    ; 0     ;
;     -- 3 input functions                    ; 0     ;
;     -- <=2 input functions                  ; 1     ;
;                                             ;       ;
; Logic elements by mode                      ;       ;
;     -- normal mode                          ; 1     ;
;     -- arithmetic mode                      ; 0     ;
;                                             ;       ;
; Total registers                             ; 0     ;
;     -- Dedicated logic registers            ; 0     ;
;     -- I/O registers                        ; 0     ;
;                                             ;       ;
; I/O pins                                    ; 98    ;
; Total memory bits                           ; 4096  ;
; Maximum fan-out node                        ; PC[8] ;
; Maximum fan-out                             ; 33    ;
; Total fan-out                               ; 359   ;
; Average fan-out                             ; 2.74  ;
+---------------------------------------------+-------+


+--------------------------------------------------------------------------------------------------------------------------------------------------------------------------------------------------------------------------------------------------------------------------------+
; Analysis & Synthesis Resource Utilization by Entity                                                                                                                                                                                                                            ;
+----------------------------------------------+-------------------+--------------+-------------+--------------+---------+-----------+------+--------------+------------------------------------------------------------------------------------------------------+--------------+
; Compilation Hierarchy Node                   ; LC Combinationals ; LC Registers ; Memory Bits ; DSP Elements ; DSP 9x9 ; DSP 18x18 ; Pins ; Virtual Pins ; Full Hierarchy Name                                                                                  ; Library Name ;
+----------------------------------------------+-------------------+--------------+-------------+--------------+---------+-----------+------+--------------+------------------------------------------------------------------------------------------------------+--------------+
; |I_F_MEMTEST                                 ; 1 (1)             ; 0 (0)        ; 4096        ; 0            ; 0       ; 0         ; 98   ; 0            ; |I_F_MEMTEST                                                                                         ; work         ;
;    |I_F:inst|                                ; 0 (0)             ; 0 (0)        ; 4096        ; 0            ; 0       ; 0         ; 0    ; 0            ; |I_F_MEMTEST|I_F:inst                                                                                ;              ;
;       |IF_INSTRMEM:MEM|                      ; 0 (0)             ; 0 (0)        ; 4096        ; 0            ; 0       ; 0         ; 0    ; 0            ; |I_F_MEMTEST|I_F:inst|IF_INSTRMEM:MEM                                                                ; work         ;
;          |altsyncram:altsyncram_component|   ; 0 (0)             ; 0 (0)        ; 4096        ; 0            ; 0       ; 0         ; 0    ; 0            ; |I_F_MEMTEST|I_F:inst|IF_INSTRMEM:MEM|altsyncram:altsyncram_component                                ; work         ;
;             |altsyncram_bog1:auto_generated| ; 0 (0)             ; 0 (0)        ; 4096        ; 0            ; 0       ; 0         ; 0    ; 0            ; |I_F_MEMTEST|I_F:inst|IF_INSTRMEM:MEM|altsyncram:altsyncram_component|altsyncram_bog1:auto_generated ; work         ;
+----------------------------------------------+-------------------+--------------+-------------+--------------+---------+-----------+------+--------------+------------------------------------------------------------------------------------------------------+--------------+
Note: For table entries with two numbers listed, the numbers in parentheses indicate the number of resources of the given type used by the specific entity alone. The numbers listed outside of parentheses indicate the total resources of the given type used by the specific entity and all of its sub-entities in the hierarchy.


+--------------------------------------------------------------------------------------------------------------------------------------------------------------------------------------------------------------------+
; Analysis & Synthesis RAM Summary                                                                                                                                                                                   ;
+----------------------------------------------------------------------------------------------------+------+-------------+--------------+--------------+--------------+--------------+------+-----------------------+
; Name                                                                                               ; Type ; Mode        ; Port A Depth ; Port A Width ; Port B Depth ; Port B Width ; Size ; MIF                   ;
+----------------------------------------------------------------------------------------------------+------+-------------+--------------+--------------+--------------+--------------+------+-----------------------+
; I_F:inst|IF_INSTRMEM:MEM|altsyncram:altsyncram_component|altsyncram_bog1:auto_generated|ALTSYNCRAM ; M4K  ; Single Port ; 128          ; 32           ; --           ; --           ; 4096 ; INSTRUCTION_CACHE.mif ;
+----------------------------------------------------------------------------------------------------+------+-------------+--------------+--------------+--------------+--------------+------+-----------------------+


+------------------------------------------------------+
; General Register Statistics                          ;
+----------------------------------------------+-------+
; Statistic                                    ; Value ;
+----------------------------------------------+-------+
; Total registers                              ; 0     ;
; Number of registers using Synchronous Clear  ; 0     ;
; Number of registers using Synchronous Load   ; 0     ;
; Number of registers using Asynchronous Clear ; 0     ;
; Number of registers using Asynchronous Load  ; 0     ;
; Number of registers using Clock Enable       ; 0     ;
; Number of registers using Preset             ; 0     ;
+----------------------------------------------+-------+


+----------------------------------------------------------------------------------------------------------------+
; Source assignments for I_F:inst|IF_INSTRMEM:MEM|altsyncram:altsyncram_component|altsyncram_bog1:auto_generated ;
+---------------------------------+--------------------+------+--------------------------------------------------+
; Assignment                      ; Value              ; From ; To                                               ;
+---------------------------------+--------------------+------+--------------------------------------------------+
; OPTIMIZE_POWER_DURING_SYNTHESIS ; NORMAL_COMPILATION ; -    ; -                                                ;
+---------------------------------+--------------------+------+--------------------------------------------------+


+-------------------------------------------------------------------------------------------------------+
; Parameter Settings for User Entity Instance: I_F:inst|IF_INSTRMEM:MEM|altsyncram:altsyncram_component ;
+------------------------------------+-----------------------+------------------------------------------+
; Parameter Name                     ; Value                 ; Type                                     ;
+------------------------------------+-----------------------+------------------------------------------+
; BYTE_SIZE_BLOCK                    ; 8                     ; Untyped                                  ;
; AUTO_CARRY_CHAINS                  ; ON                    ; AUTO_CARRY                               ;
; IGNORE_CARRY_BUFFERS               ; OFF                   ; IGNORE_CARRY                             ;
; AUTO_CASCADE_CHAINS                ; ON                    ; AUTO_CASCADE                             ;
; IGNORE_CASCADE_BUFFERS             ; OFF                   ; IGNORE_CASCADE                           ;
; WIDTH_BYTEENA                      ; 1                     ; Untyped                                  ;
; OPERATION_MODE                     ; SINGLE_PORT           ; Untyped                                  ;
; WIDTH_A                            ; 32                    ; Signed Integer                           ;
; WIDTHAD_A                          ; 7                     ; Signed Integer                           ;
; NUMWORDS_A                         ; 128                   ; Signed Integer                           ;
; OUTDATA_REG_A                      ; UNREGISTERED          ; Untyped                                  ;
; ADDRESS_ACLR_A                     ; NONE                  ; Untyped                                  ;
; OUTDATA_ACLR_A                     ; NONE                  ; Untyped                                  ;
; WRCONTROL_ACLR_A                   ; NONE                  ; Untyped                                  ;
; INDATA_ACLR_A                      ; NONE                  ; Untyped                                  ;
; BYTEENA_ACLR_A                     ; NONE                  ; Untyped                                  ;
; WIDTH_B                            ; 1                     ; Untyped                                  ;
; WIDTHAD_B                          ; 1                     ; Untyped                                  ;
; NUMWORDS_B                         ; 1                     ; Untyped                                  ;
; INDATA_REG_B                       ; CLOCK1                ; Untyped                                  ;
; WRCONTROL_WRADDRESS_REG_B          ; CLOCK1                ; Untyped                                  ;
; RDCONTROL_REG_B                    ; CLOCK1                ; Untyped                                  ;
; ADDRESS_REG_B                      ; CLOCK1                ; Untyped                                  ;
; OUTDATA_REG_B                      ; UNREGISTERED          ; Untyped                                  ;
; BYTEENA_REG_B                      ; CLOCK1                ; Untyped                                  ;
; INDATA_ACLR_B                      ; NONE                  ; Untyped                                  ;
; WRCONTROL_ACLR_B                   ; NONE                  ; Untyped                                  ;
; ADDRESS_ACLR_B                     ; NONE                  ; Untyped                                  ;
; OUTDATA_ACLR_B                     ; NONE                  ; Untyped                                  ;
; RDCONTROL_ACLR_B                   ; NONE                  ; Untyped                                  ;
; BYTEENA_ACLR_B                     ; NONE                  ; Untyped                                  ;
; WIDTH_BYTEENA_A                    ; 1                     ; Signed Integer                           ;
; WIDTH_BYTEENA_B                    ; 1                     ; Untyped                                  ;
; RAM_BLOCK_TYPE                     ; M4K                   ; Untyped                                  ;
; BYTE_SIZE                          ; 8                     ; Untyped                                  ;
; READ_DURING_WRITE_MODE_MIXED_PORTS ; DONT_CARE             ; Untyped                                  ;
; READ_DURING_WRITE_MODE_PORT_A      ; NEW_DATA_NO_NBE_READ  ; Untyped                                  ;
; READ_DURING_WRITE_MODE_PORT_B      ; NEW_DATA_NO_NBE_READ  ; Untyped                                  ;
; INIT_FILE                          ; INSTRUCTION_CACHE.mif ; Untyped                                  ;
; INIT_FILE_LAYOUT                   ; PORT_A                ; Untyped                                  ;
; MAXIMUM_DEPTH                      ; 0                     ; Untyped                                  ;
; CLOCK_ENABLE_INPUT_A               ; NORMAL                ; Untyped                                  ;
; CLOCK_ENABLE_INPUT_B               ; NORMAL                ; Untyped                                  ;
; CLOCK_ENABLE_OUTPUT_A              ; BYPASS                ; Untyped                                  ;
; CLOCK_ENABLE_OUTPUT_B              ; NORMAL                ; Untyped                                  ;
; CLOCK_ENABLE_CORE_A                ; USE_INPUT_CLKEN       ; Untyped                                  ;
; CLOCK_ENABLE_CORE_B                ; USE_INPUT_CLKEN       ; Untyped                                  ;
; ENABLE_ECC                         ; FALSE                 ; Untyped                                  ;
; DEVICE_FAMILY                      ; Cyclone II            ; Untyped                                  ;
; CBXI_PARAMETER                     ; altsyncram_bog1       ; Untyped                                  ;
+------------------------------------+-----------------------+------------------------------------------+
Note: In order to hide this table in the UI and the text report file, please set the "Show Parameter Settings Tables in Synthesis Report" option in "Analysis and Synthesis Settings -> More Settings" to "Off".


+------------------------------------------------------------------------------------------------------+
; altsyncram Parameter Settings by Entity Instance                                                     ;
+-------------------------------------------+----------------------------------------------------------+
; Name                                      ; Value                                                    ;
+-------------------------------------------+----------------------------------------------------------+
; Number of entity instances                ; 1                                                        ;
; Entity Instance                           ; I_F:inst|IF_INSTRMEM:MEM|altsyncram:altsyncram_component ;
;     -- OPERATION_MODE                     ; SINGLE_PORT                                              ;
;     -- WIDTH_A                            ; 32                                                       ;
;     -- NUMWORDS_A                         ; 128                                                      ;
;     -- OUTDATA_REG_A                      ; UNREGISTERED                                             ;
;     -- WIDTH_B                            ; 1                                                        ;
;     -- NUMWORDS_B                         ; 1                                                        ;
;     -- ADDRESS_REG_B                      ; CLOCK1                                                   ;
;     -- OUTDATA_REG_B                      ; UNREGISTERED                                             ;
;     -- RAM_BLOCK_TYPE                     ; M4K                                                      ;
;     -- READ_DURING_WRITE_MODE_MIXED_PORTS ; DONT_CARE                                                ;
+-------------------------------------------+----------------------------------------------------------+


+------------------------------------------------------+
; Port Connectivity Checks: "I_F:inst|IF_INSTRMEM:MEM" ;
+------+-------+----------+----------------------------+
; Port ; Type  ; Severity ; Details                    ;
+------+-------+----------+----------------------------+
; data ; Input ; Info     ; Stuck at GND               ;
; wren ; Input ; Info     ; Stuck at GND               ;
+------+-------+----------+----------------------------+


+-------------------------------+
; Analysis & Synthesis Messages ;
+-------------------------------+
Info: *******************************************************************
Info: Running Quartus II Analysis & Synthesis
    Info: Version 9.1 Build 350 03/24/2010 Service Pack 2 SJ Web Edition
    Info: Processing started: Sun Mar 24 16:25:47 2019
Info: Command: quartus_map --read_settings_files=on --write_settings_files=off RV32IM -c RV32IM
Info: Found 1 design units, including 0 entities, in source file toolbox.vhd
    Info: Found design unit 1: TOOLBOX
Info: Found 2 design units, including 1 entities, in source file if_instrmem.vhd
    Info: Found design unit 1: if_instrmem-SYN
    Info: Found entity 1: IF_INSTRMEM
Info: Found 2 design units, including 1 entities, in source file i_f.vhd
    Info: Found design unit 1: I_F-STRUCTURAL
    Info: Found entity 1: I_F
Info: Found 1 design units, including 1 entities, in source file i_f_memtest.bdf
    Info: Found entity 1: I_F_MEMTEST
Info: Found 2 design units, including 1 entities, in source file mux2x1.vhd
    Info: Found design unit 1: MUX2X1-RTL
    Info: Found entity 1: MUX2X1
Info: Found 1 design units, including 1 entities, in source file mux2x1test.bdf
    Info: Found entity 1: MUX2X1TEST
Info: Found 2 design units, including 1 entities, in source file mux8x1.vhd
    Info: Found design unit 1: MUX8X1-RTL
    Info: Found entity 1: MUX8X1
Info: Found 1 design units, including 1 entities, in source file mux8x1test.bdf
    Info: Found entity 1: MUX8X1TEST
Info: Found 2 design units, including 1 entities, in source file mux32x1.vhd
    Info: Found design unit 1: MUX32X1-RTL
    Info: Found entity 1: MUX32X1
Info: Found 1 design units, including 1 entities, in source file mux32x1test.bdf
    Info: Found entity 1: MUX32X1TEST
Info: Found 2 design units, including 1 entities, in source file reg_flipper.vhd
    Info: Found design unit 1: REG_FLIPPER-RTL
    Info: Found entity 1: REG_FLIPPER
Info: Found 1 design units, including 1 entities, in source file reg_flippertest.bdf
    Info: Found entity 1: REG_FLIPPERTEST
Info: Found 2 design units, including 1 entities, in source file id_decoder.vhd
    Info: Found design unit 1: ID_DECODER-STRUCTURAL
    Info: Found entity 1: ID_DECODER
Info: Found 1 design units, including 1 entities, in source file id_decodertest.bdf
    Info: Found entity 1: ID_DECODERTEST
Info: Found 2 design units, including 1 entities, in source file id_imm_generator.vhd
    Info: Found design unit 1: ID_IMM_GENERATOR-RTL
    Info: Found entity 1: ID_IMM_GENERATOR
Info: Found 1 design units, including 1 entities, in source file id_imm_generatortest.bdf
    Info: Found entity 1: ID_IMM_GENERATORTEST
Info: Found 2 design units, including 1 entities, in source file reg_32b_casual.vhd
    Info: Found design unit 1: REG_32B_CASUAL-RTL
    Info: Found entity 1: REG_32B_CASUAL
Info: Found 1 design units, including 1 entities, in source file reg_32b_casualtest.bdf
    Info: Found entity 1: REG_32B_CASUALTEST
Info: Found 2 design units, including 1 entities, in source file reg_32b_zero.vhd
    Info: Found design unit 1: REG_32B_ZERO-RTL
    Info: Found entity 1: REG_32B_ZERO
Info: Found 1 design units, including 1 entities, in source file reg_32b_zerotest.bdf
    Info: Found entity 1: REG_32B_ZEROTEST
Info: Found 2 design units, including 1 entities, in source file register_file.vhd
    Info: Found design unit 1: REGISTER_FILE-STRUCTURAL
    Info: Found entity 1: REGISTER_FILE
Info: Found 1 design units, including 1 entities, in source file register_filetest.bdf
    Info: Found entity 1: REGISTER_FILETEST
Info: Found 2 design units, including 1 entities, in source file barrel_cell.vhd
    Info: Found design unit 1: BARREL_CELL-STRUCTURAL
    Info: Found entity 1: BARREL_CELL
Info: Found 1 design units, including 1 entities, in source file barrel_celltest.bdf
    Info: Found entity 1: BARREL_CELLTEST
Info: Found 2 design units, including 1 entities, in source file mux2x1_bit.vhd
    Info: Found design unit 1: MUX2X1_BIT-BEHAVIORAL
    Info: Found entity 1: MUX2X1_BIT
Info: Found 1 design units, including 1 entities, in source file mux2x1_bittest.bdf
    Info: Found entity 1: MUX2X1_BITTEST
Info: Found 2 design units, including 1 entities, in source file barrel_shifter.vhd
    Info: Found design unit 1: BARREL_SHIFTER-STRUCTURAL
    Info: Found entity 1: BARREL_SHIFTER
Info: Found 1 design units, including 1 entities, in source file barrel_shiftertest.bdf
    Info: Found entity 1: BARREL_SHIFTERTEST
Info: Found 2 design units, including 1 entities, in source file adder_2b.vhd
    Info: Found design unit 1: ADDER_2B-RTL
    Info: Found entity 1: ADDER_2B
Info: Found 1 design units, including 1 entities, in source file adder_2btest.bdf
    Info: Found entity 1: ADDER_2BTEST
Info: Found 2 design units, including 1 entities, in source file id_adder.vhd
    Info: Found design unit 1: ID_ADDER-STRUCTURAL
    Info: Found entity 1: ID_ADDER
Info: Found 1 design units, including 1 entities, in source file id_addertest.bdf
    Info: Found entity 1: ID_ADDERTEST
Info: Found 2 design units, including 1 entities, in source file i_d.vhd
    Info: Found design unit 1: I_D-STRUCTURAL
    Info: Found entity 1: I_D
Info: Found 1 design units, including 1 entities, in source file i_dtest.bdf
    Info: Found entity 1: I_DTEST
Info: Found 2 design units, including 1 entities, in source file exe_logic_module.vhd
    Info: Found design unit 1: EXE_LOGIC_MODULE-BEHAVIORAL
    Info: Found entity 1: EXE_LOGIC_MODULE
Info: Found 1 design units, including 1 entities, in source file exe_logic_moduletest.bdf
    Info: Found entity 1: EXE_LOGIC_MODULETEST
Info: Found 2 design units, including 1 entities, in source file exe_adder_subber_cell.vhd
    Info: Found design unit 1: EXE_ADDER_SUBBER_CELL-RTL
    Info: Found entity 1: EXE_ADDER_SUBBER_CELL
Info: Found 1 design units, including 1 entities, in source file exe_adder_subber_celltest.bdf
    Info: Found entity 1: EXE_ADDER_SUBBER_CELLTEST
Info: Found 2 design units, including 1 entities, in source file exe_adder_subber.vhd
    Info: Found design unit 1: EXE_ADDER_SUBBER-STRUCTURAL
    Info: Found entity 1: EXE_ADDER_SUBBER
Info: Found 1 design units, including 1 entities, in source file exe_adder_subbertest.bdf
    Info: Found entity 1: EXE_ADDER_SUBBERTEST
Info: Found 2 design units, including 1 entities, in source file dec5x32.vhd
    Info: Found design unit 1: DEC5X32-BEHAVIORAL
    Info: Found entity 1: DEC5X32
Info: Found 1 design units, including 1 entities, in source file dec5x32test.bdf
    Info: Found entity 1: DEC5X32TEST
Info: Found 2 design units, including 1 entities, in source file exe_branch_resolve.vhd
    Info: Found design unit 1: EXE_BRANCH_RESOLVE-RTL
    Info: Found entity 1: EXE_BRANCH_RESOLVE
Info: Found 1 design units, including 1 entities, in source file exe_branch_resolvetest.bdf
    Info: Found entity 1: EXE_BRANCH_RESOLVETEST
Info: Found 2 design units, including 1 entities, in source file exe_slt_module.vhd
    Info: Found design unit 1: EXE_SLT_MODULE-BEHAVIORAL
    Info: Found entity 1: EXE_SLT_MODULE
Info: Found 1 design units, including 1 entities, in source file exe_slt_moduletest.bdf
    Info: Found entity 1: EXE_SLT_MODULETEST
Info: Found 2 design units, including 1 entities, in source file exe.vhd
    Info: Found design unit 1: EXE-STRUCTURAL
    Info: Found entity 1: EXE
Info: Found 1 design units, including 1 entities, in source file exetest.bdf
    Info: Found entity 1: EXETEST
Info: Found 2 design units, including 1 entities, in source file mux4x1.vhd
    Info: Found design unit 1: MUX4X1-RTL
    Info: Found entity 1: MUX4X1
Info: Found 2 design units, including 1 entities, in source file mem_datamem.vhd
    Info: Found design unit 1: mem_datamem-SYN
    Info: Found entity 1: MEM_DATAMEM
Info: Found 2 design units, including 1 entities, in source file mem_byte_enable.vhd
    Info: Found design unit 1: MEM_BYTE_ENABLE-BEHAVIORAL
    Info: Found entity 1: MEM_BYTE_ENABLE
Info: Found 2 design units, including 1 entities, in source file mem_byte_en_msbs.vhd
    Info: Found design unit 1: MEM_BYTE_EN_MSBS-BEHAVIORAL
    Info: Found entity 1: MEM_BYTE_EN_MSBS
Info: Found 1 design units, including 1 entities, in source file mem_byte_en_msbstest.bdf
    Info: Found entity 1: MEM_BYTE_EN_MSBSTEST
Info: Found 2 design units, including 1 entities, in source file mem.vhd
    Info: Found design unit 1: MEM-STRUCTURAL
    Info: Found entity 1: MEM
Info: Found 1 design units, including 1 entities, in source file memtest.bdf
    Info: Found entity 1: MEMTEST
Info: Found 2 design units, including 1 entities, in source file wb.vhd
    Info: Found design unit 1: WB-STRUCTURAL
    Info: Found entity 1: WB
Info: Found 1 design units, including 1 entities, in source file wbtest.bdf
    Info: Found entity 1: WBTEST
Info: Found 2 design units, including 1 entities, in source file decode_to_execute.vhd
    Info: Found design unit 1: DECODE_TO_EXECUTE-STRUCTURAL
    Info: Found entity 1: DECODE_TO_EXECUTE
Info: Found 2 design units, including 1 entities, in source file mem_to_wb.vhd
    Info: Found design unit 1: MEM_TO_WB-STRUCTURAL
    Info: Found entity 1: MEM_TO_WB
Info: Found 2 design units, including 1 entities, in source file pc_plus_4.vhd
    Info: Found design unit 1: PC_PLUS_4-BEHAVIORAL
    Info: Found entity 1: PC_PLUS_4
Info: Found 1 design units, including 1 entities, in source file pc_plus_4test.bdf
    Info: Found entity 1: PC_PLUS_4TEST
Info: Found 2 design units, including 1 entities, in source file stall_fwd_predict.vhd
    Info: Found design unit 1: STALL_FWD_PREDICT-RTL
    Info: Found entity 1: STALL_FWD_PREDICT
Info: Found 1 design units, including 1 entities, in source file stall_fwd_predicttest.bdf
    Info: Found entity 1: STALL_FWD_PREDICTTEST
Info: Found 2 design units, including 1 entities, in source file pc_register.vhd
    Info: Found design unit 1: PC_REGISTER-BEHAVIORAL
    Info: Found entity 1: PC_REGISTER
Info: Found 1 design units, including 1 entities, in source file pc_registertest.bdf
    Info: Found entity 1: PC_REGISTERTEST
Info: Found 2 design units, including 1 entities, in source file pipe_if_to_id_register.vhd
    Info: Found design unit 1: PIPE_IF_TO_ID_REGISTER-BEHAVIORAL
    Info: Found entity 1: PIPE_IF_TO_ID_REGISTER
Info: Found 2 design units, including 1 entities, in source file pipe_exe_to_mem_register.vhd
    Info: Found design unit 1: PIPE_EXE_TO_MEM_REGISTER-BEHAVIORAL
    Info: Found entity 1: PIPE_EXE_TO_MEM_REGISTER
Info: Found 2 design units, including 1 entities, in source file control_word_regroup.vhd
    Info: Found design unit 1: CONTROL_WORD_REGROUP-RTL
    Info: Found entity 1: CONTROL_WORD_REGROUP
Info: Found 2 design units, including 1 entities, in source file pipe_mem_to_wb_register.vhd
    Info: Found design unit 1: PIPE_MEM_TO_WB_REGISTER-BEHAVIORAL
    Info: Found entity 1: PIPE_MEM_TO_WB_REGISTER
Info: Elaborating entity "I_F_MEMTEST" for the top level hierarchy
Info: Elaborating entity "I_F" for hierarchy "I_F:inst"
Warning (10540): VHDL Signal Declaration warning at I_F.vhd(46): used explicit default value for signal "GND" because signal was never assigned a value
Info: Elaborating entity "IF_INSTRMEM" for hierarchy "I_F:inst|IF_INSTRMEM:MEM"
Info: Elaborating entity "altsyncram" for hierarchy "I_F:inst|IF_INSTRMEM:MEM|altsyncram:altsyncram_component"
Info: Elaborated megafunction instantiation "I_F:inst|IF_INSTRMEM:MEM|altsyncram:altsyncram_component"
Info: Instantiated megafunction "I_F:inst|IF_INSTRMEM:MEM|altsyncram:altsyncram_component" with the following parameter:
    Info: Parameter "clock_enable_input_a" = "NORMAL"
    Info: Parameter "clock_enable_output_a" = "BYPASS"
    Info: Parameter "init_file" = "INSTRUCTION_CACHE.mif"
    Info: Parameter "intended_device_family" = "Cyclone II"
    Info: Parameter "lpm_hint" = "ENABLE_RUNTIME_MOD=NO"
    Info: Parameter "lpm_type" = "altsyncram"
    Info: Parameter "numwords_a" = "128"
    Info: Parameter "operation_mode" = "SINGLE_PORT"
    Info: Parameter "outdata_aclr_a" = "NONE"
    Info: Parameter "outdata_reg_a" = "UNREGISTERED"
    Info: Parameter "power_up_uninitialized" = "FALSE"
    Info: Parameter "ram_block_type" = "M4K"
    Info: Parameter "widthad_a" = "7"
    Info: Parameter "width_a" = "32"
    Info: Parameter "width_byteena_a" = "1"
Info: Found 1 design units, including 1 entities, in source file db/altsyncram_bog1.tdf
    Info: Found entity 1: altsyncram_bog1
Info: Elaborating entity "altsyncram_bog1" for hierarchy "I_F:inst|IF_INSTRMEM:MEM|altsyncram:altsyncram_component|altsyncram_bog1:auto_generated"
Warning: Output pins are stuck at VCC or GND
    Warning (13410): Pin "PC_ADDR[31]" is stuck at GND
    Warning (13410): Pin "PC_ADDR[30]" is stuck at GND
    Warning (13410): Pin "PC_ADDR[29]" is stuck at GND
    Warning (13410): Pin "PC_ADDR[28]" is stuck at GND
    Warning (13410): Pin "PC_ADDR[27]" is stuck at GND
    Warning (13410): Pin "PC_ADDR[26]" is stuck at GND
    Warning (13410): Pin "PC_ADDR[25]" is stuck at GND
    Warning (13410): Pin "PC_ADDR[24]" is stuck at GND
    Warning (13410): Pin "PC_ADDR[23]" is stuck at GND
    Warning (13410): Pin "PC_ADDR[22]" is stuck at GND
    Warning (13410): Pin "PC_ADDR[21]" is stuck at GND
    Warning (13410): Pin "PC_ADDR[20]" is stuck at GND
    Warning (13410): Pin "PC_ADDR[19]" is stuck at GND
    Warning (13410): Pin "PC_ADDR[18]" is stuck at GND
    Warning (13410): Pin "PC_ADDR[17]" is stuck at GND
    Warning (13410): Pin "PC_ADDR[16]" is stuck at GND
    Warning (13410): Pin "PC_ADDR[15]" is stuck at GND
    Warning (13410): Pin "PC_ADDR[14]" is stuck at GND
    Warning (13410): Pin "PC_ADDR[13]" is stuck at GND
    Warning (13410): Pin "PC_ADDR[12]" is stuck at GND
    Warning (13410): Pin "PC_ADDR[11]" is stuck at GND
    Warning (13410): Pin "PC_ADDR[10]" is stuck at GND
    Warning (13410): Pin "PC_ADDR[9]" is stuck at GND
    Warning (13410): Pin "PC_ADDR[1]" is stuck at GND
    Warning (13410): Pin "PC_ADDR[0]" is stuck at GND
Warning: Ignored assignments for entity "RV32IM" -- entity does not exist in design
    Warning: Assignment for entity set_global_assignment -name LL_ROOT_REGION ON -entity RV32IM -section_id "Root Region" was ignored
    Warning: Assignment for entity set_global_assignment -name LL_MEMBER_STATE LOCKED -entity RV32IM -section_id "Root Region" was ignored
Warning: Design contains 25 input pin(s) that do not drive logic
    Warning (15610): No output dependent on input pin "PC[31]"
    Warning (15610): No output dependent on input pin "PC[30]"
    Warning (15610): No output dependent on input pin "PC[29]"
    Warning (15610): No output dependent on input pin "PC[28]"
    Warning (15610): No output dependent on input pin "PC[27]"
    Warning (15610): No output dependent on input pin "PC[26]"
    Warning (15610): No output dependent on input pin "PC[25]"
    Warning (15610): No output dependent on input pin "PC[24]"
    Warning (15610): No output dependent on input pin "PC[23]"
    Warning (15610): No output dependent on input pin "PC[22]"
    Warning (15610): No output dependent on input pin "PC[21]"
    Warning (15610): No output dependent on input pin "PC[20]"
    Warning (15610): No output dependent on input pin "PC[19]"
    Warning (15610): No output dependent on input pin "PC[18]"
    Warning (15610): No output dependent on input pin "PC[17]"
    Warning (15610): No output dependent on input pin "PC[16]"
    Warning (15610): No output dependent on input pin "PC[15]"
    Warning (15610): No output dependent on input pin "PC[14]"
    Warning (15610): No output dependent on input pin "PC[13]"
    Warning (15610): No output dependent on input pin "PC[12]"
    Warning (15610): No output dependent on input pin "PC[11]"
    Warning (15610): No output dependent on input pin "PC[10]"
    Warning (15610): No output dependent on input pin "PC[9]"
    Warning (15610): No output dependent on input pin "PC[1]"
    Warning (15610): No output dependent on input pin "PC[0]"
Info: Implemented 131 device resources after synthesis - the final resource count might be different
    Info: Implemented 34 input pins
    Info: Implemented 64 output pins
    Info: Implemented 1 logic cells
    Info: Implemented 32 RAM segments
Info: Quartus II Analysis & Synthesis was successful. 0 errors, 56 warnings
    Info: Peak virtual memory: 272 megabytes
    Info: Processing ended: Sun Mar 24 16:25:50 2019
    Info: Elapsed time: 00:00:03
    Info: Total CPU time (on all processors): 00:00:04


