Analysis & Synthesis report for RV32IM
Tue Feb 26 21:30:27 2019
Quartus II Version 9.1 Build 350 03/24/2010 Service Pack 2 SJ Web Edition


---------------------
; Table of Contents ;
---------------------
  1. Legal Notice
  2. Analysis & Synthesis Summary
  3. Analysis & Synthesis Settings
  4. Parallel Compilation
  5. Analysis & Synthesis Source Files Read
  6. Analysis & Synthesis Resource Usage Summary
  7. Analysis & Synthesis Resource Utilization by Entity
  8. General Register Statistics
  9. Parameter Settings for User Entity Instance: Top-level Entity: |ID_DECODER
 10. Parameter Settings for User Entity Instance: MUX2X1:MUX_2X1_A
 11. Parameter Settings for User Entity Instance: MUX2X1:MUX_2X1_B
 12. Parameter Settings for User Entity Instance: MUX2X1:MUX_2X1_C
 13. Parameter Settings for User Entity Instance: MUX8X1:MUX_8X1_A
 14. Parameter Settings for User Entity Instance: MUX8X1:MUX_8X1_B
 15. Port Connectivity Checks: "MUX8X1:MUX_8X1_B"
 16. Port Connectivity Checks: "MUX8X1:MUX_8X1_A"
 17. Port Connectivity Checks: "MUX2X1:MUX_2X1_C"
 18. Port Connectivity Checks: "MUX2X1:MUX_2X1_B"
 19. Analysis & Synthesis Messages



----------------
; Legal Notice ;
----------------
Copyright (C) 1991-2010 Altera Corporation
Your use of Altera Corporation's design tools, logic functions 
and other software and tools, and its AMPP partner logic 
functions, and any output files from any of the foregoing 
(including device programming or simulation files), and any 
associated documentation or information are expressly subject 
to the terms and conditions of the Altera Program License 
Subscription Agreement, Altera MegaCore Function License 
Agreement, or other applicable license agreement, including, 
without limitation, that your use is for the sole purpose of 
programming logic devices manufactured by Altera and sold by 
Altera or its authorized distributors.  Please refer to the 
applicable agreement for further details.



+-----------------------------------------------------------------------------------+
; Analysis & Synthesis Summary                                                      ;
+------------------------------------+----------------------------------------------+
; Analysis & Synthesis Status        ; Successful - Tue Feb 26 21:30:27 2019        ;
; Quartus II Version                 ; 9.1 Build 350 03/24/2010 SP 2 SJ Web Edition ;
; Revision Name                      ; RV32IM                                       ;
; Top-level Entity Name              ; ID_DECODER                                   ;
; Family                             ; Cyclone II                                   ;
; Total logic elements               ; 0                                            ;
;     Total combinational functions  ; 0                                            ;
;     Dedicated logic registers      ; 0                                            ;
; Total registers                    ; 0                                            ;
; Total pins                         ; 19                                           ;
; Total virtual pins                 ; 0                                            ;
; Total memory bits                  ; 0                                            ;
; Embedded Multiplier 9-bit elements ; 0                                            ;
; Total PLLs                         ; 0                                            ;
+------------------------------------+----------------------------------------------+


+----------------------------------------------------------------------------------------------------------------------+
; Analysis & Synthesis Settings                                                                                        ;
+----------------------------------------------------------------------------+--------------------+--------------------+
; Option                                                                     ; Setting            ; Default Value      ;
+----------------------------------------------------------------------------+--------------------+--------------------+
; Device                                                                     ; EP2C35F672C6       ;                    ;
; Top-level entity name                                                      ; ID_DECODER         ; RV32IM             ;
; Family name                                                                ; Cyclone II         ; Stratix II         ;
; Use Generated Physical Constraints File                                    ; Off                ;                    ;
; Use smart compilation                                                      ; Off                ; Off                ;
; Enable parallel Assembler and TimeQuest Timing Analyzer during compilation ; On                 ; On                 ;
; Enable compact report table                                                ; Off                ; Off                ;
; Restructure Multiplexers                                                   ; Auto               ; Auto               ;
; Create Debugging Nodes for IP Cores                                        ; Off                ; Off                ;
; Preserve fewer node names                                                  ; On                 ; On                 ;
; Disable OpenCore Plus hardware evaluation                                  ; Off                ; Off                ;
; Verilog Version                                                            ; Verilog_2001       ; Verilog_2001       ;
; VHDL Version                                                               ; VHDL_1993          ; VHDL_1993          ;
; State Machine Processing                                                   ; Auto               ; Auto               ;
; Safe State Machine                                                         ; Off                ; Off                ;
; Extract Verilog State Machines                                             ; On                 ; On                 ;
; Extract VHDL State Machines                                                ; On                 ; On                 ;
; Ignore Verilog initial constructs                                          ; Off                ; Off                ;
; Iteration limit for constant Verilog loops                                 ; 5000               ; 5000               ;
; Iteration limit for non-constant Verilog loops                             ; 250                ; 250                ;
; Add Pass-Through Logic to Inferred RAMs                                    ; On                 ; On                 ;
; Parallel Synthesis                                                         ; On                 ; On                 ;
; DSP Block Balancing                                                        ; Auto               ; Auto               ;
; NOT Gate Push-Back                                                         ; On                 ; On                 ;
; Power-Up Don't Care                                                        ; On                 ; On                 ;
; Remove Redundant Logic Cells                                               ; Off                ; Off                ;
; Remove Duplicate Registers                                                 ; On                 ; On                 ;
; Ignore CARRY Buffers                                                       ; Off                ; Off                ;
; Ignore CASCADE Buffers                                                     ; Off                ; Off                ;
; Ignore GLOBAL Buffers                                                      ; Off                ; Off                ;
; Ignore ROW GLOBAL Buffers                                                  ; Off                ; Off                ;
; Ignore LCELL Buffers                                                       ; Off                ; Off                ;
; Ignore SOFT Buffers                                                        ; On                 ; On                 ;
; Limit AHDL Integers to 32 Bits                                             ; Off                ; Off                ;
; Optimization Technique                                                     ; Balanced           ; Balanced           ;
; Carry Chain Length                                                         ; 70                 ; 70                 ;
; Auto Carry Chains                                                          ; On                 ; On                 ;
; Auto Open-Drain Pins                                                       ; On                 ; On                 ;
; Perform WYSIWYG Primitive Resynthesis                                      ; Off                ; Off                ;
; Auto ROM Replacement                                                       ; On                 ; On                 ;
; Auto RAM Replacement                                                       ; On                 ; On                 ;
; Auto Shift Register Replacement                                            ; Auto               ; Auto               ;
; Auto Clock Enable Replacement                                              ; On                 ; On                 ;
; Strict RAM Replacement                                                     ; Off                ; Off                ;
; Allow Synchronous Control Signals                                          ; On                 ; On                 ;
; Force Use of Synchronous Clear Signals                                     ; Off                ; Off                ;
; Auto RAM to Logic Cell Conversion                                          ; Off                ; Off                ;
; Auto Resource Sharing                                                      ; Off                ; Off                ;
; Allow Any RAM Size For Recognition                                         ; Off                ; Off                ;
; Allow Any ROM Size For Recognition                                         ; Off                ; Off                ;
; Allow Any Shift Register Size For Recognition                              ; Off                ; Off                ;
; Use LogicLock Constraints during Resource Balancing                        ; On                 ; On                 ;
; Ignore translate_off and synthesis_off directives                          ; Off                ; Off                ;
; Timing-Driven Synthesis                                                    ; Off                ; Off                ;
; Show Parameter Settings Tables in Synthesis Report                         ; On                 ; On                 ;
; Ignore Maximum Fan-Out Assignments                                         ; Off                ; Off                ;
; Synchronization Register Chain Length                                      ; 2                  ; 2                  ;
; PowerPlay Power Optimization                                               ; Normal compilation ; Normal compilation ;
; HDL message level                                                          ; Level2             ; Level2             ;
; Suppress Register Optimization Related Messages                            ; Off                ; Off                ;
; Number of Removed Registers Reported in Synthesis Report                   ; 5000               ; 5000               ;
; Number of Inverted Registers Reported in Synthesis Report                  ; 100                ; 100                ;
; Clock MUX Protection                                                       ; On                 ; On                 ;
; Auto Gated Clock Conversion                                                ; Off                ; Off                ;
; Block Design Naming                                                        ; Auto               ; Auto               ;
; SDC constraint protection                                                  ; Off                ; Off                ;
; Synthesis Effort                                                           ; Auto               ; Auto               ;
; Shift Register Replacement - Allow Asynchronous Clear Signal               ; On                 ; On                 ;
; Analysis & Synthesis Message Level                                         ; Medium             ; Medium             ;
; Disable Register Merging Across Hierarchies                                ; Auto               ; Auto               ;
; Resource Aware Inference For Block RAM                                     ; On                 ; On                 ;
+----------------------------------------------------------------------------+--------------------+--------------------+


Parallel compilation was disabled, but you have multiple processors available. Enable parallel compilation to reduce compilation time.
+-------------------------------------+
; Parallel Compilation                ;
+----------------------------+--------+
; Processors                 ; Number ;
+----------------------------+--------+
; Number detected on machine ; 4      ;
; Maximum allowed            ; 1      ;
+----------------------------+--------+


+--------------------------------------------------------------------------------------------------------------------------------------------+
; Analysis & Synthesis Source Files Read                                                                                                     ;
+----------------------------------+-----------------+-----------------+---------------------------------------------------------------------+
; File Name with User-Entered Path ; Used in Netlist ; File Type       ; File Name with Absolute Path                                        ;
+----------------------------------+-----------------+-----------------+---------------------------------------------------------------------+
; TOOLBOX.vhd                      ; yes             ; User VHDL File  ; D:/Academic/Software/QuartusWebEdition/quartus/RISCV/TOOLBOX.vhd    ;
; MUX2X1.vhd                       ; yes             ; User VHDL File  ; D:/Academic/Software/QuartusWebEdition/quartus/RISCV/MUX2X1.vhd     ;
; MUX8X1.vhd                       ; yes             ; User VHDL File  ; D:/Academic/Software/QuartusWebEdition/quartus/RISCV/MUX8X1.vhd     ;
; ID_DECODER.vhd                   ; yes             ; User VHDL File  ; D:/Academic/Software/QuartusWebEdition/quartus/RISCV/ID_DECODER.vhd ;
+----------------------------------+-----------------+-----------------+---------------------------------------------------------------------+


+-----------------------------------------------------+
; Analysis & Synthesis Resource Usage Summary         ;
+---------------------------------------------+-------+
; Resource                                    ; Usage ;
+---------------------------------------------+-------+
;                                             ;       ;
; Total combinational functions               ; 0     ;
; Logic element usage by number of LUT inputs ;       ;
;     -- 4 input functions                    ; 0     ;
;     -- 3 input functions                    ; 0     ;
;     -- <=2 input functions                  ; 0     ;
;                                             ;       ;
; Logic elements by mode                      ;       ;
;     -- normal mode                          ; 0     ;
;     -- arithmetic mode                      ; 0     ;
;                                             ;       ;
; Total registers                             ; 0     ;
;     -- Dedicated logic registers            ; 0     ;
;     -- I/O registers                        ; 0     ;
;                                             ;       ;
; I/O pins                                    ; 19    ;
+---------------------------------------------+-------+


+-----------------------------------------------------------------------------------------------------------------------------------------------------------------------------+
; Analysis & Synthesis Resource Utilization by Entity                                                                                                                         ;
+----------------------------+-------------------+--------------+-------------+--------------+---------+-----------+------+--------------+---------------------+--------------+
; Compilation Hierarchy Node ; LC Combinationals ; LC Registers ; Memory Bits ; DSP Elements ; DSP 9x9 ; DSP 18x18 ; Pins ; Virtual Pins ; Full Hierarchy Name ; Library Name ;
+----------------------------+-------------------+--------------+-------------+--------------+---------+-----------+------+--------------+---------------------+--------------+
; |ID_DECODER                ; 0 (0)             ; 0 (0)        ; 0           ; 0            ; 0       ; 0         ; 19   ; 0            ; |ID_DECODER         ; work         ;
+----------------------------+-------------------+--------------+-------------+--------------+---------+-----------+------+--------------+---------------------+--------------+
Note: For table entries with two numbers listed, the numbers in parentheses indicate the number of resources of the given type used by the specific entity alone. The numbers listed outside of parentheses indicate the total resources of the given type used by the specific entity and all of its sub-entities in the hierarchy.


+------------------------------------------------------+
; General Register Statistics                          ;
+----------------------------------------------+-------+
; Statistic                                    ; Value ;
+----------------------------------------------+-------+
; Total registers                              ; 0     ;
; Number of registers using Synchronous Clear  ; 0     ;
; Number of registers using Synchronous Load   ; 0     ;
; Number of registers using Asynchronous Clear ; 0     ;
; Number of registers using Asynchronous Load  ; 0     ;
; Number of registers using Clock Enable       ; 0     ;
; Number of registers using Preset             ; 0     ;
+----------------------------------------------+-------+


+----------------------------------------------------------------------------+
; Parameter Settings for User Entity Instance: Top-level Entity: |ID_DECODER ;
+----------------+-------+---------------------------------------------------+
; Parameter Name ; Value ; Type                                              ;
+----------------+-------+---------------------------------------------------+
; CTRL_WORD_SIZE ; 10    ; Signed Integer                                    ;
+----------------+-------+---------------------------------------------------+
Note: In order to hide this table in the UI and the text report file, please set the "Show Parameter Settings Tables in Synthesis Report" option in "Analysis and Synthesis Settings -> More Settings" to "Off".


+---------------------------------------------------------------+
; Parameter Settings for User Entity Instance: MUX2X1:MUX_2X1_A ;
+----------------+-------+--------------------------------------+
; Parameter Name ; Value ; Type                                 ;
+----------------+-------+--------------------------------------+
; insize         ; 10    ; Signed Integer                       ;
+----------------+-------+--------------------------------------+
Note: In order to hide this table in the UI and the text report file, please set the "Show Parameter Settings Tables in Synthesis Report" option in "Analysis and Synthesis Settings -> More Settings" to "Off".


+---------------------------------------------------------------+
; Parameter Settings for User Entity Instance: MUX2X1:MUX_2X1_B ;
+----------------+-------+--------------------------------------+
; Parameter Name ; Value ; Type                                 ;
+----------------+-------+--------------------------------------+
; insize         ; 10    ; Signed Integer                       ;
+----------------+-------+--------------------------------------+
Note: In order to hide this table in the UI and the text report file, please set the "Show Parameter Settings Tables in Synthesis Report" option in "Analysis and Synthesis Settings -> More Settings" to "Off".


+---------------------------------------------------------------+
; Parameter Settings for User Entity Instance: MUX2X1:MUX_2X1_C ;
+----------------+-------+--------------------------------------+
; Parameter Name ; Value ; Type                                 ;
+----------------+-------+--------------------------------------+
; insize         ; 10    ; Signed Integer                       ;
+----------------+-------+--------------------------------------+
Note: In order to hide this table in the UI and the text report file, please set the "Show Parameter Settings Tables in Synthesis Report" option in "Analysis and Synthesis Settings -> More Settings" to "Off".


+---------------------------------------------------------------+
; Parameter Settings for User Entity Instance: MUX8X1:MUX_8X1_A ;
+----------------+-------+--------------------------------------+
; Parameter Name ; Value ; Type                                 ;
+----------------+-------+--------------------------------------+
; insize         ; 10    ; Signed Integer                       ;
+----------------+-------+--------------------------------------+
Note: In order to hide this table in the UI and the text report file, please set the "Show Parameter Settings Tables in Synthesis Report" option in "Analysis and Synthesis Settings -> More Settings" to "Off".


+---------------------------------------------------------------+
; Parameter Settings for User Entity Instance: MUX8X1:MUX_8X1_B ;
+----------------+-------+--------------------------------------+
; Parameter Name ; Value ; Type                                 ;
+----------------+-------+--------------------------------------+
; insize         ; 10    ; Signed Integer                       ;
+----------------+-------+--------------------------------------+
Note: In order to hide this table in the UI and the text report file, please set the "Show Parameter Settings Tables in Synthesis Report" option in "Analysis and Synthesis Settings -> More Settings" to "Off".


+----------------------------------------------------------------------------------------------------------------+
; Port Connectivity Checks: "MUX8X1:MUX_8X1_B"                                                                   ;
+------+--------+----------+-------------------------------------------------------------------------------------+
; Port ; Type   ; Severity ; Details                                                                             ;
+------+--------+----------+-------------------------------------------------------------------------------------+
; o    ; Output ; Info     ; Connected to dangling logic. Logic that only feeds a dangling port will be removed. ;
+------+--------+----------+-------------------------------------------------------------------------------------+


+----------------------------------------------------------------------------------------------------------------+
; Port Connectivity Checks: "MUX8X1:MUX_8X1_A"                                                                   ;
+------+--------+----------+-------------------------------------------------------------------------------------+
; Port ; Type   ; Severity ; Details                                                                             ;
+------+--------+----------+-------------------------------------------------------------------------------------+
; o    ; Output ; Info     ; Connected to dangling logic. Logic that only feeds a dangling port will be removed. ;
+------+--------+----------+-------------------------------------------------------------------------------------+


+----------------------------------------------------------------------------------------------------------------+
; Port Connectivity Checks: "MUX2X1:MUX_2X1_C"                                                                   ;
+------+--------+----------+-------------------------------------------------------------------------------------+
; Port ; Type   ; Severity ; Details                                                                             ;
+------+--------+----------+-------------------------------------------------------------------------------------+
; o    ; Output ; Info     ; Connected to dangling logic. Logic that only feeds a dangling port will be removed. ;
+------+--------+----------+-------------------------------------------------------------------------------------+


+----------------------------------------------------------------------------------------------------------------+
; Port Connectivity Checks: "MUX2X1:MUX_2X1_B"                                                                   ;
+------+--------+----------+-------------------------------------------------------------------------------------+
; Port ; Type   ; Severity ; Details                                                                             ;
+------+--------+----------+-------------------------------------------------------------------------------------+
; o    ; Output ; Info     ; Connected to dangling logic. Logic that only feeds a dangling port will be removed. ;
+------+--------+----------+-------------------------------------------------------------------------------------+


+-------------------------------+
; Analysis & Synthesis Messages ;
+-------------------------------+
Info: *******************************************************************
Info: Running Quartus II Analysis & Synthesis
    Info: Version 9.1 Build 350 03/24/2010 Service Pack 2 SJ Web Edition
    Info: Processing started: Tue Feb 26 21:30:26 2019
Info: Command: quartus_map --read_settings_files=on --write_settings_files=off RV32IM -c RV32IM
Info: Found 2 design units, including 1 entities, in source file i_f.vhd
    Info: Found design unit 1: I_F-STRUCTURAL
    Info: Found entity 1: I_F
Info: Found 2 design units, including 1 entities, in source file i_f_ram.vhd
    Info: Found design unit 1: i_f_ram-SYN
    Info: Found entity 1: I_F_RAM
Info: Found 1 design units, including 1 entities, in source file i_f_memtest.bdf
    Info: Found entity 1: I_F_MEMTEST
Info: Found 1 design units, including 0 entities, in source file toolbox.vhd
    Info: Found design unit 1: TOOLBOX
Info: Found 2 design units, including 1 entities, in source file mux2x1.vhd
    Info: Found design unit 1: MUX2X1-RTL
    Info: Found entity 1: MUX2X1
Info: Found 1 design units, including 1 entities, in source file mux2x1test.bdf
    Info: Found entity 1: MUX2X1TEST
Info: Found 2 design units, including 1 entities, in source file mux8x1.vhd
    Info: Found design unit 1: MUX8X1-RTL
    Info: Found entity 1: MUX8X1
Info: Found 1 design units, including 1 entities, in source file mux8x1test.bdf
    Info: Found entity 1: MUX8X1TEST
Info: Found 2 design units, including 1 entities, in source file mux32x1.vhd
    Info: Found design unit 1: MUX32X1-RTL
    Info: Found entity 1: MUX32X1
Info: Found 1 design units, including 1 entities, in source file mux32x1test.bdf
    Info: Found entity 1: MUX32X1TEST
Info: Found 2 design units, including 1 entities, in source file reg_flipper.vhd
    Info: Found design unit 1: REG_FLIPPER-RTL
    Info: Found entity 1: REG_FLIPPER
Info: Found 1 design units, including 1 entities, in source file reg_flippertest.bdf
    Info: Found entity 1: REG_FLIPPERTEST
Info: Found 2 design units, including 1 entities, in source file id_decoder.vhd
    Info: Found design unit 1: ID_DECODER-STRUCTURAL
    Info: Found entity 1: ID_DECODER
Info: Elaborating entity "ID_DECODER" for the top level hierarchy
Warning (10541): VHDL Signal Declaration warning at ID_DECODER.vhd(17): used implicit default value for signal "CONTROL_WORD" because signal was never assigned a value or an explicit default value. Use of implicit default value may introduce unintended design optimizations.
Warning (10541): VHDL Signal Declaration warning at ID_DECODER.vhd(25): used implicit default value for signal "L_LB" because signal was never assigned a value or an explicit default value. Use of implicit default value may introduce unintended design optimizations.
Warning (10541): VHDL Signal Declaration warning at ID_DECODER.vhd(26): used implicit default value for signal "L_LH" because signal was never assigned a value or an explicit default value. Use of implicit default value may introduce unintended design optimizations.
Warning (10541): VHDL Signal Declaration warning at ID_DECODER.vhd(27): used implicit default value for signal "L_LW" because signal was never assigned a value or an explicit default value. Use of implicit default value may introduce unintended design optimizations.
Warning (10541): VHDL Signal Declaration warning at ID_DECODER.vhd(28): used implicit default value for signal "L_LBU" because signal was never assigned a value or an explicit default value. Use of implicit default value may introduce unintended design optimizations.
Warning (10541): VHDL Signal Declaration warning at ID_DECODER.vhd(29): used implicit default value for signal "L_LHU" because signal was never assigned a value or an explicit default value. Use of implicit default value may introduce unintended design optimizations.
Warning (10541): VHDL Signal Declaration warning at ID_DECODER.vhd(31): used implicit default value for signal "I_ADDI" because signal was never assigned a value or an explicit default value. Use of implicit default value may introduce unintended design optimizations.
Warning (10541): VHDL Signal Declaration warning at ID_DECODER.vhd(32): used implicit default value for signal "I_SLLI" because signal was never assigned a value or an explicit default value. Use of implicit default value may introduce unintended design optimizations.
Warning (10541): VHDL Signal Declaration warning at ID_DECODER.vhd(33): used implicit default value for signal "I_SLTI" because signal was never assigned a value or an explicit default value. Use of implicit default value may introduce unintended design optimizations.
Warning (10541): VHDL Signal Declaration warning at ID_DECODER.vhd(34): used implicit default value for signal "I_SLTIU" because signal was never assigned a value or an explicit default value. Use of implicit default value may introduce unintended design optimizations.
Warning (10541): VHDL Signal Declaration warning at ID_DECODER.vhd(35): used implicit default value for signal "I_XORI" because signal was never assigned a value or an explicit default value. Use of implicit default value may introduce unintended design optimizations.
Warning (10541): VHDL Signal Declaration warning at ID_DECODER.vhd(36): used implicit default value for signal "I_SRLI" because signal was never assigned a value or an explicit default value. Use of implicit default value may introduce unintended design optimizations.
Warning (10541): VHDL Signal Declaration warning at ID_DECODER.vhd(37): used implicit default value for signal "I_SRAI" because signal was never assigned a value or an explicit default value. Use of implicit default value may introduce unintended design optimizations.
Warning (10541): VHDL Signal Declaration warning at ID_DECODER.vhd(38): used implicit default value for signal "I_ORI" because signal was never assigned a value or an explicit default value. Use of implicit default value may introduce unintended design optimizations.
Warning (10541): VHDL Signal Declaration warning at ID_DECODER.vhd(39): used implicit default value for signal "I_ANDI" because signal was never assigned a value or an explicit default value. Use of implicit default value may introduce unintended design optimizations.
Warning (10541): VHDL Signal Declaration warning at ID_DECODER.vhd(45): used implicit default value for signal "R_ADD" because signal was never assigned a value or an explicit default value. Use of implicit default value may introduce unintended design optimizations.
Warning (10541): VHDL Signal Declaration warning at ID_DECODER.vhd(46): used implicit default value for signal "R_SUB" because signal was never assigned a value or an explicit default value. Use of implicit default value may introduce unintended design optimizations.
Warning (10541): VHDL Signal Declaration warning at ID_DECODER.vhd(51): used implicit default value for signal "R_SRL" because signal was never assigned a value or an explicit default value. Use of implicit default value may introduce unintended design optimizations.
Warning (10541): VHDL Signal Declaration warning at ID_DECODER.vhd(52): used implicit default value for signal "R_SRA" because signal was never assigned a value or an explicit default value. Use of implicit default value may introduce unintended design optimizations.
Warning (10036): Verilog HDL or VHDL warning at ID_DECODER.vhd(69): object "BUF_2B" assigned a value but never read
Warning (10036): Verilog HDL or VHDL warning at ID_DECODER.vhd(70): object "BUF_2C" assigned a value but never read
Warning (10036): Verilog HDL or VHDL warning at ID_DECODER.vhd(72): object "BUF_8A" assigned a value but never read
Warning (10036): Verilog HDL or VHDL warning at ID_DECODER.vhd(73): object "BUF_8B" assigned a value but never read
Info: Elaborating entity "MUX2X1" for hierarchy "MUX2X1:MUX_2X1_A"
Info: Elaborating entity "MUX8X1" for hierarchy "MUX8X1:MUX_8X1_A"
Warning (10492): VHDL Process Statement warning at MUX8X1.vhd(33): signal "D0" is read inside the Process Statement but isn't in the Process Statement's sensitivity list
Warning (10492): VHDL Process Statement warning at MUX8X1.vhd(34): signal "D1" is read inside the Process Statement but isn't in the Process Statement's sensitivity list
Warning (10492): VHDL Process Statement warning at MUX8X1.vhd(35): signal "D2" is read inside the Process Statement but isn't in the Process Statement's sensitivity list
Warning (10492): VHDL Process Statement warning at MUX8X1.vhd(36): signal "D3" is read inside the Process Statement but isn't in the Process Statement's sensitivity list
Warning (10492): VHDL Process Statement warning at MUX8X1.vhd(37): signal "D4" is read inside the Process Statement but isn't in the Process Statement's sensitivity list
Warning (10492): VHDL Process Statement warning at MUX8X1.vhd(38): signal "D5" is read inside the Process Statement but isn't in the Process Statement's sensitivity list
Warning (10492): VHDL Process Statement warning at MUX8X1.vhd(39): signal "D6" is read inside the Process Statement but isn't in the Process Statement's sensitivity list
Warning (10492): VHDL Process Statement warning at MUX8X1.vhd(40): signal "D7" is read inside the Process Statement but isn't in the Process Statement's sensitivity list
Warning: Output pins are stuck at VCC or GND
    Warning (13410): Pin "CONTROL_WORD[0]" is stuck at GND
    Warning (13410): Pin "CONTROL_WORD[1]" is stuck at GND
    Warning (13410): Pin "CONTROL_WORD[2]" is stuck at GND
    Warning (13410): Pin "CONTROL_WORD[3]" is stuck at GND
    Warning (13410): Pin "CONTROL_WORD[4]" is stuck at GND
    Warning (13410): Pin "CONTROL_WORD[5]" is stuck at GND
    Warning (13410): Pin "CONTROL_WORD[6]" is stuck at GND
    Warning (13410): Pin "CONTROL_WORD[7]" is stuck at GND
    Warning (13410): Pin "CONTROL_WORD[8]" is stuck at GND
    Warning (13410): Pin "CONTROL_WORD[9]" is stuck at GND
Warning: Ignored assignments for entity "RV32IM" -- entity does not exist in design
    Warning: Assignment for entity set_global_assignment -name LL_ROOT_REGION ON -entity RV32IM -section_id "Root Region" was ignored
    Warning: Assignment for entity set_global_assignment -name LL_MEMBER_STATE LOCKED -entity RV32IM -section_id "Root Region" was ignored
Warning: Design contains 9 input pin(s) that do not drive logic
    Warning (15610): No output dependent on input pin "MUX_2X1_SEL"
    Warning (15610): No output dependent on input pin "MUX_8X1_SEL[0]"
    Warning (15610): No output dependent on input pin "MUX_8X1_SEL[1]"
    Warning (15610): No output dependent on input pin "MUX_8X1_SEL[2]"
    Warning (15610): No output dependent on input pin "MUX_32X1_SEL[0]"
    Warning (15610): No output dependent on input pin "MUX_32X1_SEL[1]"
    Warning (15610): No output dependent on input pin "MUX_32X1_SEL[2]"
    Warning (15610): No output dependent on input pin "MUX_32X1_SEL[3]"
    Warning (15610): No output dependent on input pin "MUX_32X1_SEL[4]"
Info: Implemented 19 device resources after synthesis - the final resource count might be different
    Info: Implemented 9 input pins
    Info: Implemented 10 output pins
Info: Quartus II Analysis & Synthesis was successful. 0 errors, 55 warnings
    Info: Peak virtual memory: 260 megabytes
    Info: Processing ended: Tue Feb 26 21:30:27 2019
    Info: Elapsed time: 00:00:01
    Info: Total CPU time (on all processors): 00:00:03


