Simulator report for RV32IM
Mon Mar 04 20:48:44 2019
Quartus II Version 9.1 Build 350 03/24/2010 Service Pack 2 SJ Web Edition


---------------------
; Table of Contents ;
---------------------
  1. Legal Notice
  2. Simulator Summary
  3. Simulator Settings
  4. Simulation Waveforms
  5. Coverage Summary
  6. Complete 1/0-Value Coverage
  7. Missing 1-Value Coverage
  8. Missing 0-Value Coverage
  9. Simulator INI Usage
 10. Simulator Messages



----------------
; Legal Notice ;
----------------
Copyright (C) 1991-2010 Altera Corporation
Your use of Altera Corporation's design tools, logic functions 
and other software and tools, and its AMPP partner logic 
functions, and any output files from any of the foregoing 
(including device programming or simulation files), and any 
associated documentation or information are expressly subject 
to the terms and conditions of the Altera Program License 
Subscription Agreement, Altera MegaCore Function License 
Agreement, or other applicable license agreement, including, 
without limitation, that your use is for the sole purpose of 
programming logic devices manufactured by Altera and sold by 
Altera or its authorized distributors.  Please refer to the 
applicable agreement for further details.



+--------------------------------------------+
; Simulator Summary                          ;
+-----------------------------+--------------+
; Type                        ; Value        ;
+-----------------------------+--------------+
; Simulation Start Time       ; 0 ps         ;
; Simulation End Time         ; 1.0 us       ;
; Simulation Netlist Size     ; 271 nodes    ;
; Simulation Coverage         ;      81.78 % ;
; Total Number of Transitions ; 1025         ;
; Simulation Breakpoints      ; 0            ;
; Family                      ; Cyclone II   ;
; Device                      ; EP2C35F672C6 ;
+-----------------------------+--------------+


+-------------------------------------------------------------------------------------------------------------------------------------+
; Simulator Settings                                                                                                                  ;
+--------------------------------------------------------------------------------------------+------------------------+---------------+
; Option                                                                                     ; Setting                ; Default Value ;
+--------------------------------------------------------------------------------------------+------------------------+---------------+
; Simulation mode                                                                            ; Timing                 ; Timing        ;
; Start time                                                                                 ; 0 ns                   ; 0 ns          ;
; Simulation results format                                                                  ; CVWF                   ;               ;
; Vector input source                                                                        ; BARREL_SHIFTERTEST.vwf ;               ;
; Add pins automatically to simulation output waveforms                                      ; On                     ; On            ;
; Check outputs                                                                              ; Off                    ; Off           ;
; Report simulation coverage                                                                 ; On                     ; On            ;
; Display complete 1/0 value coverage report                                                 ; On                     ; On            ;
; Display missing 1-value coverage report                                                    ; On                     ; On            ;
; Display missing 0-value coverage report                                                    ; On                     ; On            ;
; Detect setup and hold time violations                                                      ; Off                    ; Off           ;
; Detect glitches                                                                            ; Off                    ; Off           ;
; Disable timing delays in Timing Simulation                                                 ; Off                    ; Off           ;
; Generate Signal Activity File                                                              ; Off                    ; Off           ;
; Generate VCD File for PowerPlay Power Analyzer                                             ; Off                    ; Off           ;
; Group bus channels in simulation results                                                   ; Off                    ; Off           ;
; Preserve fewer signal transitions to reduce memory requirements                            ; On                     ; On            ;
; Trigger vector comparison with the specified mode                                          ; INPUT_EDGE             ; INPUT_EDGE    ;
; Disable setup and hold time violations detection in input registers of bi-directional pins ; Off                    ; Off           ;
; Overwrite Waveform Inputs With Simulation Outputs                                          ; Off                    ;               ;
; Perform Glitch Filtering in Timing Simulation                                              ; Auto                   ; Auto          ;
+--------------------------------------------------------------------------------------------+------------------------+---------------+


+----------------------+
; Simulation Waveforms ;
+----------------------+
Waveform report data cannot be output to ASCII.
Please use Quartus II to view the waveform report data.


+--------------------------------------------------------------------+
; Coverage Summary                                                   ;
+-----------------------------------------------------+--------------+
; Type                                                ; Value        ;
+-----------------------------------------------------+--------------+
; Total coverage as a percentage                      ;      81.78 % ;
; Total nodes checked                                 ; 271          ;
; Total output ports checked                          ; 269          ;
; Total output ports with complete 1/0-value coverage ; 220          ;
; Total output ports with no 1/0-value coverage       ; 23           ;
; Total output ports with no 1-value coverage         ; 49           ;
; Total output ports with no 0-value coverage         ; 23           ;
+-----------------------------------------------------+--------------+


The following table displays output ports that toggle between 1 and 0 during simulation.
+------------------------------------------------------------------------------------------------------------------------------------------------------------------------------------------------------------------------------------------------------------------------------------------+
; Complete 1/0-Value Coverage                                                                                                                                                                                                                                                              ;
+-----------------------------------------------------------------------------------------------------------------------------------+-----------------------------------------------------------------------------------------------------------------------------------+------------------+
; Node Name                                                                                                                         ; Output Port Name                                                                                                                  ; Output Port Type ;
+-----------------------------------------------------------------------------------------------------------------------------------+-----------------------------------------------------------------------------------------------------------------------------------+------------------+
; |BARREL_SHIFTERTEST|BARREL_SHIFTER:inst|BARREL_CELL:\SHIFT_STAGES:3:SHIFT_BY_8:CELLS:31:TOP_8_BITS:MSBS|MUX2X1_BIT:MUX2X1_B|O~0   ; |BARREL_SHIFTERTEST|BARREL_SHIFTER:inst|BARREL_CELL:\SHIFT_STAGES:3:SHIFT_BY_8:CELLS:31:TOP_8_BITS:MSBS|MUX2X1_BIT:MUX2X1_B|O~0   ; combout          ;
; |BARREL_SHIFTERTEST|BARREL_SHIFTER:inst|BARREL_CELL:\SHIFT_STAGES:4:SHIFT_BY_16:CELLS:23:TOP_16_BITS:MSBS|MUX2X1_BIT:MUX2X1_B|O~0 ; |BARREL_SHIFTERTEST|BARREL_SHIFTER:inst|BARREL_CELL:\SHIFT_STAGES:4:SHIFT_BY_16:CELLS:23:TOP_16_BITS:MSBS|MUX2X1_BIT:MUX2X1_B|O~0 ; combout          ;
; |BARREL_SHIFTERTEST|BARREL_SHIFTER:inst|BARREL_CELL:\SHIFT_STAGES:4:SHIFT_BY_16:CELLS:27:TOP_16_BITS:MSBS|MUX2X1_BIT:MUX2X1_B|O~0 ; |BARREL_SHIFTERTEST|BARREL_SHIFTER:inst|BARREL_CELL:\SHIFT_STAGES:4:SHIFT_BY_16:CELLS:27:TOP_16_BITS:MSBS|MUX2X1_BIT:MUX2X1_B|O~0 ; combout          ;
; |BARREL_SHIFTERTEST|BARREL_SHIFTER:inst|BARREL_CELL:\SHIFT_STAGES:3:SHIFT_BY_8:CELLS:27:TOP_8_BITS:MSBS|MUX2X1_BIT:MUX2X1_B|O~4   ; |BARREL_SHIFTERTEST|BARREL_SHIFTER:inst|BARREL_CELL:\SHIFT_STAGES:3:SHIFT_BY_8:CELLS:27:TOP_8_BITS:MSBS|MUX2X1_BIT:MUX2X1_B|O~4   ; combout          ;
; |BARREL_SHIFTERTEST|BARREL_SHIFTER:inst|BARREL_CELL:\SHIFT_STAGES:3:SHIFT_BY_8:CELLS:31:TOP_8_BITS:MSBS|MUX2X1_BIT:MUX2X1_B|O~1   ; |BARREL_SHIFTERTEST|BARREL_SHIFTER:inst|BARREL_CELL:\SHIFT_STAGES:3:SHIFT_BY_8:CELLS:31:TOP_8_BITS:MSBS|MUX2X1_BIT:MUX2X1_B|O~1   ; combout          ;
; |BARREL_SHIFTERTEST|BARREL_SHIFTER:inst|BARREL_CELL:\SHIFT_STAGES:4:SHIFT_BY_16:CELLS:19:TOP_16_BITS:MSBS|MUX2X1_BIT:MUX2X1_B|O~0 ; |BARREL_SHIFTERTEST|BARREL_SHIFTER:inst|BARREL_CELL:\SHIFT_STAGES:4:SHIFT_BY_16:CELLS:19:TOP_16_BITS:MSBS|MUX2X1_BIT:MUX2X1_B|O~0 ; combout          ;
; |BARREL_SHIFTERTEST|BARREL_SHIFTER:inst|BARREL_CELL:\SHIFT_STAGES:4:SHIFT_BY_16:CELLS:19:TOP_16_BITS:MSBS|MUX2X1_BIT:MUX2X1_B|O~1 ; |BARREL_SHIFTERTEST|BARREL_SHIFTER:inst|BARREL_CELL:\SHIFT_STAGES:4:SHIFT_BY_16:CELLS:19:TOP_16_BITS:MSBS|MUX2X1_BIT:MUX2X1_B|O~1 ; combout          ;
; |BARREL_SHIFTERTEST|BARREL_SHIFTER:inst|BARREL_CELL:\SHIFT_STAGES:2:SHIFT_BY_4:CELLS:31:TOP_4_BITS:MSBS|MUX2X1_BIT:MUX2X1_B|O~1   ; |BARREL_SHIFTERTEST|BARREL_SHIFTER:inst|BARREL_CELL:\SHIFT_STAGES:2:SHIFT_BY_4:CELLS:31:TOP_4_BITS:MSBS|MUX2X1_BIT:MUX2X1_B|O~1   ; combout          ;
; |BARREL_SHIFTERTEST|BARREL_SHIFTER:inst|BARREL_CELL:\SHIFT_STAGES:4:SHIFT_BY_16:CELLS:23:TOP_16_BITS:MSBS|MUX2X1_BIT:MUX2X1_B|O~1 ; |BARREL_SHIFTERTEST|BARREL_SHIFTER:inst|BARREL_CELL:\SHIFT_STAGES:4:SHIFT_BY_16:CELLS:23:TOP_16_BITS:MSBS|MUX2X1_BIT:MUX2X1_B|O~1 ; combout          ;
; |BARREL_SHIFTERTEST|BARREL_SHIFTER:inst|BARREL_CELL:\SHIFT_STAGES:3:SHIFT_BY_8:CELLS:31:TOP_8_BITS:MSBS|MUX2X1_BIT:MUX2X1_B|O~2   ; |BARREL_SHIFTERTEST|BARREL_SHIFTER:inst|BARREL_CELL:\SHIFT_STAGES:3:SHIFT_BY_8:CELLS:31:TOP_8_BITS:MSBS|MUX2X1_BIT:MUX2X1_B|O~2   ; combout          ;
; |BARREL_SHIFTERTEST|BARREL_SHIFTER:inst|BARREL_CELL:\SHIFT_STAGES:3:SHIFT_BY_8:CELLS:31:TOP_8_BITS:MSBS|MUX2X1_BIT:MUX2X1_B|O~3   ; |BARREL_SHIFTERTEST|BARREL_SHIFTER:inst|BARREL_CELL:\SHIFT_STAGES:3:SHIFT_BY_8:CELLS:31:TOP_8_BITS:MSBS|MUX2X1_BIT:MUX2X1_B|O~3   ; combout          ;
; |BARREL_SHIFTERTEST|BARREL_SHIFTER:inst|BARREL_CELL:\SHIFT_STAGES:3:SHIFT_BY_8:CELLS:31:TOP_8_BITS:MSBS|MUX2X1_BIT:MUX2X1_B|O~4   ; |BARREL_SHIFTERTEST|BARREL_SHIFTER:inst|BARREL_CELL:\SHIFT_STAGES:3:SHIFT_BY_8:CELLS:31:TOP_8_BITS:MSBS|MUX2X1_BIT:MUX2X1_B|O~4   ; combout          ;
; |BARREL_SHIFTERTEST|BARREL_SHIFTER:inst|BARREL_CELL:\SHIFT_STAGES:3:SHIFT_BY_8:CELLS:31:TOP_8_BITS:MSBS|MUX2X1_BIT:MUX2X1_B|O~5   ; |BARREL_SHIFTERTEST|BARREL_SHIFTER:inst|BARREL_CELL:\SHIFT_STAGES:3:SHIFT_BY_8:CELLS:31:TOP_8_BITS:MSBS|MUX2X1_BIT:MUX2X1_B|O~5   ; combout          ;
; |BARREL_SHIFTERTEST|BARREL_SHIFTER:inst|BARREL_CELL:\SHIFT_STAGES:2:SHIFT_BY_4:CELLS:31:TOP_4_BITS:MSBS|MUX2X1_BIT:MUX2X1_B|O~2   ; |BARREL_SHIFTERTEST|BARREL_SHIFTER:inst|BARREL_CELL:\SHIFT_STAGES:2:SHIFT_BY_4:CELLS:31:TOP_4_BITS:MSBS|MUX2X1_BIT:MUX2X1_B|O~2   ; combout          ;
; |BARREL_SHIFTERTEST|BARREL_SHIFTER:inst|BARREL_CELL:\SHIFT_STAGES:4:SHIFT_BY_16:CELLS:26:TOP_16_BITS:MSBS|MUX2X1_BIT:MUX2X1_B|O~0 ; |BARREL_SHIFTERTEST|BARREL_SHIFTER:inst|BARREL_CELL:\SHIFT_STAGES:4:SHIFT_BY_16:CELLS:26:TOP_16_BITS:MSBS|MUX2X1_BIT:MUX2X1_B|O~0 ; combout          ;
; |BARREL_SHIFTERTEST|BARREL_SHIFTER:inst|BARREL_CELL:\SHIFT_STAGES:3:SHIFT_BY_8:CELLS:26:TOP_8_BITS:MSBS|MUX2X1_BIT:MUX2X1_B|O~4   ; |BARREL_SHIFTERTEST|BARREL_SHIFTER:inst|BARREL_CELL:\SHIFT_STAGES:3:SHIFT_BY_8:CELLS:26:TOP_8_BITS:MSBS|MUX2X1_BIT:MUX2X1_B|O~4   ; combout          ;
; |BARREL_SHIFTERTEST|BARREL_SHIFTER:inst|BARREL_CELL:\SHIFT_STAGES:4:SHIFT_BY_16:CELLS:18:TOP_16_BITS:MSBS|MUX2X1_BIT:MUX2X1_B|O~0 ; |BARREL_SHIFTERTEST|BARREL_SHIFTER:inst|BARREL_CELL:\SHIFT_STAGES:4:SHIFT_BY_16:CELLS:18:TOP_16_BITS:MSBS|MUX2X1_BIT:MUX2X1_B|O~0 ; combout          ;
; |BARREL_SHIFTERTEST|BARREL_SHIFTER:inst|BARREL_CELL:\SHIFT_STAGES:4:SHIFT_BY_16:CELLS:18:TOP_16_BITS:MSBS|MUX2X1_BIT:MUX2X1_B|O~1 ; |BARREL_SHIFTERTEST|BARREL_SHIFTER:inst|BARREL_CELL:\SHIFT_STAGES:4:SHIFT_BY_16:CELLS:18:TOP_16_BITS:MSBS|MUX2X1_BIT:MUX2X1_B|O~1 ; combout          ;
; |BARREL_SHIFTERTEST|BARREL_SHIFTER:inst|BARREL_CELL:\SHIFT_STAGES:4:SHIFT_BY_16:CELLS:30:TOP_16_BITS:MSBS|MUX2X1_BIT:MUX2X1_B|O~0 ; |BARREL_SHIFTERTEST|BARREL_SHIFTER:inst|BARREL_CELL:\SHIFT_STAGES:4:SHIFT_BY_16:CELLS:30:TOP_16_BITS:MSBS|MUX2X1_BIT:MUX2X1_B|O~0 ; combout          ;
; |BARREL_SHIFTERTEST|BARREL_SHIFTER:inst|BARREL_CELL:\SHIFT_STAGES:3:SHIFT_BY_8:CELLS:30:TOP_8_BITS:MSBS|MUX2X1_BIT:MUX2X1_B|O~4   ; |BARREL_SHIFTERTEST|BARREL_SHIFTER:inst|BARREL_CELL:\SHIFT_STAGES:3:SHIFT_BY_8:CELLS:30:TOP_8_BITS:MSBS|MUX2X1_BIT:MUX2X1_B|O~4   ; combout          ;
; |BARREL_SHIFTERTEST|BARREL_SHIFTER:inst|BARREL_CELL:\SHIFT_STAGES:4:SHIFT_BY_16:CELLS:22:TOP_16_BITS:MSBS|MUX2X1_BIT:MUX2X1_B|O~0 ; |BARREL_SHIFTERTEST|BARREL_SHIFTER:inst|BARREL_CELL:\SHIFT_STAGES:4:SHIFT_BY_16:CELLS:22:TOP_16_BITS:MSBS|MUX2X1_BIT:MUX2X1_B|O~0 ; combout          ;
; |BARREL_SHIFTERTEST|BARREL_SHIFTER:inst|BARREL_CELL:\SHIFT_STAGES:4:SHIFT_BY_16:CELLS:22:TOP_16_BITS:MSBS|MUX2X1_BIT:MUX2X1_B|O~1 ; |BARREL_SHIFTERTEST|BARREL_SHIFTER:inst|BARREL_CELL:\SHIFT_STAGES:4:SHIFT_BY_16:CELLS:22:TOP_16_BITS:MSBS|MUX2X1_BIT:MUX2X1_B|O~1 ; combout          ;
; |BARREL_SHIFTERTEST|BARREL_SHIFTER:inst|BARREL_CELL:\SHIFT_STAGES:2:SHIFT_BY_4:CELLS:30:TOP_4_BITS:MSBS|MUX2X1_BIT:MUX2X1_B|O~1   ; |BARREL_SHIFTERTEST|BARREL_SHIFTER:inst|BARREL_CELL:\SHIFT_STAGES:2:SHIFT_BY_4:CELLS:30:TOP_4_BITS:MSBS|MUX2X1_BIT:MUX2X1_B|O~1   ; combout          ;
; |BARREL_SHIFTERTEST|BARREL_SHIFTER:inst|BARREL_CELL:\SHIFT_STAGES:4:SHIFT_BY_16:CELLS:25:TOP_16_BITS:MSBS|MUX2X1_BIT:MUX2X1_B|O~0 ; |BARREL_SHIFTERTEST|BARREL_SHIFTER:inst|BARREL_CELL:\SHIFT_STAGES:4:SHIFT_BY_16:CELLS:25:TOP_16_BITS:MSBS|MUX2X1_BIT:MUX2X1_B|O~0 ; combout          ;
; |BARREL_SHIFTERTEST|BARREL_SHIFTER:inst|BARREL_CELL:\SHIFT_STAGES:3:SHIFT_BY_8:CELLS:25:TOP_8_BITS:MSBS|MUX2X1_BIT:MUX2X1_B|O~4   ; |BARREL_SHIFTERTEST|BARREL_SHIFTER:inst|BARREL_CELL:\SHIFT_STAGES:3:SHIFT_BY_8:CELLS:25:TOP_8_BITS:MSBS|MUX2X1_BIT:MUX2X1_B|O~4   ; combout          ;
; |BARREL_SHIFTERTEST|BARREL_SHIFTER:inst|BARREL_CELL:\SHIFT_STAGES:4:SHIFT_BY_16:CELLS:17:TOP_16_BITS:MSBS|MUX2X1_BIT:MUX2X1_B|O~0 ; |BARREL_SHIFTERTEST|BARREL_SHIFTER:inst|BARREL_CELL:\SHIFT_STAGES:4:SHIFT_BY_16:CELLS:17:TOP_16_BITS:MSBS|MUX2X1_BIT:MUX2X1_B|O~0 ; combout          ;
; |BARREL_SHIFTERTEST|BARREL_SHIFTER:inst|BARREL_CELL:\SHIFT_STAGES:4:SHIFT_BY_16:CELLS:17:TOP_16_BITS:MSBS|MUX2X1_BIT:MUX2X1_B|O~1 ; |BARREL_SHIFTERTEST|BARREL_SHIFTER:inst|BARREL_CELL:\SHIFT_STAGES:4:SHIFT_BY_16:CELLS:17:TOP_16_BITS:MSBS|MUX2X1_BIT:MUX2X1_B|O~1 ; combout          ;
; |BARREL_SHIFTERTEST|BARREL_SHIFTER:inst|BARREL_CELL:\SHIFT_STAGES:4:SHIFT_BY_16:CELLS:29:TOP_16_BITS:MSBS|MUX2X1_BIT:MUX2X1_B|O~0 ; |BARREL_SHIFTERTEST|BARREL_SHIFTER:inst|BARREL_CELL:\SHIFT_STAGES:4:SHIFT_BY_16:CELLS:29:TOP_16_BITS:MSBS|MUX2X1_BIT:MUX2X1_B|O~0 ; combout          ;
; |BARREL_SHIFTERTEST|BARREL_SHIFTER:inst|BARREL_CELL:\SHIFT_STAGES:3:SHIFT_BY_8:CELLS:29:TOP_8_BITS:MSBS|MUX2X1_BIT:MUX2X1_B|O~4   ; |BARREL_SHIFTERTEST|BARREL_SHIFTER:inst|BARREL_CELL:\SHIFT_STAGES:3:SHIFT_BY_8:CELLS:29:TOP_8_BITS:MSBS|MUX2X1_BIT:MUX2X1_B|O~4   ; combout          ;
; |BARREL_SHIFTERTEST|BARREL_SHIFTER:inst|BARREL_CELL:\SHIFT_STAGES:4:SHIFT_BY_16:CELLS:21:TOP_16_BITS:MSBS|MUX2X1_BIT:MUX2X1_B|O~0 ; |BARREL_SHIFTERTEST|BARREL_SHIFTER:inst|BARREL_CELL:\SHIFT_STAGES:4:SHIFT_BY_16:CELLS:21:TOP_16_BITS:MSBS|MUX2X1_BIT:MUX2X1_B|O~0 ; combout          ;
; |BARREL_SHIFTERTEST|BARREL_SHIFTER:inst|BARREL_CELL:\SHIFT_STAGES:4:SHIFT_BY_16:CELLS:21:TOP_16_BITS:MSBS|MUX2X1_BIT:MUX2X1_B|O~1 ; |BARREL_SHIFTERTEST|BARREL_SHIFTER:inst|BARREL_CELL:\SHIFT_STAGES:4:SHIFT_BY_16:CELLS:21:TOP_16_BITS:MSBS|MUX2X1_BIT:MUX2X1_B|O~1 ; combout          ;
; |BARREL_SHIFTERTEST|BARREL_SHIFTER:inst|BARREL_CELL:\SHIFT_STAGES:2:SHIFT_BY_4:CELLS:29:TOP_4_BITS:MSBS|MUX2X1_BIT:MUX2X1_B|O~1   ; |BARREL_SHIFTERTEST|BARREL_SHIFTER:inst|BARREL_CELL:\SHIFT_STAGES:2:SHIFT_BY_4:CELLS:29:TOP_4_BITS:MSBS|MUX2X1_BIT:MUX2X1_B|O~1   ; combout          ;
; |BARREL_SHIFTERTEST|BARREL_SHIFTER:inst|BARREL_CELL:\SHIFT_STAGES:4:SHIFT_BY_16:CELLS:24:TOP_16_BITS:MSBS|MUX2X1_BIT:MUX2X1_B|O~0 ; |BARREL_SHIFTERTEST|BARREL_SHIFTER:inst|BARREL_CELL:\SHIFT_STAGES:4:SHIFT_BY_16:CELLS:24:TOP_16_BITS:MSBS|MUX2X1_BIT:MUX2X1_B|O~0 ; combout          ;
; |BARREL_SHIFTERTEST|BARREL_SHIFTER:inst|BARREL_CELL:\SHIFT_STAGES:3:SHIFT_BY_8:CELLS:24:TOP_8_BITS:MSBS|MUX2X1_BIT:MUX2X1_B|O~4   ; |BARREL_SHIFTERTEST|BARREL_SHIFTER:inst|BARREL_CELL:\SHIFT_STAGES:3:SHIFT_BY_8:CELLS:24:TOP_8_BITS:MSBS|MUX2X1_BIT:MUX2X1_B|O~4   ; combout          ;
; |BARREL_SHIFTERTEST|BARREL_SHIFTER:inst|BARREL_CELL:\SHIFT_STAGES:4:SHIFT_BY_16:CELLS:16:TOP_16_BITS:MSBS|MUX2X1_BIT:MUX2X1_B|O~0 ; |BARREL_SHIFTERTEST|BARREL_SHIFTER:inst|BARREL_CELL:\SHIFT_STAGES:4:SHIFT_BY_16:CELLS:16:TOP_16_BITS:MSBS|MUX2X1_BIT:MUX2X1_B|O~0 ; combout          ;
; |BARREL_SHIFTERTEST|BARREL_SHIFTER:inst|BARREL_CELL:\SHIFT_STAGES:4:SHIFT_BY_16:CELLS:16:TOP_16_BITS:MSBS|MUX2X1_BIT:MUX2X1_B|O~1 ; |BARREL_SHIFTERTEST|BARREL_SHIFTER:inst|BARREL_CELL:\SHIFT_STAGES:4:SHIFT_BY_16:CELLS:16:TOP_16_BITS:MSBS|MUX2X1_BIT:MUX2X1_B|O~1 ; combout          ;
; |BARREL_SHIFTERTEST|BARREL_SHIFTER:inst|BARREL_CELL:\SHIFT_STAGES:4:SHIFT_BY_16:CELLS:28:TOP_16_BITS:MSBS|MUX2X1_BIT:MUX2X1_B|O~0 ; |BARREL_SHIFTERTEST|BARREL_SHIFTER:inst|BARREL_CELL:\SHIFT_STAGES:4:SHIFT_BY_16:CELLS:28:TOP_16_BITS:MSBS|MUX2X1_BIT:MUX2X1_B|O~0 ; combout          ;
; |BARREL_SHIFTERTEST|BARREL_SHIFTER:inst|BARREL_CELL:\SHIFT_STAGES:3:SHIFT_BY_8:CELLS:28:TOP_8_BITS:MSBS|MUX2X1_BIT:MUX2X1_B|O~4   ; |BARREL_SHIFTERTEST|BARREL_SHIFTER:inst|BARREL_CELL:\SHIFT_STAGES:3:SHIFT_BY_8:CELLS:28:TOP_8_BITS:MSBS|MUX2X1_BIT:MUX2X1_B|O~4   ; combout          ;
; |BARREL_SHIFTERTEST|BARREL_SHIFTER:inst|BARREL_CELL:\SHIFT_STAGES:4:SHIFT_BY_16:CELLS:20:TOP_16_BITS:MSBS|MUX2X1_BIT:MUX2X1_B|O~0 ; |BARREL_SHIFTERTEST|BARREL_SHIFTER:inst|BARREL_CELL:\SHIFT_STAGES:4:SHIFT_BY_16:CELLS:20:TOP_16_BITS:MSBS|MUX2X1_BIT:MUX2X1_B|O~0 ; combout          ;
; |BARREL_SHIFTERTEST|BARREL_SHIFTER:inst|BARREL_CELL:\SHIFT_STAGES:4:SHIFT_BY_16:CELLS:20:TOP_16_BITS:MSBS|MUX2X1_BIT:MUX2X1_B|O~1 ; |BARREL_SHIFTERTEST|BARREL_SHIFTER:inst|BARREL_CELL:\SHIFT_STAGES:4:SHIFT_BY_16:CELLS:20:TOP_16_BITS:MSBS|MUX2X1_BIT:MUX2X1_B|O~1 ; combout          ;
; |BARREL_SHIFTERTEST|BARREL_SHIFTER:inst|BARREL_CELL:\SHIFT_STAGES:2:SHIFT_BY_4:CELLS:28:TOP_4_BITS:MSBS|MUX2X1_BIT:MUX2X1_B|O~1   ; |BARREL_SHIFTERTEST|BARREL_SHIFTER:inst|BARREL_CELL:\SHIFT_STAGES:2:SHIFT_BY_4:CELLS:28:TOP_4_BITS:MSBS|MUX2X1_BIT:MUX2X1_B|O~1   ; combout          ;
; |BARREL_SHIFTERTEST|BARREL_SHIFTER:inst|BARREL_CELL:\SHIFT_STAGES:3:SHIFT_BY_8:CELLS:23:MID_16_BITS:MIDS|MUX2X1_BIT:MUX2X1_B|O~0  ; |BARREL_SHIFTERTEST|BARREL_SHIFTER:inst|BARREL_CELL:\SHIFT_STAGES:3:SHIFT_BY_8:CELLS:23:MID_16_BITS:MIDS|MUX2X1_BIT:MUX2X1_B|O~0  ; combout          ;
; |BARREL_SHIFTERTEST|BARREL_SHIFTER:inst|BARREL_CELL:\SHIFT_STAGES:3:SHIFT_BY_8:CELLS:23:MID_16_BITS:MIDS|MUX2X1_BIT:MUX2X1_B|O~1  ; |BARREL_SHIFTERTEST|BARREL_SHIFTER:inst|BARREL_CELL:\SHIFT_STAGES:3:SHIFT_BY_8:CELLS:23:MID_16_BITS:MIDS|MUX2X1_BIT:MUX2X1_B|O~1  ; combout          ;
; |BARREL_SHIFTERTEST|BARREL_SHIFTER:inst|BARREL_CELL:\SHIFT_STAGES:3:SHIFT_BY_8:CELLS:23:MID_16_BITS:MIDS|MUX2X1_BIT:MUX2X1_B|O~2  ; |BARREL_SHIFTERTEST|BARREL_SHIFTER:inst|BARREL_CELL:\SHIFT_STAGES:3:SHIFT_BY_8:CELLS:23:MID_16_BITS:MIDS|MUX2X1_BIT:MUX2X1_B|O~2  ; combout          ;
; |BARREL_SHIFTERTEST|BARREL_SHIFTER:inst|BARREL_CELL:\SHIFT_STAGES:2:SHIFT_BY_4:CELLS:27:MID_24_BITS:MIDS|MUX2X1_BIT:MUX2X1_B|O~0  ; |BARREL_SHIFTERTEST|BARREL_SHIFTER:inst|BARREL_CELL:\SHIFT_STAGES:2:SHIFT_BY_4:CELLS:27:MID_24_BITS:MIDS|MUX2X1_BIT:MUX2X1_B|O~0  ; combout          ;
; |BARREL_SHIFTERTEST|BARREL_SHIFTER:inst|BARREL_CELL:\SHIFT_STAGES:2:SHIFT_BY_4:CELLS:27:MID_24_BITS:MIDS|MUX2X1_BIT:MUX2X1_B|O~1  ; |BARREL_SHIFTERTEST|BARREL_SHIFTER:inst|BARREL_CELL:\SHIFT_STAGES:2:SHIFT_BY_4:CELLS:27:MID_24_BITS:MIDS|MUX2X1_BIT:MUX2X1_B|O~1  ; combout          ;
; |BARREL_SHIFTERTEST|BARREL_SHIFTER:inst|BARREL_CELL:\SHIFT_STAGES:2:SHIFT_BY_4:CELLS:26:MID_24_BITS:MIDS|MUX2X1_BIT:MUX2X1_B|O~0  ; |BARREL_SHIFTERTEST|BARREL_SHIFTER:inst|BARREL_CELL:\SHIFT_STAGES:2:SHIFT_BY_4:CELLS:26:MID_24_BITS:MIDS|MUX2X1_BIT:MUX2X1_B|O~0  ; combout          ;
; |BARREL_SHIFTERTEST|BARREL_SHIFTER:inst|BARREL_CELL:\SHIFT_STAGES:3:SHIFT_BY_8:CELLS:22:MID_16_BITS:MIDS|MUX2X1_BIT:MUX2X1_B|O~0  ; |BARREL_SHIFTERTEST|BARREL_SHIFTER:inst|BARREL_CELL:\SHIFT_STAGES:3:SHIFT_BY_8:CELLS:22:MID_16_BITS:MIDS|MUX2X1_BIT:MUX2X1_B|O~0  ; combout          ;
; |BARREL_SHIFTERTEST|BARREL_SHIFTER:inst|BARREL_CELL:\SHIFT_STAGES:3:SHIFT_BY_8:CELLS:22:MID_16_BITS:MIDS|MUX2X1_BIT:MUX2X1_B|O~1  ; |BARREL_SHIFTERTEST|BARREL_SHIFTER:inst|BARREL_CELL:\SHIFT_STAGES:3:SHIFT_BY_8:CELLS:22:MID_16_BITS:MIDS|MUX2X1_BIT:MUX2X1_B|O~1  ; combout          ;
; |BARREL_SHIFTERTEST|BARREL_SHIFTER:inst|BARREL_CELL:\SHIFT_STAGES:3:SHIFT_BY_8:CELLS:22:MID_16_BITS:MIDS|MUX2X1_BIT:MUX2X1_B|O~2  ; |BARREL_SHIFTERTEST|BARREL_SHIFTER:inst|BARREL_CELL:\SHIFT_STAGES:3:SHIFT_BY_8:CELLS:22:MID_16_BITS:MIDS|MUX2X1_BIT:MUX2X1_B|O~2  ; combout          ;
; |BARREL_SHIFTERTEST|BARREL_SHIFTER:inst|BARREL_CELL:\SHIFT_STAGES:2:SHIFT_BY_4:CELLS:26:MID_24_BITS:MIDS|MUX2X1_BIT:MUX2X1_B|O~1  ; |BARREL_SHIFTERTEST|BARREL_SHIFTER:inst|BARREL_CELL:\SHIFT_STAGES:2:SHIFT_BY_4:CELLS:26:MID_24_BITS:MIDS|MUX2X1_BIT:MUX2X1_B|O~1  ; combout          ;
; |BARREL_SHIFTERTEST|BARREL_SHIFTER:inst|BARREL_CELL:\SHIFT_STAGES:2:SHIFT_BY_4:CELLS:25:MID_24_BITS:MIDS|MUX2X1_BIT:MUX2X1_B|O~0  ; |BARREL_SHIFTERTEST|BARREL_SHIFTER:inst|BARREL_CELL:\SHIFT_STAGES:2:SHIFT_BY_4:CELLS:25:MID_24_BITS:MIDS|MUX2X1_BIT:MUX2X1_B|O~0  ; combout          ;
; |BARREL_SHIFTERTEST|BARREL_SHIFTER:inst|BARREL_CELL:\SHIFT_STAGES:3:SHIFT_BY_8:CELLS:21:MID_16_BITS:MIDS|MUX2X1_BIT:MUX2X1_B|O~0  ; |BARREL_SHIFTERTEST|BARREL_SHIFTER:inst|BARREL_CELL:\SHIFT_STAGES:3:SHIFT_BY_8:CELLS:21:MID_16_BITS:MIDS|MUX2X1_BIT:MUX2X1_B|O~0  ; combout          ;
; |BARREL_SHIFTERTEST|BARREL_SHIFTER:inst|BARREL_CELL:\SHIFT_STAGES:3:SHIFT_BY_8:CELLS:21:MID_16_BITS:MIDS|MUX2X1_BIT:MUX2X1_B|O~1  ; |BARREL_SHIFTERTEST|BARREL_SHIFTER:inst|BARREL_CELL:\SHIFT_STAGES:3:SHIFT_BY_8:CELLS:21:MID_16_BITS:MIDS|MUX2X1_BIT:MUX2X1_B|O~1  ; combout          ;
; |BARREL_SHIFTERTEST|BARREL_SHIFTER:inst|BARREL_CELL:\SHIFT_STAGES:4:SHIFT_BY_16:CELLS:13:BOT_16_BITS:LSBS|MUX2X1_BIT:MUX2X1_B|O~0 ; |BARREL_SHIFTERTEST|BARREL_SHIFTER:inst|BARREL_CELL:\SHIFT_STAGES:4:SHIFT_BY_16:CELLS:13:BOT_16_BITS:LSBS|MUX2X1_BIT:MUX2X1_B|O~0 ; combout          ;
; |BARREL_SHIFTERTEST|BARREL_SHIFTER:inst|BARREL_CELL:\SHIFT_STAGES:4:SHIFT_BY_16:CELLS:13:BOT_16_BITS:LSBS|MUX2X1_BIT:MUX2X1_B|O~1 ; |BARREL_SHIFTERTEST|BARREL_SHIFTER:inst|BARREL_CELL:\SHIFT_STAGES:4:SHIFT_BY_16:CELLS:13:BOT_16_BITS:LSBS|MUX2X1_BIT:MUX2X1_B|O~1 ; combout          ;
; |BARREL_SHIFTERTEST|BARREL_SHIFTER:inst|BARREL_CELL:\SHIFT_STAGES:3:SHIFT_BY_8:CELLS:21:MID_16_BITS:MIDS|MUX2X1_BIT:MUX2X1_B|O~2  ; |BARREL_SHIFTERTEST|BARREL_SHIFTER:inst|BARREL_CELL:\SHIFT_STAGES:3:SHIFT_BY_8:CELLS:21:MID_16_BITS:MIDS|MUX2X1_BIT:MUX2X1_B|O~2  ; combout          ;
; |BARREL_SHIFTERTEST|BARREL_SHIFTER:inst|BARREL_CELL:\SHIFT_STAGES:2:SHIFT_BY_4:CELLS:25:MID_24_BITS:MIDS|MUX2X1_BIT:MUX2X1_B|O~1  ; |BARREL_SHIFTERTEST|BARREL_SHIFTER:inst|BARREL_CELL:\SHIFT_STAGES:2:SHIFT_BY_4:CELLS:25:MID_24_BITS:MIDS|MUX2X1_BIT:MUX2X1_B|O~1  ; combout          ;
; |BARREL_SHIFTERTEST|BARREL_SHIFTER:inst|BARREL_CELL:\SHIFT_STAGES:2:SHIFT_BY_4:CELLS:24:MID_24_BITS:MIDS|MUX2X1_BIT:MUX2X1_B|O~0  ; |BARREL_SHIFTERTEST|BARREL_SHIFTER:inst|BARREL_CELL:\SHIFT_STAGES:2:SHIFT_BY_4:CELLS:24:MID_24_BITS:MIDS|MUX2X1_BIT:MUX2X1_B|O~0  ; combout          ;
; |BARREL_SHIFTERTEST|BARREL_SHIFTER:inst|BARREL_CELL:\SHIFT_STAGES:3:SHIFT_BY_8:CELLS:20:MID_16_BITS:MIDS|MUX2X1_BIT:MUX2X1_B|O~0  ; |BARREL_SHIFTERTEST|BARREL_SHIFTER:inst|BARREL_CELL:\SHIFT_STAGES:3:SHIFT_BY_8:CELLS:20:MID_16_BITS:MIDS|MUX2X1_BIT:MUX2X1_B|O~0  ; combout          ;
; |BARREL_SHIFTERTEST|BARREL_SHIFTER:inst|BARREL_CELL:\SHIFT_STAGES:3:SHIFT_BY_8:CELLS:20:MID_16_BITS:MIDS|MUX2X1_BIT:MUX2X1_B|O~1  ; |BARREL_SHIFTERTEST|BARREL_SHIFTER:inst|BARREL_CELL:\SHIFT_STAGES:3:SHIFT_BY_8:CELLS:20:MID_16_BITS:MIDS|MUX2X1_BIT:MUX2X1_B|O~1  ; combout          ;
; |BARREL_SHIFTERTEST|BARREL_SHIFTER:inst|BARREL_CELL:\SHIFT_STAGES:3:SHIFT_BY_8:CELLS:20:MID_16_BITS:MIDS|MUX2X1_BIT:MUX2X1_B|O~2  ; |BARREL_SHIFTERTEST|BARREL_SHIFTER:inst|BARREL_CELL:\SHIFT_STAGES:3:SHIFT_BY_8:CELLS:20:MID_16_BITS:MIDS|MUX2X1_BIT:MUX2X1_B|O~2  ; combout          ;
; |BARREL_SHIFTERTEST|BARREL_SHIFTER:inst|BARREL_CELL:\SHIFT_STAGES:2:SHIFT_BY_4:CELLS:24:MID_24_BITS:MIDS|MUX2X1_BIT:MUX2X1_B|O~1  ; |BARREL_SHIFTERTEST|BARREL_SHIFTER:inst|BARREL_CELL:\SHIFT_STAGES:2:SHIFT_BY_4:CELLS:24:MID_24_BITS:MIDS|MUX2X1_BIT:MUX2X1_B|O~1  ; combout          ;
; |BARREL_SHIFTERTEST|BARREL_SHIFTER:inst|BARREL_CELL:\SHIFT_STAGES:2:SHIFT_BY_4:CELLS:23:MID_24_BITS:MIDS|MUX2X1_BIT:MUX2X1_B|O~0  ; |BARREL_SHIFTERTEST|BARREL_SHIFTER:inst|BARREL_CELL:\SHIFT_STAGES:2:SHIFT_BY_4:CELLS:23:MID_24_BITS:MIDS|MUX2X1_BIT:MUX2X1_B|O~0  ; combout          ;
; |BARREL_SHIFTERTEST|BARREL_SHIFTER:inst|BARREL_CELL:\SHIFT_STAGES:3:SHIFT_BY_8:CELLS:19:MID_16_BITS:MIDS|MUX2X1_BIT:MUX2X1_B|O~0  ; |BARREL_SHIFTERTEST|BARREL_SHIFTER:inst|BARREL_CELL:\SHIFT_STAGES:3:SHIFT_BY_8:CELLS:19:MID_16_BITS:MIDS|MUX2X1_BIT:MUX2X1_B|O~0  ; combout          ;
; |BARREL_SHIFTERTEST|BARREL_SHIFTER:inst|BARREL_CELL:\SHIFT_STAGES:3:SHIFT_BY_8:CELLS:19:MID_16_BITS:MIDS|MUX2X1_BIT:MUX2X1_B|O~1  ; |BARREL_SHIFTERTEST|BARREL_SHIFTER:inst|BARREL_CELL:\SHIFT_STAGES:3:SHIFT_BY_8:CELLS:19:MID_16_BITS:MIDS|MUX2X1_BIT:MUX2X1_B|O~1  ; combout          ;
; |BARREL_SHIFTERTEST|BARREL_SHIFTER:inst|BARREL_CELL:\SHIFT_STAGES:3:SHIFT_BY_8:CELLS:19:MID_16_BITS:MIDS|MUX2X1_BIT:MUX2X1_B|O~2  ; |BARREL_SHIFTERTEST|BARREL_SHIFTER:inst|BARREL_CELL:\SHIFT_STAGES:3:SHIFT_BY_8:CELLS:19:MID_16_BITS:MIDS|MUX2X1_BIT:MUX2X1_B|O~2  ; combout          ;
; |BARREL_SHIFTERTEST|BARREL_SHIFTER:inst|BARREL_CELL:\SHIFT_STAGES:2:SHIFT_BY_4:CELLS:23:MID_24_BITS:MIDS|MUX2X1_BIT:MUX2X1_B|O~1  ; |BARREL_SHIFTERTEST|BARREL_SHIFTER:inst|BARREL_CELL:\SHIFT_STAGES:2:SHIFT_BY_4:CELLS:23:MID_24_BITS:MIDS|MUX2X1_BIT:MUX2X1_B|O~1  ; combout          ;
; |BARREL_SHIFTERTEST|BARREL_SHIFTER:inst|BARREL_CELL:\SHIFT_STAGES:3:SHIFT_BY_8:CELLS:18:MID_16_BITS:MIDS|MUX2X1_BIT:MUX2X1_B|O~0  ; |BARREL_SHIFTERTEST|BARREL_SHIFTER:inst|BARREL_CELL:\SHIFT_STAGES:3:SHIFT_BY_8:CELLS:18:MID_16_BITS:MIDS|MUX2X1_BIT:MUX2X1_B|O~0  ; combout          ;
; |BARREL_SHIFTERTEST|BARREL_SHIFTER:inst|BARREL_CELL:\SHIFT_STAGES:3:SHIFT_BY_8:CELLS:18:MID_16_BITS:MIDS|MUX2X1_BIT:MUX2X1_B|O~1  ; |BARREL_SHIFTERTEST|BARREL_SHIFTER:inst|BARREL_CELL:\SHIFT_STAGES:3:SHIFT_BY_8:CELLS:18:MID_16_BITS:MIDS|MUX2X1_BIT:MUX2X1_B|O~1  ; combout          ;
; |BARREL_SHIFTERTEST|BARREL_SHIFTER:inst|BARREL_CELL:\SHIFT_STAGES:4:SHIFT_BY_16:CELLS:10:BOT_16_BITS:LSBS|MUX2X1_BIT:MUX2X1_B|O~0 ; |BARREL_SHIFTERTEST|BARREL_SHIFTER:inst|BARREL_CELL:\SHIFT_STAGES:4:SHIFT_BY_16:CELLS:10:BOT_16_BITS:LSBS|MUX2X1_BIT:MUX2X1_B|O~0 ; combout          ;
; |BARREL_SHIFTERTEST|BARREL_SHIFTER:inst|BARREL_CELL:\SHIFT_STAGES:4:SHIFT_BY_16:CELLS:10:BOT_16_BITS:LSBS|MUX2X1_BIT:MUX2X1_B|O~1 ; |BARREL_SHIFTERTEST|BARREL_SHIFTER:inst|BARREL_CELL:\SHIFT_STAGES:4:SHIFT_BY_16:CELLS:10:BOT_16_BITS:LSBS|MUX2X1_BIT:MUX2X1_B|O~1 ; combout          ;
; |BARREL_SHIFTERTEST|BARREL_SHIFTER:inst|BARREL_CELL:\SHIFT_STAGES:3:SHIFT_BY_8:CELLS:18:MID_16_BITS:MIDS|MUX2X1_BIT:MUX2X1_B|O~2  ; |BARREL_SHIFTERTEST|BARREL_SHIFTER:inst|BARREL_CELL:\SHIFT_STAGES:3:SHIFT_BY_8:CELLS:18:MID_16_BITS:MIDS|MUX2X1_BIT:MUX2X1_B|O~2  ; combout          ;
; |BARREL_SHIFTERTEST|BARREL_SHIFTER:inst|BARREL_CELL:\SHIFT_STAGES:2:SHIFT_BY_4:CELLS:22:MID_24_BITS:MIDS|MUX2X1_BIT:MUX2X1_B|O~0  ; |BARREL_SHIFTERTEST|BARREL_SHIFTER:inst|BARREL_CELL:\SHIFT_STAGES:2:SHIFT_BY_4:CELLS:22:MID_24_BITS:MIDS|MUX2X1_BIT:MUX2X1_B|O~0  ; combout          ;
; |BARREL_SHIFTERTEST|BARREL_SHIFTER:inst|BARREL_CELL:\SHIFT_STAGES:2:SHIFT_BY_4:CELLS:22:MID_24_BITS:MIDS|MUX2X1_BIT:MUX2X1_B|O~1  ; |BARREL_SHIFTERTEST|BARREL_SHIFTER:inst|BARREL_CELL:\SHIFT_STAGES:2:SHIFT_BY_4:CELLS:22:MID_24_BITS:MIDS|MUX2X1_BIT:MUX2X1_B|O~1  ; combout          ;
; |BARREL_SHIFTERTEST|BARREL_SHIFTER:inst|BARREL_CELL:\SHIFT_STAGES:3:SHIFT_BY_8:CELLS:17:MID_16_BITS:MIDS|MUX2X1_BIT:MUX2X1_B|O~0  ; |BARREL_SHIFTERTEST|BARREL_SHIFTER:inst|BARREL_CELL:\SHIFT_STAGES:3:SHIFT_BY_8:CELLS:17:MID_16_BITS:MIDS|MUX2X1_BIT:MUX2X1_B|O~0  ; combout          ;
; |BARREL_SHIFTERTEST|BARREL_SHIFTER:inst|BARREL_CELL:\SHIFT_STAGES:3:SHIFT_BY_8:CELLS:17:MID_16_BITS:MIDS|MUX2X1_BIT:MUX2X1_B|O~1  ; |BARREL_SHIFTERTEST|BARREL_SHIFTER:inst|BARREL_CELL:\SHIFT_STAGES:3:SHIFT_BY_8:CELLS:17:MID_16_BITS:MIDS|MUX2X1_BIT:MUX2X1_B|O~1  ; combout          ;
; |BARREL_SHIFTERTEST|BARREL_SHIFTER:inst|BARREL_CELL:\SHIFT_STAGES:3:SHIFT_BY_8:CELLS:17:MID_16_BITS:MIDS|MUX2X1_BIT:MUX2X1_B|O~2  ; |BARREL_SHIFTERTEST|BARREL_SHIFTER:inst|BARREL_CELL:\SHIFT_STAGES:3:SHIFT_BY_8:CELLS:17:MID_16_BITS:MIDS|MUX2X1_BIT:MUX2X1_B|O~2  ; combout          ;
; |BARREL_SHIFTERTEST|BARREL_SHIFTER:inst|BARREL_CELL:\SHIFT_STAGES:2:SHIFT_BY_4:CELLS:21:MID_24_BITS:MIDS|MUX2X1_BIT:MUX2X1_B|O~0  ; |BARREL_SHIFTERTEST|BARREL_SHIFTER:inst|BARREL_CELL:\SHIFT_STAGES:2:SHIFT_BY_4:CELLS:21:MID_24_BITS:MIDS|MUX2X1_BIT:MUX2X1_B|O~0  ; combout          ;
; |BARREL_SHIFTERTEST|BARREL_SHIFTER:inst|BARREL_CELL:\SHIFT_STAGES:2:SHIFT_BY_4:CELLS:21:MID_24_BITS:MIDS|MUX2X1_BIT:MUX2X1_B|O~1  ; |BARREL_SHIFTERTEST|BARREL_SHIFTER:inst|BARREL_CELL:\SHIFT_STAGES:2:SHIFT_BY_4:CELLS:21:MID_24_BITS:MIDS|MUX2X1_BIT:MUX2X1_B|O~1  ; combout          ;
; |BARREL_SHIFTERTEST|BARREL_SHIFTER:inst|BARREL_CELL:\SHIFT_STAGES:3:SHIFT_BY_8:CELLS:16:MID_16_BITS:MIDS|MUX2X1_BIT:MUX2X1_B|O~0  ; |BARREL_SHIFTERTEST|BARREL_SHIFTER:inst|BARREL_CELL:\SHIFT_STAGES:3:SHIFT_BY_8:CELLS:16:MID_16_BITS:MIDS|MUX2X1_BIT:MUX2X1_B|O~0  ; combout          ;
; |BARREL_SHIFTERTEST|BARREL_SHIFTER:inst|BARREL_CELL:\SHIFT_STAGES:3:SHIFT_BY_8:CELLS:16:MID_16_BITS:MIDS|MUX2X1_BIT:MUX2X1_B|O~1  ; |BARREL_SHIFTERTEST|BARREL_SHIFTER:inst|BARREL_CELL:\SHIFT_STAGES:3:SHIFT_BY_8:CELLS:16:MID_16_BITS:MIDS|MUX2X1_BIT:MUX2X1_B|O~1  ; combout          ;
; |BARREL_SHIFTERTEST|BARREL_SHIFTER:inst|BARREL_CELL:\SHIFT_STAGES:4:SHIFT_BY_16:CELLS:8:BOT_16_BITS:LSBS|MUX2X1_BIT:MUX2X1_B|O~0  ; |BARREL_SHIFTERTEST|BARREL_SHIFTER:inst|BARREL_CELL:\SHIFT_STAGES:4:SHIFT_BY_16:CELLS:8:BOT_16_BITS:LSBS|MUX2X1_BIT:MUX2X1_B|O~0  ; combout          ;
; |BARREL_SHIFTERTEST|BARREL_SHIFTER:inst|BARREL_CELL:\SHIFT_STAGES:4:SHIFT_BY_16:CELLS:8:BOT_16_BITS:LSBS|MUX2X1_BIT:MUX2X1_B|O~1  ; |BARREL_SHIFTERTEST|BARREL_SHIFTER:inst|BARREL_CELL:\SHIFT_STAGES:4:SHIFT_BY_16:CELLS:8:BOT_16_BITS:LSBS|MUX2X1_BIT:MUX2X1_B|O~1  ; combout          ;
; |BARREL_SHIFTERTEST|BARREL_SHIFTER:inst|BARREL_CELL:\SHIFT_STAGES:3:SHIFT_BY_8:CELLS:16:MID_16_BITS:MIDS|MUX2X1_BIT:MUX2X1_B|O~2  ; |BARREL_SHIFTERTEST|BARREL_SHIFTER:inst|BARREL_CELL:\SHIFT_STAGES:3:SHIFT_BY_8:CELLS:16:MID_16_BITS:MIDS|MUX2X1_BIT:MUX2X1_B|O~2  ; combout          ;
; |BARREL_SHIFTERTEST|BARREL_SHIFTER:inst|BARREL_CELL:\SHIFT_STAGES:2:SHIFT_BY_4:CELLS:20:MID_24_BITS:MIDS|MUX2X1_BIT:MUX2X1_B|O~0  ; |BARREL_SHIFTERTEST|BARREL_SHIFTER:inst|BARREL_CELL:\SHIFT_STAGES:2:SHIFT_BY_4:CELLS:20:MID_24_BITS:MIDS|MUX2X1_BIT:MUX2X1_B|O~0  ; combout          ;
; |BARREL_SHIFTERTEST|BARREL_SHIFTER:inst|BARREL_CELL:\SHIFT_STAGES:2:SHIFT_BY_4:CELLS:20:MID_24_BITS:MIDS|MUX2X1_BIT:MUX2X1_B|O~1  ; |BARREL_SHIFTERTEST|BARREL_SHIFTER:inst|BARREL_CELL:\SHIFT_STAGES:2:SHIFT_BY_4:CELLS:20:MID_24_BITS:MIDS|MUX2X1_BIT:MUX2X1_B|O~1  ; combout          ;
; |BARREL_SHIFTERTEST|BARREL_SHIFTER:inst|BARREL_CELL:\SHIFT_STAGES:3:SHIFT_BY_8:CELLS:15:MID_16_BITS:MIDS|MUX2X1_BIT:MUX2X1_B|O~0  ; |BARREL_SHIFTERTEST|BARREL_SHIFTER:inst|BARREL_CELL:\SHIFT_STAGES:3:SHIFT_BY_8:CELLS:15:MID_16_BITS:MIDS|MUX2X1_BIT:MUX2X1_B|O~0  ; combout          ;
; |BARREL_SHIFTERTEST|BARREL_SHIFTER:inst|BARREL_CELL:\SHIFT_STAGES:3:SHIFT_BY_8:CELLS:15:MID_16_BITS:MIDS|MUX2X1_BIT:MUX2X1_B|O~1  ; |BARREL_SHIFTERTEST|BARREL_SHIFTER:inst|BARREL_CELL:\SHIFT_STAGES:3:SHIFT_BY_8:CELLS:15:MID_16_BITS:MIDS|MUX2X1_BIT:MUX2X1_B|O~1  ; combout          ;
; |BARREL_SHIFTERTEST|BARREL_SHIFTER:inst|BARREL_CELL:\SHIFT_STAGES:3:SHIFT_BY_8:CELLS:15:MID_16_BITS:MIDS|MUX2X1_BIT:MUX2X1_B|O~2  ; |BARREL_SHIFTERTEST|BARREL_SHIFTER:inst|BARREL_CELL:\SHIFT_STAGES:3:SHIFT_BY_8:CELLS:15:MID_16_BITS:MIDS|MUX2X1_BIT:MUX2X1_B|O~2  ; combout          ;
; |BARREL_SHIFTERTEST|BARREL_SHIFTER:inst|BARREL_CELL:\SHIFT_STAGES:4:SHIFT_BY_16:CELLS:7:BOT_16_BITS:LSBS|MUX2X1_BIT:MUX2X1_B|O~0  ; |BARREL_SHIFTERTEST|BARREL_SHIFTER:inst|BARREL_CELL:\SHIFT_STAGES:4:SHIFT_BY_16:CELLS:7:BOT_16_BITS:LSBS|MUX2X1_BIT:MUX2X1_B|O~0  ; combout          ;
; |BARREL_SHIFTERTEST|BARREL_SHIFTER:inst|BARREL_CELL:\SHIFT_STAGES:4:SHIFT_BY_16:CELLS:7:BOT_16_BITS:LSBS|MUX2X1_BIT:MUX2X1_B|O~1  ; |BARREL_SHIFTERTEST|BARREL_SHIFTER:inst|BARREL_CELL:\SHIFT_STAGES:4:SHIFT_BY_16:CELLS:7:BOT_16_BITS:LSBS|MUX2X1_BIT:MUX2X1_B|O~1  ; combout          ;
; |BARREL_SHIFTERTEST|BARREL_SHIFTER:inst|BARREL_CELL:\SHIFT_STAGES:3:SHIFT_BY_8:CELLS:15:MID_16_BITS:MIDS|MUX2X1_BIT:MUX2X1_B|O~3  ; |BARREL_SHIFTERTEST|BARREL_SHIFTER:inst|BARREL_CELL:\SHIFT_STAGES:3:SHIFT_BY_8:CELLS:15:MID_16_BITS:MIDS|MUX2X1_BIT:MUX2X1_B|O~3  ; combout          ;
; |BARREL_SHIFTERTEST|BARREL_SHIFTER:inst|BARREL_CELL:\SHIFT_STAGES:2:SHIFT_BY_4:CELLS:19:MID_24_BITS:MIDS|MUX2X1_BIT:MUX2X1_B|O~0  ; |BARREL_SHIFTERTEST|BARREL_SHIFTER:inst|BARREL_CELL:\SHIFT_STAGES:2:SHIFT_BY_4:CELLS:19:MID_24_BITS:MIDS|MUX2X1_BIT:MUX2X1_B|O~0  ; combout          ;
; |BARREL_SHIFTERTEST|BARREL_SHIFTER:inst|BARREL_CELL:\SHIFT_STAGES:2:SHIFT_BY_4:CELLS:19:MID_24_BITS:MIDS|MUX2X1_BIT:MUX2X1_B|O~1  ; |BARREL_SHIFTERTEST|BARREL_SHIFTER:inst|BARREL_CELL:\SHIFT_STAGES:2:SHIFT_BY_4:CELLS:19:MID_24_BITS:MIDS|MUX2X1_BIT:MUX2X1_B|O~1  ; combout          ;
; |BARREL_SHIFTERTEST|BARREL_SHIFTER:inst|BARREL_CELL:\SHIFT_STAGES:4:SHIFT_BY_16:CELLS:6:BOT_16_BITS:LSBS|MUX2X1_BIT:MUX2X1_B|O~1  ; |BARREL_SHIFTERTEST|BARREL_SHIFTER:inst|BARREL_CELL:\SHIFT_STAGES:4:SHIFT_BY_16:CELLS:6:BOT_16_BITS:LSBS|MUX2X1_BIT:MUX2X1_B|O~1  ; combout          ;
; |BARREL_SHIFTERTEST|BARREL_SHIFTER:inst|BARREL_CELL:\SHIFT_STAGES:3:SHIFT_BY_8:CELLS:14:MID_16_BITS:MIDS|MUX2X1_BIT:MUX2X1_B|O~2  ; |BARREL_SHIFTERTEST|BARREL_SHIFTER:inst|BARREL_CELL:\SHIFT_STAGES:3:SHIFT_BY_8:CELLS:14:MID_16_BITS:MIDS|MUX2X1_BIT:MUX2X1_B|O~2  ; combout          ;
; |BARREL_SHIFTERTEST|BARREL_SHIFTER:inst|BARREL_CELL:\SHIFT_STAGES:2:SHIFT_BY_4:CELLS:18:MID_24_BITS:MIDS|MUX2X1_BIT:MUX2X1_B|O~0  ; |BARREL_SHIFTERTEST|BARREL_SHIFTER:inst|BARREL_CELL:\SHIFT_STAGES:2:SHIFT_BY_4:CELLS:18:MID_24_BITS:MIDS|MUX2X1_BIT:MUX2X1_B|O~0  ; combout          ;
; |BARREL_SHIFTERTEST|BARREL_SHIFTER:inst|BARREL_CELL:\SHIFT_STAGES:2:SHIFT_BY_4:CELLS:18:MID_24_BITS:MIDS|MUX2X1_BIT:MUX2X1_B|O~1  ; |BARREL_SHIFTERTEST|BARREL_SHIFTER:inst|BARREL_CELL:\SHIFT_STAGES:2:SHIFT_BY_4:CELLS:18:MID_24_BITS:MIDS|MUX2X1_BIT:MUX2X1_B|O~1  ; combout          ;
; |BARREL_SHIFTERTEST|BARREL_SHIFTER:inst|BARREL_CELL:\SHIFT_STAGES:4:SHIFT_BY_16:CELLS:5:BOT_16_BITS:LSBS|MUX2X1_BIT:MUX2X1_B|O~1  ; |BARREL_SHIFTERTEST|BARREL_SHIFTER:inst|BARREL_CELL:\SHIFT_STAGES:4:SHIFT_BY_16:CELLS:5:BOT_16_BITS:LSBS|MUX2X1_BIT:MUX2X1_B|O~1  ; combout          ;
; |BARREL_SHIFTERTEST|BARREL_SHIFTER:inst|BARREL_CELL:\SHIFT_STAGES:3:SHIFT_BY_8:CELLS:13:MID_16_BITS:MIDS|MUX2X1_BIT:MUX2X1_B|O~2  ; |BARREL_SHIFTERTEST|BARREL_SHIFTER:inst|BARREL_CELL:\SHIFT_STAGES:3:SHIFT_BY_8:CELLS:13:MID_16_BITS:MIDS|MUX2X1_BIT:MUX2X1_B|O~2  ; combout          ;
; |BARREL_SHIFTERTEST|BARREL_SHIFTER:inst|BARREL_CELL:\SHIFT_STAGES:2:SHIFT_BY_4:CELLS:17:MID_24_BITS:MIDS|MUX2X1_BIT:MUX2X1_B|O~0  ; |BARREL_SHIFTERTEST|BARREL_SHIFTER:inst|BARREL_CELL:\SHIFT_STAGES:2:SHIFT_BY_4:CELLS:17:MID_24_BITS:MIDS|MUX2X1_BIT:MUX2X1_B|O~0  ; combout          ;
; |BARREL_SHIFTERTEST|BARREL_SHIFTER:inst|BARREL_CELL:\SHIFT_STAGES:2:SHIFT_BY_4:CELLS:17:MID_24_BITS:MIDS|MUX2X1_BIT:MUX2X1_B|O~1  ; |BARREL_SHIFTERTEST|BARREL_SHIFTER:inst|BARREL_CELL:\SHIFT_STAGES:2:SHIFT_BY_4:CELLS:17:MID_24_BITS:MIDS|MUX2X1_BIT:MUX2X1_B|O~1  ; combout          ;
; |BARREL_SHIFTERTEST|BARREL_SHIFTER:inst|BARREL_CELL:\SHIFT_STAGES:4:SHIFT_BY_16:CELLS:4:BOT_16_BITS:LSBS|MUX2X1_BIT:MUX2X1_B|O~1  ; |BARREL_SHIFTERTEST|BARREL_SHIFTER:inst|BARREL_CELL:\SHIFT_STAGES:4:SHIFT_BY_16:CELLS:4:BOT_16_BITS:LSBS|MUX2X1_BIT:MUX2X1_B|O~1  ; combout          ;
; |BARREL_SHIFTERTEST|BARREL_SHIFTER:inst|BARREL_CELL:\SHIFT_STAGES:3:SHIFT_BY_8:CELLS:12:MID_16_BITS:MIDS|MUX2X1_BIT:MUX2X1_B|O~2  ; |BARREL_SHIFTERTEST|BARREL_SHIFTER:inst|BARREL_CELL:\SHIFT_STAGES:3:SHIFT_BY_8:CELLS:12:MID_16_BITS:MIDS|MUX2X1_BIT:MUX2X1_B|O~2  ; combout          ;
; |BARREL_SHIFTERTEST|BARREL_SHIFTER:inst|BARREL_CELL:\SHIFT_STAGES:2:SHIFT_BY_4:CELLS:16:MID_24_BITS:MIDS|MUX2X1_BIT:MUX2X1_B|O~0  ; |BARREL_SHIFTERTEST|BARREL_SHIFTER:inst|BARREL_CELL:\SHIFT_STAGES:2:SHIFT_BY_4:CELLS:16:MID_24_BITS:MIDS|MUX2X1_BIT:MUX2X1_B|O~0  ; combout          ;
; |BARREL_SHIFTERTEST|BARREL_SHIFTER:inst|BARREL_CELL:\SHIFT_STAGES:2:SHIFT_BY_4:CELLS:16:MID_24_BITS:MIDS|MUX2X1_BIT:MUX2X1_B|O~1  ; |BARREL_SHIFTERTEST|BARREL_SHIFTER:inst|BARREL_CELL:\SHIFT_STAGES:2:SHIFT_BY_4:CELLS:16:MID_24_BITS:MIDS|MUX2X1_BIT:MUX2X1_B|O~1  ; combout          ;
; |BARREL_SHIFTERTEST|BARREL_SHIFTER:inst|BARREL_CELL:\SHIFT_STAGES:4:SHIFT_BY_16:CELLS:3:BOT_16_BITS:LSBS|MUX2X1_BIT:MUX2X1_B|O~0  ; |BARREL_SHIFTERTEST|BARREL_SHIFTER:inst|BARREL_CELL:\SHIFT_STAGES:4:SHIFT_BY_16:CELLS:3:BOT_16_BITS:LSBS|MUX2X1_BIT:MUX2X1_B|O~0  ; combout          ;
; |BARREL_SHIFTERTEST|BARREL_SHIFTER:inst|BARREL_CELL:\SHIFT_STAGES:4:SHIFT_BY_16:CELLS:3:BOT_16_BITS:LSBS|MUX2X1_BIT:MUX2X1_B|O~1  ; |BARREL_SHIFTERTEST|BARREL_SHIFTER:inst|BARREL_CELL:\SHIFT_STAGES:4:SHIFT_BY_16:CELLS:3:BOT_16_BITS:LSBS|MUX2X1_BIT:MUX2X1_B|O~1  ; combout          ;
; |BARREL_SHIFTERTEST|BARREL_SHIFTER:inst|BARREL_CELL:\SHIFT_STAGES:3:SHIFT_BY_8:CELLS:11:MID_16_BITS:MIDS|MUX2X1_BIT:MUX2X1_B|O~2  ; |BARREL_SHIFTERTEST|BARREL_SHIFTER:inst|BARREL_CELL:\SHIFT_STAGES:3:SHIFT_BY_8:CELLS:11:MID_16_BITS:MIDS|MUX2X1_BIT:MUX2X1_B|O~2  ; combout          ;
; |BARREL_SHIFTERTEST|BARREL_SHIFTER:inst|BARREL_CELL:\SHIFT_STAGES:2:SHIFT_BY_4:CELLS:15:MID_24_BITS:MIDS|MUX2X1_BIT:MUX2X1_B|O~0  ; |BARREL_SHIFTERTEST|BARREL_SHIFTER:inst|BARREL_CELL:\SHIFT_STAGES:2:SHIFT_BY_4:CELLS:15:MID_24_BITS:MIDS|MUX2X1_BIT:MUX2X1_B|O~0  ; combout          ;
; |BARREL_SHIFTERTEST|BARREL_SHIFTER:inst|BARREL_CELL:\SHIFT_STAGES:2:SHIFT_BY_4:CELLS:15:MID_24_BITS:MIDS|MUX2X1_BIT:MUX2X1_B|O~1  ; |BARREL_SHIFTERTEST|BARREL_SHIFTER:inst|BARREL_CELL:\SHIFT_STAGES:2:SHIFT_BY_4:CELLS:15:MID_24_BITS:MIDS|MUX2X1_BIT:MUX2X1_B|O~1  ; combout          ;
; |BARREL_SHIFTERTEST|BARREL_SHIFTER:inst|BARREL_CELL:\SHIFT_STAGES:4:SHIFT_BY_16:CELLS:2:BOT_16_BITS:LSBS|MUX2X1_BIT:MUX2X1_B|O~1  ; |BARREL_SHIFTERTEST|BARREL_SHIFTER:inst|BARREL_CELL:\SHIFT_STAGES:4:SHIFT_BY_16:CELLS:2:BOT_16_BITS:LSBS|MUX2X1_BIT:MUX2X1_B|O~1  ; combout          ;
; |BARREL_SHIFTERTEST|BARREL_SHIFTER:inst|BARREL_CELL:\SHIFT_STAGES:3:SHIFT_BY_8:CELLS:10:MID_16_BITS:MIDS|MUX2X1_BIT:MUX2X1_B|O~2  ; |BARREL_SHIFTERTEST|BARREL_SHIFTER:inst|BARREL_CELL:\SHIFT_STAGES:3:SHIFT_BY_8:CELLS:10:MID_16_BITS:MIDS|MUX2X1_BIT:MUX2X1_B|O~2  ; combout          ;
; |BARREL_SHIFTERTEST|BARREL_SHIFTER:inst|BARREL_CELL:\SHIFT_STAGES:2:SHIFT_BY_4:CELLS:14:MID_24_BITS:MIDS|MUX2X1_BIT:MUX2X1_B|O~1  ; |BARREL_SHIFTERTEST|BARREL_SHIFTER:inst|BARREL_CELL:\SHIFT_STAGES:2:SHIFT_BY_4:CELLS:14:MID_24_BITS:MIDS|MUX2X1_BIT:MUX2X1_B|O~1  ; combout          ;
; |BARREL_SHIFTERTEST|BARREL_SHIFTER:inst|BARREL_CELL:\SHIFT_STAGES:4:SHIFT_BY_16:CELLS:1:BOT_16_BITS:LSBS|MUX2X1_BIT:MUX2X1_B|O~1  ; |BARREL_SHIFTERTEST|BARREL_SHIFTER:inst|BARREL_CELL:\SHIFT_STAGES:4:SHIFT_BY_16:CELLS:1:BOT_16_BITS:LSBS|MUX2X1_BIT:MUX2X1_B|O~1  ; combout          ;
; |BARREL_SHIFTERTEST|BARREL_SHIFTER:inst|BARREL_CELL:\SHIFT_STAGES:3:SHIFT_BY_8:CELLS:9:MID_16_BITS:MIDS|MUX2X1_BIT:MUX2X1_B|O~2   ; |BARREL_SHIFTERTEST|BARREL_SHIFTER:inst|BARREL_CELL:\SHIFT_STAGES:3:SHIFT_BY_8:CELLS:9:MID_16_BITS:MIDS|MUX2X1_BIT:MUX2X1_B|O~2   ; combout          ;
; |BARREL_SHIFTERTEST|BARREL_SHIFTER:inst|BARREL_CELL:\SHIFT_STAGES:2:SHIFT_BY_4:CELLS:13:MID_24_BITS:MIDS|MUX2X1_BIT:MUX2X1_B|O~1  ; |BARREL_SHIFTERTEST|BARREL_SHIFTER:inst|BARREL_CELL:\SHIFT_STAGES:2:SHIFT_BY_4:CELLS:13:MID_24_BITS:MIDS|MUX2X1_BIT:MUX2X1_B|O~1  ; combout          ;
; |BARREL_SHIFTERTEST|BARREL_SHIFTER:inst|BARREL_CELL:\SHIFT_STAGES:4:SHIFT_BY_16:CELLS:0:BOT_16_BITS:LSBS|MUX2X1_BIT:MUX2X1_B|O~0  ; |BARREL_SHIFTERTEST|BARREL_SHIFTER:inst|BARREL_CELL:\SHIFT_STAGES:4:SHIFT_BY_16:CELLS:0:BOT_16_BITS:LSBS|MUX2X1_BIT:MUX2X1_B|O~0  ; combout          ;
; |BARREL_SHIFTERTEST|BARREL_SHIFTER:inst|BARREL_CELL:\SHIFT_STAGES:4:SHIFT_BY_16:CELLS:0:BOT_16_BITS:LSBS|MUX2X1_BIT:MUX2X1_B|O~1  ; |BARREL_SHIFTERTEST|BARREL_SHIFTER:inst|BARREL_CELL:\SHIFT_STAGES:4:SHIFT_BY_16:CELLS:0:BOT_16_BITS:LSBS|MUX2X1_BIT:MUX2X1_B|O~1  ; combout          ;
; |BARREL_SHIFTERTEST|BARREL_SHIFTER:inst|BARREL_CELL:\SHIFT_STAGES:3:SHIFT_BY_8:CELLS:8:MID_16_BITS:MIDS|MUX2X1_BIT:MUX2X1_B|O~2   ; |BARREL_SHIFTERTEST|BARREL_SHIFTER:inst|BARREL_CELL:\SHIFT_STAGES:3:SHIFT_BY_8:CELLS:8:MID_16_BITS:MIDS|MUX2X1_BIT:MUX2X1_B|O~2   ; combout          ;
; |BARREL_SHIFTERTEST|BARREL_SHIFTER:inst|BARREL_CELL:\SHIFT_STAGES:2:SHIFT_BY_4:CELLS:12:MID_24_BITS:MIDS|MUX2X1_BIT:MUX2X1_B|O~1  ; |BARREL_SHIFTERTEST|BARREL_SHIFTER:inst|BARREL_CELL:\SHIFT_STAGES:2:SHIFT_BY_4:CELLS:12:MID_24_BITS:MIDS|MUX2X1_BIT:MUX2X1_B|O~1  ; combout          ;
; |BARREL_SHIFTERTEST|BARREL_SHIFTER:inst|BARREL_CELL:\SHIFT_STAGES:3:SHIFT_BY_8:CELLS:7:BOT_8_BITS:LSBS|MUX2X1_BIT:MUX2X1_B|O~0    ; |BARREL_SHIFTERTEST|BARREL_SHIFTER:inst|BARREL_CELL:\SHIFT_STAGES:3:SHIFT_BY_8:CELLS:7:BOT_8_BITS:LSBS|MUX2X1_BIT:MUX2X1_B|O~0    ; combout          ;
; |BARREL_SHIFTERTEST|BARREL_SHIFTER:inst|BARREL_CELL:\SHIFT_STAGES:3:SHIFT_BY_8:CELLS:7:BOT_8_BITS:LSBS|MUX2X1_BIT:MUX2X1_B|O~2    ; |BARREL_SHIFTERTEST|BARREL_SHIFTER:inst|BARREL_CELL:\SHIFT_STAGES:3:SHIFT_BY_8:CELLS:7:BOT_8_BITS:LSBS|MUX2X1_BIT:MUX2X1_B|O~2    ; combout          ;
; |BARREL_SHIFTERTEST|BARREL_SHIFTER:inst|BARREL_CELL:\SHIFT_STAGES:2:SHIFT_BY_4:CELLS:11:MID_24_BITS:MIDS|MUX2X1_BIT:MUX2X1_B|O~1  ; |BARREL_SHIFTERTEST|BARREL_SHIFTER:inst|BARREL_CELL:\SHIFT_STAGES:2:SHIFT_BY_4:CELLS:11:MID_24_BITS:MIDS|MUX2X1_BIT:MUX2X1_B|O~1  ; combout          ;
; |BARREL_SHIFTERTEST|BARREL_SHIFTER:inst|BARREL_CELL:\SHIFT_STAGES:2:SHIFT_BY_4:CELLS:10:MID_24_BITS:MIDS|MUX2X1_BIT:MUX2X1_B|O~1  ; |BARREL_SHIFTERTEST|BARREL_SHIFTER:inst|BARREL_CELL:\SHIFT_STAGES:2:SHIFT_BY_4:CELLS:10:MID_24_BITS:MIDS|MUX2X1_BIT:MUX2X1_B|O~1  ; combout          ;
; |BARREL_SHIFTERTEST|BARREL_SHIFTER:inst|BARREL_CELL:\SHIFT_STAGES:3:SHIFT_BY_8:CELLS:5:BOT_8_BITS:LSBS|MUX2X1_BIT:MUX2X1_B|O~0    ; |BARREL_SHIFTERTEST|BARREL_SHIFTER:inst|BARREL_CELL:\SHIFT_STAGES:3:SHIFT_BY_8:CELLS:5:BOT_8_BITS:LSBS|MUX2X1_BIT:MUX2X1_B|O~0    ; combout          ;
; |BARREL_SHIFTERTEST|BARREL_SHIFTER:inst|BARREL_CELL:\SHIFT_STAGES:3:SHIFT_BY_8:CELLS:5:BOT_8_BITS:LSBS|MUX2X1_BIT:MUX2X1_B|O~1    ; |BARREL_SHIFTERTEST|BARREL_SHIFTER:inst|BARREL_CELL:\SHIFT_STAGES:3:SHIFT_BY_8:CELLS:5:BOT_8_BITS:LSBS|MUX2X1_BIT:MUX2X1_B|O~1    ; combout          ;
; |BARREL_SHIFTERTEST|BARREL_SHIFTER:inst|BARREL_CELL:\SHIFT_STAGES:2:SHIFT_BY_4:CELLS:9:MID_24_BITS:MIDS|MUX2X1_BIT:MUX2X1_B|O~1   ; |BARREL_SHIFTERTEST|BARREL_SHIFTER:inst|BARREL_CELL:\SHIFT_STAGES:2:SHIFT_BY_4:CELLS:9:MID_24_BITS:MIDS|MUX2X1_BIT:MUX2X1_B|O~1   ; combout          ;
; |BARREL_SHIFTERTEST|BARREL_SHIFTER:inst|BARREL_CELL:\SHIFT_STAGES:2:SHIFT_BY_4:CELLS:8:MID_24_BITS:MIDS|MUX2X1_BIT:MUX2X1_B|O~1   ; |BARREL_SHIFTERTEST|BARREL_SHIFTER:inst|BARREL_CELL:\SHIFT_STAGES:2:SHIFT_BY_4:CELLS:8:MID_24_BITS:MIDS|MUX2X1_BIT:MUX2X1_B|O~1   ; combout          ;
; |BARREL_SHIFTERTEST|BARREL_SHIFTER:inst|BARREL_CELL:\SHIFT_STAGES:3:SHIFT_BY_8:CELLS:3:BOT_8_BITS:LSBS|MUX2X1_BIT:MUX2X1_B|O~1    ; |BARREL_SHIFTERTEST|BARREL_SHIFTER:inst|BARREL_CELL:\SHIFT_STAGES:3:SHIFT_BY_8:CELLS:3:BOT_8_BITS:LSBS|MUX2X1_BIT:MUX2X1_B|O~1    ; combout          ;
; |BARREL_SHIFTERTEST|BARREL_SHIFTER:inst|BARREL_CELL:\SHIFT_STAGES:2:SHIFT_BY_4:CELLS:7:MID_24_BITS:MIDS|MUX2X1_BIT:MUX2X1_B|O~0   ; |BARREL_SHIFTERTEST|BARREL_SHIFTER:inst|BARREL_CELL:\SHIFT_STAGES:2:SHIFT_BY_4:CELLS:7:MID_24_BITS:MIDS|MUX2X1_BIT:MUX2X1_B|O~0   ; combout          ;
; |BARREL_SHIFTERTEST|BARREL_SHIFTER:inst|BARREL_CELL:\SHIFT_STAGES:2:SHIFT_BY_4:CELLS:7:MID_24_BITS:MIDS|MUX2X1_BIT:MUX2X1_B|O~1   ; |BARREL_SHIFTERTEST|BARREL_SHIFTER:inst|BARREL_CELL:\SHIFT_STAGES:2:SHIFT_BY_4:CELLS:7:MID_24_BITS:MIDS|MUX2X1_BIT:MUX2X1_B|O~1   ; combout          ;
; |BARREL_SHIFTERTEST|BARREL_SHIFTER:inst|BARREL_CELL:\SHIFT_STAGES:3:SHIFT_BY_8:CELLS:2:BOT_8_BITS:LSBS|MUX2X1_BIT:MUX2X1_B|O~0    ; |BARREL_SHIFTERTEST|BARREL_SHIFTER:inst|BARREL_CELL:\SHIFT_STAGES:3:SHIFT_BY_8:CELLS:2:BOT_8_BITS:LSBS|MUX2X1_BIT:MUX2X1_B|O~0    ; combout          ;
; |BARREL_SHIFTERTEST|BARREL_SHIFTER:inst|BARREL_CELL:\SHIFT_STAGES:3:SHIFT_BY_8:CELLS:2:BOT_8_BITS:LSBS|MUX2X1_BIT:MUX2X1_B|O~1    ; |BARREL_SHIFTERTEST|BARREL_SHIFTER:inst|BARREL_CELL:\SHIFT_STAGES:3:SHIFT_BY_8:CELLS:2:BOT_8_BITS:LSBS|MUX2X1_BIT:MUX2X1_B|O~1    ; combout          ;
; |BARREL_SHIFTERTEST|BARREL_SHIFTER:inst|BARREL_CELL:\SHIFT_STAGES:2:SHIFT_BY_4:CELLS:6:MID_24_BITS:MIDS|MUX2X1_BIT:MUX2X1_B|O~0   ; |BARREL_SHIFTERTEST|BARREL_SHIFTER:inst|BARREL_CELL:\SHIFT_STAGES:2:SHIFT_BY_4:CELLS:6:MID_24_BITS:MIDS|MUX2X1_BIT:MUX2X1_B|O~0   ; combout          ;
; |BARREL_SHIFTERTEST|BARREL_SHIFTER:inst|BARREL_CELL:\SHIFT_STAGES:2:SHIFT_BY_4:CELLS:6:MID_24_BITS:MIDS|MUX2X1_BIT:MUX2X1_B|O~1   ; |BARREL_SHIFTERTEST|BARREL_SHIFTER:inst|BARREL_CELL:\SHIFT_STAGES:2:SHIFT_BY_4:CELLS:6:MID_24_BITS:MIDS|MUX2X1_BIT:MUX2X1_B|O~1   ; combout          ;
; |BARREL_SHIFTERTEST|BARREL_SHIFTER:inst|BARREL_CELL:\SHIFT_STAGES:3:SHIFT_BY_8:CELLS:1:BOT_8_BITS:LSBS|MUX2X1_BIT:MUX2X1_B|O~1    ; |BARREL_SHIFTERTEST|BARREL_SHIFTER:inst|BARREL_CELL:\SHIFT_STAGES:3:SHIFT_BY_8:CELLS:1:BOT_8_BITS:LSBS|MUX2X1_BIT:MUX2X1_B|O~1    ; combout          ;
; |BARREL_SHIFTERTEST|BARREL_SHIFTER:inst|BARREL_CELL:\SHIFT_STAGES:2:SHIFT_BY_4:CELLS:5:MID_24_BITS:MIDS|MUX2X1_BIT:MUX2X1_B|O~0   ; |BARREL_SHIFTERTEST|BARREL_SHIFTER:inst|BARREL_CELL:\SHIFT_STAGES:2:SHIFT_BY_4:CELLS:5:MID_24_BITS:MIDS|MUX2X1_BIT:MUX2X1_B|O~0   ; combout          ;
; |BARREL_SHIFTERTEST|BARREL_SHIFTER:inst|BARREL_CELL:\SHIFT_STAGES:2:SHIFT_BY_4:CELLS:5:MID_24_BITS:MIDS|MUX2X1_BIT:MUX2X1_B|O~1   ; |BARREL_SHIFTERTEST|BARREL_SHIFTER:inst|BARREL_CELL:\SHIFT_STAGES:2:SHIFT_BY_4:CELLS:5:MID_24_BITS:MIDS|MUX2X1_BIT:MUX2X1_B|O~1   ; combout          ;
; |BARREL_SHIFTERTEST|BARREL_SHIFTER:inst|BARREL_CELL:\SHIFT_STAGES:3:SHIFT_BY_8:CELLS:0:BOT_8_BITS:LSBS|MUX2X1_BIT:MUX2X1_B|O~0    ; |BARREL_SHIFTERTEST|BARREL_SHIFTER:inst|BARREL_CELL:\SHIFT_STAGES:3:SHIFT_BY_8:CELLS:0:BOT_8_BITS:LSBS|MUX2X1_BIT:MUX2X1_B|O~0    ; combout          ;
; |BARREL_SHIFTERTEST|BARREL_SHIFTER:inst|BARREL_CELL:\SHIFT_STAGES:3:SHIFT_BY_8:CELLS:0:BOT_8_BITS:LSBS|MUX2X1_BIT:MUX2X1_B|O~1    ; |BARREL_SHIFTERTEST|BARREL_SHIFTER:inst|BARREL_CELL:\SHIFT_STAGES:3:SHIFT_BY_8:CELLS:0:BOT_8_BITS:LSBS|MUX2X1_BIT:MUX2X1_B|O~1    ; combout          ;
; |BARREL_SHIFTERTEST|BARREL_SHIFTER:inst|BARREL_CELL:\SHIFT_STAGES:2:SHIFT_BY_4:CELLS:4:MID_24_BITS:MIDS|MUX2X1_BIT:MUX2X1_B|O~0   ; |BARREL_SHIFTERTEST|BARREL_SHIFTER:inst|BARREL_CELL:\SHIFT_STAGES:2:SHIFT_BY_4:CELLS:4:MID_24_BITS:MIDS|MUX2X1_BIT:MUX2X1_B|O~0   ; combout          ;
; |BARREL_SHIFTERTEST|BARREL_SHIFTER:inst|BARREL_CELL:\SHIFT_STAGES:2:SHIFT_BY_4:CELLS:4:MID_24_BITS:MIDS|MUX2X1_BIT:MUX2X1_B|O~1   ; |BARREL_SHIFTERTEST|BARREL_SHIFTER:inst|BARREL_CELL:\SHIFT_STAGES:2:SHIFT_BY_4:CELLS:4:MID_24_BITS:MIDS|MUX2X1_BIT:MUX2X1_B|O~1   ; combout          ;
; |BARREL_SHIFTERTEST|BARREL_SHIFTER:inst|BARREL_CELL:\SHIFT_STAGES:2:SHIFT_BY_4:CELLS:3:BOT_4_BITS:LSBS|MUX2X1_BIT:MUX2X1_B|O~2    ; |BARREL_SHIFTERTEST|BARREL_SHIFTER:inst|BARREL_CELL:\SHIFT_STAGES:2:SHIFT_BY_4:CELLS:3:BOT_4_BITS:LSBS|MUX2X1_BIT:MUX2X1_B|O~2    ; combout          ;
; |BARREL_SHIFTERTEST|BARREL_SHIFTER:inst|BARREL_CELL:\SHIFT_STAGES:2:SHIFT_BY_4:CELLS:2:BOT_4_BITS:LSBS|MUX2X1_BIT:MUX2X1_B|O~1    ; |BARREL_SHIFTERTEST|BARREL_SHIFTER:inst|BARREL_CELL:\SHIFT_STAGES:2:SHIFT_BY_4:CELLS:2:BOT_4_BITS:LSBS|MUX2X1_BIT:MUX2X1_B|O~1    ; combout          ;
; |BARREL_SHIFTERTEST|BARREL_SHIFTER:inst|BARREL_CELL:\SHIFT_STAGES:2:SHIFT_BY_4:CELLS:0:BOT_4_BITS:LSBS|MUX2X1_BIT:MUX2X1_B|O~1    ; |BARREL_SHIFTERTEST|BARREL_SHIFTER:inst|BARREL_CELL:\SHIFT_STAGES:2:SHIFT_BY_4:CELLS:0:BOT_4_BITS:LSBS|MUX2X1_BIT:MUX2X1_B|O~1    ; combout          ;
; |BARREL_SHIFTERTEST|BARREL_SHIFTER:inst|BARREL_CELL:\SHIFT_STAGES:3:SHIFT_BY_8:CELLS:27:TOP_8_BITS:MSBS|MUX2X1_BIT:MUX2X1_B|O~5   ; |BARREL_SHIFTERTEST|BARREL_SHIFTER:inst|BARREL_CELL:\SHIFT_STAGES:3:SHIFT_BY_8:CELLS:27:TOP_8_BITS:MSBS|MUX2X1_BIT:MUX2X1_B|O~5   ; combout          ;
; |BARREL_SHIFTERTEST|BARREL_SHIFTER:inst|BARREL_CELL:\SHIFT_STAGES:3:SHIFT_BY_8:CELLS:26:TOP_8_BITS:MSBS|MUX2X1_BIT:MUX2X1_B|O~5   ; |BARREL_SHIFTERTEST|BARREL_SHIFTER:inst|BARREL_CELL:\SHIFT_STAGES:3:SHIFT_BY_8:CELLS:26:TOP_8_BITS:MSBS|MUX2X1_BIT:MUX2X1_B|O~5   ; combout          ;
; |BARREL_SHIFTERTEST|BARREL_SHIFTER:inst|BARREL_CELL:\SHIFT_STAGES:3:SHIFT_BY_8:CELLS:30:TOP_8_BITS:MSBS|MUX2X1_BIT:MUX2X1_B|O~5   ; |BARREL_SHIFTERTEST|BARREL_SHIFTER:inst|BARREL_CELL:\SHIFT_STAGES:3:SHIFT_BY_8:CELLS:30:TOP_8_BITS:MSBS|MUX2X1_BIT:MUX2X1_B|O~5   ; combout          ;
; |BARREL_SHIFTERTEST|BARREL_SHIFTER:inst|BARREL_CELL:\SHIFT_STAGES:3:SHIFT_BY_8:CELLS:25:TOP_8_BITS:MSBS|MUX2X1_BIT:MUX2X1_B|O~5   ; |BARREL_SHIFTERTEST|BARREL_SHIFTER:inst|BARREL_CELL:\SHIFT_STAGES:3:SHIFT_BY_8:CELLS:25:TOP_8_BITS:MSBS|MUX2X1_BIT:MUX2X1_B|O~5   ; combout          ;
; |BARREL_SHIFTERTEST|BARREL_SHIFTER:inst|BARREL_CELL:\SHIFT_STAGES:3:SHIFT_BY_8:CELLS:29:TOP_8_BITS:MSBS|MUX2X1_BIT:MUX2X1_B|O~5   ; |BARREL_SHIFTERTEST|BARREL_SHIFTER:inst|BARREL_CELL:\SHIFT_STAGES:3:SHIFT_BY_8:CELLS:29:TOP_8_BITS:MSBS|MUX2X1_BIT:MUX2X1_B|O~5   ; combout          ;
; |BARREL_SHIFTERTEST|BARREL_SHIFTER:inst|BARREL_CELL:\SHIFT_STAGES:3:SHIFT_BY_8:CELLS:24:TOP_8_BITS:MSBS|MUX2X1_BIT:MUX2X1_B|O~5   ; |BARREL_SHIFTERTEST|BARREL_SHIFTER:inst|BARREL_CELL:\SHIFT_STAGES:3:SHIFT_BY_8:CELLS:24:TOP_8_BITS:MSBS|MUX2X1_BIT:MUX2X1_B|O~5   ; combout          ;
; |BARREL_SHIFTERTEST|BARREL_SHIFTER:inst|BARREL_CELL:\SHIFT_STAGES:3:SHIFT_BY_8:CELLS:28:TOP_8_BITS:MSBS|MUX2X1_BIT:MUX2X1_B|O~5   ; |BARREL_SHIFTERTEST|BARREL_SHIFTER:inst|BARREL_CELL:\SHIFT_STAGES:3:SHIFT_BY_8:CELLS:28:TOP_8_BITS:MSBS|MUX2X1_BIT:MUX2X1_B|O~5   ; combout          ;
; |BARREL_SHIFTERTEST|BARREL_SHIFTER:inst|BARREL_CELL:\SHIFT_STAGES:3:SHIFT_BY_8:CELLS:14:MID_16_BITS:MIDS|MUX2X1_BIT:MUX2X1_B|O~3  ; |BARREL_SHIFTERTEST|BARREL_SHIFTER:inst|BARREL_CELL:\SHIFT_STAGES:3:SHIFT_BY_8:CELLS:14:MID_16_BITS:MIDS|MUX2X1_BIT:MUX2X1_B|O~3  ; combout          ;
; |BARREL_SHIFTERTEST|BARREL_SHIFTER:inst|BARREL_CELL:\SHIFT_STAGES:3:SHIFT_BY_8:CELLS:13:MID_16_BITS:MIDS|MUX2X1_BIT:MUX2X1_B|O~3  ; |BARREL_SHIFTERTEST|BARREL_SHIFTER:inst|BARREL_CELL:\SHIFT_STAGES:3:SHIFT_BY_8:CELLS:13:MID_16_BITS:MIDS|MUX2X1_BIT:MUX2X1_B|O~3  ; combout          ;
; |BARREL_SHIFTERTEST|BARREL_SHIFTER:inst|BARREL_CELL:\SHIFT_STAGES:3:SHIFT_BY_8:CELLS:12:MID_16_BITS:MIDS|MUX2X1_BIT:MUX2X1_B|O~3  ; |BARREL_SHIFTERTEST|BARREL_SHIFTER:inst|BARREL_CELL:\SHIFT_STAGES:3:SHIFT_BY_8:CELLS:12:MID_16_BITS:MIDS|MUX2X1_BIT:MUX2X1_B|O~3  ; combout          ;
; |BARREL_SHIFTERTEST|BARREL_SHIFTER:inst|BARREL_CELL:\SHIFT_STAGES:3:SHIFT_BY_8:CELLS:11:MID_16_BITS:MIDS|MUX2X1_BIT:MUX2X1_B|O~3  ; |BARREL_SHIFTERTEST|BARREL_SHIFTER:inst|BARREL_CELL:\SHIFT_STAGES:3:SHIFT_BY_8:CELLS:11:MID_16_BITS:MIDS|MUX2X1_BIT:MUX2X1_B|O~3  ; combout          ;
; |BARREL_SHIFTERTEST|BARREL_SHIFTER:inst|BARREL_CELL:\SHIFT_STAGES:3:SHIFT_BY_8:CELLS:10:MID_16_BITS:MIDS|MUX2X1_BIT:MUX2X1_B|O~3  ; |BARREL_SHIFTERTEST|BARREL_SHIFTER:inst|BARREL_CELL:\SHIFT_STAGES:3:SHIFT_BY_8:CELLS:10:MID_16_BITS:MIDS|MUX2X1_BIT:MUX2X1_B|O~3  ; combout          ;
; |BARREL_SHIFTERTEST|BARREL_SHIFTER:inst|BARREL_CELL:\SHIFT_STAGES:3:SHIFT_BY_8:CELLS:9:MID_16_BITS:MIDS|MUX2X1_BIT:MUX2X1_B|O~3   ; |BARREL_SHIFTERTEST|BARREL_SHIFTER:inst|BARREL_CELL:\SHIFT_STAGES:3:SHIFT_BY_8:CELLS:9:MID_16_BITS:MIDS|MUX2X1_BIT:MUX2X1_B|O~3   ; combout          ;
; |BARREL_SHIFTERTEST|BARREL_SHIFTER:inst|BARREL_CELL:\SHIFT_STAGES:3:SHIFT_BY_8:CELLS:8:MID_16_BITS:MIDS|MUX2X1_BIT:MUX2X1_B|O~3   ; |BARREL_SHIFTERTEST|BARREL_SHIFTER:inst|BARREL_CELL:\SHIFT_STAGES:3:SHIFT_BY_8:CELLS:8:MID_16_BITS:MIDS|MUX2X1_BIT:MUX2X1_B|O~3   ; combout          ;
; |BARREL_SHIFTERTEST|RES[31]                                                                                                       ; |BARREL_SHIFTERTEST|RES[31]                                                                                                       ; padio            ;
; |BARREL_SHIFTERTEST|RES[30]                                                                                                       ; |BARREL_SHIFTERTEST|RES[30]                                                                                                       ; padio            ;
; |BARREL_SHIFTERTEST|RES[29]                                                                                                       ; |BARREL_SHIFTERTEST|RES[29]                                                                                                       ; padio            ;
; |BARREL_SHIFTERTEST|RES[28]                                                                                                       ; |BARREL_SHIFTERTEST|RES[28]                                                                                                       ; padio            ;
; |BARREL_SHIFTERTEST|RES[27]                                                                                                       ; |BARREL_SHIFTERTEST|RES[27]                                                                                                       ; padio            ;
; |BARREL_SHIFTERTEST|RES[26]                                                                                                       ; |BARREL_SHIFTERTEST|RES[26]                                                                                                       ; padio            ;
; |BARREL_SHIFTERTEST|RES[25]                                                                                                       ; |BARREL_SHIFTERTEST|RES[25]                                                                                                       ; padio            ;
; |BARREL_SHIFTERTEST|RES[24]                                                                                                       ; |BARREL_SHIFTERTEST|RES[24]                                                                                                       ; padio            ;
; |BARREL_SHIFTERTEST|RES[23]                                                                                                       ; |BARREL_SHIFTERTEST|RES[23]                                                                                                       ; padio            ;
; |BARREL_SHIFTERTEST|RES[22]                                                                                                       ; |BARREL_SHIFTERTEST|RES[22]                                                                                                       ; padio            ;
; |BARREL_SHIFTERTEST|RES[21]                                                                                                       ; |BARREL_SHIFTERTEST|RES[21]                                                                                                       ; padio            ;
; |BARREL_SHIFTERTEST|RES[20]                                                                                                       ; |BARREL_SHIFTERTEST|RES[20]                                                                                                       ; padio            ;
; |BARREL_SHIFTERTEST|RES[19]                                                                                                       ; |BARREL_SHIFTERTEST|RES[19]                                                                                                       ; padio            ;
; |BARREL_SHIFTERTEST|RES[18]                                                                                                       ; |BARREL_SHIFTERTEST|RES[18]                                                                                                       ; padio            ;
; |BARREL_SHIFTERTEST|RES[17]                                                                                                       ; |BARREL_SHIFTERTEST|RES[17]                                                                                                       ; padio            ;
; |BARREL_SHIFTERTEST|RES[16]                                                                                                       ; |BARREL_SHIFTERTEST|RES[16]                                                                                                       ; padio            ;
; |BARREL_SHIFTERTEST|RES[15]                                                                                                       ; |BARREL_SHIFTERTEST|RES[15]                                                                                                       ; padio            ;
; |BARREL_SHIFTERTEST|RES[14]                                                                                                       ; |BARREL_SHIFTERTEST|RES[14]                                                                                                       ; padio            ;
; |BARREL_SHIFTERTEST|RES[13]                                                                                                       ; |BARREL_SHIFTERTEST|RES[13]                                                                                                       ; padio            ;
; |BARREL_SHIFTERTEST|RES[12]                                                                                                       ; |BARREL_SHIFTERTEST|RES[12]                                                                                                       ; padio            ;
; |BARREL_SHIFTERTEST|RES[11]                                                                                                       ; |BARREL_SHIFTERTEST|RES[11]                                                                                                       ; padio            ;
; |BARREL_SHIFTERTEST|RES[10]                                                                                                       ; |BARREL_SHIFTERTEST|RES[10]                                                                                                       ; padio            ;
; |BARREL_SHIFTERTEST|RES[9]                                                                                                        ; |BARREL_SHIFTERTEST|RES[9]                                                                                                        ; padio            ;
; |BARREL_SHIFTERTEST|RES[8]                                                                                                        ; |BARREL_SHIFTERTEST|RES[8]                                                                                                        ; padio            ;
; |BARREL_SHIFTERTEST|RES[7]                                                                                                        ; |BARREL_SHIFTERTEST|RES[7]                                                                                                        ; padio            ;
; |BARREL_SHIFTERTEST|RES[6]                                                                                                        ; |BARREL_SHIFTERTEST|RES[6]                                                                                                        ; padio            ;
; |BARREL_SHIFTERTEST|RES[5]                                                                                                        ; |BARREL_SHIFTERTEST|RES[5]                                                                                                        ; padio            ;
; |BARREL_SHIFTERTEST|RES[4]                                                                                                        ; |BARREL_SHIFTERTEST|RES[4]                                                                                                        ; padio            ;
; |BARREL_SHIFTERTEST|RES[3]                                                                                                        ; |BARREL_SHIFTERTEST|RES[3]                                                                                                        ; padio            ;
; |BARREL_SHIFTERTEST|RES[2]                                                                                                        ; |BARREL_SHIFTERTEST|RES[2]                                                                                                        ; padio            ;
; |BARREL_SHIFTERTEST|RES[0]                                                                                                        ; |BARREL_SHIFTERTEST|RES[0]                                                                                                        ; padio            ;
; |BARREL_SHIFTERTEST|OP[0]                                                                                                         ; |BARREL_SHIFTERTEST|OP[0]~corein                                                                                                  ; combout          ;
; |BARREL_SHIFTERTEST|SHAMT[2]                                                                                                      ; |BARREL_SHIFTERTEST|SHAMT[2]~corein                                                                                               ; combout          ;
; |BARREL_SHIFTERTEST|SHAMT[3]                                                                                                      ; |BARREL_SHIFTERTEST|SHAMT[3]~corein                                                                                               ; combout          ;
; |BARREL_SHIFTERTEST|A[31]                                                                                                         ; |BARREL_SHIFTERTEST|A[31]~corein                                                                                                  ; combout          ;
; |BARREL_SHIFTERTEST|OP[1]                                                                                                         ; |BARREL_SHIFTERTEST|OP[1]~corein                                                                                                  ; combout          ;
; |BARREL_SHIFTERTEST|A[11]                                                                                                         ; |BARREL_SHIFTERTEST|A[11]~corein                                                                                                  ; combout          ;
; |BARREL_SHIFTERTEST|A[27]                                                                                                         ; |BARREL_SHIFTERTEST|A[27]~corein                                                                                                  ; combout          ;
; |BARREL_SHIFTERTEST|A[3]                                                                                                          ; |BARREL_SHIFTERTEST|A[3]~corein                                                                                                   ; combout          ;
; |BARREL_SHIFTERTEST|A[7]                                                                                                          ; |BARREL_SHIFTERTEST|A[7]~corein                                                                                                   ; combout          ;
; |BARREL_SHIFTERTEST|A[15]                                                                                                         ; |BARREL_SHIFTERTEST|A[15]~corein                                                                                                  ; combout          ;
; |BARREL_SHIFTERTEST|A[10]                                                                                                         ; |BARREL_SHIFTERTEST|A[10]~corein                                                                                                  ; combout          ;
; |BARREL_SHIFTERTEST|A[26]                                                                                                         ; |BARREL_SHIFTERTEST|A[26]~corein                                                                                                  ; combout          ;
; |BARREL_SHIFTERTEST|A[2]                                                                                                          ; |BARREL_SHIFTERTEST|A[2]~corein                                                                                                   ; combout          ;
; |BARREL_SHIFTERTEST|A[14]                                                                                                         ; |BARREL_SHIFTERTEST|A[14]~corein                                                                                                  ; combout          ;
; |BARREL_SHIFTERTEST|A[30]                                                                                                         ; |BARREL_SHIFTERTEST|A[30]~corein                                                                                                  ; combout          ;
; |BARREL_SHIFTERTEST|A[6]                                                                                                          ; |BARREL_SHIFTERTEST|A[6]~corein                                                                                                   ; combout          ;
; |BARREL_SHIFTERTEST|A[9]                                                                                                          ; |BARREL_SHIFTERTEST|A[9]~corein                                                                                                   ; combout          ;
; |BARREL_SHIFTERTEST|A[25]                                                                                                         ; |BARREL_SHIFTERTEST|A[25]~corein                                                                                                  ; combout          ;
; |BARREL_SHIFTERTEST|A[1]                                                                                                          ; |BARREL_SHIFTERTEST|A[1]~corein                                                                                                   ; combout          ;
; |BARREL_SHIFTERTEST|A[13]                                                                                                         ; |BARREL_SHIFTERTEST|A[13]~corein                                                                                                  ; combout          ;
; |BARREL_SHIFTERTEST|A[29]                                                                                                         ; |BARREL_SHIFTERTEST|A[29]~corein                                                                                                  ; combout          ;
; |BARREL_SHIFTERTEST|A[5]                                                                                                          ; |BARREL_SHIFTERTEST|A[5]~corein                                                                                                   ; combout          ;
; |BARREL_SHIFTERTEST|A[8]                                                                                                          ; |BARREL_SHIFTERTEST|A[8]~corein                                                                                                   ; combout          ;
; |BARREL_SHIFTERTEST|A[24]                                                                                                         ; |BARREL_SHIFTERTEST|A[24]~corein                                                                                                  ; combout          ;
; |BARREL_SHIFTERTEST|A[0]                                                                                                          ; |BARREL_SHIFTERTEST|A[0]~corein                                                                                                   ; combout          ;
; |BARREL_SHIFTERTEST|A[12]                                                                                                         ; |BARREL_SHIFTERTEST|A[12]~corein                                                                                                  ; combout          ;
; |BARREL_SHIFTERTEST|A[28]                                                                                                         ; |BARREL_SHIFTERTEST|A[28]~corein                                                                                                  ; combout          ;
; |BARREL_SHIFTERTEST|A[4]                                                                                                          ; |BARREL_SHIFTERTEST|A[4]~corein                                                                                                   ; combout          ;
+-----------------------------------------------------------------------------------------------------------------------------------+-----------------------------------------------------------------------------------------------------------------------------------+------------------+


The following table displays output ports that do not toggle to 1 during simulation.
+------------------------------------------------------------------------------------------------------------------------------------------------------------------------------------------------------------------------------------------------------------------------------------------+
; Missing 1-Value Coverage                                                                                                                                                                                                                                                                 ;
+-----------------------------------------------------------------------------------------------------------------------------------+-----------------------------------------------------------------------------------------------------------------------------------+------------------+
; Node Name                                                                                                                         ; Output Port Name                                                                                                                  ; Output Port Type ;
+-----------------------------------------------------------------------------------------------------------------------------------+-----------------------------------------------------------------------------------------------------------------------------------+------------------+
; |BARREL_SHIFTERTEST|BARREL_SHIFTER:inst|BARREL_CELL:\SHIFT_STAGES:2:SHIFT_BY_4:CELLS:31:TOP_4_BITS:MSBS|MUX2X1_BIT:MUX2X1_B|O~0   ; |BARREL_SHIFTERTEST|BARREL_SHIFTER:inst|BARREL_CELL:\SHIFT_STAGES:2:SHIFT_BY_4:CELLS:31:TOP_4_BITS:MSBS|MUX2X1_BIT:MUX2X1_B|O~0   ; combout          ;
; |BARREL_SHIFTERTEST|BARREL_SHIFTER:inst|BARREL_CELL:\SHIFT_STAGES:2:SHIFT_BY_4:CELLS:30:TOP_4_BITS:MSBS|MUX2X1_BIT:MUX2X1_B|O~0   ; |BARREL_SHIFTERTEST|BARREL_SHIFTER:inst|BARREL_CELL:\SHIFT_STAGES:2:SHIFT_BY_4:CELLS:30:TOP_4_BITS:MSBS|MUX2X1_BIT:MUX2X1_B|O~0   ; combout          ;
; |BARREL_SHIFTERTEST|BARREL_SHIFTER:inst|BARREL_CELL:\SHIFT_STAGES:2:SHIFT_BY_4:CELLS:29:TOP_4_BITS:MSBS|MUX2X1_BIT:MUX2X1_B|O~0   ; |BARREL_SHIFTERTEST|BARREL_SHIFTER:inst|BARREL_CELL:\SHIFT_STAGES:2:SHIFT_BY_4:CELLS:29:TOP_4_BITS:MSBS|MUX2X1_BIT:MUX2X1_B|O~0   ; combout          ;
; |BARREL_SHIFTERTEST|BARREL_SHIFTER:inst|BARREL_CELL:\SHIFT_STAGES:2:SHIFT_BY_4:CELLS:28:TOP_4_BITS:MSBS|MUX2X1_BIT:MUX2X1_B|O~0   ; |BARREL_SHIFTERTEST|BARREL_SHIFTER:inst|BARREL_CELL:\SHIFT_STAGES:2:SHIFT_BY_4:CELLS:28:TOP_4_BITS:MSBS|MUX2X1_BIT:MUX2X1_B|O~0   ; combout          ;
; |BARREL_SHIFTERTEST|BARREL_SHIFTER:inst|BARREL_CELL:\SHIFT_STAGES:4:SHIFT_BY_16:CELLS:14:BOT_16_BITS:LSBS|MUX2X1_BIT:MUX2X1_B|O~0 ; |BARREL_SHIFTERTEST|BARREL_SHIFTER:inst|BARREL_CELL:\SHIFT_STAGES:4:SHIFT_BY_16:CELLS:14:BOT_16_BITS:LSBS|MUX2X1_BIT:MUX2X1_B|O~0 ; combout          ;
; |BARREL_SHIFTERTEST|BARREL_SHIFTER:inst|BARREL_CELL:\SHIFT_STAGES:4:SHIFT_BY_16:CELLS:14:BOT_16_BITS:LSBS|MUX2X1_BIT:MUX2X1_B|O~1 ; |BARREL_SHIFTERTEST|BARREL_SHIFTER:inst|BARREL_CELL:\SHIFT_STAGES:4:SHIFT_BY_16:CELLS:14:BOT_16_BITS:LSBS|MUX2X1_BIT:MUX2X1_B|O~1 ; combout          ;
; |BARREL_SHIFTERTEST|BARREL_SHIFTER:inst|BARREL_CELL:\SHIFT_STAGES:4:SHIFT_BY_16:CELLS:14:BOT_16_BITS:LSBS|MUX2X1_BIT:MUX2X1_B|O~2 ; |BARREL_SHIFTERTEST|BARREL_SHIFTER:inst|BARREL_CELL:\SHIFT_STAGES:4:SHIFT_BY_16:CELLS:14:BOT_16_BITS:LSBS|MUX2X1_BIT:MUX2X1_B|O~2 ; combout          ;
; |BARREL_SHIFTERTEST|BARREL_SHIFTER:inst|BARREL_CELL:\SHIFT_STAGES:4:SHIFT_BY_16:CELLS:12:BOT_16_BITS:LSBS|MUX2X1_BIT:MUX2X1_B|O~0 ; |BARREL_SHIFTERTEST|BARREL_SHIFTER:inst|BARREL_CELL:\SHIFT_STAGES:4:SHIFT_BY_16:CELLS:12:BOT_16_BITS:LSBS|MUX2X1_BIT:MUX2X1_B|O~0 ; combout          ;
; |BARREL_SHIFTERTEST|BARREL_SHIFTER:inst|BARREL_CELL:\SHIFT_STAGES:4:SHIFT_BY_16:CELLS:12:BOT_16_BITS:LSBS|MUX2X1_BIT:MUX2X1_B|O~1 ; |BARREL_SHIFTERTEST|BARREL_SHIFTER:inst|BARREL_CELL:\SHIFT_STAGES:4:SHIFT_BY_16:CELLS:12:BOT_16_BITS:LSBS|MUX2X1_BIT:MUX2X1_B|O~1 ; combout          ;
; |BARREL_SHIFTERTEST|BARREL_SHIFTER:inst|BARREL_CELL:\SHIFT_STAGES:4:SHIFT_BY_16:CELLS:11:BOT_16_BITS:LSBS|MUX2X1_BIT:MUX2X1_B|O~0 ; |BARREL_SHIFTERTEST|BARREL_SHIFTER:inst|BARREL_CELL:\SHIFT_STAGES:4:SHIFT_BY_16:CELLS:11:BOT_16_BITS:LSBS|MUX2X1_BIT:MUX2X1_B|O~0 ; combout          ;
; |BARREL_SHIFTERTEST|BARREL_SHIFTER:inst|BARREL_CELL:\SHIFT_STAGES:4:SHIFT_BY_16:CELLS:11:BOT_16_BITS:LSBS|MUX2X1_BIT:MUX2X1_B|O~1 ; |BARREL_SHIFTERTEST|BARREL_SHIFTER:inst|BARREL_CELL:\SHIFT_STAGES:4:SHIFT_BY_16:CELLS:11:BOT_16_BITS:LSBS|MUX2X1_BIT:MUX2X1_B|O~1 ; combout          ;
; |BARREL_SHIFTERTEST|BARREL_SHIFTER:inst|BARREL_CELL:\SHIFT_STAGES:4:SHIFT_BY_16:CELLS:9:BOT_16_BITS:LSBS|MUX2X1_BIT:MUX2X1_B|O~0  ; |BARREL_SHIFTERTEST|BARREL_SHIFTER:inst|BARREL_CELL:\SHIFT_STAGES:4:SHIFT_BY_16:CELLS:9:BOT_16_BITS:LSBS|MUX2X1_BIT:MUX2X1_B|O~0  ; combout          ;
; |BARREL_SHIFTERTEST|BARREL_SHIFTER:inst|BARREL_CELL:\SHIFT_STAGES:4:SHIFT_BY_16:CELLS:9:BOT_16_BITS:LSBS|MUX2X1_BIT:MUX2X1_B|O~1  ; |BARREL_SHIFTERTEST|BARREL_SHIFTER:inst|BARREL_CELL:\SHIFT_STAGES:4:SHIFT_BY_16:CELLS:9:BOT_16_BITS:LSBS|MUX2X1_BIT:MUX2X1_B|O~1  ; combout          ;
; |BARREL_SHIFTERTEST|BARREL_SHIFTER:inst|BARREL_CELL:\SHIFT_STAGES:4:SHIFT_BY_16:CELLS:6:BOT_16_BITS:LSBS|MUX2X1_BIT:MUX2X1_B|O~0  ; |BARREL_SHIFTERTEST|BARREL_SHIFTER:inst|BARREL_CELL:\SHIFT_STAGES:4:SHIFT_BY_16:CELLS:6:BOT_16_BITS:LSBS|MUX2X1_BIT:MUX2X1_B|O~0  ; combout          ;
; |BARREL_SHIFTERTEST|BARREL_SHIFTER:inst|BARREL_CELL:\SHIFT_STAGES:4:SHIFT_BY_16:CELLS:5:BOT_16_BITS:LSBS|MUX2X1_BIT:MUX2X1_B|O~0  ; |BARREL_SHIFTERTEST|BARREL_SHIFTER:inst|BARREL_CELL:\SHIFT_STAGES:4:SHIFT_BY_16:CELLS:5:BOT_16_BITS:LSBS|MUX2X1_BIT:MUX2X1_B|O~0  ; combout          ;
; |BARREL_SHIFTERTEST|BARREL_SHIFTER:inst|BARREL_CELL:\SHIFT_STAGES:4:SHIFT_BY_16:CELLS:4:BOT_16_BITS:LSBS|MUX2X1_BIT:MUX2X1_B|O~0  ; |BARREL_SHIFTERTEST|BARREL_SHIFTER:inst|BARREL_CELL:\SHIFT_STAGES:4:SHIFT_BY_16:CELLS:4:BOT_16_BITS:LSBS|MUX2X1_BIT:MUX2X1_B|O~0  ; combout          ;
; |BARREL_SHIFTERTEST|BARREL_SHIFTER:inst|BARREL_CELL:\SHIFT_STAGES:4:SHIFT_BY_16:CELLS:2:BOT_16_BITS:LSBS|MUX2X1_BIT:MUX2X1_B|O~0  ; |BARREL_SHIFTERTEST|BARREL_SHIFTER:inst|BARREL_CELL:\SHIFT_STAGES:4:SHIFT_BY_16:CELLS:2:BOT_16_BITS:LSBS|MUX2X1_BIT:MUX2X1_B|O~0  ; combout          ;
; |BARREL_SHIFTERTEST|BARREL_SHIFTER:inst|BARREL_CELL:\SHIFT_STAGES:2:SHIFT_BY_4:CELLS:14:MID_24_BITS:MIDS|MUX2X1_BIT:MUX2X1_B|O~0  ; |BARREL_SHIFTERTEST|BARREL_SHIFTER:inst|BARREL_CELL:\SHIFT_STAGES:2:SHIFT_BY_4:CELLS:14:MID_24_BITS:MIDS|MUX2X1_BIT:MUX2X1_B|O~0  ; combout          ;
; |BARREL_SHIFTERTEST|BARREL_SHIFTER:inst|BARREL_CELL:\SHIFT_STAGES:4:SHIFT_BY_16:CELLS:1:BOT_16_BITS:LSBS|MUX2X1_BIT:MUX2X1_B|O~0  ; |BARREL_SHIFTERTEST|BARREL_SHIFTER:inst|BARREL_CELL:\SHIFT_STAGES:4:SHIFT_BY_16:CELLS:1:BOT_16_BITS:LSBS|MUX2X1_BIT:MUX2X1_B|O~0  ; combout          ;
; |BARREL_SHIFTERTEST|BARREL_SHIFTER:inst|BARREL_CELL:\SHIFT_STAGES:2:SHIFT_BY_4:CELLS:13:MID_24_BITS:MIDS|MUX2X1_BIT:MUX2X1_B|O~0  ; |BARREL_SHIFTERTEST|BARREL_SHIFTER:inst|BARREL_CELL:\SHIFT_STAGES:2:SHIFT_BY_4:CELLS:13:MID_24_BITS:MIDS|MUX2X1_BIT:MUX2X1_B|O~0  ; combout          ;
; |BARREL_SHIFTERTEST|BARREL_SHIFTER:inst|BARREL_CELL:\SHIFT_STAGES:2:SHIFT_BY_4:CELLS:12:MID_24_BITS:MIDS|MUX2X1_BIT:MUX2X1_B|O~0  ; |BARREL_SHIFTERTEST|BARREL_SHIFTER:inst|BARREL_CELL:\SHIFT_STAGES:2:SHIFT_BY_4:CELLS:12:MID_24_BITS:MIDS|MUX2X1_BIT:MUX2X1_B|O~0  ; combout          ;
; |BARREL_SHIFTERTEST|BARREL_SHIFTER:inst|BARREL_CELL:\SHIFT_STAGES:3:SHIFT_BY_8:CELLS:7:BOT_8_BITS:LSBS|MUX2X1_BIT:MUX2X1_B|O~1    ; |BARREL_SHIFTERTEST|BARREL_SHIFTER:inst|BARREL_CELL:\SHIFT_STAGES:3:SHIFT_BY_8:CELLS:7:BOT_8_BITS:LSBS|MUX2X1_BIT:MUX2X1_B|O~1    ; combout          ;
; |BARREL_SHIFTERTEST|BARREL_SHIFTER:inst|BARREL_CELL:\SHIFT_STAGES:2:SHIFT_BY_4:CELLS:11:MID_24_BITS:MIDS|MUX2X1_BIT:MUX2X1_B|O~0  ; |BARREL_SHIFTERTEST|BARREL_SHIFTER:inst|BARREL_CELL:\SHIFT_STAGES:2:SHIFT_BY_4:CELLS:11:MID_24_BITS:MIDS|MUX2X1_BIT:MUX2X1_B|O~0  ; combout          ;
; |BARREL_SHIFTERTEST|BARREL_SHIFTER:inst|BARREL_CELL:\SHIFT_STAGES:3:SHIFT_BY_8:CELLS:6:BOT_8_BITS:LSBS|MUX2X1_BIT:MUX2X1_B|O~0    ; |BARREL_SHIFTERTEST|BARREL_SHIFTER:inst|BARREL_CELL:\SHIFT_STAGES:3:SHIFT_BY_8:CELLS:6:BOT_8_BITS:LSBS|MUX2X1_BIT:MUX2X1_B|O~0    ; combout          ;
; |BARREL_SHIFTERTEST|BARREL_SHIFTER:inst|BARREL_CELL:\SHIFT_STAGES:3:SHIFT_BY_8:CELLS:6:BOT_8_BITS:LSBS|MUX2X1_BIT:MUX2X1_B|O~1    ; |BARREL_SHIFTERTEST|BARREL_SHIFTER:inst|BARREL_CELL:\SHIFT_STAGES:3:SHIFT_BY_8:CELLS:6:BOT_8_BITS:LSBS|MUX2X1_BIT:MUX2X1_B|O~1    ; combout          ;
; |BARREL_SHIFTERTEST|BARREL_SHIFTER:inst|BARREL_CELL:\SHIFT_STAGES:3:SHIFT_BY_8:CELLS:6:BOT_8_BITS:LSBS|MUX2X1_BIT:MUX2X1_B|O~2    ; |BARREL_SHIFTERTEST|BARREL_SHIFTER:inst|BARREL_CELL:\SHIFT_STAGES:3:SHIFT_BY_8:CELLS:6:BOT_8_BITS:LSBS|MUX2X1_BIT:MUX2X1_B|O~2    ; combout          ;
; |BARREL_SHIFTERTEST|BARREL_SHIFTER:inst|BARREL_CELL:\SHIFT_STAGES:2:SHIFT_BY_4:CELLS:10:MID_24_BITS:MIDS|MUX2X1_BIT:MUX2X1_B|O~0  ; |BARREL_SHIFTERTEST|BARREL_SHIFTER:inst|BARREL_CELL:\SHIFT_STAGES:2:SHIFT_BY_4:CELLS:10:MID_24_BITS:MIDS|MUX2X1_BIT:MUX2X1_B|O~0  ; combout          ;
; |BARREL_SHIFTERTEST|BARREL_SHIFTER:inst|BARREL_CELL:\SHIFT_STAGES:2:SHIFT_BY_4:CELLS:9:MID_24_BITS:MIDS|MUX2X1_BIT:MUX2X1_B|O~0   ; |BARREL_SHIFTERTEST|BARREL_SHIFTER:inst|BARREL_CELL:\SHIFT_STAGES:2:SHIFT_BY_4:CELLS:9:MID_24_BITS:MIDS|MUX2X1_BIT:MUX2X1_B|O~0   ; combout          ;
; |BARREL_SHIFTERTEST|BARREL_SHIFTER:inst|BARREL_CELL:\SHIFT_STAGES:3:SHIFT_BY_8:CELLS:4:BOT_8_BITS:LSBS|MUX2X1_BIT:MUX2X1_B|O~0    ; |BARREL_SHIFTERTEST|BARREL_SHIFTER:inst|BARREL_CELL:\SHIFT_STAGES:3:SHIFT_BY_8:CELLS:4:BOT_8_BITS:LSBS|MUX2X1_BIT:MUX2X1_B|O~0    ; combout          ;
; |BARREL_SHIFTERTEST|BARREL_SHIFTER:inst|BARREL_CELL:\SHIFT_STAGES:3:SHIFT_BY_8:CELLS:4:BOT_8_BITS:LSBS|MUX2X1_BIT:MUX2X1_B|O~1    ; |BARREL_SHIFTERTEST|BARREL_SHIFTER:inst|BARREL_CELL:\SHIFT_STAGES:3:SHIFT_BY_8:CELLS:4:BOT_8_BITS:LSBS|MUX2X1_BIT:MUX2X1_B|O~1    ; combout          ;
; |BARREL_SHIFTERTEST|BARREL_SHIFTER:inst|BARREL_CELL:\SHIFT_STAGES:2:SHIFT_BY_4:CELLS:8:MID_24_BITS:MIDS|MUX2X1_BIT:MUX2X1_B|O~0   ; |BARREL_SHIFTERTEST|BARREL_SHIFTER:inst|BARREL_CELL:\SHIFT_STAGES:2:SHIFT_BY_4:CELLS:8:MID_24_BITS:MIDS|MUX2X1_BIT:MUX2X1_B|O~0   ; combout          ;
; |BARREL_SHIFTERTEST|BARREL_SHIFTER:inst|BARREL_CELL:\SHIFT_STAGES:3:SHIFT_BY_8:CELLS:3:BOT_8_BITS:LSBS|MUX2X1_BIT:MUX2X1_B|O~0    ; |BARREL_SHIFTERTEST|BARREL_SHIFTER:inst|BARREL_CELL:\SHIFT_STAGES:3:SHIFT_BY_8:CELLS:3:BOT_8_BITS:LSBS|MUX2X1_BIT:MUX2X1_B|O~0    ; combout          ;
; |BARREL_SHIFTERTEST|BARREL_SHIFTER:inst|BARREL_CELL:\SHIFT_STAGES:3:SHIFT_BY_8:CELLS:1:BOT_8_BITS:LSBS|MUX2X1_BIT:MUX2X1_B|O~0    ; |BARREL_SHIFTERTEST|BARREL_SHIFTER:inst|BARREL_CELL:\SHIFT_STAGES:3:SHIFT_BY_8:CELLS:1:BOT_8_BITS:LSBS|MUX2X1_BIT:MUX2X1_B|O~0    ; combout          ;
; |BARREL_SHIFTERTEST|BARREL_SHIFTER:inst|BARREL_CELL:\SHIFT_STAGES:2:SHIFT_BY_4:CELLS:3:BOT_4_BITS:LSBS|MUX2X1_BIT:MUX2X1_B|O~0    ; |BARREL_SHIFTERTEST|BARREL_SHIFTER:inst|BARREL_CELL:\SHIFT_STAGES:2:SHIFT_BY_4:CELLS:3:BOT_4_BITS:LSBS|MUX2X1_BIT:MUX2X1_B|O~0    ; combout          ;
; |BARREL_SHIFTERTEST|BARREL_SHIFTER:inst|BARREL_CELL:\SHIFT_STAGES:2:SHIFT_BY_4:CELLS:3:BOT_4_BITS:LSBS|MUX2X1_BIT:MUX2X1_B|O~1    ; |BARREL_SHIFTERTEST|BARREL_SHIFTER:inst|BARREL_CELL:\SHIFT_STAGES:2:SHIFT_BY_4:CELLS:3:BOT_4_BITS:LSBS|MUX2X1_BIT:MUX2X1_B|O~1    ; combout          ;
; |BARREL_SHIFTERTEST|BARREL_SHIFTER:inst|BARREL_CELL:\SHIFT_STAGES:2:SHIFT_BY_4:CELLS:2:BOT_4_BITS:LSBS|MUX2X1_BIT:MUX2X1_B|O~0    ; |BARREL_SHIFTERTEST|BARREL_SHIFTER:inst|BARREL_CELL:\SHIFT_STAGES:2:SHIFT_BY_4:CELLS:2:BOT_4_BITS:LSBS|MUX2X1_BIT:MUX2X1_B|O~0    ; combout          ;
; |BARREL_SHIFTERTEST|BARREL_SHIFTER:inst|BARREL_CELL:\SHIFT_STAGES:2:SHIFT_BY_4:CELLS:1:BOT_4_BITS:LSBS|MUX2X1_BIT:MUX2X1_B|O~0    ; |BARREL_SHIFTERTEST|BARREL_SHIFTER:inst|BARREL_CELL:\SHIFT_STAGES:2:SHIFT_BY_4:CELLS:1:BOT_4_BITS:LSBS|MUX2X1_BIT:MUX2X1_B|O~0    ; combout          ;
; |BARREL_SHIFTERTEST|BARREL_SHIFTER:inst|BARREL_CELL:\SHIFT_STAGES:2:SHIFT_BY_4:CELLS:1:BOT_4_BITS:LSBS|MUX2X1_BIT:MUX2X1_B|O~1    ; |BARREL_SHIFTERTEST|BARREL_SHIFTER:inst|BARREL_CELL:\SHIFT_STAGES:2:SHIFT_BY_4:CELLS:1:BOT_4_BITS:LSBS|MUX2X1_BIT:MUX2X1_B|O~1    ; combout          ;
; |BARREL_SHIFTERTEST|BARREL_SHIFTER:inst|BARREL_CELL:\SHIFT_STAGES:2:SHIFT_BY_4:CELLS:0:BOT_4_BITS:LSBS|MUX2X1_BIT:MUX2X1_B|O~0    ; |BARREL_SHIFTERTEST|BARREL_SHIFTER:inst|BARREL_CELL:\SHIFT_STAGES:2:SHIFT_BY_4:CELLS:0:BOT_4_BITS:LSBS|MUX2X1_BIT:MUX2X1_B|O~0    ; combout          ;
; |BARREL_SHIFTERTEST|RES[1]                                                                                                        ; |BARREL_SHIFTERTEST|RES[1]                                                                                                        ; padio            ;
; |BARREL_SHIFTERTEST|SHAMT[4]                                                                                                      ; |BARREL_SHIFTERTEST|SHAMT[4]~corein                                                                                               ; combout          ;
; |BARREL_SHIFTERTEST|A[19]                                                                                                         ; |BARREL_SHIFTERTEST|A[19]~corein                                                                                                  ; combout          ;
; |BARREL_SHIFTERTEST|A[23]                                                                                                         ; |BARREL_SHIFTERTEST|A[23]~corein                                                                                                  ; combout          ;
; |BARREL_SHIFTERTEST|A[18]                                                                                                         ; |BARREL_SHIFTERTEST|A[18]~corein                                                                                                  ; combout          ;
; |BARREL_SHIFTERTEST|A[22]                                                                                                         ; |BARREL_SHIFTERTEST|A[22]~corein                                                                                                  ; combout          ;
; |BARREL_SHIFTERTEST|A[17]                                                                                                         ; |BARREL_SHIFTERTEST|A[17]~corein                                                                                                  ; combout          ;
; |BARREL_SHIFTERTEST|A[21]                                                                                                         ; |BARREL_SHIFTERTEST|A[21]~corein                                                                                                  ; combout          ;
; |BARREL_SHIFTERTEST|A[16]                                                                                                         ; |BARREL_SHIFTERTEST|A[16]~corein                                                                                                  ; combout          ;
; |BARREL_SHIFTERTEST|A[20]                                                                                                         ; |BARREL_SHIFTERTEST|A[20]~corein                                                                                                  ; combout          ;
+-----------------------------------------------------------------------------------------------------------------------------------+-----------------------------------------------------------------------------------------------------------------------------------+------------------+


The following table displays output ports that do not toggle to 0 during simulation.
+------------------------------------------------------------------------------------------------------------------------------------------------------------------------------------------------------------------------------------------------------------------------------------------+
; Missing 0-Value Coverage                                                                                                                                                                                                                                                                 ;
+-----------------------------------------------------------------------------------------------------------------------------------+-----------------------------------------------------------------------------------------------------------------------------------+------------------+
; Node Name                                                                                                                         ; Output Port Name                                                                                                                  ; Output Port Type ;
+-----------------------------------------------------------------------------------------------------------------------------------+-----------------------------------------------------------------------------------------------------------------------------------+------------------+
; |BARREL_SHIFTERTEST|BARREL_SHIFTER:inst|BARREL_CELL:\SHIFT_STAGES:2:SHIFT_BY_4:CELLS:31:TOP_4_BITS:MSBS|MUX2X1_BIT:MUX2X1_B|O~0   ; |BARREL_SHIFTERTEST|BARREL_SHIFTER:inst|BARREL_CELL:\SHIFT_STAGES:2:SHIFT_BY_4:CELLS:31:TOP_4_BITS:MSBS|MUX2X1_BIT:MUX2X1_B|O~0   ; combout          ;
; |BARREL_SHIFTERTEST|BARREL_SHIFTER:inst|BARREL_CELL:\SHIFT_STAGES:2:SHIFT_BY_4:CELLS:30:TOP_4_BITS:MSBS|MUX2X1_BIT:MUX2X1_B|O~0   ; |BARREL_SHIFTERTEST|BARREL_SHIFTER:inst|BARREL_CELL:\SHIFT_STAGES:2:SHIFT_BY_4:CELLS:30:TOP_4_BITS:MSBS|MUX2X1_BIT:MUX2X1_B|O~0   ; combout          ;
; |BARREL_SHIFTERTEST|BARREL_SHIFTER:inst|BARREL_CELL:\SHIFT_STAGES:2:SHIFT_BY_4:CELLS:29:TOP_4_BITS:MSBS|MUX2X1_BIT:MUX2X1_B|O~0   ; |BARREL_SHIFTERTEST|BARREL_SHIFTER:inst|BARREL_CELL:\SHIFT_STAGES:2:SHIFT_BY_4:CELLS:29:TOP_4_BITS:MSBS|MUX2X1_BIT:MUX2X1_B|O~0   ; combout          ;
; |BARREL_SHIFTERTEST|BARREL_SHIFTER:inst|BARREL_CELL:\SHIFT_STAGES:2:SHIFT_BY_4:CELLS:28:TOP_4_BITS:MSBS|MUX2X1_BIT:MUX2X1_B|O~0   ; |BARREL_SHIFTERTEST|BARREL_SHIFTER:inst|BARREL_CELL:\SHIFT_STAGES:2:SHIFT_BY_4:CELLS:28:TOP_4_BITS:MSBS|MUX2X1_BIT:MUX2X1_B|O~0   ; combout          ;
; |BARREL_SHIFTERTEST|BARREL_SHIFTER:inst|BARREL_CELL:\SHIFT_STAGES:4:SHIFT_BY_16:CELLS:14:BOT_16_BITS:LSBS|MUX2X1_BIT:MUX2X1_B|O~0 ; |BARREL_SHIFTERTEST|BARREL_SHIFTER:inst|BARREL_CELL:\SHIFT_STAGES:4:SHIFT_BY_16:CELLS:14:BOT_16_BITS:LSBS|MUX2X1_BIT:MUX2X1_B|O~0 ; combout          ;
; |BARREL_SHIFTERTEST|BARREL_SHIFTER:inst|BARREL_CELL:\SHIFT_STAGES:2:SHIFT_BY_4:CELLS:14:MID_24_BITS:MIDS|MUX2X1_BIT:MUX2X1_B|O~0  ; |BARREL_SHIFTERTEST|BARREL_SHIFTER:inst|BARREL_CELL:\SHIFT_STAGES:2:SHIFT_BY_4:CELLS:14:MID_24_BITS:MIDS|MUX2X1_BIT:MUX2X1_B|O~0  ; combout          ;
; |BARREL_SHIFTERTEST|BARREL_SHIFTER:inst|BARREL_CELL:\SHIFT_STAGES:2:SHIFT_BY_4:CELLS:13:MID_24_BITS:MIDS|MUX2X1_BIT:MUX2X1_B|O~0  ; |BARREL_SHIFTERTEST|BARREL_SHIFTER:inst|BARREL_CELL:\SHIFT_STAGES:2:SHIFT_BY_4:CELLS:13:MID_24_BITS:MIDS|MUX2X1_BIT:MUX2X1_B|O~0  ; combout          ;
; |BARREL_SHIFTERTEST|BARREL_SHIFTER:inst|BARREL_CELL:\SHIFT_STAGES:2:SHIFT_BY_4:CELLS:12:MID_24_BITS:MIDS|MUX2X1_BIT:MUX2X1_B|O~0  ; |BARREL_SHIFTERTEST|BARREL_SHIFTER:inst|BARREL_CELL:\SHIFT_STAGES:2:SHIFT_BY_4:CELLS:12:MID_24_BITS:MIDS|MUX2X1_BIT:MUX2X1_B|O~0  ; combout          ;
; |BARREL_SHIFTERTEST|BARREL_SHIFTER:inst|BARREL_CELL:\SHIFT_STAGES:3:SHIFT_BY_8:CELLS:7:BOT_8_BITS:LSBS|MUX2X1_BIT:MUX2X1_B|O~1    ; |BARREL_SHIFTERTEST|BARREL_SHIFTER:inst|BARREL_CELL:\SHIFT_STAGES:3:SHIFT_BY_8:CELLS:7:BOT_8_BITS:LSBS|MUX2X1_BIT:MUX2X1_B|O~1    ; combout          ;
; |BARREL_SHIFTERTEST|BARREL_SHIFTER:inst|BARREL_CELL:\SHIFT_STAGES:2:SHIFT_BY_4:CELLS:11:MID_24_BITS:MIDS|MUX2X1_BIT:MUX2X1_B|O~0  ; |BARREL_SHIFTERTEST|BARREL_SHIFTER:inst|BARREL_CELL:\SHIFT_STAGES:2:SHIFT_BY_4:CELLS:11:MID_24_BITS:MIDS|MUX2X1_BIT:MUX2X1_B|O~0  ; combout          ;
; |BARREL_SHIFTERTEST|BARREL_SHIFTER:inst|BARREL_CELL:\SHIFT_STAGES:3:SHIFT_BY_8:CELLS:6:BOT_8_BITS:LSBS|MUX2X1_BIT:MUX2X1_B|O~0    ; |BARREL_SHIFTERTEST|BARREL_SHIFTER:inst|BARREL_CELL:\SHIFT_STAGES:3:SHIFT_BY_8:CELLS:6:BOT_8_BITS:LSBS|MUX2X1_BIT:MUX2X1_B|O~0    ; combout          ;
; |BARREL_SHIFTERTEST|BARREL_SHIFTER:inst|BARREL_CELL:\SHIFT_STAGES:3:SHIFT_BY_8:CELLS:6:BOT_8_BITS:LSBS|MUX2X1_BIT:MUX2X1_B|O~1    ; |BARREL_SHIFTERTEST|BARREL_SHIFTER:inst|BARREL_CELL:\SHIFT_STAGES:3:SHIFT_BY_8:CELLS:6:BOT_8_BITS:LSBS|MUX2X1_BIT:MUX2X1_B|O~1    ; combout          ;
; |BARREL_SHIFTERTEST|BARREL_SHIFTER:inst|BARREL_CELL:\SHIFT_STAGES:2:SHIFT_BY_4:CELLS:10:MID_24_BITS:MIDS|MUX2X1_BIT:MUX2X1_B|O~0  ; |BARREL_SHIFTERTEST|BARREL_SHIFTER:inst|BARREL_CELL:\SHIFT_STAGES:2:SHIFT_BY_4:CELLS:10:MID_24_BITS:MIDS|MUX2X1_BIT:MUX2X1_B|O~0  ; combout          ;
; |BARREL_SHIFTERTEST|BARREL_SHIFTER:inst|BARREL_CELL:\SHIFT_STAGES:2:SHIFT_BY_4:CELLS:9:MID_24_BITS:MIDS|MUX2X1_BIT:MUX2X1_B|O~0   ; |BARREL_SHIFTERTEST|BARREL_SHIFTER:inst|BARREL_CELL:\SHIFT_STAGES:2:SHIFT_BY_4:CELLS:9:MID_24_BITS:MIDS|MUX2X1_BIT:MUX2X1_B|O~0   ; combout          ;
; |BARREL_SHIFTERTEST|BARREL_SHIFTER:inst|BARREL_CELL:\SHIFT_STAGES:3:SHIFT_BY_8:CELLS:4:BOT_8_BITS:LSBS|MUX2X1_BIT:MUX2X1_B|O~0    ; |BARREL_SHIFTERTEST|BARREL_SHIFTER:inst|BARREL_CELL:\SHIFT_STAGES:3:SHIFT_BY_8:CELLS:4:BOT_8_BITS:LSBS|MUX2X1_BIT:MUX2X1_B|O~0    ; combout          ;
; |BARREL_SHIFTERTEST|BARREL_SHIFTER:inst|BARREL_CELL:\SHIFT_STAGES:2:SHIFT_BY_4:CELLS:8:MID_24_BITS:MIDS|MUX2X1_BIT:MUX2X1_B|O~0   ; |BARREL_SHIFTERTEST|BARREL_SHIFTER:inst|BARREL_CELL:\SHIFT_STAGES:2:SHIFT_BY_4:CELLS:8:MID_24_BITS:MIDS|MUX2X1_BIT:MUX2X1_B|O~0   ; combout          ;
; |BARREL_SHIFTERTEST|BARREL_SHIFTER:inst|BARREL_CELL:\SHIFT_STAGES:3:SHIFT_BY_8:CELLS:3:BOT_8_BITS:LSBS|MUX2X1_BIT:MUX2X1_B|O~0    ; |BARREL_SHIFTERTEST|BARREL_SHIFTER:inst|BARREL_CELL:\SHIFT_STAGES:3:SHIFT_BY_8:CELLS:3:BOT_8_BITS:LSBS|MUX2X1_BIT:MUX2X1_B|O~0    ; combout          ;
; |BARREL_SHIFTERTEST|BARREL_SHIFTER:inst|BARREL_CELL:\SHIFT_STAGES:3:SHIFT_BY_8:CELLS:1:BOT_8_BITS:LSBS|MUX2X1_BIT:MUX2X1_B|O~0    ; |BARREL_SHIFTERTEST|BARREL_SHIFTER:inst|BARREL_CELL:\SHIFT_STAGES:3:SHIFT_BY_8:CELLS:1:BOT_8_BITS:LSBS|MUX2X1_BIT:MUX2X1_B|O~0    ; combout          ;
; |BARREL_SHIFTERTEST|BARREL_SHIFTER:inst|BARREL_CELL:\SHIFT_STAGES:2:SHIFT_BY_4:CELLS:3:BOT_4_BITS:LSBS|MUX2X1_BIT:MUX2X1_B|O~0    ; |BARREL_SHIFTERTEST|BARREL_SHIFTER:inst|BARREL_CELL:\SHIFT_STAGES:2:SHIFT_BY_4:CELLS:3:BOT_4_BITS:LSBS|MUX2X1_BIT:MUX2X1_B|O~0    ; combout          ;
; |BARREL_SHIFTERTEST|BARREL_SHIFTER:inst|BARREL_CELL:\SHIFT_STAGES:2:SHIFT_BY_4:CELLS:3:BOT_4_BITS:LSBS|MUX2X1_BIT:MUX2X1_B|O~1    ; |BARREL_SHIFTERTEST|BARREL_SHIFTER:inst|BARREL_CELL:\SHIFT_STAGES:2:SHIFT_BY_4:CELLS:3:BOT_4_BITS:LSBS|MUX2X1_BIT:MUX2X1_B|O~1    ; combout          ;
; |BARREL_SHIFTERTEST|BARREL_SHIFTER:inst|BARREL_CELL:\SHIFT_STAGES:2:SHIFT_BY_4:CELLS:2:BOT_4_BITS:LSBS|MUX2X1_BIT:MUX2X1_B|O~0    ; |BARREL_SHIFTERTEST|BARREL_SHIFTER:inst|BARREL_CELL:\SHIFT_STAGES:2:SHIFT_BY_4:CELLS:2:BOT_4_BITS:LSBS|MUX2X1_BIT:MUX2X1_B|O~0    ; combout          ;
; |BARREL_SHIFTERTEST|BARREL_SHIFTER:inst|BARREL_CELL:\SHIFT_STAGES:2:SHIFT_BY_4:CELLS:1:BOT_4_BITS:LSBS|MUX2X1_BIT:MUX2X1_B|O~0    ; |BARREL_SHIFTERTEST|BARREL_SHIFTER:inst|BARREL_CELL:\SHIFT_STAGES:2:SHIFT_BY_4:CELLS:1:BOT_4_BITS:LSBS|MUX2X1_BIT:MUX2X1_B|O~0    ; combout          ;
; |BARREL_SHIFTERTEST|BARREL_SHIFTER:inst|BARREL_CELL:\SHIFT_STAGES:2:SHIFT_BY_4:CELLS:0:BOT_4_BITS:LSBS|MUX2X1_BIT:MUX2X1_B|O~0    ; |BARREL_SHIFTERTEST|BARREL_SHIFTER:inst|BARREL_CELL:\SHIFT_STAGES:2:SHIFT_BY_4:CELLS:0:BOT_4_BITS:LSBS|MUX2X1_BIT:MUX2X1_B|O~0    ; combout          ;
+-----------------------------------------------------------------------------------------------------------------------------------+-----------------------------------------------------------------------------------------------------------------------------------+------------------+


+---------------------+
; Simulator INI Usage ;
+--------+------------+
; Option ; Usage      ;
+--------+------------+


+--------------------+
; Simulator Messages ;
+--------------------+
Info: *******************************************************************
Info: Running Quartus II Simulator
    Info: Version 9.1 Build 350 03/24/2010 Service Pack 2 SJ Web Edition
    Info: Processing started: Mon Mar 04 20:48:44 2019
Info: Command: quartus_sim --read_settings_files=on --write_settings_files=off RV32IM -c RV32IM
Info: Using vector source file "D:/Academic/Software/QuartusWebEdition/quartus/RISCV/BARREL_SHIFTERTEST.vwf"
Info: Option to preserve fewer signal transitions to reduce memory requirements is enabled
    Info: Simulation has been partitioned into sub-simulations according to the maximum transition count determined by the engine. Transitions from memory will be flushed out to disk at the end of each sub-simulation to reduce memory requirements.
Info: Simulation partitioned into 1 sub-simulations
Info: Simulation coverage is      81.78 %
Info: Number of transitions in simulation is 1025
Info: Quartus II Simulator was successful. 0 errors, 0 warnings
    Info: Peak virtual memory: 171 megabytes
    Info: Processing ended: Mon Mar 04 20:48:44 2019
    Info: Elapsed time: 00:00:00
    Info: Total CPU time (on all processors): 00:00:01


