Classic Timing Analyzer report for RV32IM
Mon Mar 04 20:43:45 2019
Quartus II Version 9.1 Build 350 03/24/2010 Service Pack 2 SJ Web Edition


---------------------
; Table of Contents ;
---------------------
  1. Legal Notice
  2. Timing Analyzer Summary
  3. Timing Analyzer Settings
  4. Parallel Compilation
  5. tpd
  6. Timing Analyzer Messages



----------------
; Legal Notice ;
----------------
Copyright (C) 1991-2010 Altera Corporation
Your use of Altera Corporation's design tools, logic functions 
and other software and tools, and its AMPP partner logic 
functions, and any output files from any of the foregoing 
(including device programming or simulation files), and any 
associated documentation or information are expressly subject 
to the terms and conditions of the Altera Program License 
Subscription Agreement, Altera MegaCore Function License 
Agreement, or other applicable license agreement, including, 
without limitation, that your use is for the sole purpose of 
programming logic devices manufactured by Altera and sold by 
Altera or its authorized distributors.  Please refer to the 
applicable agreement for further details.



+-----------------------------------------------------------------------------------------------------------------------------+
; Timing Analyzer Summary                                                                                                     ;
+------------------------------+-------+---------------+-------------+-------+---------+------------+----------+--------------+
; Type                         ; Slack ; Required Time ; Actual Time ; From  ; To      ; From Clock ; To Clock ; Failed Paths ;
+------------------------------+-------+---------------+-------------+-------+---------+------------+----------+--------------+
; Worst-case tpd               ; N/A   ; None          ; 17.113 ns   ; OP[0] ; RES[15] ; --         ; --       ; 0            ;
; Total number of failed paths ;       ;               ;             ;       ;         ;            ;          ; 0            ;
+------------------------------+-------+---------------+-------------+-------+---------+------------+----------+--------------+


+-----------------------------------------------------------------------------------------------------------------------------------------------------+
; Timing Analyzer Settings                                                                                                                            ;
+------------------------------------------------------------------------------------------------------+--------------------+------+----+-------------+
; Option                                                                                               ; Setting            ; From ; To ; Entity Name ;
+------------------------------------------------------------------------------------------------------+--------------------+------+----+-------------+
; Device Name                                                                                          ; EP2C35F672C6       ;      ;    ;             ;
; Timing Models                                                                                        ; Final              ;      ;    ;             ;
; Default hold multicycle                                                                              ; Same as Multicycle ;      ;    ;             ;
; Cut paths between unrelated clock domains                                                            ; On                 ;      ;    ;             ;
; Cut off read during write signal paths                                                               ; On                 ;      ;    ;             ;
; Cut off feedback from I/O pins                                                                       ; On                 ;      ;    ;             ;
; Report Combined Fast/Slow Timing                                                                     ; Off                ;      ;    ;             ;
; Ignore Clock Settings                                                                                ; Off                ;      ;    ;             ;
; Analyze latches as synchronous elements                                                              ; On                 ;      ;    ;             ;
; Enable Recovery/Removal analysis                                                                     ; Off                ;      ;    ;             ;
; Enable Clock Latency                                                                                 ; Off                ;      ;    ;             ;
; Use TimeQuest Timing Analyzer                                                                        ; Off                ;      ;    ;             ;
; Minimum Core Junction Temperature                                                                    ; 0                  ;      ;    ;             ;
; Maximum Core Junction Temperature                                                                    ; 85                 ;      ;    ;             ;
; Number of source nodes to report per destination node                                                ; 10                 ;      ;    ;             ;
; Number of destination nodes to report                                                                ; 10                 ;      ;    ;             ;
; Number of paths to report                                                                            ; 200                ;      ;    ;             ;
; Report Minimum Timing Checks                                                                         ; Off                ;      ;    ;             ;
; Use Fast Timing Models                                                                               ; Off                ;      ;    ;             ;
; Report IO Paths Separately                                                                           ; Off                ;      ;    ;             ;
; Perform Multicorner Analysis                                                                         ; On                 ;      ;    ;             ;
; Reports the worst-case path for each clock domain and analysis                                       ; Off                ;      ;    ;             ;
; Reports worst-case timing paths for each clock domain and analysis                                   ; On                 ;      ;    ;             ;
; Specifies the maximum number of worst-case timing paths to report for each clock domain and analysis ; 100                ;      ;    ;             ;
; Removes common clock path pessimism (CCPP) during slack computation                                  ; Off                ;      ;    ;             ;
; Output I/O Timing Endpoint                                                                           ; Near End           ;      ;    ;             ;
+------------------------------------------------------------------------------------------------------+--------------------+------+----+-------------+


Parallel compilation was disabled, but you have multiple processors available. Enable parallel compilation to reduce compilation time.
+-------------------------------------+
; Parallel Compilation                ;
+----------------------------+--------+
; Processors                 ; Number ;
+----------------------------+--------+
; Number detected on machine ; 4      ;
; Maximum allowed            ; 1      ;
+----------------------------+--------+


+--------------------------------------------------------------------------------------------------------------------------------------+
; tpd                                                                                                                                  ;
+-----------------------------------------+-----------------------------------------------------+-----------------+----------+---------+
; Slack                                   ; Required P2P Time                                   ; Actual P2P Time ; From     ; To      ;
+-----------------------------------------+-----------------------------------------------------+-----------------+----------+---------+
; N/A                                     ; None                                                ; 17.113 ns       ; OP[0]    ; RES[15] ;
; N/A                                     ; None                                                ; 17.009 ns       ; A[31]    ; RES[15] ;
; N/A                                     ; None                                                ; 16.874 ns       ; OP[1]    ; RES[15] ;
; N/A                                     ; None                                                ; 16.590 ns       ; A[7]     ; RES[15] ;
; N/A                                     ; None                                                ; 16.562 ns       ; OP[0]    ; RES[14] ;
; N/A                                     ; None                                                ; 16.493 ns       ; OP[0]    ; RES[29] ;
; N/A                                     ; None                                                ; 16.458 ns       ; A[31]    ; RES[14] ;
; N/A                                     ; None                                                ; 16.452 ns       ; SHAMT[4] ; RES[15] ;
; N/A                                     ; None                                                ; 16.407 ns       ; OP[0]    ; RES[25] ;
; N/A                                     ; None                                                ; 16.390 ns       ; OP[0]    ; RES[9]  ;
; N/A                                     ; None                                                ; 16.373 ns       ; A[23]    ; RES[15] ;
; N/A                                     ; None                                                ; 16.323 ns       ; OP[1]    ; RES[14] ;
; N/A                                     ; None                                                ; 16.303 ns       ; A[31]    ; RES[29] ;
; N/A                                     ; None                                                ; 16.252 ns       ; OP[0]    ; RES[22] ;
; N/A                                     ; None                                                ; 16.217 ns       ; A[31]    ; RES[25] ;
; N/A                                     ; None                                                ; 16.200 ns       ; A[31]    ; RES[9]  ;
; N/A                                     ; None                                                ; 16.192 ns       ; OP[1]    ; RES[29] ;
; N/A                                     ; None                                                ; 16.172 ns       ; SHAMT[4] ; RES[14] ;
; N/A                                     ; None                                                ; 16.148 ns       ; A[31]    ; RES[22] ;
; N/A                                     ; None                                                ; 16.106 ns       ; OP[1]    ; RES[25] ;
; N/A                                     ; None                                                ; 16.090 ns       ; OP[1]    ; RES[9]  ;
; N/A                                     ; None                                                ; 16.013 ns       ; OP[1]    ; RES[22] ;
; N/A                                     ; None                                                ; 16.001 ns       ; OP[0]    ; RES[23] ;
; N/A                                     ; None                                                ; 15.985 ns       ; SHAMT[3] ; RES[29] ;
; N/A                                     ; None                                                ; 15.980 ns       ; OP[0]    ; RES[7]  ;
; N/A                                     ; None                                                ; 15.939 ns       ; SHAMT[4] ; RES[9]  ;
; N/A                                     ; None                                                ; 15.899 ns       ; SHAMT[3] ; RES[25] ;
; N/A                                     ; None                                                ; 15.893 ns       ; OP[0]    ; RES[21] ;
; N/A                                     ; None                                                ; 15.876 ns       ; A[31]    ; RES[7]  ;
; N/A                                     ; None                                                ; 15.873 ns       ; OP[0]    ; RES[10] ;
; N/A                                     ; None                                                ; 15.873 ns       ; OP[0]    ; RES[18] ;
; N/A                                     ; None                                                ; 15.863 ns       ; OP[0]    ; RES[8]  ;
; N/A                                     ; None                                                ; 15.841 ns       ; OP[0]    ; RES[11] ;
; N/A                                     ; None                                                ; 15.811 ns       ; A[31]    ; RES[23] ;
; N/A                                     ; None                                                ; 15.789 ns       ; OP[0]    ; RES[2]  ;
; N/A                                     ; None                                                ; 15.769 ns       ; A[31]    ; RES[18] ;
; N/A                                     ; None                                                ; 15.768 ns       ; A[31]    ; RES[10] ;
; N/A                                     ; None                                                ; 15.749 ns       ; OP[0]    ; RES[19] ;
; N/A                                     ; None                                                ; 15.741 ns       ; OP[1]    ; RES[7]  ;
; N/A                                     ; None                                                ; 15.737 ns       ; A[31]    ; RES[11] ;
; N/A                                     ; None                                                ; 15.713 ns       ; OP[0]    ; RES[16] ;
; N/A                                     ; None                                                ; 15.705 ns       ; OP[0]    ; RES[12] ;
; N/A                                     ; None                                                ; 15.703 ns       ; A[31]    ; RES[21] ;
; N/A                                     ; None                                                ; 15.701 ns       ; OP[1]    ; RES[23] ;
; N/A                                     ; None                                                ; 15.684 ns       ; A[31]    ; RES[2]  ;
; N/A                                     ; None                                                ; 15.673 ns       ; A[31]    ; RES[8]  ;
; N/A                                     ; None                                                ; 15.665 ns       ; OP[0]    ; RES[26] ;
; N/A                                     ; None                                                ; 15.660 ns       ; A[3]     ; RES[15] ;
; N/A                                     ; None                                                ; 15.652 ns       ; OP[0]    ; RES[17] ;
; N/A                                     ; None                                                ; 15.645 ns       ; A[31]    ; RES[19] ;
; N/A                                     ; None                                                ; 15.634 ns       ; OP[1]    ; RES[18] ;
; N/A                                     ; None                                                ; 15.609 ns       ; A[31]    ; RES[16] ;
; N/A                                     ; None                                                ; 15.602 ns       ; OP[1]    ; RES[11] ;
; N/A                                     ; None                                                ; 15.601 ns       ; OP[0]    ; RES[4]  ;
; N/A                                     ; None                                                ; 15.601 ns       ; A[31]    ; RES[12] ;
; N/A                                     ; None                                                ; 15.592 ns       ; OP[1]    ; RES[21] ;
; N/A                                     ; None                                                ; 15.591 ns       ; SHAMT[4] ; RES[22] ;
; N/A                                     ; None                                                ; 15.586 ns       ; A[18]    ; RES[14] ;
; N/A                                     ; None                                                ; 15.563 ns       ; OP[1]    ; RES[8]  ;
; N/A                                     ; None                                                ; 15.550 ns       ; SHAMT[4] ; RES[23] ;
; N/A                                     ; None                                                ; 15.548 ns       ; OP[0]    ; RES[6]  ;
; N/A                                     ; None                                                ; 15.527 ns       ; SHAMT[3] ; RES[15] ;
; N/A                                     ; None                                                ; 15.510 ns       ; OP[1]    ; RES[19] ;
; N/A                                     ; None                                                ; 15.497 ns       ; A[31]    ; RES[4]  ;
; N/A                                     ; None                                                ; 15.474 ns       ; OP[1]    ; RES[16] ;
; N/A                                     ; None                                                ; 15.466 ns       ; OP[1]    ; RES[12] ;
; N/A                                     ; None                                                ; 15.462 ns       ; A[31]    ; RES[17] ;
; N/A                                     ; None                                                ; 15.444 ns       ; A[31]    ; RES[6]  ;
; N/A                                     ; None                                                ; 15.422 ns       ; SHAMT[3] ; RES[23] ;
; N/A                                     ; None                                                ; 15.412 ns       ; SHAMT[4] ; RES[8]  ;
; N/A                                     ; None                                                ; 15.411 ns       ; OP[0]    ; RES[20] ;
; N/A                                     ; None                                                ; 15.405 ns       ; A[3]     ; RES[23] ;
; N/A                                     ; None                                                ; 15.403 ns       ; A[3]     ; RES[11] ;
; N/A                                     ; None                                                ; 15.385 ns       ; SHAMT[3] ; RES[21] ;
; N/A                                     ; None                                                ; 15.377 ns       ; A[3]     ; RES[7]  ;
; N/A                                     ; None                                                ; 15.362 ns       ; OP[1]    ; RES[4]  ;
; N/A                                     ; None                                                ; 15.357 ns       ; OP[1]    ; RES[10] ;
; N/A                                     ; None                                                ; 15.352 ns       ; OP[1]    ; RES[17] ;
; N/A                                     ; None                                                ; 15.348 ns       ; A[22]    ; RES[10] ;
; N/A                                     ; None                                                ; 15.319 ns       ; SHAMT[4] ; RES[7]  ;
; N/A                                     ; None                                                ; 15.318 ns       ; A[7]     ; RES[11] ;
; N/A                                     ; None                                                ; 15.313 ns       ; OP[0]    ; RES[24] ;
; N/A                                     ; None                                                ; 15.309 ns       ; OP[1]    ; RES[6]  ;
; N/A                                     ; None                                                ; 15.307 ns       ; A[31]    ; RES[20] ;
; N/A                                     ; None                                                ; 15.303 ns       ; A[19]    ; RES[15] ;
; N/A                                     ; None                                                ; 15.273 ns       ; OP[1]    ; RES[2]  ;
; N/A                                     ; None                                                ; 15.272 ns       ; SHAMT[3] ; RES[2]  ;
; N/A                                     ; None                                                ; 15.266 ns       ; A[31]    ; RES[26] ;
; N/A                                     ; None                                                ; 15.264 ns       ; A[22]    ; RES[2]  ;
; N/A                                     ; None                                                ; 15.246 ns       ; A[27]    ; RES[7]  ;
; N/A                                     ; None                                                ; 15.226 ns       ; A[7]     ; RES[19] ;
; N/A                                     ; None                                                ; 15.226 ns       ; OP[0]    ; RES[31] ;
; N/A                                     ; None                                                ; 15.221 ns       ; SHAMT[4] ; RES[11] ;
; N/A                                     ; None                                                ; 15.212 ns       ; SHAMT[4] ; RES[18] ;
; N/A                                     ; None                                                ; 15.202 ns       ; SHAMT[4] ; RES[10] ;
; N/A                                     ; None                                                ; 15.201 ns       ; SHAMT[4] ; RES[17] ;
; N/A                                     ; None                                                ; 15.199 ns       ; SHAMT[4] ; RES[29] ;
; N/A                                     ; None                                                ; 15.194 ns       ; A[7]     ; RES[7]  ;
; N/A                                     ; None                                                ; 15.190 ns       ; A[29]    ; RES[9]  ;
; N/A                                     ; None                                                ; 15.187 ns       ; A[2]     ; RES[14] ;
; N/A                                     ; None                                                ; 15.180 ns       ; SHAMT[4] ; RES[25] ;
; N/A                                     ; None                                                ; 15.172 ns       ; A[11]    ; RES[7]  ;
; N/A                                     ; None                                                ; 15.172 ns       ; OP[1]    ; RES[20] ;
; N/A                                     ; None                                                ; 15.155 ns       ; OP[1]    ; RES[26] ;
; N/A                                     ; None                                                ; 15.154 ns       ; OP[0]    ; RES[13] ;
; N/A                                     ; None                                                ; 15.142 ns       ; A[27]    ; RES[23] ;
; N/A                                     ; None                                                ; 15.123 ns       ; A[31]    ; RES[24] ;
; N/A                                     ; None                                                ; 15.112 ns       ; A[17]    ; RES[17] ;
; N/A                                     ; None                                                ; 15.105 ns       ; SHAMT[4] ; RES[26] ;
; N/A                                     ; None                                                ; 15.101 ns       ; A[23]    ; RES[11] ;
; N/A                                     ; None                                                ; 15.088 ns       ; SHAMT[4] ; RES[19] ;
; N/A                                     ; None                                                ; 15.079 ns       ; OP[0]    ; RES[28] ;
; N/A                                     ; None                                                ; 15.070 ns       ; A[11]    ; RES[23] ;
; N/A                                     ; None                                                ; 15.052 ns       ; SHAMT[4] ; RES[16] ;
; N/A                                     ; None                                                ; 15.048 ns       ; A[19]    ; RES[23] ;
; N/A                                     ; None                                                ; 15.048 ns       ; A[7]     ; RES[23] ;
; N/A                                     ; None                                                ; 15.046 ns       ; A[19]    ; RES[11] ;
; N/A                                     ; None                                                ; 15.044 ns       ; SHAMT[4] ; RES[12] ;
; N/A                                     ; None                                                ; 15.036 ns       ; SHAMT[3] ; RES[6]  ;
; N/A                                     ; None                                                ; 15.036 ns       ; A[31]    ; RES[31] ;
; N/A                                     ; None                                                ; 15.020 ns       ; A[19]    ; RES[7]  ;
; N/A                                     ; None                                                ; 15.013 ns       ; OP[1]    ; RES[24] ;
; N/A                                     ; None                                                ; 15.009 ns       ; A[23]    ; RES[19] ;
; N/A                                     ; None                                                ; 14.994 ns       ; A[30]    ; RES[26] ;
; N/A                                     ; None                                                ; 14.981 ns       ; SHAMT[3] ; RES[4]  ;
; N/A                                     ; None                                                ; 14.977 ns       ; A[23]    ; RES[7]  ;
; N/A                                     ; None                                                ; 14.967 ns       ; SHAMT[4] ; RES[6]  ;
; N/A                                     ; None                                                ; 14.964 ns       ; A[31]    ; RES[13] ;
; N/A                                     ; None                                                ; 14.948 ns       ; SHAMT[3] ; RES[26] ;
; N/A                                     ; None                                                ; 14.944 ns       ; A[22]    ; RES[14] ;
; N/A                                     ; None                                                ; 14.942 ns       ; A[9]     ; RES[29] ;
; N/A                                     ; None                                                ; 14.940 ns       ; SHAMT[4] ; RES[4]  ;
; N/A                                     ; None                                                ; 14.927 ns       ; SHAMT[3] ; RES[7]  ;
; N/A                                     ; None                                                ; 14.926 ns       ; OP[1]    ; RES[31] ;
; N/A                                     ; None                                                ; 14.914 ns       ; A[17]    ; RES[29] ;
; N/A                                     ; None                                                ; 14.910 ns       ; OP[0]    ; RES[1]  ;
; N/A                                     ; None                                                ; 14.910 ns       ; A[9]     ; RES[17] ;
; N/A                                     ; None                                                ; 14.907 ns       ; A[18]    ; RES[22] ;
; N/A                                     ; None                                                ; 14.902 ns       ; OP[0]    ; RES[3]  ;
; N/A                                     ; None                                                ; 14.889 ns       ; A[31]    ; RES[28] ;
; N/A                                     ; None                                                ; 14.882 ns       ; A[17]    ; RES[9]  ;
; N/A                                     ; None                                                ; 14.877 ns       ; SHAMT[4] ; RES[20] ;
; N/A                                     ; None                                                ; 14.869 ns       ; SHAMT[3] ; RES[9]  ;
; N/A                                     ; None                                                ; 14.869 ns       ; A[13]    ; RES[9]  ;
; N/A                                     ; None                                                ; 14.862 ns       ; SHAMT[4] ; RES[24] ;
; N/A                                     ; None                                                ; 14.857 ns       ; A[14]    ; RES[26] ;
; N/A                                     ; None                                                ; 14.856 ns       ; A[9]     ; RES[25] ;
; N/A                                     ; None                                                ; 14.854 ns       ; OP[1]    ; RES[13] ;
; N/A                                     ; None                                                ; 14.852 ns       ; A[29]    ; RES[29] ;
; N/A                                     ; None                                                ; 14.844 ns       ; SHAMT[4] ; RES[2]  ;
; N/A                                     ; None                                                ; 14.833 ns       ; A[29]    ; RES[25] ;
; N/A                                     ; None                                                ; 14.830 ns       ; SHAMT[3] ; RES[17] ;
; N/A                                     ; None                                                ; 14.829 ns       ; A[21]    ; RES[9]  ;
; N/A                                     ; None                                                ; 14.829 ns       ; A[1]     ; RES[17] ;
; N/A                                     ; None                                                ; 14.829 ns       ; A[23]    ; RES[23] ;
; N/A                                     ; None                                                ; 14.828 ns       ; A[17]    ; RES[25] ;
; N/A                                     ; None                                                ; 14.806 ns       ; A[31]    ; RES[1]  ;
; N/A                                     ; None                                                ; 14.798 ns       ; A[31]    ; RES[3]  ;
; N/A                                     ; None                                                ; 14.779 ns       ; OP[1]    ; RES[28] ;
; N/A                                     ; None                                                ; 14.775 ns       ; SHAMT[4] ; RES[31] ;
; N/A                                     ; None                                                ; 14.773 ns       ; SHAMT[3] ; RES[10] ;
; N/A                                     ; None                                                ; 14.716 ns       ; OP[0]    ; RES[30] ;
; N/A                                     ; None                                                ; 14.710 ns       ; A[26]    ; RES[14] ;
; N/A                                     ; None                                                ; 14.703 ns       ; SHAMT[4] ; RES[13] ;
; N/A                                     ; None                                                ; 14.694 ns       ; A[30]    ; RES[2]  ;
; N/A                                     ; None                                                ; 14.688 ns       ; SHAMT[4] ; RES[1]  ;
; N/A                                     ; None                                                ; 14.671 ns       ; OP[1]    ; RES[1]  ;
; N/A                                     ; None                                                ; 14.663 ns       ; OP[1]    ; RES[3]  ;
; N/A                                     ; None                                                ; 14.660 ns       ; A[4]     ; RES[8]  ;
; N/A                                     ; None                                                ; 14.659 ns       ; A[15]    ; RES[15] ;
; N/A                                     ; None                                                ; 14.657 ns       ; A[17]    ; RES[13] ;
; N/A                                     ; None                                                ; 14.647 ns       ; SHAMT[3] ; RES[31] ;
; N/A                                     ; None                                                ; 14.631 ns       ; A[1]     ; RES[29] ;
; N/A                                     ; None                                                ; 14.630 ns       ; A[3]     ; RES[31] ;
; N/A                                     ; None                                                ; 14.628 ns       ; A[5]     ; RES[9]  ;
; N/A                                     ; None                                                ; 14.628 ns       ; SHAMT[4] ; RES[28] ;
; N/A                                     ; None                                                ; 14.616 ns       ; A[18]    ; RES[10] ;
; N/A                                     ; None                                                ; 14.598 ns       ; A[8]     ; RES[4]  ;
; N/A                                     ; None                                                ; 14.588 ns       ; A[25]    ; RES[29] ;
; N/A                                     ; None                                                ; 14.581 ns       ; SHAMT[3] ; RES[22] ;
; N/A                                     ; None                                                ; 14.566 ns       ; A[22]    ; RES[18] ;
; N/A                                     ; None                                                ; 14.564 ns       ; A[6]     ; RES[10] ;
; N/A                                     ; None                                                ; 14.556 ns       ; A[14]    ; RES[2]  ;
; N/A                                     ; None                                                ; 14.556 ns       ; A[25]    ; RES[17] ;
; N/A                                     ; None                                                ; 14.550 ns       ; SHAMT[3] ; RES[24] ;
; N/A                                     ; None                                                ; 14.545 ns       ; A[1]     ; RES[25] ;
; N/A                                     ; None                                                ; 14.538 ns       ; A[20]    ; RES[8]  ;
; N/A                                     ; None                                                ; 14.532 ns       ; A[13]    ; RES[29] ;
; N/A                                     ; None                                                ; 14.528 ns       ; A[18]    ; RES[18] ;
; N/A                                     ; None                                                ; 14.524 ns       ; A[22]    ; RES[6]  ;
; N/A                                     ; None                                                ; 14.523 ns       ; SHAMT[4] ; RES[21] ;
; N/A                                     ; None                                                ; 14.519 ns       ; A[18]    ; RES[26] ;
; N/A                                     ; None                                                ; 14.513 ns       ; A[13]    ; RES[25] ;
; N/A                                     ; None                                                ; 14.509 ns       ; SHAMT[3] ; RES[20] ;
; N/A                                     ; None                                                ; 14.508 ns       ; A[2]     ; RES[22] ;
; N/A                                     ; None                                                ; 14.507 ns       ; OP[0]    ; RES[0]  ;
; N/A                                     ; None                                                ; 14.502 ns       ; A[10]    ; RES[14] ;
; N/A                                     ; None                                                ; 14.502 ns       ; A[25]    ; RES[25] ;
; N/A                                     ; None                                                ; 14.498 ns       ; A[18]    ; RES[6]  ;
; N/A                                     ; None                                                ; 14.456 ns       ; SHAMT[3] ; RES[28] ;
; Timing analysis restricted to 200 rows. ; To change the limit use Settings (Assignments menu) ;                 ;          ;         ;
+-----------------------------------------+-----------------------------------------------------+-----------------+----------+---------+


+--------------------------+
; Timing Analyzer Messages ;
+--------------------------+
Info: *******************************************************************
Info: Running Quartus II Classic Timing Analyzer
    Info: Version 9.1 Build 350 03/24/2010 Service Pack 2 SJ Web Edition
    Info: Processing started: Mon Mar 04 20:43:45 2019
Info: Command: quartus_tan --read_settings_files=off --write_settings_files=off RV32IM -c RV32IM --timing_analysis_only
Info: Longest tpd from source pin "OP[0]" to destination pin "RES[15]" is 17.113 ns
    Info: 1: + IC(0.000 ns) + CELL(0.820 ns) = 0.820 ns; Loc. = PIN_AB12; Fanout = 113; PIN Node = 'OP[0]'
    Info: 2: + IC(6.169 ns) + CELL(0.393 ns) = 7.382 ns; Loc. = LCCOMB_X29_Y15_N0; Fanout = 22; COMB Node = 'BARREL_SHIFTER:inst|BARREL_CELL:\SHIFT_STAGES:4:SHIFT_BY_16:CELLS:14:BOT_16_BITS:LSBS|MUX2X1_BIT:MUX2X1_B|O~0'
    Info: 3: + IC(0.778 ns) + CELL(0.245 ns) = 8.405 ns; Loc. = LCCOMB_X28_Y12_N2; Fanout = 2; COMB Node = 'BARREL_SHIFTER:inst|BARREL_CELL:\SHIFT_STAGES:4:SHIFT_BY_16:CELLS:7:BOT_16_BITS:LSBS|MUX2X1_BIT:MUX2X1_B|O~1'
    Info: 4: + IC(0.455 ns) + CELL(0.438 ns) = 9.298 ns; Loc. = LCCOMB_X29_Y12_N20; Fanout = 3; COMB Node = 'BARREL_SHIFTER:inst|BARREL_CELL:\SHIFT_STAGES:3:SHIFT_BY_8:CELLS:15:MID_16_BITS:MIDS|MUX2X1_BIT:MUX2X1_B|O~3'
    Info: 5: + IC(1.267 ns) + CELL(0.438 ns) = 11.003 ns; Loc. = LCCOMB_X27_Y15_N20; Fanout = 1; COMB Node = 'BARREL_SHIFTER:inst|BARREL_CELL:\SHIFT_STAGES:2:SHIFT_BY_4:CELLS:15:MID_24_BITS:MIDS|MUX2X1_BIT:MUX2X1_B|O~0'
    Info: 6: + IC(0.692 ns) + CELL(0.275 ns) = 11.970 ns; Loc. = LCCOMB_X25_Y15_N8; Fanout = 1; COMB Node = 'BARREL_SHIFTER:inst|BARREL_CELL:\SHIFT_STAGES:2:SHIFT_BY_4:CELLS:15:MID_24_BITS:MIDS|MUX2X1_BIT:MUX2X1_B|O~1'
    Info: 7: + IC(2.345 ns) + CELL(2.798 ns) = 17.113 ns; Loc. = PIN_B10; Fanout = 0; PIN Node = 'RES[15]'
    Info: Total cell delay = 5.407 ns ( 31.60 % )
    Info: Total interconnect delay = 11.706 ns ( 68.40 % )
Info: Quartus II Classic Timing Analyzer was successful. 0 errors, 0 warnings
    Info: Peak virtual memory: 195 megabytes
    Info: Processing ended: Mon Mar 04 20:43:45 2019
    Info: Elapsed time: 00:00:00
    Info: Total CPU time (on all processors): 00:00:01


