Simulator report for RV32IM
Fri Mar 01 17:58:59 2019
Quartus II Version 9.1 Build 350 03/24/2010 Service Pack 2 SJ Web Edition


---------------------
; Table of Contents ;
---------------------
  1. Legal Notice
  2. Simulator Summary
  3. Simulator Settings
  4. Simulation Waveforms
  5. Coverage Summary
  6. Complete 1/0-Value Coverage
  7. Missing 1-Value Coverage
  8. Missing 0-Value Coverage
  9. Simulator INI Usage
 10. Simulator Messages



----------------
; Legal Notice ;
----------------
Copyright (C) 1991-2010 Altera Corporation
Your use of Altera Corporation's design tools, logic functions 
and other software and tools, and its AMPP partner logic 
functions, and any output files from any of the foregoing 
(including device programming or simulation files), and any 
associated documentation or information are expressly subject 
to the terms and conditions of the Altera Program License 
Subscription Agreement, Altera MegaCore Function License 
Agreement, or other applicable license agreement, including, 
without limitation, that your use is for the sole purpose of 
programming logic devices manufactured by Altera and sold by 
Altera or its authorized distributors.  Please refer to the 
applicable agreement for further details.



+--------------------------------------------+
; Simulator Summary                          ;
+-----------------------------+--------------+
; Type                        ; Value        ;
+-----------------------------+--------------+
; Simulation Start Time       ; 0 ps         ;
; Simulation End Time         ; 1.3 us       ;
; Simulation Netlist Size     ; 545 nodes    ;
; Simulation Coverage         ;      38.72 % ;
; Total Number of Transitions ; 1822         ;
; Simulation Breakpoints      ; 0            ;
; Family                      ; Cyclone II   ;
; Device                      ; EP2C35F672C6 ;
+-----------------------------+--------------+


+------------------------------------------------------------------------------------------------------------------------------+
; Simulator Settings                                                                                                           ;
+--------------------------------------------------------------------------------------------+-----------------+---------------+
; Option                                                                                     ; Setting         ; Default Value ;
+--------------------------------------------------------------------------------------------+-----------------+---------------+
; Simulation mode                                                                            ; Timing          ; Timing        ;
; Start time                                                                                 ; 0 ns            ; 0 ns          ;
; Simulation results format                                                                  ; CVWF            ;               ;
; Vector input source                                                                        ; MUX32X1TEST.vwf ;               ;
; Add pins automatically to simulation output waveforms                                      ; On              ; On            ;
; Check outputs                                                                              ; Off             ; Off           ;
; Report simulation coverage                                                                 ; On              ; On            ;
; Display complete 1/0 value coverage report                                                 ; On              ; On            ;
; Display missing 1-value coverage report                                                    ; On              ; On            ;
; Display missing 0-value coverage report                                                    ; On              ; On            ;
; Detect setup and hold time violations                                                      ; Off             ; Off           ;
; Detect glitches                                                                            ; Off             ; Off           ;
; Disable timing delays in Timing Simulation                                                 ; Off             ; Off           ;
; Generate Signal Activity File                                                              ; Off             ; Off           ;
; Generate VCD File for PowerPlay Power Analyzer                                             ; Off             ; Off           ;
; Group bus channels in simulation results                                                   ; Off             ; Off           ;
; Preserve fewer signal transitions to reduce memory requirements                            ; On              ; On            ;
; Trigger vector comparison with the specified mode                                          ; INPUT_EDGE      ; INPUT_EDGE    ;
; Disable setup and hold time violations detection in input registers of bi-directional pins ; Off             ; Off           ;
; Overwrite Waveform Inputs With Simulation Outputs                                          ; Off             ;               ;
; Perform Glitch Filtering in Timing Simulation                                              ; Auto            ; Auto          ;
+--------------------------------------------------------------------------------------------+-----------------+---------------+


+----------------------+
; Simulation Waveforms ;
+----------------------+
Waveform report data cannot be output to ASCII.
Please use Quartus II to view the waveform report data.


+--------------------------------------------------------------------+
; Coverage Summary                                                   ;
+-----------------------------------------------------+--------------+
; Type                                                ; Value        ;
+-----------------------------------------------------+--------------+
; Total coverage as a percentage                      ;      38.72 % ;
; Total nodes checked                                 ; 545          ;
; Total output ports checked                          ; 545          ;
; Total output ports with complete 1/0-value coverage ; 211          ;
; Total output ports with no 1/0-value coverage       ; 334          ;
; Total output ports with no 1-value coverage         ; 334          ;
; Total output ports with no 0-value coverage         ; 334          ;
+-----------------------------------------------------+--------------+


The following table displays output ports that toggle between 1 and 0 during simulation.
+------------------------------------------------------------------------------------------+
; Complete 1/0-Value Coverage                                                              ;
+-----------------------------------+-----------------------------------+------------------+
; Node Name                         ; Output Port Name                  ; Output Port Type ;
+-----------------------------------+-----------------------------------+------------------+
; |MUX32X1TEST|MUX32X1:inst|Mux0~0  ; |MUX32X1TEST|MUX32X1:inst|Mux0~0  ; combout          ;
; |MUX32X1TEST|MUX32X1:inst|Mux0~1  ; |MUX32X1TEST|MUX32X1:inst|Mux0~1  ; combout          ;
; |MUX32X1TEST|MUX32X1:inst|Mux0~2  ; |MUX32X1TEST|MUX32X1:inst|Mux0~2  ; combout          ;
; |MUX32X1TEST|MUX32X1:inst|Mux0~3  ; |MUX32X1TEST|MUX32X1:inst|Mux0~3  ; combout          ;
; |MUX32X1TEST|MUX32X1:inst|Mux0~4  ; |MUX32X1TEST|MUX32X1:inst|Mux0~4  ; combout          ;
; |MUX32X1TEST|MUX32X1:inst|Mux0~5  ; |MUX32X1TEST|MUX32X1:inst|Mux0~5  ; combout          ;
; |MUX32X1TEST|MUX32X1:inst|Mux0~6  ; |MUX32X1TEST|MUX32X1:inst|Mux0~6  ; combout          ;
; |MUX32X1TEST|MUX32X1:inst|Mux0~7  ; |MUX32X1TEST|MUX32X1:inst|Mux0~7  ; combout          ;
; |MUX32X1TEST|MUX32X1:inst|Mux0~8  ; |MUX32X1TEST|MUX32X1:inst|Mux0~8  ; combout          ;
; |MUX32X1TEST|MUX32X1:inst|Mux0~9  ; |MUX32X1TEST|MUX32X1:inst|Mux0~9  ; combout          ;
; |MUX32X1TEST|MUX32X1:inst|Mux0~10 ; |MUX32X1TEST|MUX32X1:inst|Mux0~10 ; combout          ;
; |MUX32X1TEST|MUX32X1:inst|Mux0~11 ; |MUX32X1TEST|MUX32X1:inst|Mux0~11 ; combout          ;
; |MUX32X1TEST|MUX32X1:inst|Mux0~12 ; |MUX32X1TEST|MUX32X1:inst|Mux0~12 ; combout          ;
; |MUX32X1TEST|MUX32X1:inst|Mux0~13 ; |MUX32X1TEST|MUX32X1:inst|Mux0~13 ; combout          ;
; |MUX32X1TEST|MUX32X1:inst|Mux0~14 ; |MUX32X1TEST|MUX32X1:inst|Mux0~14 ; combout          ;
; |MUX32X1TEST|MUX32X1:inst|Mux0~15 ; |MUX32X1TEST|MUX32X1:inst|Mux0~15 ; combout          ;
; |MUX32X1TEST|MUX32X1:inst|Mux0~16 ; |MUX32X1TEST|MUX32X1:inst|Mux0~16 ; combout          ;
; |MUX32X1TEST|MUX32X1:inst|Mux0~17 ; |MUX32X1TEST|MUX32X1:inst|Mux0~17 ; combout          ;
; |MUX32X1TEST|MUX32X1:inst|Mux0~18 ; |MUX32X1TEST|MUX32X1:inst|Mux0~18 ; combout          ;
; |MUX32X1TEST|MUX32X1:inst|Mux0~19 ; |MUX32X1TEST|MUX32X1:inst|Mux0~19 ; combout          ;
; |MUX32X1TEST|MUX32X1:inst|Mux0~20 ; |MUX32X1TEST|MUX32X1:inst|Mux0~20 ; combout          ;
; |MUX32X1TEST|MUX32X1:inst|Mux1~0  ; |MUX32X1TEST|MUX32X1:inst|Mux1~0  ; combout          ;
; |MUX32X1TEST|MUX32X1:inst|Mux1~1  ; |MUX32X1TEST|MUX32X1:inst|Mux1~1  ; combout          ;
; |MUX32X1TEST|MUX32X1:inst|Mux1~2  ; |MUX32X1TEST|MUX32X1:inst|Mux1~2  ; combout          ;
; |MUX32X1TEST|MUX32X1:inst|Mux1~3  ; |MUX32X1TEST|MUX32X1:inst|Mux1~3  ; combout          ;
; |MUX32X1TEST|MUX32X1:inst|Mux1~4  ; |MUX32X1TEST|MUX32X1:inst|Mux1~4  ; combout          ;
; |MUX32X1TEST|MUX32X1:inst|Mux1~5  ; |MUX32X1TEST|MUX32X1:inst|Mux1~5  ; combout          ;
; |MUX32X1TEST|MUX32X1:inst|Mux1~6  ; |MUX32X1TEST|MUX32X1:inst|Mux1~6  ; combout          ;
; |MUX32X1TEST|MUX32X1:inst|Mux1~7  ; |MUX32X1TEST|MUX32X1:inst|Mux1~7  ; combout          ;
; |MUX32X1TEST|MUX32X1:inst|Mux1~8  ; |MUX32X1TEST|MUX32X1:inst|Mux1~8  ; combout          ;
; |MUX32X1TEST|MUX32X1:inst|Mux1~9  ; |MUX32X1TEST|MUX32X1:inst|Mux1~9  ; combout          ;
; |MUX32X1TEST|MUX32X1:inst|Mux1~10 ; |MUX32X1TEST|MUX32X1:inst|Mux1~10 ; combout          ;
; |MUX32X1TEST|MUX32X1:inst|Mux1~11 ; |MUX32X1TEST|MUX32X1:inst|Mux1~11 ; combout          ;
; |MUX32X1TEST|MUX32X1:inst|Mux1~12 ; |MUX32X1TEST|MUX32X1:inst|Mux1~12 ; combout          ;
; |MUX32X1TEST|MUX32X1:inst|Mux1~13 ; |MUX32X1TEST|MUX32X1:inst|Mux1~13 ; combout          ;
; |MUX32X1TEST|MUX32X1:inst|Mux1~14 ; |MUX32X1TEST|MUX32X1:inst|Mux1~14 ; combout          ;
; |MUX32X1TEST|MUX32X1:inst|Mux1~15 ; |MUX32X1TEST|MUX32X1:inst|Mux1~15 ; combout          ;
; |MUX32X1TEST|MUX32X1:inst|Mux1~16 ; |MUX32X1TEST|MUX32X1:inst|Mux1~16 ; combout          ;
; |MUX32X1TEST|MUX32X1:inst|Mux1~17 ; |MUX32X1TEST|MUX32X1:inst|Mux1~17 ; combout          ;
; |MUX32X1TEST|MUX32X1:inst|Mux1~18 ; |MUX32X1TEST|MUX32X1:inst|Mux1~18 ; combout          ;
; |MUX32X1TEST|MUX32X1:inst|Mux1~19 ; |MUX32X1TEST|MUX32X1:inst|Mux1~19 ; combout          ;
; |MUX32X1TEST|MUX32X1:inst|Mux1~20 ; |MUX32X1TEST|MUX32X1:inst|Mux1~20 ; combout          ;
; |MUX32X1TEST|MUX32X1:inst|Mux2~0  ; |MUX32X1TEST|MUX32X1:inst|Mux2~0  ; combout          ;
; |MUX32X1TEST|MUX32X1:inst|Mux2~1  ; |MUX32X1TEST|MUX32X1:inst|Mux2~1  ; combout          ;
; |MUX32X1TEST|MUX32X1:inst|Mux2~2  ; |MUX32X1TEST|MUX32X1:inst|Mux2~2  ; combout          ;
; |MUX32X1TEST|MUX32X1:inst|Mux2~3  ; |MUX32X1TEST|MUX32X1:inst|Mux2~3  ; combout          ;
; |MUX32X1TEST|MUX32X1:inst|Mux2~4  ; |MUX32X1TEST|MUX32X1:inst|Mux2~4  ; combout          ;
; |MUX32X1TEST|MUX32X1:inst|Mux2~5  ; |MUX32X1TEST|MUX32X1:inst|Mux2~5  ; combout          ;
; |MUX32X1TEST|MUX32X1:inst|Mux2~6  ; |MUX32X1TEST|MUX32X1:inst|Mux2~6  ; combout          ;
; |MUX32X1TEST|MUX32X1:inst|Mux2~7  ; |MUX32X1TEST|MUX32X1:inst|Mux2~7  ; combout          ;
; |MUX32X1TEST|MUX32X1:inst|Mux2~8  ; |MUX32X1TEST|MUX32X1:inst|Mux2~8  ; combout          ;
; |MUX32X1TEST|MUX32X1:inst|Mux2~9  ; |MUX32X1TEST|MUX32X1:inst|Mux2~9  ; combout          ;
; |MUX32X1TEST|MUX32X1:inst|Mux2~10 ; |MUX32X1TEST|MUX32X1:inst|Mux2~10 ; combout          ;
; |MUX32X1TEST|MUX32X1:inst|Mux2~12 ; |MUX32X1TEST|MUX32X1:inst|Mux2~12 ; combout          ;
; |MUX32X1TEST|MUX32X1:inst|Mux2~13 ; |MUX32X1TEST|MUX32X1:inst|Mux2~13 ; combout          ;
; |MUX32X1TEST|MUX32X1:inst|Mux2~14 ; |MUX32X1TEST|MUX32X1:inst|Mux2~14 ; combout          ;
; |MUX32X1TEST|MUX32X1:inst|Mux2~15 ; |MUX32X1TEST|MUX32X1:inst|Mux2~15 ; combout          ;
; |MUX32X1TEST|MUX32X1:inst|Mux2~16 ; |MUX32X1TEST|MUX32X1:inst|Mux2~16 ; combout          ;
; |MUX32X1TEST|MUX32X1:inst|Mux2~17 ; |MUX32X1TEST|MUX32X1:inst|Mux2~17 ; combout          ;
; |MUX32X1TEST|MUX32X1:inst|Mux2~18 ; |MUX32X1TEST|MUX32X1:inst|Mux2~18 ; combout          ;
; |MUX32X1TEST|MUX32X1:inst|Mux2~19 ; |MUX32X1TEST|MUX32X1:inst|Mux2~19 ; combout          ;
; |MUX32X1TEST|MUX32X1:inst|Mux2~20 ; |MUX32X1TEST|MUX32X1:inst|Mux2~20 ; combout          ;
; |MUX32X1TEST|MUX32X1:inst|Mux3~0  ; |MUX32X1TEST|MUX32X1:inst|Mux3~0  ; combout          ;
; |MUX32X1TEST|MUX32X1:inst|Mux3~1  ; |MUX32X1TEST|MUX32X1:inst|Mux3~1  ; combout          ;
; |MUX32X1TEST|MUX32X1:inst|Mux3~2  ; |MUX32X1TEST|MUX32X1:inst|Mux3~2  ; combout          ;
; |MUX32X1TEST|MUX32X1:inst|Mux3~4  ; |MUX32X1TEST|MUX32X1:inst|Mux3~4  ; combout          ;
; |MUX32X1TEST|MUX32X1:inst|Mux3~5  ; |MUX32X1TEST|MUX32X1:inst|Mux3~5  ; combout          ;
; |MUX32X1TEST|MUX32X1:inst|Mux3~6  ; |MUX32X1TEST|MUX32X1:inst|Mux3~6  ; combout          ;
; |MUX32X1TEST|MUX32X1:inst|Mux3~7  ; |MUX32X1TEST|MUX32X1:inst|Mux3~7  ; combout          ;
; |MUX32X1TEST|MUX32X1:inst|Mux3~8  ; |MUX32X1TEST|MUX32X1:inst|Mux3~8  ; combout          ;
; |MUX32X1TEST|MUX32X1:inst|Mux3~9  ; |MUX32X1TEST|MUX32X1:inst|Mux3~9  ; combout          ;
; |MUX32X1TEST|MUX32X1:inst|Mux3~10 ; |MUX32X1TEST|MUX32X1:inst|Mux3~10 ; combout          ;
; |MUX32X1TEST|MUX32X1:inst|Mux3~11 ; |MUX32X1TEST|MUX32X1:inst|Mux3~11 ; combout          ;
; |MUX32X1TEST|MUX32X1:inst|Mux3~12 ; |MUX32X1TEST|MUX32X1:inst|Mux3~12 ; combout          ;
; |MUX32X1TEST|MUX32X1:inst|Mux3~13 ; |MUX32X1TEST|MUX32X1:inst|Mux3~13 ; combout          ;
; |MUX32X1TEST|MUX32X1:inst|Mux3~14 ; |MUX32X1TEST|MUX32X1:inst|Mux3~14 ; combout          ;
; |MUX32X1TEST|MUX32X1:inst|Mux3~15 ; |MUX32X1TEST|MUX32X1:inst|Mux3~15 ; combout          ;
; |MUX32X1TEST|MUX32X1:inst|Mux3~16 ; |MUX32X1TEST|MUX32X1:inst|Mux3~16 ; combout          ;
; |MUX32X1TEST|MUX32X1:inst|Mux3~17 ; |MUX32X1TEST|MUX32X1:inst|Mux3~17 ; combout          ;
; |MUX32X1TEST|MUX32X1:inst|Mux3~18 ; |MUX32X1TEST|MUX32X1:inst|Mux3~18 ; combout          ;
; |MUX32X1TEST|MUX32X1:inst|Mux3~19 ; |MUX32X1TEST|MUX32X1:inst|Mux3~19 ; combout          ;
; |MUX32X1TEST|MUX32X1:inst|Mux3~20 ; |MUX32X1TEST|MUX32X1:inst|Mux3~20 ; combout          ;
; |MUX32X1TEST|MUX32X1:inst|Mux4~0  ; |MUX32X1TEST|MUX32X1:inst|Mux4~0  ; combout          ;
; |MUX32X1TEST|MUX32X1:inst|Mux4~1  ; |MUX32X1TEST|MUX32X1:inst|Mux4~1  ; combout          ;
; |MUX32X1TEST|MUX32X1:inst|Mux4~2  ; |MUX32X1TEST|MUX32X1:inst|Mux4~2  ; combout          ;
; |MUX32X1TEST|MUX32X1:inst|Mux4~3  ; |MUX32X1TEST|MUX32X1:inst|Mux4~3  ; combout          ;
; |MUX32X1TEST|MUX32X1:inst|Mux4~4  ; |MUX32X1TEST|MUX32X1:inst|Mux4~4  ; combout          ;
; |MUX32X1TEST|MUX32X1:inst|Mux4~5  ; |MUX32X1TEST|MUX32X1:inst|Mux4~5  ; combout          ;
; |MUX32X1TEST|MUX32X1:inst|Mux4~6  ; |MUX32X1TEST|MUX32X1:inst|Mux4~6  ; combout          ;
; |MUX32X1TEST|MUX32X1:inst|Mux4~7  ; |MUX32X1TEST|MUX32X1:inst|Mux4~7  ; combout          ;
; |MUX32X1TEST|MUX32X1:inst|Mux4~8  ; |MUX32X1TEST|MUX32X1:inst|Mux4~8  ; combout          ;
; |MUX32X1TEST|MUX32X1:inst|Mux4~9  ; |MUX32X1TEST|MUX32X1:inst|Mux4~9  ; combout          ;
; |MUX32X1TEST|MUX32X1:inst|Mux4~10 ; |MUX32X1TEST|MUX32X1:inst|Mux4~10 ; combout          ;
; |MUX32X1TEST|MUX32X1:inst|Mux4~11 ; |MUX32X1TEST|MUX32X1:inst|Mux4~11 ; combout          ;
; |MUX32X1TEST|MUX32X1:inst|Mux4~12 ; |MUX32X1TEST|MUX32X1:inst|Mux4~12 ; combout          ;
; |MUX32X1TEST|MUX32X1:inst|Mux4~14 ; |MUX32X1TEST|MUX32X1:inst|Mux4~14 ; combout          ;
; |MUX32X1TEST|MUX32X1:inst|Mux4~16 ; |MUX32X1TEST|MUX32X1:inst|Mux4~16 ; combout          ;
; |MUX32X1TEST|MUX32X1:inst|Mux4~17 ; |MUX32X1TEST|MUX32X1:inst|Mux4~17 ; combout          ;
; |MUX32X1TEST|MUX32X1:inst|Mux4~19 ; |MUX32X1TEST|MUX32X1:inst|Mux4~19 ; combout          ;
; |MUX32X1TEST|MUX32X1:inst|Mux4~20 ; |MUX32X1TEST|MUX32X1:inst|Mux4~20 ; combout          ;
; |MUX32X1TEST|MUX32X1:inst|Mux5~0  ; |MUX32X1TEST|MUX32X1:inst|Mux5~0  ; combout          ;
; |MUX32X1TEST|MUX32X1:inst|Mux5~2  ; |MUX32X1TEST|MUX32X1:inst|Mux5~2  ; combout          ;
; |MUX32X1TEST|MUX32X1:inst|Mux5~3  ; |MUX32X1TEST|MUX32X1:inst|Mux5~3  ; combout          ;
; |MUX32X1TEST|MUX32X1:inst|Mux5~4  ; |MUX32X1TEST|MUX32X1:inst|Mux5~4  ; combout          ;
; |MUX32X1TEST|MUX32X1:inst|Mux5~5  ; |MUX32X1TEST|MUX32X1:inst|Mux5~5  ; combout          ;
; |MUX32X1TEST|MUX32X1:inst|Mux5~6  ; |MUX32X1TEST|MUX32X1:inst|Mux5~6  ; combout          ;
; |MUX32X1TEST|MUX32X1:inst|Mux5~7  ; |MUX32X1TEST|MUX32X1:inst|Mux5~7  ; combout          ;
; |MUX32X1TEST|MUX32X1:inst|Mux5~9  ; |MUX32X1TEST|MUX32X1:inst|Mux5~9  ; combout          ;
; |MUX32X1TEST|MUX32X1:inst|Mux5~10 ; |MUX32X1TEST|MUX32X1:inst|Mux5~10 ; combout          ;
; |MUX32X1TEST|MUX32X1:inst|Mux5~11 ; |MUX32X1TEST|MUX32X1:inst|Mux5~11 ; combout          ;
; |MUX32X1TEST|MUX32X1:inst|Mux5~12 ; |MUX32X1TEST|MUX32X1:inst|Mux5~12 ; combout          ;
; |MUX32X1TEST|MUX32X1:inst|Mux5~13 ; |MUX32X1TEST|MUX32X1:inst|Mux5~13 ; combout          ;
; |MUX32X1TEST|MUX32X1:inst|Mux5~14 ; |MUX32X1TEST|MUX32X1:inst|Mux5~14 ; combout          ;
; |MUX32X1TEST|MUX32X1:inst|Mux5~15 ; |MUX32X1TEST|MUX32X1:inst|Mux5~15 ; combout          ;
; |MUX32X1TEST|MUX32X1:inst|Mux5~16 ; |MUX32X1TEST|MUX32X1:inst|Mux5~16 ; combout          ;
; |MUX32X1TEST|MUX32X1:inst|Mux5~17 ; |MUX32X1TEST|MUX32X1:inst|Mux5~17 ; combout          ;
; |MUX32X1TEST|MUX32X1:inst|Mux5~18 ; |MUX32X1TEST|MUX32X1:inst|Mux5~18 ; combout          ;
; |MUX32X1TEST|MUX32X1:inst|Mux5~19 ; |MUX32X1TEST|MUX32X1:inst|Mux5~19 ; combout          ;
; |MUX32X1TEST|MUX32X1:inst|Mux5~20 ; |MUX32X1TEST|MUX32X1:inst|Mux5~20 ; combout          ;
; |MUX32X1TEST|MUX32X1:inst|Mux6~0  ; |MUX32X1TEST|MUX32X1:inst|Mux6~0  ; combout          ;
; |MUX32X1TEST|MUX32X1:inst|Mux6~2  ; |MUX32X1TEST|MUX32X1:inst|Mux6~2  ; combout          ;
; |MUX32X1TEST|MUX32X1:inst|Mux6~3  ; |MUX32X1TEST|MUX32X1:inst|Mux6~3  ; combout          ;
; |MUX32X1TEST|MUX32X1:inst|Mux6~4  ; |MUX32X1TEST|MUX32X1:inst|Mux6~4  ; combout          ;
; |MUX32X1TEST|MUX32X1:inst|Mux6~5  ; |MUX32X1TEST|MUX32X1:inst|Mux6~5  ; combout          ;
; |MUX32X1TEST|MUX32X1:inst|Mux6~6  ; |MUX32X1TEST|MUX32X1:inst|Mux6~6  ; combout          ;
; |MUX32X1TEST|MUX32X1:inst|Mux6~7  ; |MUX32X1TEST|MUX32X1:inst|Mux6~7  ; combout          ;
; |MUX32X1TEST|MUX32X1:inst|Mux6~8  ; |MUX32X1TEST|MUX32X1:inst|Mux6~8  ; combout          ;
; |MUX32X1TEST|MUX32X1:inst|Mux6~9  ; |MUX32X1TEST|MUX32X1:inst|Mux6~9  ; combout          ;
; |MUX32X1TEST|MUX32X1:inst|Mux6~10 ; |MUX32X1TEST|MUX32X1:inst|Mux6~10 ; combout          ;
; |MUX32X1TEST|MUX32X1:inst|Mux6~11 ; |MUX32X1TEST|MUX32X1:inst|Mux6~11 ; combout          ;
; |MUX32X1TEST|MUX32X1:inst|Mux6~12 ; |MUX32X1TEST|MUX32X1:inst|Mux6~12 ; combout          ;
; |MUX32X1TEST|MUX32X1:inst|Mux6~13 ; |MUX32X1TEST|MUX32X1:inst|Mux6~13 ; combout          ;
; |MUX32X1TEST|MUX32X1:inst|Mux6~14 ; |MUX32X1TEST|MUX32X1:inst|Mux6~14 ; combout          ;
; |MUX32X1TEST|MUX32X1:inst|Mux6~15 ; |MUX32X1TEST|MUX32X1:inst|Mux6~15 ; combout          ;
; |MUX32X1TEST|MUX32X1:inst|Mux6~16 ; |MUX32X1TEST|MUX32X1:inst|Mux6~16 ; combout          ;
; |MUX32X1TEST|MUX32X1:inst|Mux6~17 ; |MUX32X1TEST|MUX32X1:inst|Mux6~17 ; combout          ;
; |MUX32X1TEST|MUX32X1:inst|Mux6~18 ; |MUX32X1TEST|MUX32X1:inst|Mux6~18 ; combout          ;
; |MUX32X1TEST|MUX32X1:inst|Mux6~19 ; |MUX32X1TEST|MUX32X1:inst|Mux6~19 ; combout          ;
; |MUX32X1TEST|MUX32X1:inst|Mux6~20 ; |MUX32X1TEST|MUX32X1:inst|Mux6~20 ; combout          ;
; |MUX32X1TEST|MUX32X1:inst|Mux7~0  ; |MUX32X1TEST|MUX32X1:inst|Mux7~0  ; combout          ;
; |MUX32X1TEST|MUX32X1:inst|Mux7~1  ; |MUX32X1TEST|MUX32X1:inst|Mux7~1  ; combout          ;
; |MUX32X1TEST|MUX32X1:inst|Mux7~2  ; |MUX32X1TEST|MUX32X1:inst|Mux7~2  ; combout          ;
; |MUX32X1TEST|MUX32X1:inst|Mux7~3  ; |MUX32X1TEST|MUX32X1:inst|Mux7~3  ; combout          ;
; |MUX32X1TEST|MUX32X1:inst|Mux7~4  ; |MUX32X1TEST|MUX32X1:inst|Mux7~4  ; combout          ;
; |MUX32X1TEST|MUX32X1:inst|Mux7~5  ; |MUX32X1TEST|MUX32X1:inst|Mux7~5  ; combout          ;
; |MUX32X1TEST|MUX32X1:inst|Mux7~6  ; |MUX32X1TEST|MUX32X1:inst|Mux7~6  ; combout          ;
; |MUX32X1TEST|MUX32X1:inst|Mux7~7  ; |MUX32X1TEST|MUX32X1:inst|Mux7~7  ; combout          ;
; |MUX32X1TEST|MUX32X1:inst|Mux7~8  ; |MUX32X1TEST|MUX32X1:inst|Mux7~8  ; combout          ;
; |MUX32X1TEST|MUX32X1:inst|Mux7~9  ; |MUX32X1TEST|MUX32X1:inst|Mux7~9  ; combout          ;
; |MUX32X1TEST|MUX32X1:inst|Mux7~10 ; |MUX32X1TEST|MUX32X1:inst|Mux7~10 ; combout          ;
; |MUX32X1TEST|MUX32X1:inst|Mux7~11 ; |MUX32X1TEST|MUX32X1:inst|Mux7~11 ; combout          ;
; |MUX32X1TEST|MUX32X1:inst|Mux7~12 ; |MUX32X1TEST|MUX32X1:inst|Mux7~12 ; combout          ;
; |MUX32X1TEST|MUX32X1:inst|Mux7~14 ; |MUX32X1TEST|MUX32X1:inst|Mux7~14 ; combout          ;
; |MUX32X1TEST|MUX32X1:inst|Mux7~15 ; |MUX32X1TEST|MUX32X1:inst|Mux7~15 ; combout          ;
; |MUX32X1TEST|MUX32X1:inst|Mux7~16 ; |MUX32X1TEST|MUX32X1:inst|Mux7~16 ; combout          ;
; |MUX32X1TEST|MUX32X1:inst|Mux7~17 ; |MUX32X1TEST|MUX32X1:inst|Mux7~17 ; combout          ;
; |MUX32X1TEST|MUX32X1:inst|Mux7~18 ; |MUX32X1TEST|MUX32X1:inst|Mux7~18 ; combout          ;
; |MUX32X1TEST|MUX32X1:inst|Mux7~19 ; |MUX32X1TEST|MUX32X1:inst|Mux7~19 ; combout          ;
; |MUX32X1TEST|MUX32X1:inst|Mux7~20 ; |MUX32X1TEST|MUX32X1:inst|Mux7~20 ; combout          ;
; |MUX32X1TEST|MUX32X1:inst|Mux8~0  ; |MUX32X1TEST|MUX32X1:inst|Mux8~0  ; combout          ;
; |MUX32X1TEST|MUX32X1:inst|Mux8~1  ; |MUX32X1TEST|MUX32X1:inst|Mux8~1  ; combout          ;
; |MUX32X1TEST|MUX32X1:inst|Mux8~2  ; |MUX32X1TEST|MUX32X1:inst|Mux8~2  ; combout          ;
; |MUX32X1TEST|MUX32X1:inst|Mux8~3  ; |MUX32X1TEST|MUX32X1:inst|Mux8~3  ; combout          ;
; |MUX32X1TEST|MUX32X1:inst|Mux8~4  ; |MUX32X1TEST|MUX32X1:inst|Mux8~4  ; combout          ;
; |MUX32X1TEST|MUX32X1:inst|Mux8~5  ; |MUX32X1TEST|MUX32X1:inst|Mux8~5  ; combout          ;
; |MUX32X1TEST|MUX32X1:inst|Mux8~6  ; |MUX32X1TEST|MUX32X1:inst|Mux8~6  ; combout          ;
; |MUX32X1TEST|MUX32X1:inst|Mux8~7  ; |MUX32X1TEST|MUX32X1:inst|Mux8~7  ; combout          ;
; |MUX32X1TEST|MUX32X1:inst|Mux8~8  ; |MUX32X1TEST|MUX32X1:inst|Mux8~8  ; combout          ;
; |MUX32X1TEST|MUX32X1:inst|Mux8~9  ; |MUX32X1TEST|MUX32X1:inst|Mux8~9  ; combout          ;
; |MUX32X1TEST|MUX32X1:inst|Mux8~10 ; |MUX32X1TEST|MUX32X1:inst|Mux8~10 ; combout          ;
; |MUX32X1TEST|MUX32X1:inst|Mux8~11 ; |MUX32X1TEST|MUX32X1:inst|Mux8~11 ; combout          ;
; |MUX32X1TEST|MUX32X1:inst|Mux8~12 ; |MUX32X1TEST|MUX32X1:inst|Mux8~12 ; combout          ;
; |MUX32X1TEST|MUX32X1:inst|Mux8~14 ; |MUX32X1TEST|MUX32X1:inst|Mux8~14 ; combout          ;
; |MUX32X1TEST|MUX32X1:inst|Mux8~15 ; |MUX32X1TEST|MUX32X1:inst|Mux8~15 ; combout          ;
; |MUX32X1TEST|MUX32X1:inst|Mux8~16 ; |MUX32X1TEST|MUX32X1:inst|Mux8~16 ; combout          ;
; |MUX32X1TEST|MUX32X1:inst|Mux8~17 ; |MUX32X1TEST|MUX32X1:inst|Mux8~17 ; combout          ;
; |MUX32X1TEST|MUX32X1:inst|Mux8~18 ; |MUX32X1TEST|MUX32X1:inst|Mux8~18 ; combout          ;
; |MUX32X1TEST|MUX32X1:inst|Mux8~19 ; |MUX32X1TEST|MUX32X1:inst|Mux8~19 ; combout          ;
; |MUX32X1TEST|MUX32X1:inst|Mux8~20 ; |MUX32X1TEST|MUX32X1:inst|Mux8~20 ; combout          ;
; |MUX32X1TEST|MUX32X1:inst|Mux9~0  ; |MUX32X1TEST|MUX32X1:inst|Mux9~0  ; combout          ;
; |MUX32X1TEST|MUX32X1:inst|Mux9~2  ; |MUX32X1TEST|MUX32X1:inst|Mux9~2  ; combout          ;
; |MUX32X1TEST|MUX32X1:inst|Mux9~3  ; |MUX32X1TEST|MUX32X1:inst|Mux9~3  ; combout          ;
; |MUX32X1TEST|MUX32X1:inst|Mux9~4  ; |MUX32X1TEST|MUX32X1:inst|Mux9~4  ; combout          ;
; |MUX32X1TEST|MUX32X1:inst|Mux9~5  ; |MUX32X1TEST|MUX32X1:inst|Mux9~5  ; combout          ;
; |MUX32X1TEST|MUX32X1:inst|Mux9~6  ; |MUX32X1TEST|MUX32X1:inst|Mux9~6  ; combout          ;
; |MUX32X1TEST|MUX32X1:inst|Mux9~7  ; |MUX32X1TEST|MUX32X1:inst|Mux9~7  ; combout          ;
; |MUX32X1TEST|MUX32X1:inst|Mux9~9  ; |MUX32X1TEST|MUX32X1:inst|Mux9~9  ; combout          ;
; |MUX32X1TEST|MUX32X1:inst|Mux9~10 ; |MUX32X1TEST|MUX32X1:inst|Mux9~10 ; combout          ;
; |MUX32X1TEST|MUX32X1:inst|Mux9~11 ; |MUX32X1TEST|MUX32X1:inst|Mux9~11 ; combout          ;
; |MUX32X1TEST|MUX32X1:inst|Mux9~12 ; |MUX32X1TEST|MUX32X1:inst|Mux9~12 ; combout          ;
; |MUX32X1TEST|MUX32X1:inst|Mux9~14 ; |MUX32X1TEST|MUX32X1:inst|Mux9~14 ; combout          ;
; |MUX32X1TEST|MUX32X1:inst|Mux9~16 ; |MUX32X1TEST|MUX32X1:inst|Mux9~16 ; combout          ;
; |MUX32X1TEST|MUX32X1:inst|Mux9~17 ; |MUX32X1TEST|MUX32X1:inst|Mux9~17 ; combout          ;
; |MUX32X1TEST|MUX32X1:inst|Mux9~18 ; |MUX32X1TEST|MUX32X1:inst|Mux9~18 ; combout          ;
; |MUX32X1TEST|MUX32X1:inst|Mux9~19 ; |MUX32X1TEST|MUX32X1:inst|Mux9~19 ; combout          ;
; |MUX32X1TEST|MUX32X1:inst|Mux9~20 ; |MUX32X1TEST|MUX32X1:inst|Mux9~20 ; combout          ;
; |MUX32X1TEST|OUT[9]               ; |MUX32X1TEST|OUT[9]               ; padio            ;
; |MUX32X1TEST|OUT[8]               ; |MUX32X1TEST|OUT[8]               ; padio            ;
; |MUX32X1TEST|OUT[7]               ; |MUX32X1TEST|OUT[7]               ; padio            ;
; |MUX32X1TEST|OUT[6]               ; |MUX32X1TEST|OUT[6]               ; padio            ;
; |MUX32X1TEST|OUT[5]               ; |MUX32X1TEST|OUT[5]               ; padio            ;
; |MUX32X1TEST|OUT[4]               ; |MUX32X1TEST|OUT[4]               ; padio            ;
; |MUX32X1TEST|OUT[3]               ; |MUX32X1TEST|OUT[3]               ; padio            ;
; |MUX32X1TEST|OUT[2]               ; |MUX32X1TEST|OUT[2]               ; padio            ;
; |MUX32X1TEST|OUT[1]               ; |MUX32X1TEST|OUT[1]               ; padio            ;
; |MUX32X1TEST|OUT[0]               ; |MUX32X1TEST|OUT[0]               ; padio            ;
; |MUX32X1TEST|SEL[2]               ; |MUX32X1TEST|SEL[2]~corein        ; combout          ;
; |MUX32X1TEST|SEL[1]               ; |MUX32X1TEST|SEL[1]~corein        ; combout          ;
; |MUX32X1TEST|SEL[3]               ; |MUX32X1TEST|SEL[3]~corein        ; combout          ;
; |MUX32X1TEST|SEL[4]               ; |MUX32X1TEST|SEL[4]~corein        ; combout          ;
; |MUX32X1TEST|SEL[0]               ; |MUX32X1TEST|SEL[0]~corein        ; combout          ;
+-----------------------------------+-----------------------------------+------------------+


The following table displays output ports that do not toggle to 1 during simulation.
+------------------------------------------------------------------------------------------+
; Missing 1-Value Coverage                                                                 ;
+-----------------------------------+-----------------------------------+------------------+
; Node Name                         ; Output Port Name                  ; Output Port Type ;
+-----------------------------------+-----------------------------------+------------------+
; |MUX32X1TEST|MUX32X1:inst|Mux2~11 ; |MUX32X1TEST|MUX32X1:inst|Mux2~11 ; combout          ;
; |MUX32X1TEST|MUX32X1:inst|Mux3~3  ; |MUX32X1TEST|MUX32X1:inst|Mux3~3  ; combout          ;
; |MUX32X1TEST|MUX32X1:inst|Mux4~13 ; |MUX32X1TEST|MUX32X1:inst|Mux4~13 ; combout          ;
; |MUX32X1TEST|MUX32X1:inst|Mux4~15 ; |MUX32X1TEST|MUX32X1:inst|Mux4~15 ; combout          ;
; |MUX32X1TEST|MUX32X1:inst|Mux4~18 ; |MUX32X1TEST|MUX32X1:inst|Mux4~18 ; combout          ;
; |MUX32X1TEST|MUX32X1:inst|Mux5~1  ; |MUX32X1TEST|MUX32X1:inst|Mux5~1  ; combout          ;
; |MUX32X1TEST|MUX32X1:inst|Mux5~8  ; |MUX32X1TEST|MUX32X1:inst|Mux5~8  ; combout          ;
; |MUX32X1TEST|MUX32X1:inst|Mux6~1  ; |MUX32X1TEST|MUX32X1:inst|Mux6~1  ; combout          ;
; |MUX32X1TEST|MUX32X1:inst|Mux7~13 ; |MUX32X1TEST|MUX32X1:inst|Mux7~13 ; combout          ;
; |MUX32X1TEST|MUX32X1:inst|Mux8~13 ; |MUX32X1TEST|MUX32X1:inst|Mux8~13 ; combout          ;
; |MUX32X1TEST|MUX32X1:inst|Mux9~1  ; |MUX32X1TEST|MUX32X1:inst|Mux9~1  ; combout          ;
; |MUX32X1TEST|MUX32X1:inst|Mux9~8  ; |MUX32X1TEST|MUX32X1:inst|Mux9~8  ; combout          ;
; |MUX32X1TEST|MUX32X1:inst|Mux9~13 ; |MUX32X1TEST|MUX32X1:inst|Mux9~13 ; combout          ;
; |MUX32X1TEST|MUX32X1:inst|Mux9~15 ; |MUX32X1TEST|MUX32X1:inst|Mux9~15 ; combout          ;
; |MUX32X1TEST|LUI[9]               ; |MUX32X1TEST|LUI[9]~corein        ; combout          ;
; |MUX32X1TEST|D11[9]               ; |MUX32X1TEST|D11[9]~corein        ; combout          ;
; |MUX32X1TEST|D9[9]                ; |MUX32X1TEST|D9[9]~corein         ; combout          ;
; |MUX32X1TEST|D15[9]               ; |MUX32X1TEST|D15[9]~corein        ; combout          ;
; |MUX32X1TEST|D19[9]               ; |MUX32X1TEST|D19[9]~corein        ; combout          ;
; |MUX32X1TEST|D21[9]               ; |MUX32X1TEST|D21[9]~corein        ; combout          ;
; |MUX32X1TEST|D17[9]               ; |MUX32X1TEST|D17[9]~corein        ; combout          ;
; |MUX32X1TEST|D23[9]               ; |MUX32X1TEST|D23[9]~corein        ; combout          ;
; |MUX32X1TEST|AUIPC[9]             ; |MUX32X1TEST|AUIPC[9]~corein      ; combout          ;
; |MUX32X1TEST|D3[9]                ; |MUX32X1TEST|D3[9]~corein         ; combout          ;
; |MUX32X1TEST|D1[9]                ; |MUX32X1TEST|D1[9]~corein         ; combout          ;
; |MUX32X1TEST|D7[9]                ; |MUX32X1TEST|D7[9]~corein         ; combout          ;
; |MUX32X1TEST|JAL[9]               ; |MUX32X1TEST|JAL[9]~corein        ; combout          ;
; |MUX32X1TEST|D29[9]               ; |MUX32X1TEST|D29[9]~corein        ; combout          ;
; |MUX32X1TEST|JALR[9]              ; |MUX32X1TEST|JALR[9]~corein       ; combout          ;
; |MUX32X1TEST|D31[9]               ; |MUX32X1TEST|D31[9]~corein        ; combout          ;
; |MUX32X1TEST|D10[9]               ; |MUX32X1TEST|D10[9]~corein        ; combout          ;
; |MUX32X1TEST|D18[9]               ; |MUX32X1TEST|D18[9]~corein        ; combout          ;
; |MUX32X1TEST|D2[9]                ; |MUX32X1TEST|D2[9]~corein         ; combout          ;
; |MUX32X1TEST|D26[9]               ; |MUX32X1TEST|D26[9]~corein        ; combout          ;
; |MUX32X1TEST|D20[9]               ; |MUX32X1TEST|D20[9]~corein        ; combout          ;
; |MUX32X1TEST|R-OP[9]              ; |MUX32X1TEST|R-OP[9]~corein       ; combout          ;
; |MUX32X1TEST|I-OP[9]              ; |MUX32X1TEST|I-OP[9]~corein       ; combout          ;
; |MUX32X1TEST|D28[9]               ; |MUX32X1TEST|D28[9]~corein        ; combout          ;
; |MUX32X1TEST|STORE-OP[9]          ; |MUX32X1TEST|STORE-OP[9]~corein   ; combout          ;
; |MUX32X1TEST|D16[9]               ; |MUX32X1TEST|D16[9]~corein        ; combout          ;
; |MUX32X1TEST|LOAD-OP[9]           ; |MUX32X1TEST|LOAD-OP[9]~corein    ; combout          ;
; |MUX32X1TEST|BRANCH[9]            ; |MUX32X1TEST|BRANCH[9]~corein     ; combout          ;
; |MUX32X1TEST|D22[9]               ; |MUX32X1TEST|D22[9]~corein        ; combout          ;
; |MUX32X1TEST|D14[9]               ; |MUX32X1TEST|D14[9]~corein        ; combout          ;
; |MUX32X1TEST|D6[9]                ; |MUX32X1TEST|D6[9]~corein         ; combout          ;
; |MUX32X1TEST|D30[9]               ; |MUX32X1TEST|D30[9]~corein        ; combout          ;
; |MUX32X1TEST|D21[8]               ; |MUX32X1TEST|D21[8]~corein        ; combout          ;
; |MUX32X1TEST|D19[8]               ; |MUX32X1TEST|D19[8]~corein        ; combout          ;
; |MUX32X1TEST|D17[8]               ; |MUX32X1TEST|D17[8]~corein        ; combout          ;
; |MUX32X1TEST|D23[8]               ; |MUX32X1TEST|D23[8]~corein        ; combout          ;
; |MUX32X1TEST|D11[8]               ; |MUX32X1TEST|D11[8]~corein        ; combout          ;
; |MUX32X1TEST|LUI[8]               ; |MUX32X1TEST|LUI[8]~corein        ; combout          ;
; |MUX32X1TEST|D9[8]                ; |MUX32X1TEST|D9[8]~corein         ; combout          ;
; |MUX32X1TEST|D15[8]               ; |MUX32X1TEST|D15[8]~corein        ; combout          ;
; |MUX32X1TEST|D3[8]                ; |MUX32X1TEST|D3[8]~corein         ; combout          ;
; |MUX32X1TEST|AUIPC[8]             ; |MUX32X1TEST|AUIPC[8]~corein      ; combout          ;
; |MUX32X1TEST|D1[8]                ; |MUX32X1TEST|D1[8]~corein         ; combout          ;
; |MUX32X1TEST|D7[8]                ; |MUX32X1TEST|D7[8]~corein         ; combout          ;
; |MUX32X1TEST|D29[8]               ; |MUX32X1TEST|D29[8]~corein        ; combout          ;
; |MUX32X1TEST|JAL[8]               ; |MUX32X1TEST|JAL[8]~corein        ; combout          ;
; |MUX32X1TEST|JALR[8]              ; |MUX32X1TEST|JALR[8]~corein       ; combout          ;
; |MUX32X1TEST|D31[8]               ; |MUX32X1TEST|D31[8]~corein        ; combout          ;
; |MUX32X1TEST|R-OP[8]              ; |MUX32X1TEST|R-OP[8]~corein       ; combout          ;
; |MUX32X1TEST|D20[8]               ; |MUX32X1TEST|D20[8]~corein        ; combout          ;
; |MUX32X1TEST|I-OP[8]              ; |MUX32X1TEST|I-OP[8]~corein       ; combout          ;
; |MUX32X1TEST|D28[8]               ; |MUX32X1TEST|D28[8]~corein        ; combout          ;
; |MUX32X1TEST|D18[8]               ; |MUX32X1TEST|D18[8]~corein        ; combout          ;
; |MUX32X1TEST|D10[8]               ; |MUX32X1TEST|D10[8]~corein        ; combout          ;
; |MUX32X1TEST|D2[8]                ; |MUX32X1TEST|D2[8]~corein         ; combout          ;
; |MUX32X1TEST|D26[8]               ; |MUX32X1TEST|D26[8]~corein        ; combout          ;
; |MUX32X1TEST|D16[8]               ; |MUX32X1TEST|D16[8]~corein        ; combout          ;
; |MUX32X1TEST|STORE-OP[8]          ; |MUX32X1TEST|STORE-OP[8]~corein   ; combout          ;
; |MUX32X1TEST|LOAD-OP[8]           ; |MUX32X1TEST|LOAD-OP[8]~corein    ; combout          ;
; |MUX32X1TEST|BRANCH[8]            ; |MUX32X1TEST|BRANCH[8]~corein     ; combout          ;
; |MUX32X1TEST|D14[8]               ; |MUX32X1TEST|D14[8]~corein        ; combout          ;
; |MUX32X1TEST|D22[8]               ; |MUX32X1TEST|D22[8]~corein        ; combout          ;
; |MUX32X1TEST|D6[8]                ; |MUX32X1TEST|D6[8]~corein         ; combout          ;
; |MUX32X1TEST|D30[8]               ; |MUX32X1TEST|D30[8]~corein        ; combout          ;
; |MUX32X1TEST|LUI[7]               ; |MUX32X1TEST|LUI[7]~corein        ; combout          ;
; |MUX32X1TEST|D11[7]               ; |MUX32X1TEST|D11[7]~corein        ; combout          ;
; |MUX32X1TEST|D9[7]                ; |MUX32X1TEST|D9[7]~corein         ; combout          ;
; |MUX32X1TEST|D15[7]               ; |MUX32X1TEST|D15[7]~corein        ; combout          ;
; |MUX32X1TEST|D19[7]               ; |MUX32X1TEST|D19[7]~corein        ; combout          ;
; |MUX32X1TEST|D21[7]               ; |MUX32X1TEST|D21[7]~corein        ; combout          ;
; |MUX32X1TEST|D17[7]               ; |MUX32X1TEST|D17[7]~corein        ; combout          ;
; |MUX32X1TEST|D23[7]               ; |MUX32X1TEST|D23[7]~corein        ; combout          ;
; |MUX32X1TEST|AUIPC[7]             ; |MUX32X1TEST|AUIPC[7]~corein      ; combout          ;
; |MUX32X1TEST|D3[7]                ; |MUX32X1TEST|D3[7]~corein         ; combout          ;
; |MUX32X1TEST|D1[7]                ; |MUX32X1TEST|D1[7]~corein         ; combout          ;
; |MUX32X1TEST|D7[7]                ; |MUX32X1TEST|D7[7]~corein         ; combout          ;
; |MUX32X1TEST|JAL[7]               ; |MUX32X1TEST|JAL[7]~corein        ; combout          ;
; |MUX32X1TEST|D29[7]               ; |MUX32X1TEST|D29[7]~corein        ; combout          ;
; |MUX32X1TEST|JALR[7]              ; |MUX32X1TEST|JALR[7]~corein       ; combout          ;
; |MUX32X1TEST|D31[7]               ; |MUX32X1TEST|D31[7]~corein        ; combout          ;
; |MUX32X1TEST|D10[7]               ; |MUX32X1TEST|D10[7]~corein        ; combout          ;
; |MUX32X1TEST|D18[7]               ; |MUX32X1TEST|D18[7]~corein        ; combout          ;
; |MUX32X1TEST|D2[7]                ; |MUX32X1TEST|D2[7]~corein         ; combout          ;
; |MUX32X1TEST|D26[7]               ; |MUX32X1TEST|D26[7]~corein        ; combout          ;
; |MUX32X1TEST|D20[7]               ; |MUX32X1TEST|D20[7]~corein        ; combout          ;
; |MUX32X1TEST|R-OP[7]              ; |MUX32X1TEST|R-OP[7]~corein       ; combout          ;
; |MUX32X1TEST|I-OP[7]              ; |MUX32X1TEST|I-OP[7]~corein       ; combout          ;
; |MUX32X1TEST|D28[7]               ; |MUX32X1TEST|D28[7]~corein        ; combout          ;
; |MUX32X1TEST|STORE-OP[7]          ; |MUX32X1TEST|STORE-OP[7]~corein   ; combout          ;
; |MUX32X1TEST|D16[7]               ; |MUX32X1TEST|D16[7]~corein        ; combout          ;
; |MUX32X1TEST|LOAD-OP[7]           ; |MUX32X1TEST|LOAD-OP[7]~corein    ; combout          ;
; |MUX32X1TEST|BRANCH[7]            ; |MUX32X1TEST|BRANCH[7]~corein     ; combout          ;
; |MUX32X1TEST|D22[7]               ; |MUX32X1TEST|D22[7]~corein        ; combout          ;
; |MUX32X1TEST|D14[7]               ; |MUX32X1TEST|D14[7]~corein        ; combout          ;
; |MUX32X1TEST|D6[7]                ; |MUX32X1TEST|D6[7]~corein         ; combout          ;
; |MUX32X1TEST|D30[7]               ; |MUX32X1TEST|D30[7]~corein        ; combout          ;
; |MUX32X1TEST|D21[6]               ; |MUX32X1TEST|D21[6]~corein        ; combout          ;
; |MUX32X1TEST|D19[6]               ; |MUX32X1TEST|D19[6]~corein        ; combout          ;
; |MUX32X1TEST|D17[6]               ; |MUX32X1TEST|D17[6]~corein        ; combout          ;
; |MUX32X1TEST|D23[6]               ; |MUX32X1TEST|D23[6]~corein        ; combout          ;
; |MUX32X1TEST|D11[6]               ; |MUX32X1TEST|D11[6]~corein        ; combout          ;
; |MUX32X1TEST|LUI[6]               ; |MUX32X1TEST|LUI[6]~corein        ; combout          ;
; |MUX32X1TEST|D9[6]                ; |MUX32X1TEST|D9[6]~corein         ; combout          ;
; |MUX32X1TEST|D15[6]               ; |MUX32X1TEST|D15[6]~corein        ; combout          ;
; |MUX32X1TEST|D3[6]                ; |MUX32X1TEST|D3[6]~corein         ; combout          ;
; |MUX32X1TEST|AUIPC[6]             ; |MUX32X1TEST|AUIPC[6]~corein      ; combout          ;
; |MUX32X1TEST|D1[6]                ; |MUX32X1TEST|D1[6]~corein         ; combout          ;
; |MUX32X1TEST|D7[6]                ; |MUX32X1TEST|D7[6]~corein         ; combout          ;
; |MUX32X1TEST|D29[6]               ; |MUX32X1TEST|D29[6]~corein        ; combout          ;
; |MUX32X1TEST|JAL[6]               ; |MUX32X1TEST|JAL[6]~corein        ; combout          ;
; |MUX32X1TEST|JALR[6]              ; |MUX32X1TEST|JALR[6]~corein       ; combout          ;
; |MUX32X1TEST|D31[6]               ; |MUX32X1TEST|D31[6]~corein        ; combout          ;
; |MUX32X1TEST|R-OP[6]              ; |MUX32X1TEST|R-OP[6]~corein       ; combout          ;
; |MUX32X1TEST|D20[6]               ; |MUX32X1TEST|D20[6]~corein        ; combout          ;
; |MUX32X1TEST|I-OP[6]              ; |MUX32X1TEST|I-OP[6]~corein       ; combout          ;
; |MUX32X1TEST|D28[6]               ; |MUX32X1TEST|D28[6]~corein        ; combout          ;
; |MUX32X1TEST|D18[6]               ; |MUX32X1TEST|D18[6]~corein        ; combout          ;
; |MUX32X1TEST|D10[6]               ; |MUX32X1TEST|D10[6]~corein        ; combout          ;
; |MUX32X1TEST|D2[6]                ; |MUX32X1TEST|D2[6]~corein         ; combout          ;
; |MUX32X1TEST|D26[6]               ; |MUX32X1TEST|D26[6]~corein        ; combout          ;
; |MUX32X1TEST|D16[6]               ; |MUX32X1TEST|D16[6]~corein        ; combout          ;
; |MUX32X1TEST|STORE-OP[6]          ; |MUX32X1TEST|STORE-OP[6]~corein   ; combout          ;
; |MUX32X1TEST|LOAD-OP[6]           ; |MUX32X1TEST|LOAD-OP[6]~corein    ; combout          ;
; |MUX32X1TEST|BRANCH[6]            ; |MUX32X1TEST|BRANCH[6]~corein     ; combout          ;
; |MUX32X1TEST|D14[6]               ; |MUX32X1TEST|D14[6]~corein        ; combout          ;
; |MUX32X1TEST|D22[6]               ; |MUX32X1TEST|D22[6]~corein        ; combout          ;
; |MUX32X1TEST|D6[6]                ; |MUX32X1TEST|D6[6]~corein         ; combout          ;
; |MUX32X1TEST|D30[6]               ; |MUX32X1TEST|D30[6]~corein        ; combout          ;
; |MUX32X1TEST|LUI[5]               ; |MUX32X1TEST|LUI[5]~corein        ; combout          ;
; |MUX32X1TEST|D11[5]               ; |MUX32X1TEST|D11[5]~corein        ; combout          ;
; |MUX32X1TEST|D9[5]                ; |MUX32X1TEST|D9[5]~corein         ; combout          ;
; |MUX32X1TEST|D15[5]               ; |MUX32X1TEST|D15[5]~corein        ; combout          ;
; |MUX32X1TEST|D19[5]               ; |MUX32X1TEST|D19[5]~corein        ; combout          ;
; |MUX32X1TEST|D21[5]               ; |MUX32X1TEST|D21[5]~corein        ; combout          ;
; |MUX32X1TEST|D17[5]               ; |MUX32X1TEST|D17[5]~corein        ; combout          ;
; |MUX32X1TEST|D23[5]               ; |MUX32X1TEST|D23[5]~corein        ; combout          ;
; |MUX32X1TEST|AUIPC[5]             ; |MUX32X1TEST|AUIPC[5]~corein      ; combout          ;
; |MUX32X1TEST|D3[5]                ; |MUX32X1TEST|D3[5]~corein         ; combout          ;
; |MUX32X1TEST|D1[5]                ; |MUX32X1TEST|D1[5]~corein         ; combout          ;
; |MUX32X1TEST|D7[5]                ; |MUX32X1TEST|D7[5]~corein         ; combout          ;
; |MUX32X1TEST|JAL[5]               ; |MUX32X1TEST|JAL[5]~corein        ; combout          ;
; |MUX32X1TEST|D29[5]               ; |MUX32X1TEST|D29[5]~corein        ; combout          ;
; |MUX32X1TEST|JALR[5]              ; |MUX32X1TEST|JALR[5]~corein       ; combout          ;
; |MUX32X1TEST|D31[5]               ; |MUX32X1TEST|D31[5]~corein        ; combout          ;
; |MUX32X1TEST|D10[5]               ; |MUX32X1TEST|D10[5]~corein        ; combout          ;
; |MUX32X1TEST|D18[5]               ; |MUX32X1TEST|D18[5]~corein        ; combout          ;
; |MUX32X1TEST|D2[5]                ; |MUX32X1TEST|D2[5]~corein         ; combout          ;
; |MUX32X1TEST|D26[5]               ; |MUX32X1TEST|D26[5]~corein        ; combout          ;
; |MUX32X1TEST|D20[5]               ; |MUX32X1TEST|D20[5]~corein        ; combout          ;
; |MUX32X1TEST|R-OP[5]              ; |MUX32X1TEST|R-OP[5]~corein       ; combout          ;
; |MUX32X1TEST|I-OP[5]              ; |MUX32X1TEST|I-OP[5]~corein       ; combout          ;
; |MUX32X1TEST|D28[5]               ; |MUX32X1TEST|D28[5]~corein        ; combout          ;
; |MUX32X1TEST|STORE-OP[5]          ; |MUX32X1TEST|STORE-OP[5]~corein   ; combout          ;
; |MUX32X1TEST|D16[5]               ; |MUX32X1TEST|D16[5]~corein        ; combout          ;
; |MUX32X1TEST|LOAD-OP[5]           ; |MUX32X1TEST|LOAD-OP[5]~corein    ; combout          ;
; |MUX32X1TEST|BRANCH[5]            ; |MUX32X1TEST|BRANCH[5]~corein     ; combout          ;
; |MUX32X1TEST|D22[5]               ; |MUX32X1TEST|D22[5]~corein        ; combout          ;
; |MUX32X1TEST|D14[5]               ; |MUX32X1TEST|D14[5]~corein        ; combout          ;
; |MUX32X1TEST|D6[5]                ; |MUX32X1TEST|D6[5]~corein         ; combout          ;
; |MUX32X1TEST|D30[5]               ; |MUX32X1TEST|D30[5]~corein        ; combout          ;
; |MUX32X1TEST|D21[4]               ; |MUX32X1TEST|D21[4]~corein        ; combout          ;
; |MUX32X1TEST|D19[4]               ; |MUX32X1TEST|D19[4]~corein        ; combout          ;
; |MUX32X1TEST|D17[4]               ; |MUX32X1TEST|D17[4]~corein        ; combout          ;
; |MUX32X1TEST|D23[4]               ; |MUX32X1TEST|D23[4]~corein        ; combout          ;
; |MUX32X1TEST|D11[4]               ; |MUX32X1TEST|D11[4]~corein        ; combout          ;
; |MUX32X1TEST|LUI[4]               ; |MUX32X1TEST|LUI[4]~corein        ; combout          ;
; |MUX32X1TEST|D9[4]                ; |MUX32X1TEST|D9[4]~corein         ; combout          ;
; |MUX32X1TEST|D15[4]               ; |MUX32X1TEST|D15[4]~corein        ; combout          ;
; |MUX32X1TEST|D3[4]                ; |MUX32X1TEST|D3[4]~corein         ; combout          ;
; |MUX32X1TEST|AUIPC[4]             ; |MUX32X1TEST|AUIPC[4]~corein      ; combout          ;
; |MUX32X1TEST|D1[4]                ; |MUX32X1TEST|D1[4]~corein         ; combout          ;
; |MUX32X1TEST|D7[4]                ; |MUX32X1TEST|D7[4]~corein         ; combout          ;
; |MUX32X1TEST|D29[4]               ; |MUX32X1TEST|D29[4]~corein        ; combout          ;
; |MUX32X1TEST|JAL[4]               ; |MUX32X1TEST|JAL[4]~corein        ; combout          ;
; |MUX32X1TEST|JALR[4]              ; |MUX32X1TEST|JALR[4]~corein       ; combout          ;
; |MUX32X1TEST|D31[4]               ; |MUX32X1TEST|D31[4]~corein        ; combout          ;
; |MUX32X1TEST|R-OP[4]              ; |MUX32X1TEST|R-OP[4]~corein       ; combout          ;
; |MUX32X1TEST|D20[4]               ; |MUX32X1TEST|D20[4]~corein        ; combout          ;
; |MUX32X1TEST|I-OP[4]              ; |MUX32X1TEST|I-OP[4]~corein       ; combout          ;
; |MUX32X1TEST|D28[4]               ; |MUX32X1TEST|D28[4]~corein        ; combout          ;
; |MUX32X1TEST|D18[4]               ; |MUX32X1TEST|D18[4]~corein        ; combout          ;
; |MUX32X1TEST|D10[4]               ; |MUX32X1TEST|D10[4]~corein        ; combout          ;
; |MUX32X1TEST|D2[4]                ; |MUX32X1TEST|D2[4]~corein         ; combout          ;
; |MUX32X1TEST|D26[4]               ; |MUX32X1TEST|D26[4]~corein        ; combout          ;
; |MUX32X1TEST|D16[4]               ; |MUX32X1TEST|D16[4]~corein        ; combout          ;
; |MUX32X1TEST|STORE-OP[4]          ; |MUX32X1TEST|STORE-OP[4]~corein   ; combout          ;
; |MUX32X1TEST|LOAD-OP[4]           ; |MUX32X1TEST|LOAD-OP[4]~corein    ; combout          ;
; |MUX32X1TEST|BRANCH[4]            ; |MUX32X1TEST|BRANCH[4]~corein     ; combout          ;
; |MUX32X1TEST|D14[4]               ; |MUX32X1TEST|D14[4]~corein        ; combout          ;
; |MUX32X1TEST|D22[4]               ; |MUX32X1TEST|D22[4]~corein        ; combout          ;
; |MUX32X1TEST|D6[4]                ; |MUX32X1TEST|D6[4]~corein         ; combout          ;
; |MUX32X1TEST|D30[4]               ; |MUX32X1TEST|D30[4]~corein        ; combout          ;
; |MUX32X1TEST|LUI[3]               ; |MUX32X1TEST|LUI[3]~corein        ; combout          ;
; |MUX32X1TEST|D11[3]               ; |MUX32X1TEST|D11[3]~corein        ; combout          ;
; |MUX32X1TEST|D9[3]                ; |MUX32X1TEST|D9[3]~corein         ; combout          ;
; |MUX32X1TEST|D15[3]               ; |MUX32X1TEST|D15[3]~corein        ; combout          ;
; |MUX32X1TEST|D19[3]               ; |MUX32X1TEST|D19[3]~corein        ; combout          ;
; |MUX32X1TEST|D21[3]               ; |MUX32X1TEST|D21[3]~corein        ; combout          ;
; |MUX32X1TEST|D17[3]               ; |MUX32X1TEST|D17[3]~corein        ; combout          ;
; |MUX32X1TEST|D23[3]               ; |MUX32X1TEST|D23[3]~corein        ; combout          ;
; |MUX32X1TEST|AUIPC[3]             ; |MUX32X1TEST|AUIPC[3]~corein      ; combout          ;
; |MUX32X1TEST|D3[3]                ; |MUX32X1TEST|D3[3]~corein         ; combout          ;
; |MUX32X1TEST|D1[3]                ; |MUX32X1TEST|D1[3]~corein         ; combout          ;
; |MUX32X1TEST|D7[3]                ; |MUX32X1TEST|D7[3]~corein         ; combout          ;
; |MUX32X1TEST|JAL[3]               ; |MUX32X1TEST|JAL[3]~corein        ; combout          ;
; |MUX32X1TEST|D29[3]               ; |MUX32X1TEST|D29[3]~corein        ; combout          ;
; |MUX32X1TEST|JALR[3]              ; |MUX32X1TEST|JALR[3]~corein       ; combout          ;
; |MUX32X1TEST|D31[3]               ; |MUX32X1TEST|D31[3]~corein        ; combout          ;
; |MUX32X1TEST|D10[3]               ; |MUX32X1TEST|D10[3]~corein        ; combout          ;
; |MUX32X1TEST|D18[3]               ; |MUX32X1TEST|D18[3]~corein        ; combout          ;
; |MUX32X1TEST|D2[3]                ; |MUX32X1TEST|D2[3]~corein         ; combout          ;
; |MUX32X1TEST|D26[3]               ; |MUX32X1TEST|D26[3]~corein        ; combout          ;
; |MUX32X1TEST|D20[3]               ; |MUX32X1TEST|D20[3]~corein        ; combout          ;
; |MUX32X1TEST|R-OP[3]              ; |MUX32X1TEST|R-OP[3]~corein       ; combout          ;
; |MUX32X1TEST|I-OP[3]              ; |MUX32X1TEST|I-OP[3]~corein       ; combout          ;
; |MUX32X1TEST|D28[3]               ; |MUX32X1TEST|D28[3]~corein        ; combout          ;
; |MUX32X1TEST|STORE-OP[3]          ; |MUX32X1TEST|STORE-OP[3]~corein   ; combout          ;
; |MUX32X1TEST|D16[3]               ; |MUX32X1TEST|D16[3]~corein        ; combout          ;
; |MUX32X1TEST|LOAD-OP[3]           ; |MUX32X1TEST|LOAD-OP[3]~corein    ; combout          ;
; |MUX32X1TEST|BRANCH[3]            ; |MUX32X1TEST|BRANCH[3]~corein     ; combout          ;
; |MUX32X1TEST|D22[3]               ; |MUX32X1TEST|D22[3]~corein        ; combout          ;
; |MUX32X1TEST|D14[3]               ; |MUX32X1TEST|D14[3]~corein        ; combout          ;
; |MUX32X1TEST|D6[3]                ; |MUX32X1TEST|D6[3]~corein         ; combout          ;
; |MUX32X1TEST|D30[3]               ; |MUX32X1TEST|D30[3]~corein        ; combout          ;
; |MUX32X1TEST|D21[2]               ; |MUX32X1TEST|D21[2]~corein        ; combout          ;
; |MUX32X1TEST|D19[2]               ; |MUX32X1TEST|D19[2]~corein        ; combout          ;
; |MUX32X1TEST|D17[2]               ; |MUX32X1TEST|D17[2]~corein        ; combout          ;
; |MUX32X1TEST|D23[2]               ; |MUX32X1TEST|D23[2]~corein        ; combout          ;
; |MUX32X1TEST|D11[2]               ; |MUX32X1TEST|D11[2]~corein        ; combout          ;
; |MUX32X1TEST|LUI[2]               ; |MUX32X1TEST|LUI[2]~corein        ; combout          ;
; |MUX32X1TEST|D9[2]                ; |MUX32X1TEST|D9[2]~corein         ; combout          ;
; |MUX32X1TEST|D15[2]               ; |MUX32X1TEST|D15[2]~corein        ; combout          ;
; |MUX32X1TEST|D3[2]                ; |MUX32X1TEST|D3[2]~corein         ; combout          ;
; |MUX32X1TEST|AUIPC[2]             ; |MUX32X1TEST|AUIPC[2]~corein      ; combout          ;
; |MUX32X1TEST|D1[2]                ; |MUX32X1TEST|D1[2]~corein         ; combout          ;
; |MUX32X1TEST|D7[2]                ; |MUX32X1TEST|D7[2]~corein         ; combout          ;
; |MUX32X1TEST|D29[2]               ; |MUX32X1TEST|D29[2]~corein        ; combout          ;
; |MUX32X1TEST|JAL[2]               ; |MUX32X1TEST|JAL[2]~corein        ; combout          ;
; |MUX32X1TEST|JALR[2]              ; |MUX32X1TEST|JALR[2]~corein       ; combout          ;
; |MUX32X1TEST|D31[2]               ; |MUX32X1TEST|D31[2]~corein        ; combout          ;
; |MUX32X1TEST|R-OP[2]              ; |MUX32X1TEST|R-OP[2]~corein       ; combout          ;
; |MUX32X1TEST|D20[2]               ; |MUX32X1TEST|D20[2]~corein        ; combout          ;
; |MUX32X1TEST|I-OP[2]              ; |MUX32X1TEST|I-OP[2]~corein       ; combout          ;
; |MUX32X1TEST|D28[2]               ; |MUX32X1TEST|D28[2]~corein        ; combout          ;
; |MUX32X1TEST|D18[2]               ; |MUX32X1TEST|D18[2]~corein        ; combout          ;
; |MUX32X1TEST|D10[2]               ; |MUX32X1TEST|D10[2]~corein        ; combout          ;
; |MUX32X1TEST|D2[2]                ; |MUX32X1TEST|D2[2]~corein         ; combout          ;
; |MUX32X1TEST|D26[2]               ; |MUX32X1TEST|D26[2]~corein        ; combout          ;
; |MUX32X1TEST|D16[2]               ; |MUX32X1TEST|D16[2]~corein        ; combout          ;
; |MUX32X1TEST|STORE-OP[2]          ; |MUX32X1TEST|STORE-OP[2]~corein   ; combout          ;
; |MUX32X1TEST|LOAD-OP[2]           ; |MUX32X1TEST|LOAD-OP[2]~corein    ; combout          ;
; |MUX32X1TEST|BRANCH[2]            ; |MUX32X1TEST|BRANCH[2]~corein     ; combout          ;
; |MUX32X1TEST|D14[2]               ; |MUX32X1TEST|D14[2]~corein        ; combout          ;
; |MUX32X1TEST|D22[2]               ; |MUX32X1TEST|D22[2]~corein        ; combout          ;
; |MUX32X1TEST|D6[2]                ; |MUX32X1TEST|D6[2]~corein         ; combout          ;
; |MUX32X1TEST|D30[2]               ; |MUX32X1TEST|D30[2]~corein        ; combout          ;
; |MUX32X1TEST|LUI[1]               ; |MUX32X1TEST|LUI[1]~corein        ; combout          ;
; |MUX32X1TEST|D11[1]               ; |MUX32X1TEST|D11[1]~corein        ; combout          ;
; |MUX32X1TEST|D9[1]                ; |MUX32X1TEST|D9[1]~corein         ; combout          ;
; |MUX32X1TEST|D15[1]               ; |MUX32X1TEST|D15[1]~corein        ; combout          ;
; |MUX32X1TEST|D19[1]               ; |MUX32X1TEST|D19[1]~corein        ; combout          ;
; |MUX32X1TEST|D21[1]               ; |MUX32X1TEST|D21[1]~corein        ; combout          ;
; |MUX32X1TEST|D17[1]               ; |MUX32X1TEST|D17[1]~corein        ; combout          ;
; |MUX32X1TEST|D23[1]               ; |MUX32X1TEST|D23[1]~corein        ; combout          ;
; |MUX32X1TEST|AUIPC[1]             ; |MUX32X1TEST|AUIPC[1]~corein      ; combout          ;
; |MUX32X1TEST|D3[1]                ; |MUX32X1TEST|D3[1]~corein         ; combout          ;
; |MUX32X1TEST|D1[1]                ; |MUX32X1TEST|D1[1]~corein         ; combout          ;
; |MUX32X1TEST|D7[1]                ; |MUX32X1TEST|D7[1]~corein         ; combout          ;
; |MUX32X1TEST|JAL[1]               ; |MUX32X1TEST|JAL[1]~corein        ; combout          ;
; |MUX32X1TEST|D29[1]               ; |MUX32X1TEST|D29[1]~corein        ; combout          ;
; |MUX32X1TEST|JALR[1]              ; |MUX32X1TEST|JALR[1]~corein       ; combout          ;
; |MUX32X1TEST|D31[1]               ; |MUX32X1TEST|D31[1]~corein        ; combout          ;
; |MUX32X1TEST|D10[1]               ; |MUX32X1TEST|D10[1]~corein        ; combout          ;
; |MUX32X1TEST|D18[1]               ; |MUX32X1TEST|D18[1]~corein        ; combout          ;
; |MUX32X1TEST|D2[1]                ; |MUX32X1TEST|D2[1]~corein         ; combout          ;
; |MUX32X1TEST|D26[1]               ; |MUX32X1TEST|D26[1]~corein        ; combout          ;
; |MUX32X1TEST|D20[1]               ; |MUX32X1TEST|D20[1]~corein        ; combout          ;
; |MUX32X1TEST|R-OP[1]              ; |MUX32X1TEST|R-OP[1]~corein       ; combout          ;
; |MUX32X1TEST|I-OP[1]              ; |MUX32X1TEST|I-OP[1]~corein       ; combout          ;
; |MUX32X1TEST|D28[1]               ; |MUX32X1TEST|D28[1]~corein        ; combout          ;
; |MUX32X1TEST|STORE-OP[1]          ; |MUX32X1TEST|STORE-OP[1]~corein   ; combout          ;
; |MUX32X1TEST|D16[1]               ; |MUX32X1TEST|D16[1]~corein        ; combout          ;
; |MUX32X1TEST|LOAD-OP[1]           ; |MUX32X1TEST|LOAD-OP[1]~corein    ; combout          ;
; |MUX32X1TEST|BRANCH[1]            ; |MUX32X1TEST|BRANCH[1]~corein     ; combout          ;
; |MUX32X1TEST|D22[1]               ; |MUX32X1TEST|D22[1]~corein        ; combout          ;
; |MUX32X1TEST|D14[1]               ; |MUX32X1TEST|D14[1]~corein        ; combout          ;
; |MUX32X1TEST|D6[1]                ; |MUX32X1TEST|D6[1]~corein         ; combout          ;
; |MUX32X1TEST|D30[1]               ; |MUX32X1TEST|D30[1]~corein        ; combout          ;
; |MUX32X1TEST|D21[0]               ; |MUX32X1TEST|D21[0]~corein        ; combout          ;
; |MUX32X1TEST|D19[0]               ; |MUX32X1TEST|D19[0]~corein        ; combout          ;
; |MUX32X1TEST|D17[0]               ; |MUX32X1TEST|D17[0]~corein        ; combout          ;
; |MUX32X1TEST|D23[0]               ; |MUX32X1TEST|D23[0]~corein        ; combout          ;
; |MUX32X1TEST|D11[0]               ; |MUX32X1TEST|D11[0]~corein        ; combout          ;
; |MUX32X1TEST|LUI[0]               ; |MUX32X1TEST|LUI[0]~corein        ; combout          ;
; |MUX32X1TEST|D9[0]                ; |MUX32X1TEST|D9[0]~corein         ; combout          ;
; |MUX32X1TEST|D15[0]               ; |MUX32X1TEST|D15[0]~corein        ; combout          ;
; |MUX32X1TEST|D3[0]                ; |MUX32X1TEST|D3[0]~corein         ; combout          ;
; |MUX32X1TEST|AUIPC[0]             ; |MUX32X1TEST|AUIPC[0]~corein      ; combout          ;
; |MUX32X1TEST|D1[0]                ; |MUX32X1TEST|D1[0]~corein         ; combout          ;
; |MUX32X1TEST|D7[0]                ; |MUX32X1TEST|D7[0]~corein         ; combout          ;
; |MUX32X1TEST|D29[0]               ; |MUX32X1TEST|D29[0]~corein        ; combout          ;
; |MUX32X1TEST|JAL[0]               ; |MUX32X1TEST|JAL[0]~corein        ; combout          ;
; |MUX32X1TEST|JALR[0]              ; |MUX32X1TEST|JALR[0]~corein       ; combout          ;
; |MUX32X1TEST|D31[0]               ; |MUX32X1TEST|D31[0]~corein        ; combout          ;
; |MUX32X1TEST|R-OP[0]              ; |MUX32X1TEST|R-OP[0]~corein       ; combout          ;
; |MUX32X1TEST|D20[0]               ; |MUX32X1TEST|D20[0]~corein        ; combout          ;
; |MUX32X1TEST|I-OP[0]              ; |MUX32X1TEST|I-OP[0]~corein       ; combout          ;
; |MUX32X1TEST|D28[0]               ; |MUX32X1TEST|D28[0]~corein        ; combout          ;
; |MUX32X1TEST|D18[0]               ; |MUX32X1TEST|D18[0]~corein        ; combout          ;
; |MUX32X1TEST|D10[0]               ; |MUX32X1TEST|D10[0]~corein        ; combout          ;
; |MUX32X1TEST|D2[0]                ; |MUX32X1TEST|D2[0]~corein         ; combout          ;
; |MUX32X1TEST|D26[0]               ; |MUX32X1TEST|D26[0]~corein        ; combout          ;
; |MUX32X1TEST|D16[0]               ; |MUX32X1TEST|D16[0]~corein        ; combout          ;
; |MUX32X1TEST|STORE-OP[0]          ; |MUX32X1TEST|STORE-OP[0]~corein   ; combout          ;
; |MUX32X1TEST|LOAD-OP[0]           ; |MUX32X1TEST|LOAD-OP[0]~corein    ; combout          ;
; |MUX32X1TEST|BRANCH[0]            ; |MUX32X1TEST|BRANCH[0]~corein     ; combout          ;
; |MUX32X1TEST|D14[0]               ; |MUX32X1TEST|D14[0]~corein        ; combout          ;
; |MUX32X1TEST|D22[0]               ; |MUX32X1TEST|D22[0]~corein        ; combout          ;
; |MUX32X1TEST|D6[0]                ; |MUX32X1TEST|D6[0]~corein         ; combout          ;
; |MUX32X1TEST|D30[0]               ; |MUX32X1TEST|D30[0]~corein        ; combout          ;
+-----------------------------------+-----------------------------------+------------------+


The following table displays output ports that do not toggle to 0 during simulation.
+------------------------------------------------------------------------------------------+
; Missing 0-Value Coverage                                                                 ;
+-----------------------------------+-----------------------------------+------------------+
; Node Name                         ; Output Port Name                  ; Output Port Type ;
+-----------------------------------+-----------------------------------+------------------+
; |MUX32X1TEST|MUX32X1:inst|Mux2~11 ; |MUX32X1TEST|MUX32X1:inst|Mux2~11 ; combout          ;
; |MUX32X1TEST|MUX32X1:inst|Mux3~3  ; |MUX32X1TEST|MUX32X1:inst|Mux3~3  ; combout          ;
; |MUX32X1TEST|MUX32X1:inst|Mux4~13 ; |MUX32X1TEST|MUX32X1:inst|Mux4~13 ; combout          ;
; |MUX32X1TEST|MUX32X1:inst|Mux4~15 ; |MUX32X1TEST|MUX32X1:inst|Mux4~15 ; combout          ;
; |MUX32X1TEST|MUX32X1:inst|Mux4~18 ; |MUX32X1TEST|MUX32X1:inst|Mux4~18 ; combout          ;
; |MUX32X1TEST|MUX32X1:inst|Mux5~1  ; |MUX32X1TEST|MUX32X1:inst|Mux5~1  ; combout          ;
; |MUX32X1TEST|MUX32X1:inst|Mux5~8  ; |MUX32X1TEST|MUX32X1:inst|Mux5~8  ; combout          ;
; |MUX32X1TEST|MUX32X1:inst|Mux6~1  ; |MUX32X1TEST|MUX32X1:inst|Mux6~1  ; combout          ;
; |MUX32X1TEST|MUX32X1:inst|Mux7~13 ; |MUX32X1TEST|MUX32X1:inst|Mux7~13 ; combout          ;
; |MUX32X1TEST|MUX32X1:inst|Mux8~13 ; |MUX32X1TEST|MUX32X1:inst|Mux8~13 ; combout          ;
; |MUX32X1TEST|MUX32X1:inst|Mux9~1  ; |MUX32X1TEST|MUX32X1:inst|Mux9~1  ; combout          ;
; |MUX32X1TEST|MUX32X1:inst|Mux9~8  ; |MUX32X1TEST|MUX32X1:inst|Mux9~8  ; combout          ;
; |MUX32X1TEST|MUX32X1:inst|Mux9~13 ; |MUX32X1TEST|MUX32X1:inst|Mux9~13 ; combout          ;
; |MUX32X1TEST|MUX32X1:inst|Mux9~15 ; |MUX32X1TEST|MUX32X1:inst|Mux9~15 ; combout          ;
; |MUX32X1TEST|LUI[9]               ; |MUX32X1TEST|LUI[9]~corein        ; combout          ;
; |MUX32X1TEST|D11[9]               ; |MUX32X1TEST|D11[9]~corein        ; combout          ;
; |MUX32X1TEST|D9[9]                ; |MUX32X1TEST|D9[9]~corein         ; combout          ;
; |MUX32X1TEST|D15[9]               ; |MUX32X1TEST|D15[9]~corein        ; combout          ;
; |MUX32X1TEST|D19[9]               ; |MUX32X1TEST|D19[9]~corein        ; combout          ;
; |MUX32X1TEST|D21[9]               ; |MUX32X1TEST|D21[9]~corein        ; combout          ;
; |MUX32X1TEST|D17[9]               ; |MUX32X1TEST|D17[9]~corein        ; combout          ;
; |MUX32X1TEST|D23[9]               ; |MUX32X1TEST|D23[9]~corein        ; combout          ;
; |MUX32X1TEST|AUIPC[9]             ; |MUX32X1TEST|AUIPC[9]~corein      ; combout          ;
; |MUX32X1TEST|D3[9]                ; |MUX32X1TEST|D3[9]~corein         ; combout          ;
; |MUX32X1TEST|D1[9]                ; |MUX32X1TEST|D1[9]~corein         ; combout          ;
; |MUX32X1TEST|D7[9]                ; |MUX32X1TEST|D7[9]~corein         ; combout          ;
; |MUX32X1TEST|JAL[9]               ; |MUX32X1TEST|JAL[9]~corein        ; combout          ;
; |MUX32X1TEST|D29[9]               ; |MUX32X1TEST|D29[9]~corein        ; combout          ;
; |MUX32X1TEST|JALR[9]              ; |MUX32X1TEST|JALR[9]~corein       ; combout          ;
; |MUX32X1TEST|D31[9]               ; |MUX32X1TEST|D31[9]~corein        ; combout          ;
; |MUX32X1TEST|D10[9]               ; |MUX32X1TEST|D10[9]~corein        ; combout          ;
; |MUX32X1TEST|D18[9]               ; |MUX32X1TEST|D18[9]~corein        ; combout          ;
; |MUX32X1TEST|D2[9]                ; |MUX32X1TEST|D2[9]~corein         ; combout          ;
; |MUX32X1TEST|D26[9]               ; |MUX32X1TEST|D26[9]~corein        ; combout          ;
; |MUX32X1TEST|D20[9]               ; |MUX32X1TEST|D20[9]~corein        ; combout          ;
; |MUX32X1TEST|R-OP[9]              ; |MUX32X1TEST|R-OP[9]~corein       ; combout          ;
; |MUX32X1TEST|I-OP[9]              ; |MUX32X1TEST|I-OP[9]~corein       ; combout          ;
; |MUX32X1TEST|D28[9]               ; |MUX32X1TEST|D28[9]~corein        ; combout          ;
; |MUX32X1TEST|STORE-OP[9]          ; |MUX32X1TEST|STORE-OP[9]~corein   ; combout          ;
; |MUX32X1TEST|D16[9]               ; |MUX32X1TEST|D16[9]~corein        ; combout          ;
; |MUX32X1TEST|LOAD-OP[9]           ; |MUX32X1TEST|LOAD-OP[9]~corein    ; combout          ;
; |MUX32X1TEST|BRANCH[9]            ; |MUX32X1TEST|BRANCH[9]~corein     ; combout          ;
; |MUX32X1TEST|D22[9]               ; |MUX32X1TEST|D22[9]~corein        ; combout          ;
; |MUX32X1TEST|D14[9]               ; |MUX32X1TEST|D14[9]~corein        ; combout          ;
; |MUX32X1TEST|D6[9]                ; |MUX32X1TEST|D6[9]~corein         ; combout          ;
; |MUX32X1TEST|D30[9]               ; |MUX32X1TEST|D30[9]~corein        ; combout          ;
; |MUX32X1TEST|D21[8]               ; |MUX32X1TEST|D21[8]~corein        ; combout          ;
; |MUX32X1TEST|D19[8]               ; |MUX32X1TEST|D19[8]~corein        ; combout          ;
; |MUX32X1TEST|D17[8]               ; |MUX32X1TEST|D17[8]~corein        ; combout          ;
; |MUX32X1TEST|D23[8]               ; |MUX32X1TEST|D23[8]~corein        ; combout          ;
; |MUX32X1TEST|D11[8]               ; |MUX32X1TEST|D11[8]~corein        ; combout          ;
; |MUX32X1TEST|LUI[8]               ; |MUX32X1TEST|LUI[8]~corein        ; combout          ;
; |MUX32X1TEST|D9[8]                ; |MUX32X1TEST|D9[8]~corein         ; combout          ;
; |MUX32X1TEST|D15[8]               ; |MUX32X1TEST|D15[8]~corein        ; combout          ;
; |MUX32X1TEST|D3[8]                ; |MUX32X1TEST|D3[8]~corein         ; combout          ;
; |MUX32X1TEST|AUIPC[8]             ; |MUX32X1TEST|AUIPC[8]~corein      ; combout          ;
; |MUX32X1TEST|D1[8]                ; |MUX32X1TEST|D1[8]~corein         ; combout          ;
; |MUX32X1TEST|D7[8]                ; |MUX32X1TEST|D7[8]~corein         ; combout          ;
; |MUX32X1TEST|D29[8]               ; |MUX32X1TEST|D29[8]~corein        ; combout          ;
; |MUX32X1TEST|JAL[8]               ; |MUX32X1TEST|JAL[8]~corein        ; combout          ;
; |MUX32X1TEST|JALR[8]              ; |MUX32X1TEST|JALR[8]~corein       ; combout          ;
; |MUX32X1TEST|D31[8]               ; |MUX32X1TEST|D31[8]~corein        ; combout          ;
; |MUX32X1TEST|R-OP[8]              ; |MUX32X1TEST|R-OP[8]~corein       ; combout          ;
; |MUX32X1TEST|D20[8]               ; |MUX32X1TEST|D20[8]~corein        ; combout          ;
; |MUX32X1TEST|I-OP[8]              ; |MUX32X1TEST|I-OP[8]~corein       ; combout          ;
; |MUX32X1TEST|D28[8]               ; |MUX32X1TEST|D28[8]~corein        ; combout          ;
; |MUX32X1TEST|D18[8]               ; |MUX32X1TEST|D18[8]~corein        ; combout          ;
; |MUX32X1TEST|D10[8]               ; |MUX32X1TEST|D10[8]~corein        ; combout          ;
; |MUX32X1TEST|D2[8]                ; |MUX32X1TEST|D2[8]~corein         ; combout          ;
; |MUX32X1TEST|D26[8]               ; |MUX32X1TEST|D26[8]~corein        ; combout          ;
; |MUX32X1TEST|D16[8]               ; |MUX32X1TEST|D16[8]~corein        ; combout          ;
; |MUX32X1TEST|STORE-OP[8]          ; |MUX32X1TEST|STORE-OP[8]~corein   ; combout          ;
; |MUX32X1TEST|LOAD-OP[8]           ; |MUX32X1TEST|LOAD-OP[8]~corein    ; combout          ;
; |MUX32X1TEST|BRANCH[8]            ; |MUX32X1TEST|BRANCH[8]~corein     ; combout          ;
; |MUX32X1TEST|D14[8]               ; |MUX32X1TEST|D14[8]~corein        ; combout          ;
; |MUX32X1TEST|D22[8]               ; |MUX32X1TEST|D22[8]~corein        ; combout          ;
; |MUX32X1TEST|D6[8]                ; |MUX32X1TEST|D6[8]~corein         ; combout          ;
; |MUX32X1TEST|D30[8]               ; |MUX32X1TEST|D30[8]~corein        ; combout          ;
; |MUX32X1TEST|LUI[7]               ; |MUX32X1TEST|LUI[7]~corein        ; combout          ;
; |MUX32X1TEST|D11[7]               ; |MUX32X1TEST|D11[7]~corein        ; combout          ;
; |MUX32X1TEST|D9[7]                ; |MUX32X1TEST|D9[7]~corein         ; combout          ;
; |MUX32X1TEST|D15[7]               ; |MUX32X1TEST|D15[7]~corein        ; combout          ;
; |MUX32X1TEST|D19[7]               ; |MUX32X1TEST|D19[7]~corein        ; combout          ;
; |MUX32X1TEST|D21[7]               ; |MUX32X1TEST|D21[7]~corein        ; combout          ;
; |MUX32X1TEST|D17[7]               ; |MUX32X1TEST|D17[7]~corein        ; combout          ;
; |MUX32X1TEST|D23[7]               ; |MUX32X1TEST|D23[7]~corein        ; combout          ;
; |MUX32X1TEST|AUIPC[7]             ; |MUX32X1TEST|AUIPC[7]~corein      ; combout          ;
; |MUX32X1TEST|D3[7]                ; |MUX32X1TEST|D3[7]~corein         ; combout          ;
; |MUX32X1TEST|D1[7]                ; |MUX32X1TEST|D1[7]~corein         ; combout          ;
; |MUX32X1TEST|D7[7]                ; |MUX32X1TEST|D7[7]~corein         ; combout          ;
; |MUX32X1TEST|JAL[7]               ; |MUX32X1TEST|JAL[7]~corein        ; combout          ;
; |MUX32X1TEST|D29[7]               ; |MUX32X1TEST|D29[7]~corein        ; combout          ;
; |MUX32X1TEST|JALR[7]              ; |MUX32X1TEST|JALR[7]~corein       ; combout          ;
; |MUX32X1TEST|D31[7]               ; |MUX32X1TEST|D31[7]~corein        ; combout          ;
; |MUX32X1TEST|D10[7]               ; |MUX32X1TEST|D10[7]~corein        ; combout          ;
; |MUX32X1TEST|D18[7]               ; |MUX32X1TEST|D18[7]~corein        ; combout          ;
; |MUX32X1TEST|D2[7]                ; |MUX32X1TEST|D2[7]~corein         ; combout          ;
; |MUX32X1TEST|D26[7]               ; |MUX32X1TEST|D26[7]~corein        ; combout          ;
; |MUX32X1TEST|D20[7]               ; |MUX32X1TEST|D20[7]~corein        ; combout          ;
; |MUX32X1TEST|R-OP[7]              ; |MUX32X1TEST|R-OP[7]~corein       ; combout          ;
; |MUX32X1TEST|I-OP[7]              ; |MUX32X1TEST|I-OP[7]~corein       ; combout          ;
; |MUX32X1TEST|D28[7]               ; |MUX32X1TEST|D28[7]~corein        ; combout          ;
; |MUX32X1TEST|STORE-OP[7]          ; |MUX32X1TEST|STORE-OP[7]~corein   ; combout          ;
; |MUX32X1TEST|D16[7]               ; |MUX32X1TEST|D16[7]~corein        ; combout          ;
; |MUX32X1TEST|LOAD-OP[7]           ; |MUX32X1TEST|LOAD-OP[7]~corein    ; combout          ;
; |MUX32X1TEST|BRANCH[7]            ; |MUX32X1TEST|BRANCH[7]~corein     ; combout          ;
; |MUX32X1TEST|D22[7]               ; |MUX32X1TEST|D22[7]~corein        ; combout          ;
; |MUX32X1TEST|D14[7]               ; |MUX32X1TEST|D14[7]~corein        ; combout          ;
; |MUX32X1TEST|D6[7]                ; |MUX32X1TEST|D6[7]~corein         ; combout          ;
; |MUX32X1TEST|D30[7]               ; |MUX32X1TEST|D30[7]~corein        ; combout          ;
; |MUX32X1TEST|D21[6]               ; |MUX32X1TEST|D21[6]~corein        ; combout          ;
; |MUX32X1TEST|D19[6]               ; |MUX32X1TEST|D19[6]~corein        ; combout          ;
; |MUX32X1TEST|D17[6]               ; |MUX32X1TEST|D17[6]~corein        ; combout          ;
; |MUX32X1TEST|D23[6]               ; |MUX32X1TEST|D23[6]~corein        ; combout          ;
; |MUX32X1TEST|D11[6]               ; |MUX32X1TEST|D11[6]~corein        ; combout          ;
; |MUX32X1TEST|LUI[6]               ; |MUX32X1TEST|LUI[6]~corein        ; combout          ;
; |MUX32X1TEST|D9[6]                ; |MUX32X1TEST|D9[6]~corein         ; combout          ;
; |MUX32X1TEST|D15[6]               ; |MUX32X1TEST|D15[6]~corein        ; combout          ;
; |MUX32X1TEST|D3[6]                ; |MUX32X1TEST|D3[6]~corein         ; combout          ;
; |MUX32X1TEST|AUIPC[6]             ; |MUX32X1TEST|AUIPC[6]~corein      ; combout          ;
; |MUX32X1TEST|D1[6]                ; |MUX32X1TEST|D1[6]~corein         ; combout          ;
; |MUX32X1TEST|D7[6]                ; |MUX32X1TEST|D7[6]~corein         ; combout          ;
; |MUX32X1TEST|D29[6]               ; |MUX32X1TEST|D29[6]~corein        ; combout          ;
; |MUX32X1TEST|JAL[6]               ; |MUX32X1TEST|JAL[6]~corein        ; combout          ;
; |MUX32X1TEST|JALR[6]              ; |MUX32X1TEST|JALR[6]~corein       ; combout          ;
; |MUX32X1TEST|D31[6]               ; |MUX32X1TEST|D31[6]~corein        ; combout          ;
; |MUX32X1TEST|R-OP[6]              ; |MUX32X1TEST|R-OP[6]~corein       ; combout          ;
; |MUX32X1TEST|D20[6]               ; |MUX32X1TEST|D20[6]~corein        ; combout          ;
; |MUX32X1TEST|I-OP[6]              ; |MUX32X1TEST|I-OP[6]~corein       ; combout          ;
; |MUX32X1TEST|D28[6]               ; |MUX32X1TEST|D28[6]~corein        ; combout          ;
; |MUX32X1TEST|D18[6]               ; |MUX32X1TEST|D18[6]~corein        ; combout          ;
; |MUX32X1TEST|D10[6]               ; |MUX32X1TEST|D10[6]~corein        ; combout          ;
; |MUX32X1TEST|D2[6]                ; |MUX32X1TEST|D2[6]~corein         ; combout          ;
; |MUX32X1TEST|D26[6]               ; |MUX32X1TEST|D26[6]~corein        ; combout          ;
; |MUX32X1TEST|D16[6]               ; |MUX32X1TEST|D16[6]~corein        ; combout          ;
; |MUX32X1TEST|STORE-OP[6]          ; |MUX32X1TEST|STORE-OP[6]~corein   ; combout          ;
; |MUX32X1TEST|LOAD-OP[6]           ; |MUX32X1TEST|LOAD-OP[6]~corein    ; combout          ;
; |MUX32X1TEST|BRANCH[6]            ; |MUX32X1TEST|BRANCH[6]~corein     ; combout          ;
; |MUX32X1TEST|D14[6]               ; |MUX32X1TEST|D14[6]~corein        ; combout          ;
; |MUX32X1TEST|D22[6]               ; |MUX32X1TEST|D22[6]~corein        ; combout          ;
; |MUX32X1TEST|D6[6]                ; |MUX32X1TEST|D6[6]~corein         ; combout          ;
; |MUX32X1TEST|D30[6]               ; |MUX32X1TEST|D30[6]~corein        ; combout          ;
; |MUX32X1TEST|LUI[5]               ; |MUX32X1TEST|LUI[5]~corein        ; combout          ;
; |MUX32X1TEST|D11[5]               ; |MUX32X1TEST|D11[5]~corein        ; combout          ;
; |MUX32X1TEST|D9[5]                ; |MUX32X1TEST|D9[5]~corein         ; combout          ;
; |MUX32X1TEST|D15[5]               ; |MUX32X1TEST|D15[5]~corein        ; combout          ;
; |MUX32X1TEST|D19[5]               ; |MUX32X1TEST|D19[5]~corein        ; combout          ;
; |MUX32X1TEST|D21[5]               ; |MUX32X1TEST|D21[5]~corein        ; combout          ;
; |MUX32X1TEST|D17[5]               ; |MUX32X1TEST|D17[5]~corein        ; combout          ;
; |MUX32X1TEST|D23[5]               ; |MUX32X1TEST|D23[5]~corein        ; combout          ;
; |MUX32X1TEST|AUIPC[5]             ; |MUX32X1TEST|AUIPC[5]~corein      ; combout          ;
; |MUX32X1TEST|D3[5]                ; |MUX32X1TEST|D3[5]~corein         ; combout          ;
; |MUX32X1TEST|D1[5]                ; |MUX32X1TEST|D1[5]~corein         ; combout          ;
; |MUX32X1TEST|D7[5]                ; |MUX32X1TEST|D7[5]~corein         ; combout          ;
; |MUX32X1TEST|JAL[5]               ; |MUX32X1TEST|JAL[5]~corein        ; combout          ;
; |MUX32X1TEST|D29[5]               ; |MUX32X1TEST|D29[5]~corein        ; combout          ;
; |MUX32X1TEST|JALR[5]              ; |MUX32X1TEST|JALR[5]~corein       ; combout          ;
; |MUX32X1TEST|D31[5]               ; |MUX32X1TEST|D31[5]~corein        ; combout          ;
; |MUX32X1TEST|D10[5]               ; |MUX32X1TEST|D10[5]~corein        ; combout          ;
; |MUX32X1TEST|D18[5]               ; |MUX32X1TEST|D18[5]~corein        ; combout          ;
; |MUX32X1TEST|D2[5]                ; |MUX32X1TEST|D2[5]~corein         ; combout          ;
; |MUX32X1TEST|D26[5]               ; |MUX32X1TEST|D26[5]~corein        ; combout          ;
; |MUX32X1TEST|D20[5]               ; |MUX32X1TEST|D20[5]~corein        ; combout          ;
; |MUX32X1TEST|R-OP[5]              ; |MUX32X1TEST|R-OP[5]~corein       ; combout          ;
; |MUX32X1TEST|I-OP[5]              ; |MUX32X1TEST|I-OP[5]~corein       ; combout          ;
; |MUX32X1TEST|D28[5]               ; |MUX32X1TEST|D28[5]~corein        ; combout          ;
; |MUX32X1TEST|STORE-OP[5]          ; |MUX32X1TEST|STORE-OP[5]~corein   ; combout          ;
; |MUX32X1TEST|D16[5]               ; |MUX32X1TEST|D16[5]~corein        ; combout          ;
; |MUX32X1TEST|LOAD-OP[5]           ; |MUX32X1TEST|LOAD-OP[5]~corein    ; combout          ;
; |MUX32X1TEST|BRANCH[5]            ; |MUX32X1TEST|BRANCH[5]~corein     ; combout          ;
; |MUX32X1TEST|D22[5]               ; |MUX32X1TEST|D22[5]~corein        ; combout          ;
; |MUX32X1TEST|D14[5]               ; |MUX32X1TEST|D14[5]~corein        ; combout          ;
; |MUX32X1TEST|D6[5]                ; |MUX32X1TEST|D6[5]~corein         ; combout          ;
; |MUX32X1TEST|D30[5]               ; |MUX32X1TEST|D30[5]~corein        ; combout          ;
; |MUX32X1TEST|D21[4]               ; |MUX32X1TEST|D21[4]~corein        ; combout          ;
; |MUX32X1TEST|D19[4]               ; |MUX32X1TEST|D19[4]~corein        ; combout          ;
; |MUX32X1TEST|D17[4]               ; |MUX32X1TEST|D17[4]~corein        ; combout          ;
; |MUX32X1TEST|D23[4]               ; |MUX32X1TEST|D23[4]~corein        ; combout          ;
; |MUX32X1TEST|D11[4]               ; |MUX32X1TEST|D11[4]~corein        ; combout          ;
; |MUX32X1TEST|LUI[4]               ; |MUX32X1TEST|LUI[4]~corein        ; combout          ;
; |MUX32X1TEST|D9[4]                ; |MUX32X1TEST|D9[4]~corein         ; combout          ;
; |MUX32X1TEST|D15[4]               ; |MUX32X1TEST|D15[4]~corein        ; combout          ;
; |MUX32X1TEST|D3[4]                ; |MUX32X1TEST|D3[4]~corein         ; combout          ;
; |MUX32X1TEST|AUIPC[4]             ; |MUX32X1TEST|AUIPC[4]~corein      ; combout          ;
; |MUX32X1TEST|D1[4]                ; |MUX32X1TEST|D1[4]~corein         ; combout          ;
; |MUX32X1TEST|D7[4]                ; |MUX32X1TEST|D7[4]~corein         ; combout          ;
; |MUX32X1TEST|D29[4]               ; |MUX32X1TEST|D29[4]~corein        ; combout          ;
; |MUX32X1TEST|JAL[4]               ; |MUX32X1TEST|JAL[4]~corein        ; combout          ;
; |MUX32X1TEST|JALR[4]              ; |MUX32X1TEST|JALR[4]~corein       ; combout          ;
; |MUX32X1TEST|D31[4]               ; |MUX32X1TEST|D31[4]~corein        ; combout          ;
; |MUX32X1TEST|R-OP[4]              ; |MUX32X1TEST|R-OP[4]~corein       ; combout          ;
; |MUX32X1TEST|D20[4]               ; |MUX32X1TEST|D20[4]~corein        ; combout          ;
; |MUX32X1TEST|I-OP[4]              ; |MUX32X1TEST|I-OP[4]~corein       ; combout          ;
; |MUX32X1TEST|D28[4]               ; |MUX32X1TEST|D28[4]~corein        ; combout          ;
; |MUX32X1TEST|D18[4]               ; |MUX32X1TEST|D18[4]~corein        ; combout          ;
; |MUX32X1TEST|D10[4]               ; |MUX32X1TEST|D10[4]~corein        ; combout          ;
; |MUX32X1TEST|D2[4]                ; |MUX32X1TEST|D2[4]~corein         ; combout          ;
; |MUX32X1TEST|D26[4]               ; |MUX32X1TEST|D26[4]~corein        ; combout          ;
; |MUX32X1TEST|D16[4]               ; |MUX32X1TEST|D16[4]~corein        ; combout          ;
; |MUX32X1TEST|STORE-OP[4]          ; |MUX32X1TEST|STORE-OP[4]~corein   ; combout          ;
; |MUX32X1TEST|LOAD-OP[4]           ; |MUX32X1TEST|LOAD-OP[4]~corein    ; combout          ;
; |MUX32X1TEST|BRANCH[4]            ; |MUX32X1TEST|BRANCH[4]~corein     ; combout          ;
; |MUX32X1TEST|D14[4]               ; |MUX32X1TEST|D14[4]~corein        ; combout          ;
; |MUX32X1TEST|D22[4]               ; |MUX32X1TEST|D22[4]~corein        ; combout          ;
; |MUX32X1TEST|D6[4]                ; |MUX32X1TEST|D6[4]~corein         ; combout          ;
; |MUX32X1TEST|D30[4]               ; |MUX32X1TEST|D30[4]~corein        ; combout          ;
; |MUX32X1TEST|LUI[3]               ; |MUX32X1TEST|LUI[3]~corein        ; combout          ;
; |MUX32X1TEST|D11[3]               ; |MUX32X1TEST|D11[3]~corein        ; combout          ;
; |MUX32X1TEST|D9[3]                ; |MUX32X1TEST|D9[3]~corein         ; combout          ;
; |MUX32X1TEST|D15[3]               ; |MUX32X1TEST|D15[3]~corein        ; combout          ;
; |MUX32X1TEST|D19[3]               ; |MUX32X1TEST|D19[3]~corein        ; combout          ;
; |MUX32X1TEST|D21[3]               ; |MUX32X1TEST|D21[3]~corein        ; combout          ;
; |MUX32X1TEST|D17[3]               ; |MUX32X1TEST|D17[3]~corein        ; combout          ;
; |MUX32X1TEST|D23[3]               ; |MUX32X1TEST|D23[3]~corein        ; combout          ;
; |MUX32X1TEST|AUIPC[3]             ; |MUX32X1TEST|AUIPC[3]~corein      ; combout          ;
; |MUX32X1TEST|D3[3]                ; |MUX32X1TEST|D3[3]~corein         ; combout          ;
; |MUX32X1TEST|D1[3]                ; |MUX32X1TEST|D1[3]~corein         ; combout          ;
; |MUX32X1TEST|D7[3]                ; |MUX32X1TEST|D7[3]~corein         ; combout          ;
; |MUX32X1TEST|JAL[3]               ; |MUX32X1TEST|JAL[3]~corein        ; combout          ;
; |MUX32X1TEST|D29[3]               ; |MUX32X1TEST|D29[3]~corein        ; combout          ;
; |MUX32X1TEST|JALR[3]              ; |MUX32X1TEST|JALR[3]~corein       ; combout          ;
; |MUX32X1TEST|D31[3]               ; |MUX32X1TEST|D31[3]~corein        ; combout          ;
; |MUX32X1TEST|D10[3]               ; |MUX32X1TEST|D10[3]~corein        ; combout          ;
; |MUX32X1TEST|D18[3]               ; |MUX32X1TEST|D18[3]~corein        ; combout          ;
; |MUX32X1TEST|D2[3]                ; |MUX32X1TEST|D2[3]~corein         ; combout          ;
; |MUX32X1TEST|D26[3]               ; |MUX32X1TEST|D26[3]~corein        ; combout          ;
; |MUX32X1TEST|D20[3]               ; |MUX32X1TEST|D20[3]~corein        ; combout          ;
; |MUX32X1TEST|R-OP[3]              ; |MUX32X1TEST|R-OP[3]~corein       ; combout          ;
; |MUX32X1TEST|I-OP[3]              ; |MUX32X1TEST|I-OP[3]~corein       ; combout          ;
; |MUX32X1TEST|D28[3]               ; |MUX32X1TEST|D28[3]~corein        ; combout          ;
; |MUX32X1TEST|STORE-OP[3]          ; |MUX32X1TEST|STORE-OP[3]~corein   ; combout          ;
; |MUX32X1TEST|D16[3]               ; |MUX32X1TEST|D16[3]~corein        ; combout          ;
; |MUX32X1TEST|LOAD-OP[3]           ; |MUX32X1TEST|LOAD-OP[3]~corein    ; combout          ;
; |MUX32X1TEST|BRANCH[3]            ; |MUX32X1TEST|BRANCH[3]~corein     ; combout          ;
; |MUX32X1TEST|D22[3]               ; |MUX32X1TEST|D22[3]~corein        ; combout          ;
; |MUX32X1TEST|D14[3]               ; |MUX32X1TEST|D14[3]~corein        ; combout          ;
; |MUX32X1TEST|D6[3]                ; |MUX32X1TEST|D6[3]~corein         ; combout          ;
; |MUX32X1TEST|D30[3]               ; |MUX32X1TEST|D30[3]~corein        ; combout          ;
; |MUX32X1TEST|D21[2]               ; |MUX32X1TEST|D21[2]~corein        ; combout          ;
; |MUX32X1TEST|D19[2]               ; |MUX32X1TEST|D19[2]~corein        ; combout          ;
; |MUX32X1TEST|D17[2]               ; |MUX32X1TEST|D17[2]~corein        ; combout          ;
; |MUX32X1TEST|D23[2]               ; |MUX32X1TEST|D23[2]~corein        ; combout          ;
; |MUX32X1TEST|D11[2]               ; |MUX32X1TEST|D11[2]~corein        ; combout          ;
; |MUX32X1TEST|LUI[2]               ; |MUX32X1TEST|LUI[2]~corein        ; combout          ;
; |MUX32X1TEST|D9[2]                ; |MUX32X1TEST|D9[2]~corein         ; combout          ;
; |MUX32X1TEST|D15[2]               ; |MUX32X1TEST|D15[2]~corein        ; combout          ;
; |MUX32X1TEST|D3[2]                ; |MUX32X1TEST|D3[2]~corein         ; combout          ;
; |MUX32X1TEST|AUIPC[2]             ; |MUX32X1TEST|AUIPC[2]~corein      ; combout          ;
; |MUX32X1TEST|D1[2]                ; |MUX32X1TEST|D1[2]~corein         ; combout          ;
; |MUX32X1TEST|D7[2]                ; |MUX32X1TEST|D7[2]~corein         ; combout          ;
; |MUX32X1TEST|D29[2]               ; |MUX32X1TEST|D29[2]~corein        ; combout          ;
; |MUX32X1TEST|JAL[2]               ; |MUX32X1TEST|JAL[2]~corein        ; combout          ;
; |MUX32X1TEST|JALR[2]              ; |MUX32X1TEST|JALR[2]~corein       ; combout          ;
; |MUX32X1TEST|D31[2]               ; |MUX32X1TEST|D31[2]~corein        ; combout          ;
; |MUX32X1TEST|R-OP[2]              ; |MUX32X1TEST|R-OP[2]~corein       ; combout          ;
; |MUX32X1TEST|D20[2]               ; |MUX32X1TEST|D20[2]~corein        ; combout          ;
; |MUX32X1TEST|I-OP[2]              ; |MUX32X1TEST|I-OP[2]~corein       ; combout          ;
; |MUX32X1TEST|D28[2]               ; |MUX32X1TEST|D28[2]~corein        ; combout          ;
; |MUX32X1TEST|D18[2]               ; |MUX32X1TEST|D18[2]~corein        ; combout          ;
; |MUX32X1TEST|D10[2]               ; |MUX32X1TEST|D10[2]~corein        ; combout          ;
; |MUX32X1TEST|D2[2]                ; |MUX32X1TEST|D2[2]~corein         ; combout          ;
; |MUX32X1TEST|D26[2]               ; |MUX32X1TEST|D26[2]~corein        ; combout          ;
; |MUX32X1TEST|D16[2]               ; |MUX32X1TEST|D16[2]~corein        ; combout          ;
; |MUX32X1TEST|STORE-OP[2]          ; |MUX32X1TEST|STORE-OP[2]~corein   ; combout          ;
; |MUX32X1TEST|LOAD-OP[2]           ; |MUX32X1TEST|LOAD-OP[2]~corein    ; combout          ;
; |MUX32X1TEST|BRANCH[2]            ; |MUX32X1TEST|BRANCH[2]~corein     ; combout          ;
; |MUX32X1TEST|D14[2]               ; |MUX32X1TEST|D14[2]~corein        ; combout          ;
; |MUX32X1TEST|D22[2]               ; |MUX32X1TEST|D22[2]~corein        ; combout          ;
; |MUX32X1TEST|D6[2]                ; |MUX32X1TEST|D6[2]~corein         ; combout          ;
; |MUX32X1TEST|D30[2]               ; |MUX32X1TEST|D30[2]~corein        ; combout          ;
; |MUX32X1TEST|LUI[1]               ; |MUX32X1TEST|LUI[1]~corein        ; combout          ;
; |MUX32X1TEST|D11[1]               ; |MUX32X1TEST|D11[1]~corein        ; combout          ;
; |MUX32X1TEST|D9[1]                ; |MUX32X1TEST|D9[1]~corein         ; combout          ;
; |MUX32X1TEST|D15[1]               ; |MUX32X1TEST|D15[1]~corein        ; combout          ;
; |MUX32X1TEST|D19[1]               ; |MUX32X1TEST|D19[1]~corein        ; combout          ;
; |MUX32X1TEST|D21[1]               ; |MUX32X1TEST|D21[1]~corein        ; combout          ;
; |MUX32X1TEST|D17[1]               ; |MUX32X1TEST|D17[1]~corein        ; combout          ;
; |MUX32X1TEST|D23[1]               ; |MUX32X1TEST|D23[1]~corein        ; combout          ;
; |MUX32X1TEST|AUIPC[1]             ; |MUX32X1TEST|AUIPC[1]~corein      ; combout          ;
; |MUX32X1TEST|D3[1]                ; |MUX32X1TEST|D3[1]~corein         ; combout          ;
; |MUX32X1TEST|D1[1]                ; |MUX32X1TEST|D1[1]~corein         ; combout          ;
; |MUX32X1TEST|D7[1]                ; |MUX32X1TEST|D7[1]~corein         ; combout          ;
; |MUX32X1TEST|JAL[1]               ; |MUX32X1TEST|JAL[1]~corein        ; combout          ;
; |MUX32X1TEST|D29[1]               ; |MUX32X1TEST|D29[1]~corein        ; combout          ;
; |MUX32X1TEST|JALR[1]              ; |MUX32X1TEST|JALR[1]~corein       ; combout          ;
; |MUX32X1TEST|D31[1]               ; |MUX32X1TEST|D31[1]~corein        ; combout          ;
; |MUX32X1TEST|D10[1]               ; |MUX32X1TEST|D10[1]~corein        ; combout          ;
; |MUX32X1TEST|D18[1]               ; |MUX32X1TEST|D18[1]~corein        ; combout          ;
; |MUX32X1TEST|D2[1]                ; |MUX32X1TEST|D2[1]~corein         ; combout          ;
; |MUX32X1TEST|D26[1]               ; |MUX32X1TEST|D26[1]~corein        ; combout          ;
; |MUX32X1TEST|D20[1]               ; |MUX32X1TEST|D20[1]~corein        ; combout          ;
; |MUX32X1TEST|R-OP[1]              ; |MUX32X1TEST|R-OP[1]~corein       ; combout          ;
; |MUX32X1TEST|I-OP[1]              ; |MUX32X1TEST|I-OP[1]~corein       ; combout          ;
; |MUX32X1TEST|D28[1]               ; |MUX32X1TEST|D28[1]~corein        ; combout          ;
; |MUX32X1TEST|STORE-OP[1]          ; |MUX32X1TEST|STORE-OP[1]~corein   ; combout          ;
; |MUX32X1TEST|D16[1]               ; |MUX32X1TEST|D16[1]~corein        ; combout          ;
; |MUX32X1TEST|LOAD-OP[1]           ; |MUX32X1TEST|LOAD-OP[1]~corein    ; combout          ;
; |MUX32X1TEST|BRANCH[1]            ; |MUX32X1TEST|BRANCH[1]~corein     ; combout          ;
; |MUX32X1TEST|D22[1]               ; |MUX32X1TEST|D22[1]~corein        ; combout          ;
; |MUX32X1TEST|D14[1]               ; |MUX32X1TEST|D14[1]~corein        ; combout          ;
; |MUX32X1TEST|D6[1]                ; |MUX32X1TEST|D6[1]~corein         ; combout          ;
; |MUX32X1TEST|D30[1]               ; |MUX32X1TEST|D30[1]~corein        ; combout          ;
; |MUX32X1TEST|D21[0]               ; |MUX32X1TEST|D21[0]~corein        ; combout          ;
; |MUX32X1TEST|D19[0]               ; |MUX32X1TEST|D19[0]~corein        ; combout          ;
; |MUX32X1TEST|D17[0]               ; |MUX32X1TEST|D17[0]~corein        ; combout          ;
; |MUX32X1TEST|D23[0]               ; |MUX32X1TEST|D23[0]~corein        ; combout          ;
; |MUX32X1TEST|D11[0]               ; |MUX32X1TEST|D11[0]~corein        ; combout          ;
; |MUX32X1TEST|LUI[0]               ; |MUX32X1TEST|LUI[0]~corein        ; combout          ;
; |MUX32X1TEST|D9[0]                ; |MUX32X1TEST|D9[0]~corein         ; combout          ;
; |MUX32X1TEST|D15[0]               ; |MUX32X1TEST|D15[0]~corein        ; combout          ;
; |MUX32X1TEST|D3[0]                ; |MUX32X1TEST|D3[0]~corein         ; combout          ;
; |MUX32X1TEST|AUIPC[0]             ; |MUX32X1TEST|AUIPC[0]~corein      ; combout          ;
; |MUX32X1TEST|D1[0]                ; |MUX32X1TEST|D1[0]~corein         ; combout          ;
; |MUX32X1TEST|D7[0]                ; |MUX32X1TEST|D7[0]~corein         ; combout          ;
; |MUX32X1TEST|D29[0]               ; |MUX32X1TEST|D29[0]~corein        ; combout          ;
; |MUX32X1TEST|JAL[0]               ; |MUX32X1TEST|JAL[0]~corein        ; combout          ;
; |MUX32X1TEST|JALR[0]              ; |MUX32X1TEST|JALR[0]~corein       ; combout          ;
; |MUX32X1TEST|D31[0]               ; |MUX32X1TEST|D31[0]~corein        ; combout          ;
; |MUX32X1TEST|R-OP[0]              ; |MUX32X1TEST|R-OP[0]~corein       ; combout          ;
; |MUX32X1TEST|D20[0]               ; |MUX32X1TEST|D20[0]~corein        ; combout          ;
; |MUX32X1TEST|I-OP[0]              ; |MUX32X1TEST|I-OP[0]~corein       ; combout          ;
; |MUX32X1TEST|D28[0]               ; |MUX32X1TEST|D28[0]~corein        ; combout          ;
; |MUX32X1TEST|D18[0]               ; |MUX32X1TEST|D18[0]~corein        ; combout          ;
; |MUX32X1TEST|D10[0]               ; |MUX32X1TEST|D10[0]~corein        ; combout          ;
; |MUX32X1TEST|D2[0]                ; |MUX32X1TEST|D2[0]~corein         ; combout          ;
; |MUX32X1TEST|D26[0]               ; |MUX32X1TEST|D26[0]~corein        ; combout          ;
; |MUX32X1TEST|D16[0]               ; |MUX32X1TEST|D16[0]~corein        ; combout          ;
; |MUX32X1TEST|STORE-OP[0]          ; |MUX32X1TEST|STORE-OP[0]~corein   ; combout          ;
; |MUX32X1TEST|LOAD-OP[0]           ; |MUX32X1TEST|LOAD-OP[0]~corein    ; combout          ;
; |MUX32X1TEST|BRANCH[0]            ; |MUX32X1TEST|BRANCH[0]~corein     ; combout          ;
; |MUX32X1TEST|D14[0]               ; |MUX32X1TEST|D14[0]~corein        ; combout          ;
; |MUX32X1TEST|D22[0]               ; |MUX32X1TEST|D22[0]~corein        ; combout          ;
; |MUX32X1TEST|D6[0]                ; |MUX32X1TEST|D6[0]~corein         ; combout          ;
; |MUX32X1TEST|D30[0]               ; |MUX32X1TEST|D30[0]~corein        ; combout          ;
+-----------------------------------+-----------------------------------+------------------+


+---------------------+
; Simulator INI Usage ;
+--------+------------+
; Option ; Usage      ;
+--------+------------+


+--------------------+
; Simulator Messages ;
+--------------------+
Info: *******************************************************************
Info: Running Quartus II Simulator
    Info: Version 9.1 Build 350 03/24/2010 Service Pack 2 SJ Web Edition
    Info: Processing started: Fri Mar 01 17:58:58 2019
Info: Command: quartus_sim --read_settings_files=on --write_settings_files=off RV32IM -c RV32IM
Info: Using vector source file "D:/Academic/Software/QuartusWebEdition/quartus/RISCV/MUX32X1TEST.vwf"
Info: Option to preserve fewer signal transitions to reduce memory requirements is enabled
    Info: Simulation has been partitioned into sub-simulations according to the maximum transition count determined by the engine. Transitions from memory will be flushed out to disk at the end of each sub-simulation to reduce memory requirements.
Info: Simulation partitioned into 1 sub-simulations
Info: Simulation coverage is      38.72 %
Info: Number of transitions in simulation is 1822
Info: Quartus II Simulator was successful. 0 errors, 0 warnings
    Info: Peak virtual memory: 172 megabytes
    Info: Processing ended: Fri Mar 01 17:58:59 2019
    Info: Elapsed time: 00:00:01
    Info: Total CPU time (on all processors): 00:00:01


