Analysis & Synthesis report for RV32IM
Fri Mar 01 18:52:11 2019
Quartus II Version 9.1 Build 350 03/24/2010 Service Pack 2 SJ Web Edition


---------------------
; Table of Contents ;
---------------------
  1. Legal Notice
  2. Analysis & Synthesis Summary
  3. Analysis & Synthesis Settings
  4. Parallel Compilation
  5. Analysis & Synthesis Messages



----------------
; Legal Notice ;
----------------
Copyright (C) 1991-2010 Altera Corporation
Your use of Altera Corporation's design tools, logic functions 
and other software and tools, and its AMPP partner logic 
functions, and any output files from any of the foregoing 
(including device programming or simulation files), and any 
associated documentation or information are expressly subject 
to the terms and conditions of the Altera Program License 
Subscription Agreement, Altera MegaCore Function License 
Agreement, or other applicable license agreement, including, 
without limitation, that your use is for the sole purpose of 
programming logic devices manufactured by Altera and sold by 
Altera or its authorized distributors.  Please refer to the 
applicable agreement for further details.



+-----------------------------------------------------------------------------------+
; Analysis & Synthesis Summary                                                      ;
+------------------------------------+----------------------------------------------+
; Analysis & Synthesis Status        ; Failed - Fri Mar 01 18:52:11 2019            ;
; Quartus II Version                 ; 9.1 Build 350 03/24/2010 SP 2 SJ Web Edition ;
; Revision Name                      ; RV32IM                                       ;
; Top-level Entity Name              ; REGISTER_FILE                                ;
; Family                             ; Cyclone II                                   ;
; Total logic elements               ; N/A until Partition Merge                    ;
;     Total combinational functions  ; N/A until Partition Merge                    ;
;     Dedicated logic registers      ; N/A until Partition Merge                    ;
; Total registers                    ; N/A until Partition Merge                    ;
; Total pins                         ; N/A until Partition Merge                    ;
; Total virtual pins                 ; N/A until Partition Merge                    ;
; Total memory bits                  ; N/A until Partition Merge                    ;
; Embedded Multiplier 9-bit elements ; N/A until Partition Merge                    ;
; Total PLLs                         ; N/A until Partition Merge                    ;
+------------------------------------+----------------------------------------------+


+----------------------------------------------------------------------------------------------------------------------+
; Analysis & Synthesis Settings                                                                                        ;
+----------------------------------------------------------------------------+--------------------+--------------------+
; Option                                                                     ; Setting            ; Default Value      ;
+----------------------------------------------------------------------------+--------------------+--------------------+
; Device                                                                     ; EP2C35F672C6       ;                    ;
; Top-level entity name                                                      ; REGISTER_FILE      ; RV32IM             ;
; Family name                                                                ; Cyclone II         ; Stratix II         ;
; Use Generated Physical Constraints File                                    ; Off                ;                    ;
; Use smart compilation                                                      ; Off                ; Off                ;
; Enable parallel Assembler and TimeQuest Timing Analyzer during compilation ; On                 ; On                 ;
; Enable compact report table                                                ; Off                ; Off                ;
; Restructure Multiplexers                                                   ; Auto               ; Auto               ;
; Create Debugging Nodes for IP Cores                                        ; Off                ; Off                ;
; Preserve fewer node names                                                  ; On                 ; On                 ;
; Disable OpenCore Plus hardware evaluation                                  ; Off                ; Off                ;
; Verilog Version                                                            ; Verilog_2001       ; Verilog_2001       ;
; VHDL Version                                                               ; VHDL_1993          ; VHDL_1993          ;
; State Machine Processing                                                   ; Auto               ; Auto               ;
; Safe State Machine                                                         ; Off                ; Off                ;
; Extract Verilog State Machines                                             ; On                 ; On                 ;
; Extract VHDL State Machines                                                ; On                 ; On                 ;
; Ignore Verilog initial constructs                                          ; Off                ; Off                ;
; Iteration limit for constant Verilog loops                                 ; 5000               ; 5000               ;
; Iteration limit for non-constant Verilog loops                             ; 250                ; 250                ;
; Add Pass-Through Logic to Inferred RAMs                                    ; On                 ; On                 ;
; Parallel Synthesis                                                         ; On                 ; On                 ;
; DSP Block Balancing                                                        ; Auto               ; Auto               ;
; NOT Gate Push-Back                                                         ; On                 ; On                 ;
; Power-Up Don't Care                                                        ; On                 ; On                 ;
; Remove Redundant Logic Cells                                               ; Off                ; Off                ;
; Remove Duplicate Registers                                                 ; On                 ; On                 ;
; Ignore CARRY Buffers                                                       ; Off                ; Off                ;
; Ignore CASCADE Buffers                                                     ; Off                ; Off                ;
; Ignore GLOBAL Buffers                                                      ; Off                ; Off                ;
; Ignore ROW GLOBAL Buffers                                                  ; Off                ; Off                ;
; Ignore LCELL Buffers                                                       ; Off                ; Off                ;
; Ignore SOFT Buffers                                                        ; On                 ; On                 ;
; Limit AHDL Integers to 32 Bits                                             ; Off                ; Off                ;
; Optimization Technique                                                     ; Balanced           ; Balanced           ;
; Carry Chain Length                                                         ; 70                 ; 70                 ;
; Auto Carry Chains                                                          ; On                 ; On                 ;
; Auto Open-Drain Pins                                                       ; On                 ; On                 ;
; Perform WYSIWYG Primitive Resynthesis                                      ; Off                ; Off                ;
; Auto ROM Replacement                                                       ; On                 ; On                 ;
; Auto RAM Replacement                                                       ; On                 ; On                 ;
; Auto Shift Register Replacement                                            ; Auto               ; Auto               ;
; Auto Clock Enable Replacement                                              ; On                 ; On                 ;
; Strict RAM Replacement                                                     ; Off                ; Off                ;
; Allow Synchronous Control Signals                                          ; On                 ; On                 ;
; Force Use of Synchronous Clear Signals                                     ; Off                ; Off                ;
; Auto RAM to Logic Cell Conversion                                          ; Off                ; Off                ;
; Auto Resource Sharing                                                      ; Off                ; Off                ;
; Allow Any RAM Size For Recognition                                         ; Off                ; Off                ;
; Allow Any ROM Size For Recognition                                         ; Off                ; Off                ;
; Allow Any Shift Register Size For Recognition                              ; Off                ; Off                ;
; Use LogicLock Constraints during Resource Balancing                        ; On                 ; On                 ;
; Ignore translate_off and synthesis_off directives                          ; Off                ; Off                ;
; Timing-Driven Synthesis                                                    ; Off                ; Off                ;
; Show Parameter Settings Tables in Synthesis Report                         ; On                 ; On                 ;
; Ignore Maximum Fan-Out Assignments                                         ; Off                ; Off                ;
; Synchronization Register Chain Length                                      ; 2                  ; 2                  ;
; PowerPlay Power Optimization                                               ; Normal compilation ; Normal compilation ;
; HDL message level                                                          ; Level2             ; Level2             ;
; Suppress Register Optimization Related Messages                            ; Off                ; Off                ;
; Number of Removed Registers Reported in Synthesis Report                   ; 5000               ; 5000               ;
; Number of Inverted Registers Reported in Synthesis Report                  ; 100                ; 100                ;
; Clock MUX Protection                                                       ; On                 ; On                 ;
; Auto Gated Clock Conversion                                                ; Off                ; Off                ;
; Block Design Naming                                                        ; Auto               ; Auto               ;
; SDC constraint protection                                                  ; Off                ; Off                ;
; Synthesis Effort                                                           ; Auto               ; Auto               ;
; Shift Register Replacement - Allow Asynchronous Clear Signal               ; On                 ; On                 ;
; Analysis & Synthesis Message Level                                         ; Medium             ; Medium             ;
; Disable Register Merging Across Hierarchies                                ; Auto               ; Auto               ;
; Resource Aware Inference For Block RAM                                     ; On                 ; On                 ;
+----------------------------------------------------------------------------+--------------------+--------------------+


Parallel compilation was disabled, but you have multiple processors available. Enable parallel compilation to reduce compilation time.
+-------------------------------------+
; Parallel Compilation                ;
+----------------------------+--------+
; Processors                 ; Number ;
+----------------------------+--------+
; Number detected on machine ; 4      ;
; Maximum allowed            ; 1      ;
+----------------------------+--------+


+-------------------------------+
; Analysis & Synthesis Messages ;
+-------------------------------+
Info: *******************************************************************
Info: Running Quartus II Analysis & Synthesis
    Info: Version 9.1 Build 350 03/24/2010 Service Pack 2 SJ Web Edition
    Info: Processing started: Fri Mar 01 18:52:09 2019
Info: Command: quartus_map --read_settings_files=on --write_settings_files=off RV32IM -c RV32IM
Info: Found 2 design units, including 1 entities, in source file i_f.vhd
    Info: Found design unit 1: I_F-STRUCTURAL
    Info: Found entity 1: I_F
Info: Found 2 design units, including 1 entities, in source file i_f_ram.vhd
    Info: Found design unit 1: i_f_ram-SYN
    Info: Found entity 1: I_F_RAM
Info: Found 1 design units, including 1 entities, in source file i_f_memtest.bdf
    Info: Found entity 1: I_F_MEMTEST
Info: Found 1 design units, including 0 entities, in source file toolbox.vhd
    Info: Found design unit 1: TOOLBOX
Info: Found 2 design units, including 1 entities, in source file mux2x1.vhd
    Info: Found design unit 1: MUX2X1-RTL
    Info: Found entity 1: MUX2X1
Info: Found 1 design units, including 1 entities, in source file mux2x1test.bdf
    Info: Found entity 1: MUX2X1TEST
Info: Found 2 design units, including 1 entities, in source file mux8x1.vhd
    Info: Found design unit 1: MUX8X1-RTL
    Info: Found entity 1: MUX8X1
Info: Found 1 design units, including 1 entities, in source file mux8x1test.bdf
    Info: Found entity 1: MUX8X1TEST
Info: Found 2 design units, including 1 entities, in source file mux32x1.vhd
    Info: Found design unit 1: MUX32X1-RTL
    Info: Found entity 1: MUX32X1
Info: Found 1 design units, including 1 entities, in source file mux32x1test.bdf
    Info: Found entity 1: MUX32X1TEST
Info: Found 2 design units, including 1 entities, in source file reg_flipper.vhd
    Info: Found design unit 1: REG_FLIPPER-RTL
    Info: Found entity 1: REG_FLIPPER
Info: Found 1 design units, including 1 entities, in source file reg_flippertest.bdf
    Info: Found entity 1: REG_FLIPPERTEST
Info: Found 2 design units, including 1 entities, in source file id_decoder.vhd
    Info: Found design unit 1: ID_DECODER-STRUCTURAL
    Info: Found entity 1: ID_DECODER
Info: Found 1 design units, including 1 entities, in source file id_decodertest.bdf
    Info: Found entity 1: ID_DECODERTEST
Info: Found 2 design units, including 1 entities, in source file id_imm_generator.vhd
    Info: Found design unit 1: ID_IMM_GENERATOR-RTL
    Info: Found entity 1: ID_IMM_GENERATOR
Info: Found 1 design units, including 1 entities, in source file id_imm_generatortest.bdf
    Info: Found entity 1: ID_IMM_GENERATORTEST
Info: Found 2 design units, including 1 entities, in source file reg_32b_casual.vhd
    Info: Found design unit 1: REG_32B_CASUAL-RTL
    Info: Found entity 1: REG_32B_CASUAL
Info: Found 1 design units, including 1 entities, in source file reg_32b_casualtest.bdf
    Info: Found entity 1: REG_32B_CASUALTEST
Info: Found 2 design units, including 1 entities, in source file reg_32b_zero.vhd
    Info: Found design unit 1: REG_32B_ZERO-RTL
    Info: Found entity 1: REG_32B_ZERO
Info: Found 1 design units, including 1 entities, in source file reg_32b_zerotest.bdf
    Info: Found entity 1: REG_32B_ZEROTEST
Info: Found 2 design units, including 1 entities, in source file register_file.vhd
    Info: Found design unit 1: REGISTER_FILE-STRUCTURAL
    Info: Found entity 1: REGISTER_FILE
Error (10486): VHDL error at REGISTER_FILE.vhd(36): slice of object cannot be specified for object that has an array type of more than one dimension File: D:/Academic/Software/QuartusWebEdition/quartus/RISCV/REGISTER_FILE.vhd Line: 36
Error (10558): VHDL error at REGISTER_FILE.vhd(36): cannot associate formal port "Q_OUT" of mode "out" with an expression File: D:/Academic/Software/QuartusWebEdition/quartus/RISCV/REGISTER_FILE.vhd Line: 36
Error: Quartus II Analysis & Synthesis was unsuccessful. 2 errors, 0 warnings
    Error: Peak virtual memory: 256 megabytes
    Error: Processing ended: Fri Mar 01 18:52:11 2019
    Error: Elapsed time: 00:00:02
    Error: Total CPU time (on all processors): 00:00:01


