Classic Timing Analyzer report for RV32IM
Fri Mar 01 17:53:42 2019
Quartus II Version 9.1 Build 350 03/24/2010 Service Pack 2 SJ Web Edition


---------------------
; Table of Contents ;
---------------------
  1. Legal Notice
  2. Timing Analyzer Summary
  3. Timing Analyzer Settings
  4. Parallel Compilation
  5. tpd
  6. Timing Analyzer Messages



----------------
; Legal Notice ;
----------------
Copyright (C) 1991-2010 Altera Corporation
Your use of Altera Corporation's design tools, logic functions 
and other software and tools, and its AMPP partner logic 
functions, and any output files from any of the foregoing 
(including device programming or simulation files), and any 
associated documentation or information are expressly subject 
to the terms and conditions of the Altera Program License 
Subscription Agreement, Altera MegaCore Function License 
Agreement, or other applicable license agreement, including, 
without limitation, that your use is for the sole purpose of 
programming logic devices manufactured by Altera and sold by 
Altera or its authorized distributors.  Please refer to the 
applicable agreement for further details.



+-----------------------------------------------------------------------------------------------------------------------------+
; Timing Analyzer Summary                                                                                                     ;
+------------------------------+-------+---------------+-------------+--------+--------+------------+----------+--------------+
; Type                         ; Slack ; Required Time ; Actual Time ; From   ; To     ; From Clock ; To Clock ; Failed Paths ;
+------------------------------+-------+---------------+-------------+--------+--------+------------+----------+--------------+
; Worst-case tpd               ; N/A   ; None          ; 24.565 ns   ; SEL[1] ; OUT[4] ; --         ; --       ; 0            ;
; Total number of failed paths ;       ;               ;             ;        ;        ;            ;          ; 0            ;
+------------------------------+-------+---------------+-------------+--------+--------+------------+----------+--------------+


+-----------------------------------------------------------------------------------------------------------------------------------------------------+
; Timing Analyzer Settings                                                                                                                            ;
+------------------------------------------------------------------------------------------------------+--------------------+------+----+-------------+
; Option                                                                                               ; Setting            ; From ; To ; Entity Name ;
+------------------------------------------------------------------------------------------------------+--------------------+------+----+-------------+
; Device Name                                                                                          ; EP2C35F672C6       ;      ;    ;             ;
; Timing Models                                                                                        ; Final              ;      ;    ;             ;
; Default hold multicycle                                                                              ; Same as Multicycle ;      ;    ;             ;
; Cut paths between unrelated clock domains                                                            ; On                 ;      ;    ;             ;
; Cut off read during write signal paths                                                               ; On                 ;      ;    ;             ;
; Cut off feedback from I/O pins                                                                       ; On                 ;      ;    ;             ;
; Report Combined Fast/Slow Timing                                                                     ; Off                ;      ;    ;             ;
; Ignore Clock Settings                                                                                ; Off                ;      ;    ;             ;
; Analyze latches as synchronous elements                                                              ; On                 ;      ;    ;             ;
; Enable Recovery/Removal analysis                                                                     ; Off                ;      ;    ;             ;
; Enable Clock Latency                                                                                 ; Off                ;      ;    ;             ;
; Use TimeQuest Timing Analyzer                                                                        ; Off                ;      ;    ;             ;
; Minimum Core Junction Temperature                                                                    ; 0                  ;      ;    ;             ;
; Maximum Core Junction Temperature                                                                    ; 85                 ;      ;    ;             ;
; Number of source nodes to report per destination node                                                ; 10                 ;      ;    ;             ;
; Number of destination nodes to report                                                                ; 10                 ;      ;    ;             ;
; Number of paths to report                                                                            ; 200                ;      ;    ;             ;
; Report Minimum Timing Checks                                                                         ; Off                ;      ;    ;             ;
; Use Fast Timing Models                                                                               ; Off                ;      ;    ;             ;
; Report IO Paths Separately                                                                           ; Off                ;      ;    ;             ;
; Perform Multicorner Analysis                                                                         ; On                 ;      ;    ;             ;
; Reports the worst-case path for each clock domain and analysis                                       ; Off                ;      ;    ;             ;
; Reports worst-case timing paths for each clock domain and analysis                                   ; On                 ;      ;    ;             ;
; Specifies the maximum number of worst-case timing paths to report for each clock domain and analysis ; 100                ;      ;    ;             ;
; Removes common clock path pessimism (CCPP) during slack computation                                  ; Off                ;      ;    ;             ;
; Output I/O Timing Endpoint                                                                           ; Near End           ;      ;    ;             ;
+------------------------------------------------------------------------------------------------------+--------------------+------+----+-------------+


Parallel compilation was disabled, but you have multiple processors available. Enable parallel compilation to reduce compilation time.
+-------------------------------------+
; Parallel Compilation                ;
+----------------------------+--------+
; Processors                 ; Number ;
+----------------------------+--------+
; Number detected on machine ; 4      ;
; Maximum allowed            ; 1      ;
+----------------------------+--------+


+----------------------------------------------------------------------------------------------------------------------------------------+
; tpd                                                                                                                                    ;
+-----------------------------------------+-----------------------------------------------------+-----------------+-------------+--------+
; Slack                                   ; Required P2P Time                                   ; Actual P2P Time ; From        ; To     ;
+-----------------------------------------+-----------------------------------------------------+-----------------+-------------+--------+
; N/A                                     ; None                                                ; 24.565 ns       ; SEL[1]      ; OUT[4] ;
; N/A                                     ; None                                                ; 23.122 ns       ; JALR[4]     ; OUT[4] ;
; N/A                                     ; None                                                ; 23.082 ns       ; JAL[4]      ; OUT[4] ;
; N/A                                     ; None                                                ; 19.652 ns       ; D31[4]      ; OUT[4] ;
; N/A                                     ; None                                                ; 19.586 ns       ; SEL[2]      ; OUT[4] ;
; N/A                                     ; None                                                ; 19.548 ns       ; D29[4]      ; OUT[4] ;
; N/A                                     ; None                                                ; 19.009 ns       ; SEL[4]      ; OUT[2] ;
; N/A                                     ; None                                                ; 18.818 ns       ; SEL[3]      ; OUT[2] ;
; N/A                                     ; None                                                ; 17.649 ns       ; D9[4]       ; OUT[4] ;
; N/A                                     ; None                                                ; 17.344 ns       ; AUIPC[4]    ; OUT[4] ;
; N/A                                     ; None                                                ; 17.311 ns       ; LUI[4]      ; OUT[4] ;
; N/A                                     ; None                                                ; 17.099 ns       ; D1[4]       ; OUT[4] ;
; N/A                                     ; None                                                ; 17.054 ns       ; SEL[1]      ; OUT[7] ;
; N/A                                     ; None                                                ; 16.848 ns       ; STORE-OP[2] ; OUT[2] ;
; N/A                                     ; None                                                ; 16.826 ns       ; D3[4]       ; OUT[4] ;
; N/A                                     ; None                                                ; 16.819 ns       ; D11[4]      ; OUT[4] ;
; N/A                                     ; None                                                ; 16.737 ns       ; D17[4]      ; OUT[4] ;
; N/A                                     ; None                                                ; 16.713 ns       ; D15[4]      ; OUT[4] ;
; N/A                                     ; None                                                ; 16.710 ns       ; SEL[4]      ; OUT[4] ;
; N/A                                     ; None                                                ; 16.625 ns       ; BRANCH[2]   ; OUT[2] ;
; N/A                                     ; None                                                ; 16.616 ns       ; D2[2]       ; OUT[2] ;
; N/A                                     ; None                                                ; 16.608 ns       ; D20[2]      ; OUT[2] ;
; N/A                                     ; None                                                ; 16.525 ns       ; D10[2]      ; OUT[2] ;
; N/A                                     ; None                                                ; 16.519 ns       ; D7[4]       ; OUT[4] ;
; N/A                                     ; None                                                ; 16.432 ns       ; SEL[1]      ; OUT[5] ;
; N/A                                     ; None                                                ; 16.425 ns       ; D16[2]      ; OUT[2] ;
; N/A                                     ; None                                                ; 16.417 ns       ; LOAD-OP[2]  ; OUT[2] ;
; N/A                                     ; None                                                ; 16.339 ns       ; D1[7]       ; OUT[7] ;
; N/A                                     ; None                                                ; 16.281 ns       ; SEL[4]      ; OUT[9] ;
; N/A                                     ; None                                                ; 16.280 ns       ; SEL[3]      ; OUT[9] ;
; N/A                                     ; None                                                ; 16.248 ns       ; I-OP[2]     ; OUT[2] ;
; N/A                                     ; None                                                ; 16.237 ns       ; D26[2]      ; OUT[2] ;
; N/A                                     ; None                                                ; 16.171 ns       ; SEL[4]      ; OUT[1] ;
; N/A                                     ; None                                                ; 15.896 ns       ; D18[2]      ; OUT[2] ;
; N/A                                     ; None                                                ; 15.895 ns       ; SEL[3]      ; OUT[4] ;
; N/A                                     ; None                                                ; 15.546 ns       ; D3[7]       ; OUT[7] ;
; N/A                                     ; None                                                ; 15.490 ns       ; SEL[4]      ; OUT[0] ;
; N/A                                     ; None                                                ; 15.433 ns       ; D23[7]      ; OUT[7] ;
; N/A                                     ; None                                                ; 15.341 ns       ; D17[7]      ; OUT[7] ;
; N/A                                     ; None                                                ; 15.336 ns       ; SEL[3]      ; OUT[1] ;
; N/A                                     ; None                                                ; 15.312 ns       ; D21[7]      ; OUT[7] ;
; N/A                                     ; None                                                ; 15.245 ns       ; SEL[3]      ; OUT[6] ;
; N/A                                     ; None                                                ; 15.105 ns       ; SEL[4]      ; OUT[6] ;
; N/A                                     ; None                                                ; 15.000 ns       ; JALR[7]     ; OUT[7] ;
; N/A                                     ; None                                                ; 14.978 ns       ; SEL[1]      ; OUT[6] ;
; N/A                                     ; None                                                ; 14.975 ns       ; D18[9]      ; OUT[9] ;
; N/A                                     ; None                                                ; 14.955 ns       ; D1[2]       ; OUT[2] ;
; N/A                                     ; None                                                ; 14.933 ns       ; SEL[1]      ; OUT[2] ;
; N/A                                     ; None                                                ; 14.914 ns       ; D7[7]       ; OUT[7] ;
; N/A                                     ; None                                                ; 14.844 ns       ; LOAD-OP[9]  ; OUT[9] ;
; N/A                                     ; None                                                ; 14.826 ns       ; SEL[3]      ; OUT[0] ;
; N/A                                     ; None                                                ; 14.823 ns       ; D17[5]      ; OUT[5] ;
; N/A                                     ; None                                                ; 14.813 ns       ; D23[4]      ; OUT[4] ;
; N/A                                     ; None                                                ; 14.729 ns       ; D16[9]      ; OUT[9] ;
; N/A                                     ; None                                                ; 14.722 ns       ; AUIPC[2]    ; OUT[2] ;
; N/A                                     ; None                                                ; 14.708 ns       ; SEL[1]      ; OUT[9] ;
; N/A                                     ; None                                                ; 14.706 ns       ; D19[7]      ; OUT[7] ;
; N/A                                     ; None                                                ; 14.642 ns       ; D2[9]       ; OUT[9] ;
; N/A                                     ; None                                                ; 14.635 ns       ; D29[7]      ; OUT[7] ;
; N/A                                     ; None                                                ; 14.624 ns       ; AUIPC[7]    ; OUT[7] ;
; N/A                                     ; None                                                ; 14.623 ns       ; SEL[4]      ; OUT[7] ;
; N/A                                     ; None                                                ; 14.598 ns       ; I-OP[9]     ; OUT[9] ;
; N/A                                     ; None                                                ; 14.577 ns       ; LUI[2]      ; OUT[2] ;
; N/A                                     ; None                                                ; 14.564 ns       ; SEL[4]      ; OUT[3] ;
; N/A                                     ; None                                                ; 14.536 ns       ; SEL[1]      ; OUT[0] ;
; N/A                                     ; None                                                ; 14.462 ns       ; SEL[3]      ; OUT[3] ;
; N/A                                     ; None                                                ; 14.455 ns       ; D21[5]      ; OUT[5] ;
; N/A                                     ; None                                                ; 14.448 ns       ; JAL[2]      ; OUT[2] ;
; N/A                                     ; None                                                ; 14.413 ns       ; JALR[2]     ; OUT[2] ;
; N/A                                     ; None                                                ; 14.323 ns       ; D19[2]      ; OUT[2] ;
; N/A                                     ; None                                                ; 14.319 ns       ; D22[6]      ; OUT[6] ;
; N/A                                     ; None                                                ; 14.318 ns       ; D17[2]      ; OUT[2] ;
; N/A                                     ; None                                                ; 14.273 ns       ; I-OP[1]     ; OUT[1] ;
; N/A                                     ; None                                                ; 14.207 ns       ; D9[0]       ; OUT[0] ;
; N/A                                     ; None                                                ; 14.166 ns       ; D18[6]      ; OUT[6] ;
; N/A                                     ; None                                                ; 14.165 ns       ; D11[7]      ; OUT[7] ;
; N/A                                     ; None                                                ; 14.154 ns       ; D9[2]       ; OUT[2] ;
; N/A                                     ; None                                                ; 14.131 ns       ; LUI[0]      ; OUT[0] ;
; N/A                                     ; None                                                ; 14.127 ns       ; LOAD-OP[6]  ; OUT[6] ;
; N/A                                     ; None                                                ; 14.120 ns       ; SEL[4]      ; OUT[5] ;
; N/A                                     ; None                                                ; 14.067 ns       ; BRANCH[9]   ; OUT[9] ;
; N/A                                     ; None                                                ; 14.066 ns       ; D7[0]       ; OUT[0] ;
; N/A                                     ; None                                                ; 14.057 ns       ; R-OP[9]     ; OUT[9] ;
; N/A                                     ; None                                                ; 14.048 ns       ; D11[2]      ; OUT[2] ;
; N/A                                     ; None                                                ; 14.045 ns       ; SEL[3]      ; OUT[7] ;
; N/A                                     ; None                                                ; 14.043 ns       ; D3[5]       ; OUT[5] ;
; N/A                                     ; None                                                ; 13.957 ns       ; JAL[0]      ; OUT[0] ;
; N/A                                     ; None                                                ; 13.954 ns       ; D2[6]       ; OUT[6] ;
; N/A                                     ; None                                                ; 13.948 ns       ; D1[0]       ; OUT[0] ;
; N/A                                     ; None                                                ; 13.947 ns       ; STORE-OP[9] ; OUT[9] ;
; N/A                                     ; None                                                ; 13.941 ns       ; D26[6]      ; OUT[6] ;
; N/A                                     ; None                                                ; 13.933 ns       ; D29[2]      ; OUT[2] ;
; N/A                                     ; None                                                ; 13.899 ns       ; D9[7]       ; OUT[7] ;
; N/A                                     ; None                                                ; 13.899 ns       ; SEL[1]      ; OUT[8] ;
; N/A                                     ; None                                                ; 13.889 ns       ; D10[6]      ; OUT[6] ;
; N/A                                     ; None                                                ; 13.879 ns       ; D21[2]      ; OUT[2] ;
; N/A                                     ; None                                                ; 13.826 ns       ; STORE-OP[6] ; OUT[6] ;
; N/A                                     ; None                                                ; 13.745 ns       ; D20[9]      ; OUT[9] ;
; N/A                                     ; None                                                ; 13.730 ns       ; D16[6]      ; OUT[6] ;
; N/A                                     ; None                                                ; 13.726 ns       ; D1[5]       ; OUT[5] ;
; N/A                                     ; None                                                ; 13.721 ns       ; D7[2]       ; OUT[2] ;
; N/A                                     ; None                                                ; 13.714 ns       ; D15[2]      ; OUT[2] ;
; N/A                                     ; None                                                ; 13.714 ns       ; D3[2]       ; OUT[2] ;
; N/A                                     ; None                                                ; 13.689 ns       ; AUIPC[6]    ; OUT[6] ;
; N/A                                     ; None                                                ; 13.613 ns       ; D15[0]      ; OUT[0] ;
; N/A                                     ; None                                                ; 13.606 ns       ; AUIPC[0]    ; OUT[0] ;
; N/A                                     ; None                                                ; 13.588 ns       ; D31[2]      ; OUT[2] ;
; N/A                                     ; None                                                ; 13.580 ns       ; D16[7]      ; OUT[7] ;
; N/A                                     ; None                                                ; 13.553 ns       ; D6[6]       ; OUT[6] ;
; N/A                                     ; None                                                ; 13.533 ns       ; BRANCH[6]   ; OUT[6] ;
; N/A                                     ; None                                                ; 13.526 ns       ; R-OP[1]     ; OUT[1] ;
; N/A                                     ; None                                                ; 13.519 ns       ; D6[2]       ; OUT[2] ;
; N/A                                     ; None                                                ; 13.516 ns       ; D28[2]      ; OUT[2] ;
; N/A                                     ; None                                                ; 13.487 ns       ; JALR[0]     ; OUT[0] ;
; N/A                                     ; None                                                ; 13.468 ns       ; D14[3]      ; OUT[3] ;
; N/A                                     ; None                                                ; 13.450 ns       ; SEL[3]      ; OUT[8] ;
; N/A                                     ; None                                                ; 13.438 ns       ; D7[6]       ; OUT[6] ;
; N/A                                     ; None                                                ; 13.427 ns       ; D19[4]      ; OUT[4] ;
; N/A                                     ; None                                                ; 13.380 ns       ; SEL[1]      ; OUT[1] ;
; N/A                                     ; None                                                ; 13.355 ns       ; D23[2]      ; OUT[2] ;
; N/A                                     ; None                                                ; 13.334 ns       ; SEL[4]      ; OUT[8] ;
; N/A                                     ; None                                                ; 13.316 ns       ; D3[8]       ; OUT[8] ;
; N/A                                     ; None                                                ; 13.302 ns       ; SEL[3]      ; OUT[5] ;
; N/A                                     ; None                                                ; 13.280 ns       ; D11[0]      ; OUT[0] ;
; N/A                                     ; None                                                ; 13.252 ns       ; D30[2]      ; OUT[2] ;
; N/A                                     ; None                                                ; 13.159 ns       ; D22[2]      ; OUT[2] ;
; N/A                                     ; None                                                ; 13.137 ns       ; LUI[5]      ; OUT[5] ;
; N/A                                     ; None                                                ; 13.122 ns       ; D1[6]       ; OUT[6] ;
; N/A                                     ; None                                                ; 13.092 ns       ; JAL[6]      ; OUT[6] ;
; N/A                                     ; None                                                ; 13.081 ns       ; SEL[1]      ; OUT[3] ;
; N/A                                     ; None                                                ; 13.037 ns       ; SEL[0]      ; OUT[2] ;
; N/A                                     ; None                                                ; 13.022 ns       ; R-OP[5]     ; OUT[5] ;
; N/A                                     ; None                                                ; 12.998 ns       ; D9[6]       ; OUT[6] ;
; N/A                                     ; None                                                ; 12.983 ns       ; D3[0]       ; OUT[0] ;
; N/A                                     ; None                                                ; 12.966 ns       ; LUI[6]      ; OUT[6] ;
; N/A                                     ; None                                                ; 12.940 ns       ; R-OP[2]     ; OUT[2] ;
; N/A                                     ; None                                                ; 12.927 ns       ; D14[2]      ; OUT[2] ;
; N/A                                     ; None                                                ; 12.923 ns       ; JALR[5]     ; OUT[5] ;
; N/A                                     ; None                                                ; 12.914 ns       ; D28[9]      ; OUT[9] ;
; N/A                                     ; None                                                ; 12.877 ns       ; D2[1]       ; OUT[1] ;
; N/A                                     ; None                                                ; 12.833 ns       ; D31[6]      ; OUT[6] ;
; N/A                                     ; None                                                ; 12.831 ns       ; D28[1]      ; OUT[1] ;
; N/A                                     ; None                                                ; 12.824 ns       ; D19[0]      ; OUT[0] ;
; N/A                                     ; None                                                ; 12.794 ns       ; D1[9]       ; OUT[9] ;
; N/A                                     ; None                                                ; 12.788 ns       ; LOAD-OP[1]  ; OUT[1] ;
; N/A                                     ; None                                                ; 12.781 ns       ; D19[5]      ; OUT[5] ;
; N/A                                     ; None                                                ; 12.769 ns       ; D11[6]      ; OUT[6] ;
; N/A                                     ; None                                                ; 12.739 ns       ; D16[1]      ; OUT[1] ;
; N/A                                     ; None                                                ; 12.739 ns       ; STORE-OP[8] ; OUT[8] ;
; N/A                                     ; None                                                ; 12.737 ns       ; D29[0]      ; OUT[0] ;
; N/A                                     ; None                                                ; 12.737 ns       ; D15[6]      ; OUT[6] ;
; N/A                                     ; None                                                ; 12.729 ns       ; D17[6]      ; OUT[6] ;
; N/A                                     ; None                                                ; 12.697 ns       ; D29[9]      ; OUT[9] ;
; N/A                                     ; None                                                ; 12.695 ns       ; D19[6]      ; OUT[6] ;
; N/A                                     ; None                                                ; 12.689 ns       ; D6[7]       ; OUT[7] ;
; N/A                                     ; None                                                ; 12.687 ns       ; D29[5]      ; OUT[5] ;
; N/A                                     ; None                                                ; 12.678 ns       ; STORE-OP[0] ; OUT[0] ;
; N/A                                     ; None                                                ; 12.670 ns       ; D17[0]      ; OUT[0] ;
; N/A                                     ; None                                                ; 12.646 ns       ; D30[6]      ; OUT[6] ;
; N/A                                     ; None                                                ; 12.637 ns       ; D7[5]       ; OUT[5] ;
; N/A                                     ; None                                                ; 12.619 ns       ; D11[9]      ; OUT[9] ;
; N/A                                     ; None                                                ; 12.616 ns       ; D11[5]      ; OUT[5] ;
; N/A                                     ; None                                                ; 12.616 ns       ; I-OP[5]     ; OUT[5] ;
; N/A                                     ; None                                                ; 12.595 ns       ; BRANCH[1]   ; OUT[1] ;
; N/A                                     ; None                                                ; 12.563 ns       ; D23[0]      ; OUT[0] ;
; N/A                                     ; None                                                ; 12.559 ns       ; D18[1]      ; OUT[1] ;
; N/A                                     ; None                                                ; 12.524 ns       ; D21[9]      ; OUT[9] ;
; N/A                                     ; None                                                ; 12.522 ns       ; D20[1]      ; OUT[1] ;
; N/A                                     ; None                                                ; 12.521 ns       ; LOAD-OP[7]  ; OUT[7] ;
; N/A                                     ; None                                                ; 12.516 ns       ; D31[0]      ; OUT[0] ;
; N/A                                     ; None                                                ; 12.496 ns       ; D3[6]       ; OUT[6] ;
; N/A                                     ; None                                                ; 12.487 ns       ; D16[3]      ; OUT[3] ;
; N/A                                     ; None                                                ; 12.472 ns       ; D9[5]       ; OUT[5] ;
; N/A                                     ; None                                                ; 12.470 ns       ; BRANCH[7]   ; OUT[7] ;
; N/A                                     ; None                                                ; 12.469 ns       ; JALR[1]     ; OUT[1] ;
; N/A                                     ; None                                                ; 12.458 ns       ; D10[0]      ; OUT[0] ;
; N/A                                     ; None                                                ; 12.450 ns       ; D23[6]      ; OUT[6] ;
; N/A                                     ; None                                                ; 12.431 ns       ; SEL[2]      ; OUT[0] ;
; N/A                                     ; None                                                ; 12.426 ns       ; JAL[8]      ; OUT[8] ;
; N/A                                     ; None                                                ; 12.418 ns       ; D1[1]       ; OUT[1] ;
; N/A                                     ; None                                                ; 12.415 ns       ; R-OP[3]     ; OUT[3] ;
; N/A                                     ; None                                                ; 12.414 ns       ; I-OP[3]     ; OUT[3] ;
; N/A                                     ; None                                                ; 12.411 ns       ; AUIPC[5]    ; OUT[5] ;
; N/A                                     ; None                                                ; 12.403 ns       ; D6[1]       ; OUT[1] ;
; N/A                                     ; None                                                ; 12.383 ns       ; R-OP[7]     ; OUT[7] ;
; N/A                                     ; None                                                ; 12.380 ns       ; D9[9]       ; OUT[9] ;
; N/A                                     ; None                                                ; 12.377 ns       ; D20[5]      ; OUT[5] ;
; N/A                                     ; None                                                ; 12.357 ns       ; JALR[9]     ; OUT[9] ;
; N/A                                     ; None                                                ; 12.291 ns       ; D3[1]       ; OUT[1] ;
; N/A                                     ; None                                                ; 12.274 ns       ; D14[9]      ; OUT[9] ;
; N/A                                     ; None                                                ; 12.273 ns       ; D31[1]      ; OUT[1] ;
; N/A                                     ; None                                                ; 12.252 ns       ; D31[7]      ; OUT[7] ;
; N/A                                     ; None                                                ; 12.237 ns       ; D19[1]      ; OUT[1] ;
; N/A                                     ; None                                                ; 12.236 ns       ; D20[6]      ; OUT[6] ;
; N/A                                     ; None                                                ; 12.235 ns       ; D17[9]      ; OUT[9] ;
; N/A                                     ; None                                                ; 12.227 ns       ; R-OP[6]     ; OUT[6] ;
; N/A                                     ; None                                                ; 12.220 ns       ; D21[0]      ; OUT[0] ;
; N/A                                     ; None                                                ; 12.219 ns       ; LOAD-OP[0]  ; OUT[0] ;
; N/A                                     ; None                                                ; 12.217 ns       ; D14[6]      ; OUT[6] ;
; N/A                                     ; None                                                ; 12.203 ns       ; D28[5]      ; OUT[5] ;
; Timing analysis restricted to 200 rows. ; To change the limit use Settings (Assignments menu) ;                 ;             ;        ;
+-----------------------------------------+-----------------------------------------------------+-----------------+-------------+--------+


+--------------------------+
; Timing Analyzer Messages ;
+--------------------------+
Info: *******************************************************************
Info: Running Quartus II Classic Timing Analyzer
    Info: Version 9.1 Build 350 03/24/2010 Service Pack 2 SJ Web Edition
    Info: Processing started: Fri Mar 01 17:53:41 2019
Info: Command: quartus_tan --read_settings_files=off --write_settings_files=off RV32IM -c RV32IM --timing_analysis_only
Info: Longest tpd from source pin "SEL[1]" to destination pin "OUT[4]" is 24.565 ns
    Info: 1: + IC(0.000 ns) + CELL(0.872 ns) = 0.872 ns; Loc. = PIN_AD25; Fanout = 75; PIN Node = 'SEL[1]'
    Info: 2: + IC(6.798 ns) + CELL(0.150 ns) = 7.820 ns; Loc. = LCCOMB_X53_Y33_N10; Fanout = 1; COMB Node = 'MUX32X1:inst|Mux5~7'
    Info: 3: + IC(3.194 ns) + CELL(0.150 ns) = 11.164 ns; Loc. = LCCOMB_X8_Y2_N16; Fanout = 1; COMB Node = 'MUX32X1:inst|Mux5~8'
    Info: 4: + IC(4.780 ns) + CELL(0.271 ns) = 16.215 ns; Loc. = LCCOMB_X37_Y33_N10; Fanout = 1; COMB Node = 'MUX32X1:inst|Mux5~9'
    Info: 5: + IC(4.467 ns) + CELL(0.420 ns) = 21.102 ns; Loc. = LCCOMB_X61_Y4_N20; Fanout = 1; COMB Node = 'MUX32X1:inst|Mux5~20'
    Info: 6: + IC(0.655 ns) + CELL(2.808 ns) = 24.565 ns; Loc. = PIN_AE22; Fanout = 0; PIN Node = 'OUT[4]'
    Info: Total cell delay = 4.671 ns ( 19.01 % )
    Info: Total interconnect delay = 19.894 ns ( 80.99 % )
Info: Quartus II Classic Timing Analyzer was successful. 0 errors, 0 warnings
    Info: Peak virtual memory: 196 megabytes
    Info: Processing ended: Fri Mar 01 17:53:42 2019
    Info: Elapsed time: 00:00:01
    Info: Total CPU time (on all processors): 00:00:00


