Flow report for RV32IM
Wed Feb 27 16:09:46 2019
Quartus II Version 9.1 Build 350 03/24/2010 Service Pack 2 SJ Web Edition


---------------------
; Table of Contents ;
---------------------
  1. Legal Notice
  2. Flow Summary
  3. Flow Settings
  4. Flow Non-Default Global Settings
  5. Flow Elapsed Time
  6. Flow OS Summary
  7. Flow Log



----------------
; Legal Notice ;
----------------
Copyright (C) 1991-2010 Altera Corporation
Your use of Altera Corporation's design tools, logic functions 
and other software and tools, and its AMPP partner logic 
functions, and any output files from any of the foregoing 
(including device programming or simulation files), and any 
associated documentation or information are expressly subject 
to the terms and conditions of the Altera Program License 
Subscription Agreement, Altera MegaCore Function License 
Agreement, or other applicable license agreement, including, 
without limitation, that your use is for the sole purpose of 
programming logic devices manufactured by Altera and sold by 
Altera or its authorized distributors.  Please refer to the 
applicable agreement for further details.



+-----------------------------------------------------------------------------------+
; Flow Summary                                                                      ;
+------------------------------------+----------------------------------------------+
; Flow Status                        ; Successful - Wed Feb 27 16:09:46 2019        ;
; Quartus II Version                 ; 9.1 Build 350 03/24/2010 SP 2 SJ Web Edition ;
; Revision Name                      ; RV32IM                                       ;
; Top-level Entity Name              ; ID_IMM_GENERATORTEST                         ;
; Family                             ; Cyclone II                                   ;
; Device                             ; EP2C35F672C6                                 ;
; Timing Models                      ; Final                                        ;
; Met timing requirements            ; Yes                                          ;
; Total logic elements               ; 37 / 33,216 ( < 1 % )                        ;
;     Total combinational functions  ; 37 / 33,216 ( < 1 % )                        ;
;     Dedicated logic registers      ; 0 / 33,216 ( 0 % )                           ;
; Total registers                    ; 0                                            ;
; Total pins                         ; 67 / 475 ( 14 % )                            ;
; Total virtual pins                 ; 0                                            ;
; Total memory bits                  ; 0 / 483,840 ( 0 % )                          ;
; Embedded Multiplier 9-bit elements ; 0 / 70 ( 0 % )                               ;
; Total PLLs                         ; 0 / 4 ( 0 % )                                ;
+------------------------------------+----------------------------------------------+


+-----------------------------------------+
; Flow Settings                           ;
+-------------------+---------------------+
; Option            ; Setting             ;
+-------------------+---------------------+
; Start date & time ; 02/27/2019 16:09:36 ;
; Main task         ; Compilation         ;
; Revision Name     ; RV32IM              ;
+-------------------+---------------------+


+-----------------------------------------------------------------------------------------------------------------------------+
; Flow Non-Default Global Settings                                                                                            ;
+------------------------------------+--------------------------------+---------------+----------------------+----------------+
; Assignment Name                    ; Value                          ; Default Value ; Entity Name          ; Section Id     ;
+------------------------------------+--------------------------------+---------------+----------------------+----------------+
; COMPILER_SIGNATURE_ID              ; 75361036652003.155127657508636 ; --            ; --                   ; --             ;
; IP_TOOL_NAME                       ; RAM: 1-PORT                    ; --            ; --                   ; --             ;
; IP_TOOL_VERSION                    ; 9.1                            ; --            ; --                   ; --             ;
; MAX_CORE_JUNCTION_TEMP             ; 85                             ; --            ; --                   ; --             ;
; MIN_CORE_JUNCTION_TEMP             ; 0                              ; --            ; --                   ; --             ;
; MISC_FILE                          ; I_F_RAM.cmp                    ; --            ; --                   ; --             ;
; PARTITION_COLOR                    ; 16764057                       ; --            ; ID_IMM_GENERATORTEST ; Top            ;
; PARTITION_NETLIST_TYPE             ; SOURCE                         ; --            ; ID_IMM_GENERATORTEST ; Top            ;
; TOP_LEVEL_ENTITY                   ; ID_IMM_GENERATORTEST           ; RV32IM        ; --                   ; --             ;
; USE_GENERATED_PHYSICAL_CONSTRAINTS ; Off                            ; --            ; --                   ; eda_blast_fpga ;
+------------------------------------+--------------------------------+---------------+----------------------+----------------+


+-----------------------------------------------------------------------------------------------------------------------------+
; Flow Elapsed Time                                                                                                           ;
+-------------------------+--------------+-------------------------+---------------------+------------------------------------+
; Module Name             ; Elapsed Time ; Average Processors Used ; Peak Virtual Memory ; Total CPU Time (on all processors) ;
+-------------------------+--------------+-------------------------+---------------------+------------------------------------+
; Analysis & Synthesis    ; 00:00:02     ; 1.0                     ; 260 MB              ; 00:00:02                           ;
; Fitter                  ; 00:00:04     ; 1.0                     ; 300 MB              ; 00:00:05                           ;
; Assembler               ; 00:00:02     ; 1.0                     ; 275 MB              ; 00:00:02                           ;
; Classic Timing Analyzer ; 00:00:00     ; 1.0                     ; 179 MB              ; 00:00:00                           ;
; Total                   ; 00:00:08     ; --                      ; --                  ; 00:00:09                           ;
+-------------------------+--------------+-------------------------+---------------------+------------------------------------+


+------------------------------------------------------------------------------------------+
; Flow OS Summary                                                                          ;
+-------------------------+------------------+---------------+------------+----------------+
; Module Name             ; Machine Hostname ; OS Name       ; OS Version ; Processor type ;
+-------------------------+------------------+---------------+------------+----------------+
; Analysis & Synthesis    ; DESKTOP-NV44QS6  ; Windows Vista ; 6.2        ; x86_64         ;
; Fitter                  ; DESKTOP-NV44QS6  ; Windows Vista ; 6.2        ; x86_64         ;
; Assembler               ; DESKTOP-NV44QS6  ; Windows Vista ; 6.2        ; x86_64         ;
; Classic Timing Analyzer ; DESKTOP-NV44QS6  ; Windows Vista ; 6.2        ; x86_64         ;
+-------------------------+------------------+---------------+------------+----------------+


------------
; Flow Log ;
------------
quartus_map --read_settings_files=on --write_settings_files=off RV32IM -c RV32IM
quartus_fit --read_settings_files=off --write_settings_files=off RV32IM -c RV32IM
quartus_asm --read_settings_files=off --write_settings_files=off RV32IM -c RV32IM
quartus_tan --read_settings_files=off --write_settings_files=off RV32IM -c RV32IM --timing_analysis_only



