Analysis & Synthesis report for RV32IM
Sat Mar 02 15:50:27 2019
Quartus II Version 9.1 Build 350 03/24/2010 Service Pack 2 SJ Web Edition


---------------------
; Table of Contents ;
---------------------
  1. Legal Notice
  2. Analysis & Synthesis Summary
  3. Analysis & Synthesis Settings
  4. Parallel Compilation
  5. Analysis & Synthesis Source Files Read
  6. Analysis & Synthesis Resource Usage Summary
  7. Analysis & Synthesis Resource Utilization by Entity
  8. Registers Removed During Synthesis
  9. General Register Statistics
 10. Multiplexer Restructuring Statistics (Restructuring Performed)
 11. Parameter Settings for User Entity Instance: REGISTER_FILE:inst|MUX32X1:RS1_MUX
 12. Parameter Settings for User Entity Instance: REGISTER_FILE:inst|MUX32X1:RS2_MUX
 13. Analysis & Synthesis Messages



----------------
; Legal Notice ;
----------------
Copyright (C) 1991-2010 Altera Corporation
Your use of Altera Corporation's design tools, logic functions 
and other software and tools, and its AMPP partner logic 
functions, and any output files from any of the foregoing 
(including device programming or simulation files), and any 
associated documentation or information are expressly subject 
to the terms and conditions of the Altera Program License 
Subscription Agreement, Altera MegaCore Function License 
Agreement, or other applicable license agreement, including, 
without limitation, that your use is for the sole purpose of 
programming logic devices manufactured by Altera and sold by 
Altera or its authorized distributors.  Please refer to the 
applicable agreement for further details.



+-----------------------------------------------------------------------------------+
; Analysis & Synthesis Summary                                                      ;
+------------------------------------+----------------------------------------------+
; Analysis & Synthesis Status        ; Successful - Sat Mar 02 15:50:27 2019        ;
; Quartus II Version                 ; 9.1 Build 350 03/24/2010 SP 2 SJ Web Edition ;
; Revision Name                      ; RV32IM                                       ;
; Top-level Entity Name              ; REGISTER_FILETEST                            ;
; Family                             ; Cyclone II                                   ;
; Total logic elements               ; 2,357                                        ;
;     Total combinational functions  ; 1,365                                        ;
;     Dedicated logic registers      ; 992                                          ;
; Total registers                    ; 992                                          ;
; Total pins                         ; 140                                          ;
; Total virtual pins                 ; 0                                            ;
; Total memory bits                  ; 0                                            ;
; Embedded Multiplier 9-bit elements ; 0                                            ;
; Total PLLs                         ; 0                                            ;
+------------------------------------+----------------------------------------------+


+----------------------------------------------------------------------------------------------------------------------+
; Analysis & Synthesis Settings                                                                                        ;
+----------------------------------------------------------------------------+--------------------+--------------------+
; Option                                                                     ; Setting            ; Default Value      ;
+----------------------------------------------------------------------------+--------------------+--------------------+
; Device                                                                     ; EP2C35F672C6       ;                    ;
; Top-level entity name                                                      ; REGISTER_FILETEST  ; RV32IM             ;
; Family name                                                                ; Cyclone II         ; Stratix II         ;
; Use Generated Physical Constraints File                                    ; Off                ;                    ;
; Use smart compilation                                                      ; Off                ; Off                ;
; Enable parallel Assembler and TimeQuest Timing Analyzer during compilation ; On                 ; On                 ;
; Enable compact report table                                                ; Off                ; Off                ;
; Restructure Multiplexers                                                   ; Auto               ; Auto               ;
; Create Debugging Nodes for IP Cores                                        ; Off                ; Off                ;
; Preserve fewer node names                                                  ; On                 ; On                 ;
; Disable OpenCore Plus hardware evaluation                                  ; Off                ; Off                ;
; Verilog Version                                                            ; Verilog_2001       ; Verilog_2001       ;
; VHDL Version                                                               ; VHDL_1993          ; VHDL_1993          ;
; State Machine Processing                                                   ; Auto               ; Auto               ;
; Safe State Machine                                                         ; Off                ; Off                ;
; Extract Verilog State Machines                                             ; On                 ; On                 ;
; Extract VHDL State Machines                                                ; On                 ; On                 ;
; Ignore Verilog initial constructs                                          ; Off                ; Off                ;
; Iteration limit for constant Verilog loops                                 ; 5000               ; 5000               ;
; Iteration limit for non-constant Verilog loops                             ; 250                ; 250                ;
; Add Pass-Through Logic to Inferred RAMs                                    ; On                 ; On                 ;
; Parallel Synthesis                                                         ; On                 ; On                 ;
; DSP Block Balancing                                                        ; Auto               ; Auto               ;
; NOT Gate Push-Back                                                         ; On                 ; On                 ;
; Power-Up Don't Care                                                        ; On                 ; On                 ;
; Remove Redundant Logic Cells                                               ; Off                ; Off                ;
; Remove Duplicate Registers                                                 ; On                 ; On                 ;
; Ignore CARRY Buffers                                                       ; Off                ; Off                ;
; Ignore CASCADE Buffers                                                     ; Off                ; Off                ;
; Ignore GLOBAL Buffers                                                      ; Off                ; Off                ;
; Ignore ROW GLOBAL Buffers                                                  ; Off                ; Off                ;
; Ignore LCELL Buffers                                                       ; Off                ; Off                ;
; Ignore SOFT Buffers                                                        ; On                 ; On                 ;
; Limit AHDL Integers to 32 Bits                                             ; Off                ; Off                ;
; Optimization Technique                                                     ; Balanced           ; Balanced           ;
; Carry Chain Length                                                         ; 70                 ; 70                 ;
; Auto Carry Chains                                                          ; On                 ; On                 ;
; Auto Open-Drain Pins                                                       ; On                 ; On                 ;
; Perform WYSIWYG Primitive Resynthesis                                      ; Off                ; Off                ;
; Auto ROM Replacement                                                       ; On                 ; On                 ;
; Auto RAM Replacement                                                       ; On                 ; On                 ;
; Auto Shift Register Replacement                                            ; Auto               ; Auto               ;
; Auto Clock Enable Replacement                                              ; On                 ; On                 ;
; Strict RAM Replacement                                                     ; Off                ; Off                ;
; Allow Synchronous Control Signals                                          ; On                 ; On                 ;
; Force Use of Synchronous Clear Signals                                     ; Off                ; Off                ;
; Auto RAM to Logic Cell Conversion                                          ; Off                ; Off                ;
; Auto Resource Sharing                                                      ; Off                ; Off                ;
; Allow Any RAM Size For Recognition                                         ; Off                ; Off                ;
; Allow Any ROM Size For Recognition                                         ; Off                ; Off                ;
; Allow Any Shift Register Size For Recognition                              ; Off                ; Off                ;
; Use LogicLock Constraints during Resource Balancing                        ; On                 ; On                 ;
; Ignore translate_off and synthesis_off directives                          ; Off                ; Off                ;
; Timing-Driven Synthesis                                                    ; Off                ; Off                ;
; Show Parameter Settings Tables in Synthesis Report                         ; On                 ; On                 ;
; Ignore Maximum Fan-Out Assignments                                         ; Off                ; Off                ;
; Synchronization Register Chain Length                                      ; 2                  ; 2                  ;
; PowerPlay Power Optimization                                               ; Normal compilation ; Normal compilation ;
; HDL message level                                                          ; Level2             ; Level2             ;
; Suppress Register Optimization Related Messages                            ; Off                ; Off                ;
; Number of Removed Registers Reported in Synthesis Report                   ; 5000               ; 5000               ;
; Number of Inverted Registers Reported in Synthesis Report                  ; 100                ; 100                ;
; Clock MUX Protection                                                       ; On                 ; On                 ;
; Auto Gated Clock Conversion                                                ; Off                ; Off                ;
; Block Design Naming                                                        ; Auto               ; Auto               ;
; SDC constraint protection                                                  ; Off                ; Off                ;
; Synthesis Effort                                                           ; Auto               ; Auto               ;
; Shift Register Replacement - Allow Asynchronous Clear Signal               ; On                 ; On                 ;
; Analysis & Synthesis Message Level                                         ; Medium             ; Medium             ;
; Disable Register Merging Across Hierarchies                                ; Auto               ; Auto               ;
; Resource Aware Inference For Block RAM                                     ; On                 ; On                 ;
+----------------------------------------------------------------------------+--------------------+--------------------+


Parallel compilation was disabled, but you have multiple processors available. Enable parallel compilation to reduce compilation time.
+-------------------------------------+
; Parallel Compilation                ;
+----------------------------+--------+
; Processors                 ; Number ;
+----------------------------+--------+
; Number detected on machine ; 4      ;
; Maximum allowed            ; 1      ;
+----------------------------+--------+


+----------------------------------------------------------------------------------------------------------------------------------------------------------------------+
; Analysis & Synthesis Source Files Read                                                                                                                               ;
+----------------------------------+-----------------+------------------------------------+----------------------------------------------------------------------------+
; File Name with User-Entered Path ; Used in Netlist ; File Type                          ; File Name with Absolute Path                                               ;
+----------------------------------+-----------------+------------------------------------+----------------------------------------------------------------------------+
; TOOLBOX.vhd                      ; yes             ; User VHDL File                     ; D:/Academic/Software/QuartusWebEdition/quartus/RISCV/TOOLBOX.vhd           ;
; MUX32X1.vhd                      ; yes             ; User VHDL File                     ; D:/Academic/Software/QuartusWebEdition/quartus/RISCV/MUX32X1.vhd           ;
; REG_32B_CASUAL.vhd               ; yes             ; User VHDL File                     ; D:/Academic/Software/QuartusWebEdition/quartus/RISCV/REG_32B_CASUAL.vhd    ;
; REG_32B_ZERO.vhd                 ; yes             ; User VHDL File                     ; D:/Academic/Software/QuartusWebEdition/quartus/RISCV/REG_32B_ZERO.vhd      ;
; REGISTER_FILE.vhd                ; yes             ; User VHDL File                     ; D:/Academic/Software/QuartusWebEdition/quartus/RISCV/REGISTER_FILE.vhd     ;
; REGISTER_FILETEST.bdf            ; yes             ; User Block Diagram/Schematic File  ; D:/Academic/Software/QuartusWebEdition/quartus/RISCV/REGISTER_FILETEST.bdf ;
+----------------------------------+-----------------+------------------------------------+----------------------------------------------------------------------------+


+-----------------------------------------------------+
; Analysis & Synthesis Resource Usage Summary         ;
+---------------------------------------------+-------+
; Resource                                    ; Usage ;
+---------------------------------------------+-------+
; Estimated Total logic elements              ; 2,357 ;
;                                             ;       ;
; Total combinational functions               ; 1365  ;
; Logic element usage by number of LUT inputs ;       ;
;     -- 4 input functions                    ; 1305  ;
;     -- 3 input functions                    ; 56    ;
;     -- <=2 input functions                  ; 4     ;
;                                             ;       ;
; Logic elements by mode                      ;       ;
;     -- normal mode                          ; 1365  ;
;     -- arithmetic mode                      ; 0     ;
;                                             ;       ;
; Total registers                             ; 992   ;
;     -- Dedicated logic registers            ; 992   ;
;     -- I/O registers                        ; 0     ;
;                                             ;       ;
; I/O pins                                    ; 140   ;
; Maximum fan-out node                        ; CLK   ;
; Maximum fan-out                             ; 992   ;
; Total fan-out                               ; 9428  ;
; Average fan-out                             ; 3.78  ;
+---------------------------------------------+-------+


+------------------------------------------------------------------------------------------------------------------------------------------------------------------------------------------------------------------------------------------------------+
; Analysis & Synthesis Resource Utilization by Entity                                                                                                                                                                                                  ;
+----------------------------------------------+-------------------+--------------+-------------+--------------+---------+-----------+------+--------------+----------------------------------------------------------------------------+--------------+
; Compilation Hierarchy Node                   ; LC Combinationals ; LC Registers ; Memory Bits ; DSP Elements ; DSP 9x9 ; DSP 18x18 ; Pins ; Virtual Pins ; Full Hierarchy Name                                                        ; Library Name ;
+----------------------------------------------+-------------------+--------------+-------------+--------------+---------+-----------+------+--------------+----------------------------------------------------------------------------+--------------+
; |REGISTER_FILETEST                           ; 1365 (0)          ; 992 (0)      ; 0           ; 0            ; 0       ; 0         ; 140  ; 0            ; |REGISTER_FILETEST                                                         ; work         ;
;    |REGISTER_FILE:inst|                      ; 1365 (0)          ; 992 (0)      ; 0           ; 0            ; 0       ; 0         ; 0    ; 0            ; |REGISTER_FILETEST|REGISTER_FILE:inst                                      ;              ;
;       |MUX32X1:RS1_MUX|                      ; 693 (693)         ; 0 (0)        ; 0           ; 0            ; 0       ; 0         ; 0    ; 0            ; |REGISTER_FILETEST|REGISTER_FILE:inst|MUX32X1:RS1_MUX                      ; work         ;
;       |MUX32X1:RS2_MUX|                      ; 672 (672)         ; 0 (0)        ; 0           ; 0            ; 0       ; 0         ; 0    ; 0            ; |REGISTER_FILETEST|REGISTER_FILE:inst|MUX32X1:RS2_MUX                      ; work         ;
;       |REG_32B_CASUAL:\GEN:10:CASE1:CASUALS| ; 0 (0)             ; 32 (32)      ; 0           ; 0            ; 0       ; 0         ; 0    ; 0            ; |REGISTER_FILETEST|REGISTER_FILE:inst|REG_32B_CASUAL:\GEN:10:CASE1:CASUALS ; work         ;
;       |REG_32B_CASUAL:\GEN:11:CASE1:CASUALS| ; 0 (0)             ; 32 (32)      ; 0           ; 0            ; 0       ; 0         ; 0    ; 0            ; |REGISTER_FILETEST|REGISTER_FILE:inst|REG_32B_CASUAL:\GEN:11:CASE1:CASUALS ; work         ;
;       |REG_32B_CASUAL:\GEN:12:CASE1:CASUALS| ; 0 (0)             ; 32 (32)      ; 0           ; 0            ; 0       ; 0         ; 0    ; 0            ; |REGISTER_FILETEST|REGISTER_FILE:inst|REG_32B_CASUAL:\GEN:12:CASE1:CASUALS ; work         ;
;       |REG_32B_CASUAL:\GEN:13:CASE1:CASUALS| ; 0 (0)             ; 32 (32)      ; 0           ; 0            ; 0       ; 0         ; 0    ; 0            ; |REGISTER_FILETEST|REGISTER_FILE:inst|REG_32B_CASUAL:\GEN:13:CASE1:CASUALS ; work         ;
;       |REG_32B_CASUAL:\GEN:14:CASE1:CASUALS| ; 0 (0)             ; 32 (32)      ; 0           ; 0            ; 0       ; 0         ; 0    ; 0            ; |REGISTER_FILETEST|REGISTER_FILE:inst|REG_32B_CASUAL:\GEN:14:CASE1:CASUALS ; work         ;
;       |REG_32B_CASUAL:\GEN:15:CASE1:CASUALS| ; 0 (0)             ; 32 (32)      ; 0           ; 0            ; 0       ; 0         ; 0    ; 0            ; |REGISTER_FILETEST|REGISTER_FILE:inst|REG_32B_CASUAL:\GEN:15:CASE1:CASUALS ; work         ;
;       |REG_32B_CASUAL:\GEN:16:CASE1:CASUALS| ; 0 (0)             ; 32 (32)      ; 0           ; 0            ; 0       ; 0         ; 0    ; 0            ; |REGISTER_FILETEST|REGISTER_FILE:inst|REG_32B_CASUAL:\GEN:16:CASE1:CASUALS ; work         ;
;       |REG_32B_CASUAL:\GEN:17:CASE1:CASUALS| ; 0 (0)             ; 32 (32)      ; 0           ; 0            ; 0       ; 0         ; 0    ; 0            ; |REGISTER_FILETEST|REGISTER_FILE:inst|REG_32B_CASUAL:\GEN:17:CASE1:CASUALS ; work         ;
;       |REG_32B_CASUAL:\GEN:18:CASE1:CASUALS| ; 0 (0)             ; 32 (32)      ; 0           ; 0            ; 0       ; 0         ; 0    ; 0            ; |REGISTER_FILETEST|REGISTER_FILE:inst|REG_32B_CASUAL:\GEN:18:CASE1:CASUALS ; work         ;
;       |REG_32B_CASUAL:\GEN:19:CASE1:CASUALS| ; 0 (0)             ; 32 (32)      ; 0           ; 0            ; 0       ; 0         ; 0    ; 0            ; |REGISTER_FILETEST|REGISTER_FILE:inst|REG_32B_CASUAL:\GEN:19:CASE1:CASUALS ; work         ;
;       |REG_32B_CASUAL:\GEN:1:CASE1:CASUALS|  ; 0 (0)             ; 32 (32)      ; 0           ; 0            ; 0       ; 0         ; 0    ; 0            ; |REGISTER_FILETEST|REGISTER_FILE:inst|REG_32B_CASUAL:\GEN:1:CASE1:CASUALS  ; work         ;
;       |REG_32B_CASUAL:\GEN:20:CASE1:CASUALS| ; 0 (0)             ; 32 (32)      ; 0           ; 0            ; 0       ; 0         ; 0    ; 0            ; |REGISTER_FILETEST|REGISTER_FILE:inst|REG_32B_CASUAL:\GEN:20:CASE1:CASUALS ; work         ;
;       |REG_32B_CASUAL:\GEN:21:CASE1:CASUALS| ; 0 (0)             ; 32 (32)      ; 0           ; 0            ; 0       ; 0         ; 0    ; 0            ; |REGISTER_FILETEST|REGISTER_FILE:inst|REG_32B_CASUAL:\GEN:21:CASE1:CASUALS ; work         ;
;       |REG_32B_CASUAL:\GEN:22:CASE1:CASUALS| ; 0 (0)             ; 32 (32)      ; 0           ; 0            ; 0       ; 0         ; 0    ; 0            ; |REGISTER_FILETEST|REGISTER_FILE:inst|REG_32B_CASUAL:\GEN:22:CASE1:CASUALS ; work         ;
;       |REG_32B_CASUAL:\GEN:23:CASE1:CASUALS| ; 0 (0)             ; 32 (32)      ; 0           ; 0            ; 0       ; 0         ; 0    ; 0            ; |REGISTER_FILETEST|REGISTER_FILE:inst|REG_32B_CASUAL:\GEN:23:CASE1:CASUALS ; work         ;
;       |REG_32B_CASUAL:\GEN:24:CASE1:CASUALS| ; 0 (0)             ; 32 (32)      ; 0           ; 0            ; 0       ; 0         ; 0    ; 0            ; |REGISTER_FILETEST|REGISTER_FILE:inst|REG_32B_CASUAL:\GEN:24:CASE1:CASUALS ; work         ;
;       |REG_32B_CASUAL:\GEN:25:CASE1:CASUALS| ; 0 (0)             ; 32 (32)      ; 0           ; 0            ; 0       ; 0         ; 0    ; 0            ; |REGISTER_FILETEST|REGISTER_FILE:inst|REG_32B_CASUAL:\GEN:25:CASE1:CASUALS ; work         ;
;       |REG_32B_CASUAL:\GEN:26:CASE1:CASUALS| ; 0 (0)             ; 32 (32)      ; 0           ; 0            ; 0       ; 0         ; 0    ; 0            ; |REGISTER_FILETEST|REGISTER_FILE:inst|REG_32B_CASUAL:\GEN:26:CASE1:CASUALS ; work         ;
;       |REG_32B_CASUAL:\GEN:27:CASE1:CASUALS| ; 0 (0)             ; 32 (32)      ; 0           ; 0            ; 0       ; 0         ; 0    ; 0            ; |REGISTER_FILETEST|REGISTER_FILE:inst|REG_32B_CASUAL:\GEN:27:CASE1:CASUALS ; work         ;
;       |REG_32B_CASUAL:\GEN:28:CASE1:CASUALS| ; 0 (0)             ; 32 (32)      ; 0           ; 0            ; 0       ; 0         ; 0    ; 0            ; |REGISTER_FILETEST|REGISTER_FILE:inst|REG_32B_CASUAL:\GEN:28:CASE1:CASUALS ; work         ;
;       |REG_32B_CASUAL:\GEN:29:CASE1:CASUALS| ; 0 (0)             ; 32 (32)      ; 0           ; 0            ; 0       ; 0         ; 0    ; 0            ; |REGISTER_FILETEST|REGISTER_FILE:inst|REG_32B_CASUAL:\GEN:29:CASE1:CASUALS ; work         ;
;       |REG_32B_CASUAL:\GEN:2:CASE1:CASUALS|  ; 0 (0)             ; 32 (32)      ; 0           ; 0            ; 0       ; 0         ; 0    ; 0            ; |REGISTER_FILETEST|REGISTER_FILE:inst|REG_32B_CASUAL:\GEN:2:CASE1:CASUALS  ; work         ;
;       |REG_32B_CASUAL:\GEN:30:CASE1:CASUALS| ; 0 (0)             ; 32 (32)      ; 0           ; 0            ; 0       ; 0         ; 0    ; 0            ; |REGISTER_FILETEST|REGISTER_FILE:inst|REG_32B_CASUAL:\GEN:30:CASE1:CASUALS ; work         ;
;       |REG_32B_CASUAL:\GEN:31:CASE1:CASUALS| ; 0 (0)             ; 32 (32)      ; 0           ; 0            ; 0       ; 0         ; 0    ; 0            ; |REGISTER_FILETEST|REGISTER_FILE:inst|REG_32B_CASUAL:\GEN:31:CASE1:CASUALS ; work         ;
;       |REG_32B_CASUAL:\GEN:3:CASE1:CASUALS|  ; 0 (0)             ; 32 (32)      ; 0           ; 0            ; 0       ; 0         ; 0    ; 0            ; |REGISTER_FILETEST|REGISTER_FILE:inst|REG_32B_CASUAL:\GEN:3:CASE1:CASUALS  ; work         ;
;       |REG_32B_CASUAL:\GEN:4:CASE1:CASUALS|  ; 0 (0)             ; 32 (32)      ; 0           ; 0            ; 0       ; 0         ; 0    ; 0            ; |REGISTER_FILETEST|REGISTER_FILE:inst|REG_32B_CASUAL:\GEN:4:CASE1:CASUALS  ; work         ;
;       |REG_32B_CASUAL:\GEN:5:CASE1:CASUALS|  ; 0 (0)             ; 32 (32)      ; 0           ; 0            ; 0       ; 0         ; 0    ; 0            ; |REGISTER_FILETEST|REGISTER_FILE:inst|REG_32B_CASUAL:\GEN:5:CASE1:CASUALS  ; work         ;
;       |REG_32B_CASUAL:\GEN:6:CASE1:CASUALS|  ; 0 (0)             ; 32 (32)      ; 0           ; 0            ; 0       ; 0         ; 0    ; 0            ; |REGISTER_FILETEST|REGISTER_FILE:inst|REG_32B_CASUAL:\GEN:6:CASE1:CASUALS  ; work         ;
;       |REG_32B_CASUAL:\GEN:7:CASE1:CASUALS|  ; 0 (0)             ; 32 (32)      ; 0           ; 0            ; 0       ; 0         ; 0    ; 0            ; |REGISTER_FILETEST|REGISTER_FILE:inst|REG_32B_CASUAL:\GEN:7:CASE1:CASUALS  ; work         ;
;       |REG_32B_CASUAL:\GEN:8:CASE1:CASUALS|  ; 0 (0)             ; 32 (32)      ; 0           ; 0            ; 0       ; 0         ; 0    ; 0            ; |REGISTER_FILETEST|REGISTER_FILE:inst|REG_32B_CASUAL:\GEN:8:CASE1:CASUALS  ; work         ;
;       |REG_32B_CASUAL:\GEN:9:CASE1:CASUALS|  ; 0 (0)             ; 32 (32)      ; 0           ; 0            ; 0       ; 0         ; 0    ; 0            ; |REGISTER_FILETEST|REGISTER_FILE:inst|REG_32B_CASUAL:\GEN:9:CASE1:CASUALS  ; work         ;
+----------------------------------------------+-------------------+--------------+-------------+--------------+---------+-----------+------+--------------+----------------------------------------------------------------------------+--------------+
Note: For table entries with two numbers listed, the numbers in parentheses indicate the number of resources of the given type used by the specific entity alone. The numbers listed outside of parentheses indicate the total resources of the given type used by the specific entity and all of its sub-entities in the hierarchy.


+-----------------------------------------------------------------------------------------------------------+
; Registers Removed During Synthesis                                                                        ;
+------------------------------------------------------------------+----------------------------------------+
; Register name                                                    ; Reason for Removal                     ;
+------------------------------------------------------------------+----------------------------------------+
; REGISTER_FILE:inst|REG_32B_ZERO:\GEN:0:CASE0:ZERO_REG|BUF[0..31] ; Stuck at GND due to stuck port data_in ;
; Total Number of Removed Registers = 32                           ;                                        ;
+------------------------------------------------------------------+----------------------------------------+


+------------------------------------------------------+
; General Register Statistics                          ;
+----------------------------------------------+-------+
; Statistic                                    ; Value ;
+----------------------------------------------+-------+
; Total registers                              ; 992   ;
; Number of registers using Synchronous Clear  ; 0     ;
; Number of registers using Synchronous Load   ; 0     ;
; Number of registers using Asynchronous Clear ; 992   ;
; Number of registers using Asynchronous Load  ; 0     ;
; Number of registers using Clock Enable       ; 992   ;
; Number of registers using Preset             ; 0     ;
+----------------------------------------------+-------+


+--------------------------------------------------------------------------------------------------------------------------------------------------------------------------+
; Multiplexer Restructuring Statistics (Restructuring Performed)                                                                                                           ;
+--------------------+-----------+---------------+----------------------+------------------------+------------+------------------------------------------------------------+
; Multiplexer Inputs ; Bus Width ; Baseline Area ; Area if Restructured ; Saving if Restructured ; Registered ; Example Multiplexer Output                                 ;
+--------------------+-----------+---------------+----------------------+------------------------+------------+------------------------------------------------------------+
; 32:1               ; 32 bits   ; 672 LEs       ; 640 LEs              ; 32 LEs                 ; No         ; |REGISTER_FILETEST|REGISTER_FILE:inst|MUX32X1:RS1_MUX|Mux0 ;
; 32:1               ; 32 bits   ; 672 LEs       ; 640 LEs              ; 32 LEs                 ; No         ; |REGISTER_FILETEST|REGISTER_FILE:inst|MUX32X1:RS2_MUX|Mux0 ;
+--------------------+-----------+---------------+----------------------+------------------------+------------+------------------------------------------------------------+


+---------------------------------------------------------------------------------+
; Parameter Settings for User Entity Instance: REGISTER_FILE:inst|MUX32X1:RS1_MUX ;
+----------------+-------+--------------------------------------------------------+
; Parameter Name ; Value ; Type                                                   ;
+----------------+-------+--------------------------------------------------------+
; insize         ; 32    ; Signed Integer                                         ;
+----------------+-------+--------------------------------------------------------+
Note: In order to hide this table in the UI and the text report file, please set the "Show Parameter Settings Tables in Synthesis Report" option in "Analysis and Synthesis Settings -> More Settings" to "Off".


+---------------------------------------------------------------------------------+
; Parameter Settings for User Entity Instance: REGISTER_FILE:inst|MUX32X1:RS2_MUX ;
+----------------+-------+--------------------------------------------------------+
; Parameter Name ; Value ; Type                                                   ;
+----------------+-------+--------------------------------------------------------+
; insize         ; 32    ; Signed Integer                                         ;
+----------------+-------+--------------------------------------------------------+
Note: In order to hide this table in the UI and the text report file, please set the "Show Parameter Settings Tables in Synthesis Report" option in "Analysis and Synthesis Settings -> More Settings" to "Off".


+-------------------------------+
; Analysis & Synthesis Messages ;
+-------------------------------+
Info: *******************************************************************
Info: Running Quartus II Analysis & Synthesis
    Info: Version 9.1 Build 350 03/24/2010 Service Pack 2 SJ Web Edition
    Info: Processing started: Sat Mar 02 15:50:18 2019
Info: Command: quartus_map --read_settings_files=on --write_settings_files=off RV32IM -c RV32IM
Info: Found 2 design units, including 1 entities, in source file i_f.vhd
    Info: Found design unit 1: I_F-STRUCTURAL
    Info: Found entity 1: I_F
Info: Found 2 design units, including 1 entities, in source file i_f_ram.vhd
    Info: Found design unit 1: i_f_ram-SYN
    Info: Found entity 1: I_F_RAM
Info: Found 1 design units, including 1 entities, in source file i_f_memtest.bdf
    Info: Found entity 1: I_F_MEMTEST
Info: Found 1 design units, including 0 entities, in source file toolbox.vhd
    Info: Found design unit 1: TOOLBOX
Info: Found 2 design units, including 1 entities, in source file mux2x1.vhd
    Info: Found design unit 1: MUX2X1-RTL
    Info: Found entity 1: MUX2X1
Info: Found 1 design units, including 1 entities, in source file mux2x1test.bdf
    Info: Found entity 1: MUX2X1TEST
Info: Found 2 design units, including 1 entities, in source file mux8x1.vhd
    Info: Found design unit 1: MUX8X1-RTL
    Info: Found entity 1: MUX8X1
Info: Found 1 design units, including 1 entities, in source file mux8x1test.bdf
    Info: Found entity 1: MUX8X1TEST
Info: Found 2 design units, including 1 entities, in source file mux32x1.vhd
    Info: Found design unit 1: MUX32X1-RTL
    Info: Found entity 1: MUX32X1
Info: Found 1 design units, including 1 entities, in source file mux32x1test.bdf
    Info: Found entity 1: MUX32X1TEST
Info: Found 2 design units, including 1 entities, in source file reg_flipper.vhd
    Info: Found design unit 1: REG_FLIPPER-RTL
    Info: Found entity 1: REG_FLIPPER
Info: Found 1 design units, including 1 entities, in source file reg_flippertest.bdf
    Info: Found entity 1: REG_FLIPPERTEST
Info: Found 2 design units, including 1 entities, in source file id_decoder.vhd
    Info: Found design unit 1: ID_DECODER-STRUCTURAL
    Info: Found entity 1: ID_DECODER
Info: Found 1 design units, including 1 entities, in source file id_decodertest.bdf
    Info: Found entity 1: ID_DECODERTEST
Info: Found 2 design units, including 1 entities, in source file id_imm_generator.vhd
    Info: Found design unit 1: ID_IMM_GENERATOR-RTL
    Info: Found entity 1: ID_IMM_GENERATOR
Info: Found 1 design units, including 1 entities, in source file id_imm_generatortest.bdf
    Info: Found entity 1: ID_IMM_GENERATORTEST
Info: Found 2 design units, including 1 entities, in source file reg_32b_casual.vhd
    Info: Found design unit 1: REG_32B_CASUAL-RTL
    Info: Found entity 1: REG_32B_CASUAL
Info: Found 1 design units, including 1 entities, in source file reg_32b_casualtest.bdf
    Info: Found entity 1: REG_32B_CASUALTEST
Info: Found 2 design units, including 1 entities, in source file reg_32b_zero.vhd
    Info: Found design unit 1: REG_32B_ZERO-RTL
    Info: Found entity 1: REG_32B_ZERO
Info: Found 1 design units, including 1 entities, in source file reg_32b_zerotest.bdf
    Info: Found entity 1: REG_32B_ZEROTEST
Info: Found 2 design units, including 1 entities, in source file register_file.vhd
    Info: Found design unit 1: REGISTER_FILE-STRUCTURAL
    Info: Found entity 1: REGISTER_FILE
Info: Found 1 design units, including 1 entities, in source file register_filetest.bdf
    Info: Found entity 1: REGISTER_FILETEST
Info: Elaborating entity "REGISTER_FILETEST" for the top level hierarchy
Info: Elaborating entity "REGISTER_FILE" for hierarchy "REGISTER_FILE:inst"
Info: Elaborating entity "REG_32B_ZERO" for hierarchy "REGISTER_FILE:inst|REG_32B_ZERO:\GEN:0:CASE0:ZERO_REG"
Info: Elaborating entity "REG_32B_CASUAL" for hierarchy "REGISTER_FILE:inst|REG_32B_CASUAL:\GEN:1:CASE1:CASUALS"
Warning (10492): VHDL Process Statement warning at REG_32B_CASUAL.vhd(29): signal "LOAD" is read inside the Process Statement but isn't in the Process Statement's sensitivity list
Info: Elaborating entity "MUX32X1" for hierarchy "REGISTER_FILE:inst|MUX32X1:RS1_MUX"
Warning (10492): VHDL Process Statement warning at MUX32X1.vhd(61): signal "D0" is read inside the Process Statement but isn't in the Process Statement's sensitivity list
Warning (10492): VHDL Process Statement warning at MUX32X1.vhd(62): signal "D1" is read inside the Process Statement but isn't in the Process Statement's sensitivity list
Warning (10492): VHDL Process Statement warning at MUX32X1.vhd(63): signal "D2" is read inside the Process Statement but isn't in the Process Statement's sensitivity list
Warning (10492): VHDL Process Statement warning at MUX32X1.vhd(64): signal "D3" is read inside the Process Statement but isn't in the Process Statement's sensitivity list
Warning (10492): VHDL Process Statement warning at MUX32X1.vhd(65): signal "D4" is read inside the Process Statement but isn't in the Process Statement's sensitivity list
Warning (10492): VHDL Process Statement warning at MUX32X1.vhd(66): signal "D5" is read inside the Process Statement but isn't in the Process Statement's sensitivity list
Warning (10492): VHDL Process Statement warning at MUX32X1.vhd(67): signal "D6" is read inside the Process Statement but isn't in the Process Statement's sensitivity list
Warning (10492): VHDL Process Statement warning at MUX32X1.vhd(68): signal "D7" is read inside the Process Statement but isn't in the Process Statement's sensitivity list
Warning (10492): VHDL Process Statement warning at MUX32X1.vhd(69): signal "D8" is read inside the Process Statement but isn't in the Process Statement's sensitivity list
Warning (10492): VHDL Process Statement warning at MUX32X1.vhd(70): signal "D9" is read inside the Process Statement but isn't in the Process Statement's sensitivity list
Warning (10492): VHDL Process Statement warning at MUX32X1.vhd(71): signal "D10" is read inside the Process Statement but isn't in the Process Statement's sensitivity list
Warning (10492): VHDL Process Statement warning at MUX32X1.vhd(72): signal "D11" is read inside the Process Statement but isn't in the Process Statement's sensitivity list
Warning (10492): VHDL Process Statement warning at MUX32X1.vhd(73): signal "D12" is read inside the Process Statement but isn't in the Process Statement's sensitivity list
Warning (10492): VHDL Process Statement warning at MUX32X1.vhd(74): signal "D13" is read inside the Process Statement but isn't in the Process Statement's sensitivity list
Warning (10492): VHDL Process Statement warning at MUX32X1.vhd(75): signal "D14" is read inside the Process Statement but isn't in the Process Statement's sensitivity list
Warning (10492): VHDL Process Statement warning at MUX32X1.vhd(76): signal "D15" is read inside the Process Statement but isn't in the Process Statement's sensitivity list
Warning (10492): VHDL Process Statement warning at MUX32X1.vhd(77): signal "D16" is read inside the Process Statement but isn't in the Process Statement's sensitivity list
Warning (10492): VHDL Process Statement warning at MUX32X1.vhd(78): signal "D17" is read inside the Process Statement but isn't in the Process Statement's sensitivity list
Warning (10492): VHDL Process Statement warning at MUX32X1.vhd(79): signal "D18" is read inside the Process Statement but isn't in the Process Statement's sensitivity list
Warning (10492): VHDL Process Statement warning at MUX32X1.vhd(80): signal "D19" is read inside the Process Statement but isn't in the Process Statement's sensitivity list
Warning (10492): VHDL Process Statement warning at MUX32X1.vhd(81): signal "D20" is read inside the Process Statement but isn't in the Process Statement's sensitivity list
Warning (10492): VHDL Process Statement warning at MUX32X1.vhd(82): signal "D21" is read inside the Process Statement but isn't in the Process Statement's sensitivity list
Warning (10492): VHDL Process Statement warning at MUX32X1.vhd(83): signal "D22" is read inside the Process Statement but isn't in the Process Statement's sensitivity list
Warning (10492): VHDL Process Statement warning at MUX32X1.vhd(84): signal "D23" is read inside the Process Statement but isn't in the Process Statement's sensitivity list
Warning (10492): VHDL Process Statement warning at MUX32X1.vhd(85): signal "D24" is read inside the Process Statement but isn't in the Process Statement's sensitivity list
Warning (10492): VHDL Process Statement warning at MUX32X1.vhd(86): signal "D25" is read inside the Process Statement but isn't in the Process Statement's sensitivity list
Warning (10492): VHDL Process Statement warning at MUX32X1.vhd(87): signal "D26" is read inside the Process Statement but isn't in the Process Statement's sensitivity list
Warning (10492): VHDL Process Statement warning at MUX32X1.vhd(88): signal "D27" is read inside the Process Statement but isn't in the Process Statement's sensitivity list
Warning (10492): VHDL Process Statement warning at MUX32X1.vhd(89): signal "D28" is read inside the Process Statement but isn't in the Process Statement's sensitivity list
Warning (10492): VHDL Process Statement warning at MUX32X1.vhd(90): signal "D29" is read inside the Process Statement but isn't in the Process Statement's sensitivity list
Warning (10492): VHDL Process Statement warning at MUX32X1.vhd(91): signal "D30" is read inside the Process Statement but isn't in the Process Statement's sensitivity list
Warning (10492): VHDL Process Statement warning at MUX32X1.vhd(92): signal "D31" is read inside the Process Statement but isn't in the Process Statement's sensitivity list
Warning: Ignored assignments for entity "RV32IM" -- entity does not exist in design
    Warning: Assignment for entity set_global_assignment -name LL_ROOT_REGION ON -entity RV32IM -section_id "Root Region" was ignored
    Warning: Assignment for entity set_global_assignment -name LL_MEMBER_STATE LOCKED -entity RV32IM -section_id "Root Region" was ignored
Warning: Design contains 1 input pin(s) that do not drive logic
    Warning (15610): No output dependent on input pin "LOAD[0]"
Info: Implemented 2497 device resources after synthesis - the final resource count might be different
    Info: Implemented 76 input pins
    Info: Implemented 64 output pins
    Info: Implemented 2357 logic cells
Info: Quartus II Analysis & Synthesis was successful. 0 errors, 38 warnings
    Info: Peak virtual memory: 270 megabytes
    Info: Processing ended: Sat Mar 02 15:50:27 2019
    Info: Elapsed time: 00:00:09
    Info: Total CPU time (on all processors): 00:00:09


